Module BUILD 1.6 Loaded.
Module slurm/2.6.2 loaded 
	-> [abcFilter.cpp] Reading binary representation:/home/beissing/Dom_Bot_Git/TEMP/intersect.BKN.TIL_genic_10.txt
	-> Potential problem: File: '/home/beissing/Dom_Bot_Git/TEMP/intersect.BKN.TIL_genic_10.txt' looks newer than files: '/home/beissing/Dom_Bot_Git/TEMP/intersect.BKN.TIL_genic_10.txt.bin','/home/beissing/Dom_Bot_Git/TEMP/intersect.BKN.TIL_genic_10.txt.idx'
	-> Please delete /home/beissing/Dom_Bot_Git/TEMP/intersect.BKN.TIL_genic_10.txt.bin//home/beissing/Dom_Bot_Git/TEMP/intersect.BKN.TIL_genic_10.txt.idx files and rerun.
	-> [abcFilter.cpp] Reading binary representation:/home/beissing/Dom_Bot_Git/TEMP/intersect.BKN.TIL_genic_10.txt
	-> Potential problem: File: '/home/beissing/Dom_Bot_Git/TEMP/intersect.BKN.TIL_genic_10.txt' looks newer than files: '/home/beissing/Dom_Bot_Git/TEMP/intersect.BKN.TIL_genic_10.txt.bin','/home/beissing/Dom_Bot_Git/TEMP/intersect.BKN.TIL_genic_10.txt.idx'
	-> Please delete /home/beissing/Dom_Bot_Git/TEMP/intersect.BKN.TIL_genic_10.txt.bin//home/beissing/Dom_Bot_Git/TEMP/intersect.BKN.TIL_genic_10.txt.idx files and rerun.
fname1:/home/beissing/Dom_Bot_Git/TEMP/BKN_genic_10_conditioned.saffname2:/home/beissing/Dom_Bot_Git/TEMP/TIL_genic_10_conditioned.saf chr1:46 chr2:30 startsfs:(null) nThreads=32 tole=0.000001 maxIter=100 nSites:-1
startlik=-50995961.454971
[0] lik=-1833817.019437 diff=4.91621e+07
[1] lik=-1829877.594336 diff=3939.43
[2] lik=-1829841.178322 diff=36.416
[3] lik=-1829833.001207 diff=8.17711
[4] lik=-1829828.988057 diff=4.01315
[5] lik=-1829826.741807 diff=2.24625
[6] lik=-1829825.381718 diff=1.36009
[7] lik=-1829824.507960 diff=0.873757
[8] lik=-1829823.920067 diff=0.587894
[9] lik=-1829823.509825 diff=0.410242
[10] lik=-1829823.215158 diff=0.294666
[11] lik=-1829822.998601 diff=0.216557
[12] lik=-1829822.836521 diff=0.162081
[13] lik=-1829822.713429 diff=0.123091
[14] lik=-1829822.618846 diff=0.0945829
[15] lik=-1829822.545477 diff=0.0733692
[16] lik=-1829822.488121 diff=0.0573558
[17] lik=-1829822.442998 diff=0.0451232
[18] lik=-1829822.407311 diff=0.0356876
[19] lik=-1829822.378960 diff=0.0283503
[20] lik=-1829822.356353 diff=0.0226069
[21] lik=-1829822.338269 diff=0.018084
[22] lik=-1829822.323762 diff=0.0145072
[23] lik=-1829822.312096 diff=0.011666
[24] lik=-1829822.302695 diff=0.00940117
[25] lik=-1829822.295104 diff=0.00759148
[26] lik=-1829822.288963 diff=0.00614039
[27] lik=-1829822.283988 diff=0.00497523
[28] lik=-1829822.279951 diff=0.00403663
[29] lik=-1829822.276671 diff=0.00328044
[30] lik=-1829822.274002 diff=0.00266927
[31] lik=-1829822.271827 diff=0.00217449
[32] lik=-1829822.270053 diff=0.00177413
[33] lik=-1829822.268604 diff=0.00144929
[34] lik=-1829822.267419 diff=0.00118513
[35] lik=-1829822.266448 diff=0.000970136
[36] lik=-1829822.265653 diff=0.000795618
[37] lik=-1829822.265000 diff=0.000653319
[38] lik=-1829822.264463 diff=0.000536885
[39] lik=-1829822.264021 diff=0.000442072
[40] lik=-1829822.263657 diff=0.000364006
[41] lik=-1829822.263356 diff=0.000300857
[42] lik=-1829822.263107 diff=0.000248652
[43] lik=-1829822.262901 diff=0.000206046
[44] lik=-1829822.262730 diff=0.000170993
[45] lik=-1829822.262588 diff=0.000142146
[46] lik=-1829822.262469 diff=0.000118368
[47] lik=-1829822.262371 diff=9.88226e-05
[48] lik=-1829822.262288 diff=8.25245e-05
[49] lik=-1829822.262219 diff=6.93244e-05
[50] lik=-1829822.262161 diff=5.82545e-05
[51] lik=-1829822.262111 diff=4.91266e-05
[52] lik=-1829822.262070 diff=4.15377e-05
[53] lik=-1829822.262035 diff=3.47705e-05
[54] lik=-1829822.262005 diff=2.9952e-05
[55] lik=-1829822.261980 diff=2.55534e-05
[56] lik=-1829822.261958 diff=2.18886e-05
[57] lik=-1829822.261939 diff=1.87736e-05
[58] lik=-1829822.261923 diff=1.62227e-05
[59] lik=-1829822.261909 diff=1.40413e-05
[60] lik=-1829822.261897 diff=1.21971e-05
[61] lik=-1829822.261886 diff=1.06462e-05
[62] lik=-1829822.261877 diff=9.32324e-06
[63] lik=-1829822.261868 diff=8.1961e-06
[64] lik=-1829822.261861 diff=7.23568e-06
[65] lik=-1829822.261855 diff=6.25243e-06
[66] lik=-1829822.261849 diff=5.69737e-06
[67] lik=-1829822.261844 diff=5.08595e-06
[68] lik=-1829822.261840 diff=4.55393e-06
[69] lik=-1829822.261835 diff=4.09433e-06
[70] lik=-1829822.261832 diff=3.69013e-06
[71] lik=-1829822.261828 diff=3.33809e-06
[72] lik=-1829822.261825 diff=3.0275e-06
[73] lik=-1829822.261823 diff=2.75252e-06
[74] lik=-1829822.261820 diff=2.502e-06
[75] lik=-1829822.261818 diff=2.29501e-06
[76] lik=-1829822.261816 diff=2.102e-06
[77] lik=-1829822.261814 diff=1.93063e-06
[78] lik=-1829822.261812 diff=1.7765e-06
[79] lik=-1829822.261810 diff=1.6361e-06
[80] lik=-1829822.261809 diff=1.51084e-06
[81] lik=-1829822.261807 diff=1.39698e-06
[82] lik=-1829822.261806 diff=1.29221e-06
[83] lik=-1829822.261805 diff=1.19861e-06
[84] lik=-1829822.261804 diff=1.1106e-06
[85] lik=-1829822.261803 diff=1.03493e-06
[86] lik=-1829822.261802 diff=9.61358e-07
likelihood: -inf
