Module BUILD 1.6 Loaded.
Module slurm/2.6.2 loaded 
	-> [abcFilter.cpp] Reading binary representation:/home/beissing/Dom_Bot_Git/TEMP/intersect.BKN.TIL_intergenic_10.txt
	-> [abcFilter.cpp] nChr: 1 loaded from binary filter file
	-> [abcFilter.cpp] -sites is still beta, use at own risk...
	-> Reading fasta: DATA/TRIP/TRIP.fa.gz
	-> Reading fasta: /home/beissing/GENOMES/Zea_mays.AGPv3.22.dna.genome.fa
	->(Using Filipe modification of: abcSaf.cpp)
	-> Parsing 15 number of samples 
	-> Printing at chr: 10 pos:41469 chunknumber 100
	-> Printing at chr: 10 pos:51866 chunknumber 200
	-> Printing at chr: 10 pos:70533 chunknumber 300
	-> Printing at chr: 10 pos:146882 chunknumber 400
	-> Printing at chr: 10 pos:264639 chunknumber 500
	-> Printing at chr: 10 pos:363510 chunknumber 600
	-> Printing at chr: 10 pos:463790 chunknumber 700
	-> Printing at chr: 10 pos:540453 chunknumber 800
	-> Printing at chr: 10 pos:574035 chunknumber 900
	-> Printing at chr: 10 pos:605824 chunknumber 1000
	-> Printing at chr: 10 pos:655915 chunknumber 1100
	-> Printing at chr: 10 pos:686149 chunknumber 1200
	-> Printing at chr: 10 pos:712160 chunknumber 1300
	-> Printing at chr: 10 pos:760391 chunknumber 1400
	-> Printing at chr: 10 pos:781699 chunknumber 1500
	-> Printing at chr: 10 pos:808528 chunknumber 1600
	-> Printing at chr: 10 pos:835209 chunknumber 1700
	-> Printing at chr: 10 pos:873163 chunknumber 1800
	-> Printing at chr: 10 pos:936307 chunknumber 1900
	-> Printing at chr: 10 pos:966356 chunknumber 2000
	-> Printing at chr: 10 pos:1019752 chunknumber 2100
	-> Printing at chr: 10 pos:1046257 chunknumber 2200
	-> Printing at chr: 10 pos:1120629 chunknumber 2300
	-> Printing at chr: 10 pos:1519314 chunknumber 2400
	-> Printing at chr: 10 pos:1778751 chunknumber 2500
	-> Printing at chr: 10 pos:1971307 chunknumber 2600
	-> Printing at chr: 10 pos:2292187 chunknumber 2700
	-> Printing at chr: 10 pos:2565987 chunknumber 2800
	-> Printing at chr: 10 pos:2868472 chunknumber 2900
	-> Printing at chr: 10 pos:3090875 chunknumber 3000
	-> Printing at chr: 10 pos:3124278 chunknumber 3100
	-> Printing at chr: 10 pos:3134476 chunknumber 3200
	-> Printing at chr: 10 pos:3249856 chunknumber 3300
	-> Printing at chr: 10 pos:3596379 chunknumber 3400
	-> Printing at chr: 10 pos:3962458 chunknumber 3500
	-> Printing at chr: 10 pos:4145374 chunknumber 3600
	-> Printing at chr: 10 pos:4255134 chunknumber 3700
	-> Printing at chr: 10 pos:4340535 chunknumber 3800
	-> Printing at chr: 10 pos:4410200 chunknumber 3900
	-> Printing at chr: 10 pos:4417454 chunknumber 4000
	-> Printing at chr: 10 pos:4434831 chunknumber 4100
	-> Printing at chr: 10 pos:4438139 chunknumber 4200
	-> Printing at chr: 10 pos:4443249 chunknumber 4300
	-> Printing at chr: 10 pos:4484237 chunknumber 4400
	-> Printing at chr: 10 pos:4499352 chunknumber 4500
	-> Printing at chr: 10 pos:4867689 chunknumber 4600
	-> Printing at chr: 10 pos:5217480 chunknumber 4700
	-> Printing at chr: 10 pos:5446164 chunknumber 4800
	-> Printing at chr: 10 pos:5778464 chunknumber 4900
	-> Printing at chr: 10 pos:6051173 chunknumber 5000
	-> Printing at chr: 10 pos:6234614 chunknumber 5100
	-> Printing at chr: 10 pos:6425764 chunknumber 5200
	-> Printing at chr: 10 pos:6527486 chunknumber 5300
	-> Printing at chr: 10 pos:6872531 chunknumber 5400
	-> Printing at chr: 10 pos:6918580 chunknumber 5500
	-> Printing at chr: 10 pos:7050498 chunknumber 5600
	-> Printing at chr: 10 pos:7173891 chunknumber 5700
	-> Printing at chr: 10 pos:7249653 chunknumber 5800
	-> Printing at chr: 10 pos:7583656 chunknumber 5900
	-> Printing at chr: 10 pos:7649438 chunknumber 6000
	-> Printing at chr: 10 pos:7825023 chunknumber 6100
	-> Printing at chr: 10 pos:8107343 chunknumber 6200
	-> Printing at chr: 10 pos:8147162 chunknumber 6300
	-> Printing at chr: 10 pos:8170425 chunknumber 6400
	-> Printing at chr: 10 pos:8222085 chunknumber 6500
	-> Printing at chr: 10 pos:8258581 chunknumber 6600
	-> Printing at chr: 10 pos:8384933 chunknumber 6700
	-> Printing at chr: 10 pos:8503367 chunknumber 6800
	-> Printing at chr: 10 pos:8605458 chunknumber 6900
	-> Printing at chr: 10 pos:8819854 chunknumber 7000
	-> Printing at chr: 10 pos:8840616 chunknumber 7100
	-> Printing at chr: 10 pos:9082088 chunknumber 7200
	-> Printing at chr: 10 pos:9289894 chunknumber 7300
	-> Printing at chr: 10 pos:9468644 chunknumber 7400
	-> Printing at chr: 10 pos:9578326 chunknumber 7500
	-> Printing at chr: 10 pos:9859758 chunknumber 7600
	-> Printing at chr: 10 pos:9897286 chunknumber 7700
	-> Printing at chr: 10 pos:9969223 chunknumber 7800
	-> Printing at chr: 10 pos:9984971 chunknumber 7900
	-> Printing at chr: 10 pos:10165351 chunknumber 8000
	-> Printing at chr: 10 pos:10269227 chunknumber 8100
	-> Printing at chr: 10 pos:10411312 chunknumber 8200
	-> Printing at chr: 10 pos:10468650 chunknumber 8300
	-> Printing at chr: 10 pos:10647377 chunknumber 8400
	-> Printing at chr: 10 pos:10697647 chunknumber 8500
	-> Printing at chr: 10 pos:10752770 chunknumber 8600
	-> Printing at chr: 10 pos:10879860 chunknumber 8700
	-> Printing at chr: 10 pos:10943306 chunknumber 8800
	-> Printing at chr: 10 pos:10979427 chunknumber 8900
	-> Printing at chr: 10 pos:11008410 chunknumber 9000
	-> Printing at chr: 10 pos:11051955 chunknumber 9100
	-> Printing at chr: 10 pos:11211891 chunknumber 9200
	-> Printing at chr: 10 pos:11311059 chunknumber 9300
	-> Printing at chr: 10 pos:11532111 chunknumber 9400
	-> Printing at chr: 10 pos:11713400 chunknumber 9500
	-> Printing at chr: 10 pos:11855478 chunknumber 9600
	-> Printing at chr: 10 pos:12115234 chunknumber 9700
	-> Printing at chr: 10 pos:12287670 chunknumber 9800
	-> Printing at chr: 10 pos:12458923 chunknumber 9900
	-> Printing at chr: 10 pos:12622173 chunknumber 10000
	-> Printing at chr: 10 pos:12707157 chunknumber 10100
	-> Printing at chr: 10 pos:12742530 chunknumber 10200
	-> Printing at chr: 10 pos:12789555 chunknumber 10300
	-> Printing at chr: 10 pos:12834611 chunknumber 10400
	-> Printing at chr: 10 pos:12892864 chunknumber 10500
	-> Printing at chr: 10 pos:12919375 chunknumber 10600
	-> Printing at chr: 10 pos:13081601 chunknumber 10700
	-> Printing at chr: 10 pos:13104142 chunknumber 10800
	-> Printing at chr: 10 pos:13137511 chunknumber 10900
	-> Printing at chr: 10 pos:13262077 chunknumber 11000
	-> Printing at chr: 10 pos:13401559 chunknumber 11100
	-> Printing at chr: 10 pos:13661785 chunknumber 11200
	-> Printing at chr: 10 pos:13684301 chunknumber 11300
	-> Printing at chr: 10 pos:13735515 chunknumber 11400
	-> Printing at chr: 10 pos:13816133 chunknumber 11500
	-> Printing at chr: 10 pos:13966419 chunknumber 11600
	-> Printing at chr: 10 pos:14101448 chunknumber 11700
	-> Printing at chr: 10 pos:14210046 chunknumber 11800
	-> Printing at chr: 10 pos:14297185 chunknumber 11900
	-> Printing at chr: 10 pos:14560698 chunknumber 12000
	-> Printing at chr: 10 pos:14623009 chunknumber 12100
	-> Printing at chr: 10 pos:14684740 chunknumber 12200
	-> Printing at chr: 10 pos:14834021 chunknumber 12300
	-> Printing at chr: 10 pos:14860101 chunknumber 12400
	-> Printing at chr: 10 pos:14962992 chunknumber 12500
	-> Printing at chr: 10 pos:15132501 chunknumber 12600
	-> Printing at chr: 10 pos:15290839 chunknumber 12700
	-> Printing at chr: 10 pos:15339235 chunknumber 12800
	-> Printing at chr: 10 pos:15547409 chunknumber 12900
	-> Printing at chr: 10 pos:15940809 chunknumber 13000
	-> Printing at chr: 10 pos:16124236 chunknumber 13100
	-> Printing at chr: 10 pos:16288258 chunknumber 13200
	-> Printing at chr: 10 pos:16371304 chunknumber 13300
	-> Printing at chr: 10 pos:16589170 chunknumber 13400
	-> Printing at chr: 10 pos:16653799 chunknumber 13500
	-> Printing at chr: 10 pos:16698431 chunknumber 13600
	-> Printing at chr: 10 pos:16726498 chunknumber 13700
	-> Printing at chr: 10 pos:16752910 chunknumber 13800
	-> Printing at chr: 10 pos:16773609 chunknumber 13900
	-> Printing at chr: 10 pos:16813755 chunknumber 14000
	-> Printing at chr: 10 pos:16862166 chunknumber 14100
	-> Printing at chr: 10 pos:16884949 chunknumber 14200
	-> Printing at chr: 10 pos:16954862 chunknumber 14300
	-> Printing at chr: 10 pos:17007631 chunknumber 14400
	-> Printing at chr: 10 pos:17039500 chunknumber 14500
	-> Printing at chr: 10 pos:17070923 chunknumber 14600
	-> Printing at chr: 10 pos:17100675 chunknumber 14700
	-> Printing at chr: 10 pos:17113140 chunknumber 14800
	-> Printing at chr: 10 pos:17154168 chunknumber 14900
	-> Printing at chr: 10 pos:17231092 chunknumber 15000
	-> Printing at chr: 10 pos:17254273 chunknumber 15100
	-> Printing at chr: 10 pos:17277043 chunknumber 15200
	-> Printing at chr: 10 pos:17297442 chunknumber 15300
	-> Printing at chr: 10 pos:17332447 chunknumber 15400
	-> Printing at chr: 10 pos:17377755 chunknumber 15500
	-> Printing at chr: 10 pos:17409896 chunknumber 15600
	-> Printing at chr: 10 pos:17441062 chunknumber 15700
	-> Printing at chr: 10 pos:17494001 chunknumber 15800
	-> Printing at chr: 10 pos:17660152 chunknumber 15900
	-> Printing at chr: 10 pos:17851612 chunknumber 16000
	-> Printing at chr: 10 pos:17906026 chunknumber 16100
	-> Printing at chr: 10 pos:17970997 chunknumber 16200
	-> Printing at chr: 10 pos:18051190 chunknumber 16300
	-> Printing at chr: 10 pos:18123227 chunknumber 16400
	-> Printing at chr: 10 pos:18185108 chunknumber 16500
	-> Printing at chr: 10 pos:18236422 chunknumber 16600
	-> Printing at chr: 10 pos:18260575 chunknumber 16700
	-> Printing at chr: 10 pos:18333154 chunknumber 16800
	-> Printing at chr: 10 pos:18459360 chunknumber 16900
	-> Printing at chr: 10 pos:18563763 chunknumber 17000
	-> Printing at chr: 10 pos:18712188 chunknumber 17100
	-> Printing at chr: 10 pos:18807962 chunknumber 17200
	-> Printing at chr: 10 pos:18856283 chunknumber 17300
	-> Printing at chr: 10 pos:18916911 chunknumber 17400
	-> Printing at chr: 10 pos:19031510 chunknumber 17500
	-> Printing at chr: 10 pos:19215539 chunknumber 17600
	-> Printing at chr: 10 pos:19347065 chunknumber 17700
	-> Printing at chr: 10 pos:19501552 chunknumber 17800
	-> Printing at chr: 10 pos:19565644 chunknumber 17900
	-> Printing at chr: 10 pos:19611591 chunknumber 18000
	-> Printing at chr: 10 pos:19631610 chunknumber 18100
	-> Printing at chr: 10 pos:19678399 chunknumber 18200
	-> Printing at chr: 10 pos:19722298 chunknumber 18300
	-> Printing at chr: 10 pos:19768906 chunknumber 18400
	-> Printing at chr: 10 pos:19791723 chunknumber 18500
	-> Printing at chr: 10 pos:19823599 chunknumber 18600
	-> Printing at chr: 10 pos:19917358 chunknumber 18700
	-> Printing at chr: 10 pos:19949647 chunknumber 18800
	-> Printing at chr: 10 pos:20026839 chunknumber 18900
	-> Printing at chr: 10 pos:20117183 chunknumber 19000
	-> Printing at chr: 10 pos:20174611 chunknumber 19100
	-> Printing at chr: 10 pos:20221929 chunknumber 19200
	-> Printing at chr: 10 pos:20257068 chunknumber 19300
	-> Printing at chr: 10 pos:20325478 chunknumber 19400
	-> Printing at chr: 10 pos:20483933 chunknumber 19500
	-> Printing at chr: 10 pos:20688947 chunknumber 19600
	-> Printing at chr: 10 pos:20795017 chunknumber 19700
	-> Printing at chr: 10 pos:20825856 chunknumber 19800
	-> Printing at chr: 10 pos:20872262 chunknumber 19900
	-> Printing at chr: 10 pos:20936059 chunknumber 20000
	-> Printing at chr: 10 pos:21037697 chunknumber 20100
	-> Printing at chr: 10 pos:21123855 chunknumber 20200
	-> Printing at chr: 10 pos:21163440 chunknumber 20300
	-> Printing at chr: 10 pos:21258002 chunknumber 20400
	-> Printing at chr: 10 pos:21346827 chunknumber 20500
	-> Printing at chr: 10 pos:21484426 chunknumber 20600
	-> Printing at chr: 10 pos:21590459 chunknumber 20700
	-> Printing at chr: 10 pos:21811498 chunknumber 20800
	-> Printing at chr: 10 pos:21965347 chunknumber 20900
	-> Printing at chr: 10 pos:22146497 chunknumber 21000
	-> Printing at chr: 10 pos:22184381 chunknumber 21100
	-> Printing at chr: 10 pos:22216457 chunknumber 21200
	-> Printing at chr: 10 pos:22263646 chunknumber 21300
	-> Printing at chr: 10 pos:22409177 chunknumber 21400
	-> Printing at chr: 10 pos:22549898 chunknumber 21500
	-> Printing at chr: 10 pos:22703589 chunknumber 21600
	-> Printing at chr: 10 pos:22889313 chunknumber 21700
	-> Printing at chr: 10 pos:22942923 chunknumber 21800
	-> Printing at chr: 10 pos:23113751 chunknumber 21900
	-> Printing at chr: 10 pos:23153210 chunknumber 22000
	-> Printing at chr: 10 pos:23248220 chunknumber 22100
	-> Printing at chr: 10 pos:23516355 chunknumber 22200
	-> Printing at chr: 10 pos:23755168 chunknumber 22300
	-> Printing at chr: 10 pos:23882595 chunknumber 22400
	-> Printing at chr: 10 pos:23927965 chunknumber 22500
	-> Printing at chr: 10 pos:23970489 chunknumber 22600
	-> Printing at chr: 10 pos:24007089 chunknumber 22700
	-> Printing at chr: 10 pos:24036091 chunknumber 22800
	-> Printing at chr: 10 pos:24047929 chunknumber 22900
	-> Printing at chr: 10 pos:24065170 chunknumber 23000
	-> Printing at chr: 10 pos:24098391 chunknumber 23100
	-> Printing at chr: 10 pos:24136381 chunknumber 23200
	-> Printing at chr: 10 pos:24210313 chunknumber 23300
	-> Printing at chr: 10 pos:24271784 chunknumber 23400
	-> Printing at chr: 10 pos:24310366 chunknumber 23500
	-> Printing at chr: 10 pos:24337520 chunknumber 23600
	-> Printing at chr: 10 pos:24405386 chunknumber 23700
	-> Printing at chr: 10 pos:24497696 chunknumber 23800
	-> Printing at chr: 10 pos:24610336 chunknumber 23900
	-> Printing at chr: 10 pos:24648430 chunknumber 24000
	-> Printing at chr: 10 pos:24865781 chunknumber 24100
	-> Printing at chr: 10 pos:25011807 chunknumber 24200
	-> Printing at chr: 10 pos:25101379 chunknumber 24300
	-> Printing at chr: 10 pos:25157502 chunknumber 24400
	-> Printing at chr: 10 pos:25176721 chunknumber 24500
	-> Printing at chr: 10 pos:25214003 chunknumber 24600
	-> Printing at chr: 10 pos:25261158 chunknumber 24700
	-> Printing at chr: 10 pos:25289524 chunknumber 24800
	-> Printing at chr: 10 pos:25438504 chunknumber 24900
	-> Printing at chr: 10 pos:25665381 chunknumber 25000
	-> Printing at chr: 10 pos:25832322 chunknumber 25100
	-> Printing at chr: 10 pos:25886194 chunknumber 25200
	-> Printing at chr: 10 pos:26219709 chunknumber 25300
	-> Printing at chr: 10 pos:26474713 chunknumber 25400
	-> Printing at chr: 10 pos:26542271 chunknumber 25500
	-> Printing at chr: 10 pos:26584710 chunknumber 25600
	-> Printing at chr: 10 pos:26688407 chunknumber 25700
	-> Printing at chr: 10 pos:26768941 chunknumber 25800
	-> Printing at chr: 10 pos:26921431 chunknumber 25900
	-> Printing at chr: 10 pos:27057057 chunknumber 26000
	-> Printing at chr: 10 pos:27178130 chunknumber 26100
	-> Printing at chr: 10 pos:27360342 chunknumber 26200
	-> Printing at chr: 10 pos:27526702 chunknumber 26300
	-> Printing at chr: 10 pos:27666624 chunknumber 26400
	-> Printing at chr: 10 pos:27717492 chunknumber 26500
