Module BUILD 1.6 Loaded.
Module slurm/2.6.2 loaded 
Module angsd/570 loaded 
fname1:TEMP/BKN.saf nChr:40 startsfs:(null) nThreads:32 tole=0.000001 maxIter=100 nSites=633066
The choice of -nSites will require: 198.000000 megabyte memory, that is approx: 0.04% of total memory
dim(GL1)=633066,41
startlik=-4109474.108070
[0] lik=-263578.100928 diff=3.8459e+06
[1] lik=-263026.934933 diff=551.166
[2] lik=-263021.420868 diff=5.51406
[3] lik=-263021.188526 diff=0.232342
[4] lik=-263021.145299 diff=0.0432266
[5] lik=-263021.131417 diff=0.0138824
[6] lik=-263021.126364 diff=0.00505303
[7] lik=-263021.124441 diff=0.00192253
[8] lik=-263021.123693 diff=0.000748672
[9] lik=-263021.123397 diff=0.00029536
[10] lik=-263021.123280 diff=0.000117765
[11] lik=-263021.123232 diff=4.72266e-05
[12] lik=-263021.123213 diff=1.91121e-05
[13] lik=-263021.123205 diff=7.72963e-06
[14] lik=-263021.123202 diff=3.15899e-06
[15] lik=-263021.123201 diff=1.28563e-06
[16] lik=-263021.123200 diff=5.30272e-07
likelihood: -263021.123200
