Module BUILD 1.6 Loaded.
Module slurm/2.6.2 loaded 
	-> Reading fasta: DATA/TRIP/TRIP.fa.gz
	-> Reading fasta: /home/beissing/GENOMES/Zea_mays.AGPv3.22.dna.genome.fa
	-> Parsing 16 number of samples 
	-> Printing at chr: 10 pos:41469 chunknumber 100
	-> Printing at chr: 10 pos:51866 chunknumber 200
	-> Printing at chr: 10 pos:70533 chunknumber 300
	-> Printing at chr: 10 pos:146882 chunknumber 400
	-> Printing at chr: 10 pos:264639 chunknumber 500
	-> Printing at chr: 10 pos:307460 chunknumber 600
	-> Printing at chr: 10 pos:407270 chunknumber 700
	-> Printing at chr: 10 pos:480730 chunknumber 800
	-> Printing at chr: 10 pos:545445 chunknumber 900
	-> Printing at chr: 10 pos:576910 chunknumber 1000
	-> Printing at chr: 10 pos:616801 chunknumber 1100
	-> Printing at chr: 10 pos:639075 chunknumber 1200
	-> Printing at chr: 10 pos:661115 chunknumber 1300
	-> Printing at chr: 10 pos:690832 chunknumber 1400
	-> Printing at chr: 10 pos:716775 chunknumber 1500
	-> Printing at chr: 10 pos:758509 chunknumber 1600
	-> Printing at chr: 10 pos:779895 chunknumber 1700
	-> Printing at chr: 10 pos:806402 chunknumber 1800
	-> Printing at chr: 10 pos:830542 chunknumber 1900
	-> Printing at chr: 10 pos:870551 chunknumber 2000
	-> Printing at chr: 10 pos:918130 chunknumber 2100
	-> Printing at chr: 10 pos:957923 chunknumber 2200
	-> Printing at chr: 10 pos:979245 chunknumber 2300
	-> Printing at chr: 10 pos:1032432 chunknumber 2400
	-> Printing at chr: 10 pos:1067640 chunknumber 2500
	-> Printing at chr: 10 pos:1089210 chunknumber 2600
	-> Printing at chr: 10 pos:1150374 chunknumber 2700
	-> Printing at chr: 10 pos:1280816 chunknumber 2800
	-> Printing at chr: 10 pos:1349778 chunknumber 2900
	-> Printing at chr: 10 pos:1424212 chunknumber 3000
	-> Printing at chr: 10 pos:1501198 chunknumber 3100
	-> Printing at chr: 10 pos:1634202 chunknumber 3200
	-> Printing at chr: 10 pos:1727437 chunknumber 3300
	-> Printing at chr: 10 pos:1781251 chunknumber 3400
	-> Printing at chr: 10 pos:1878678 chunknumber 3500
	-> Printing at chr: 10 pos:1917799 chunknumber 3600
	-> Printing at chr: 10 pos:1957368 chunknumber 3700
	-> Printing at chr: 10 pos:2020609 chunknumber 3800
	-> Printing at chr: 10 pos:2045608 chunknumber 3900
	-> Printing at chr: 10 pos:2054859 chunknumber 4000
	-> Printing at chr: 10 pos:2058444 chunknumber 4100
	-> Printing at chr: 10 pos:2127277 chunknumber 4200
	-> Printing at chr: 10 pos:2132850 chunknumber 4300
	-> Printing at chr: 10 pos:2156928 chunknumber 4400
	-> Printing at chr: 10 pos:2259131 chunknumber 4500
	-> Printing at chr: 10 pos:2417429 chunknumber 4600
	-> Printing at chr: 10 pos:2466076 chunknumber 4700
	-> Printing at chr: 10 pos:2620985 chunknumber 4800
	-> Printing at chr: 10 pos:2679514 chunknumber 4900
	-> Printing at chr: 10 pos:2782084 chunknumber 5000
	-> Printing at chr: 10 pos:2841142 chunknumber 5100
	-> Printing at chr: 10 pos:2990990 chunknumber 5200
	-> Printing at chr: 10 pos:3045629 chunknumber 5300
	-> Printing at chr: 10 pos:3091191 chunknumber 5400
	-> Printing at chr: 10 pos:3125839 chunknumber 5500
	-> Printing at chr: 10 pos:3135698 chunknumber 5600
	-> Printing at chr: 10 pos:3164301 chunknumber 5700
	-> Printing at chr: 10 pos:3166125 chunknumber 5800
	-> Printing at chr: 10 pos:3171695 chunknumber 5900
	-> Printing at chr: 10 pos:3194853 chunknumber 6000
	-> Printing at chr: 10 pos:3416463 chunknumber 6100
	-> Printing at chr: 10 pos:3706882 chunknumber 6200
	-> Printing at chr: 10 pos:3916325 chunknumber 6300
	-> Printing at chr: 10 pos:3985968 chunknumber 6400
	-> Printing at chr: 10 pos:4021635 chunknumber 6500
	-> Printing at chr: 10 pos:4063594 chunknumber 6600
	-> Printing at chr: 10 pos:4099498 chunknumber 6700
	-> Printing at chr: 10 pos:4169534 chunknumber 6800
	-> Printing at chr: 10 pos:4263608 chunknumber 6900
	-> Printing at chr: 10 pos:4338394 chunknumber 7000
	-> Printing at chr: 10 pos:4353543 chunknumber 7100
	-> Printing at chr: 10 pos:4397821 chunknumber 7200
	-> Printing at chr: 10 pos:4410609 chunknumber 7300
	-> Printing at chr: 10 pos:4418212 chunknumber 7400
	-> Printing at chr: 10 pos:4434889 chunknumber 7500
	-> Printing at chr: 10 pos:4438171 chunknumber 7600
	-> Printing at chr: 10 pos:4443327 chunknumber 7700
	-> Printing at chr: 10 pos:4477450 chunknumber 7800
	-> Printing at chr: 10 pos:4484876 chunknumber 7900
	-> Printing at chr: 10 pos:4508098 chunknumber 8000
	-> Printing at chr: 10 pos:4511702 chunknumber 8100
	-> Printing at chr: 10 pos:4531231 chunknumber 8200
	-> Printing at chr: 10 pos:4594472 chunknumber 8300
	-> Printing at chr: 10 pos:4665723 chunknumber 8400
	-> Printing at chr: 10 pos:4696433 chunknumber 8500
	-> Printing at chr: 10 pos:4750058 chunknumber 8600
	-> Printing at chr: 10 pos:4875887 chunknumber 8700
	-> Printing at chr: 10 pos:4908986 chunknumber 8800
	-> Printing at chr: 10 pos:4998008 chunknumber 8900
	-> Printing at chr: 10 pos:5112918 chunknumber 9000
	-> Printing at chr: 10 pos:5122689 chunknumber 9100
	-> Printing at chr: 10 pos:5218342 chunknumber 9200
	-> Printing at chr: 10 pos:5279527 chunknumber 9300
	-> Printing at chr: 10 pos:5366889 chunknumber 9400
	-> Printing at chr: 10 pos:5383270 chunknumber 9500
	-> Printing at chr: 10 pos:5392246 chunknumber 9600
	-> Printing at chr: 10 pos:5401094 chunknumber 9700
	-> Printing at chr: 10 pos:5456158 chunknumber 9800
	-> Printing at chr: 10 pos:5486902 chunknumber 9900
	-> Printing at chr: 10 pos:5572114 chunknumber 10000
	-> Printing at chr: 10 pos:5650776 chunknumber 10100
	-> Printing at chr: 10 pos:5738869 chunknumber 10200
	-> Printing at chr: 10 pos:5807716 chunknumber 10300
	-> Printing at chr: 10 pos:5901106 chunknumber 10400
	-> Printing at chr: 10 pos:5917244 chunknumber 10500
	-> Printing at chr: 10 pos:6049440 chunknumber 10600
	-> Printing at chr: 10 pos:6139677 chunknumber 10700
	-> Printing at chr: 10 pos:6271099 chunknumber 10800
	-> Printing at chr: 10 pos:6357530 chunknumber 10900
	-> Printing at chr: 10 pos:6407430 chunknumber 11000
	-> Printing at chr: 10 pos:6509669 chunknumber 11100
	-> Printing at chr: 10 pos:6658160 chunknumber 11200
	-> Printing at chr: 10 pos:6752001 chunknumber 11300
	-> Printing at chr: 10 pos:6874645 chunknumber 11400
	-> Printing at chr: 10 pos:6931743 chunknumber 11500
	-> Printing at chr: 10 pos:6991151 chunknumber 11600
	-> Printing at chr: 10 pos:7111084 chunknumber 11700
	-> Printing at chr: 10 pos:7136735 chunknumber 11800
	-> Printing at chr: 10 pos:7200214 chunknumber 11900
	-> Printing at chr: 10 pos:7310901 chunknumber 12000
	-> Printing at chr: 10 pos:7455383 chunknumber 12100
	-> Printing at chr: 10 pos:7569879 chunknumber 12200
	-> Printing at chr: 10 pos:7593366 chunknumber 12300
	-> Printing at chr: 10 pos:7648082 chunknumber 12400
	-> Printing at chr: 10 pos:7723107 chunknumber 12500
	-> Printing at chr: 10 pos:7872680 chunknumber 12600
	-> Printing at chr: 10 pos:7987577 chunknumber 12700
	-> Printing at chr: 10 pos:8104447 chunknumber 12800
	-> Printing at chr: 10 pos:8143775 chunknumber 12900
	-> Printing at chr: 10 pos:8165119 chunknumber 13000
	-> Printing at chr: 10 pos:8216049 chunknumber 13100
	-> Printing at chr: 10 pos:8251927 chunknumber 13200
	-> Printing at chr: 10 pos:8279094 chunknumber 13300
	-> Printing at chr: 10 pos:8406815 chunknumber 13400
	-> Printing at chr: 10 pos:8498846 chunknumber 13500
	-> Printing at chr: 10 pos:8588141 chunknumber 13600
	-> Printing at chr: 10 pos:8664094 chunknumber 13700
	-> Printing at chr: 10 pos:8722197 chunknumber 13800
	-> Printing at chr: 10 pos:8804840 chunknumber 13900
	-> Printing at chr: 10 pos:8823334 chunknumber 14000
	-> Printing at chr: 10 pos:8844809 chunknumber 14100
	-> Printing at chr: 10 pos:8924957 chunknumber 14200
	-> Printing at chr: 10 pos:9106970 chunknumber 14300
	-> Printing at chr: 10 pos:9241843 chunknumber 14400
	-> Printing at chr: 10 pos:9352266 chunknumber 14500
	-> Printing at chr: 10 pos:9404693 chunknumber 14600
	-> Printing at chr: 10 pos:9471663 chunknumber 14700
	-> Printing at chr: 10 pos:9528945 chunknumber 14800
	-> Printing at chr: 10 pos:9591256 chunknumber 14900
	-> Printing at chr: 10 pos:9650883 chunknumber 15000
	-> Printing at chr: 10 pos:9847778 chunknumber 15100
	-> Printing at chr: 10 pos:9882758 chunknumber 15200
	-> Printing at chr: 10 pos:9921430 chunknumber 15300
	-> Printing at chr: 10 pos:9974213 chunknumber 15400
	-> Printing at chr: 10 pos:9992144 chunknumber 15500

	-> Done reading data waiting for calculations to finish
	-> Calling destroy
	-> Done waiting for threads
	-> Output filenames:
		->"TEMP/TIL.arg"
		->"TEMP/TIL.mafs.gz"
		->"TEMP/TIL.saf"
		->"TEMP/TIL.saf.pos.gz"
	-> Thu Jul  3 12:12:05 2014
	-> Arguments and parameters for all analysis are located in .arg file
	[ALL done] cpu-time used =  2106.88 sec
	[ALL done] walltime used =  1775.00 sec
fname1:TEMP/TIL.saf nChr:32 startsfs:(null) nThreads:32 tole=0.000001 maxIter=100 nSites=1042329
The choice of -nSites will require: 262.000000 megabyte memory, that is approx: 0.05% of total memory
dim(GL1)=1042329,33
startlik=-5059669.835710
[0] lik=-884490.050068 diff=4.17518e+06
[1] lik=-567354.519741 diff=317136
[2] lik=-521731.133915 diff=45623.4
[3] lik=-511785.292390 diff=9945.84
[4] lik=-508908.819040 diff=2876.47
[5] lik=-507861.121580 diff=1047.7
[6] lik=-507396.551447 diff=464.57
[7] lik=-507158.313778 diff=238.238
[8] lik=-507023.389808 diff=134.924
[9] lik=-506941.556489 diff=81.8333
[10] lik=-506889.360125 diff=52.1964
[11] lik=-506854.706942 diff=34.6532
[12] lik=-506830.899174 diff=23.8078
[13] lik=-506814.029407 diff=16.8698
[14] lik=-506801.727311 diff=12.3021
[15] lik=-506792.510331 diff=9.21698
[16] lik=-506785.427539 diff=7.08279
[17] lik=-506779.855533 diff=5.57201
[18] lik=-506775.377415 diff=4.47812
[19] lik=-506771.709051 diff=3.66836
[20] lik=-506768.653167 diff=3.05588
[21] lik=-506766.070223 diff=2.58294
[22] lik=-506763.859656 diff=2.21057
[23] lik=-506761.947612 diff=1.91204
[24] lik=-506760.278829 diff=1.66878
[25] lik=-506758.811186 diff=1.46764
[26] lik=-506757.512003 diff=1.29918
[27] lik=-506756.355499 diff=1.1565
[28] lik=-506755.321008 diff=1.03449
[29] lik=-506754.391736 diff=0.929272
[30] lik=-506753.553851 diff=0.837885
[31] lik=-506752.795836 diff=0.758016
[32] lik=-506752.108000 diff=0.687836
[33] lik=-506751.482122 diff=0.625878
[34] lik=-506750.911171 diff=0.570951
[35] lik=-506750.389094 diff=0.522077
[36] lik=-506749.910652 diff=0.478442
[37] lik=-506749.471285 diff=0.439368
[38] lik=-506749.067005 diff=0.40428
[39] lik=-506748.694315 diff=0.37269
[40] lik=-506748.350134 diff=0.344181
[41] lik=-506748.031739 diff=0.318395
[42] lik=-506747.736716 diff=0.295022
[43] lik=-506747.462923 diff=0.273794
[44] lik=-506747.208448 diff=0.254475
[45] lik=-506746.971587 diff=0.236861
[46] lik=-506746.750812 diff=0.220774
[47] lik=-506746.544757 diff=0.206056
[48] lik=-506746.352189 diff=0.192567
[49] lik=-506746.172003 diff=0.180186
[50] lik=-506746.003200 diff=0.168803
[51] lik=-506745.844878 diff=0.158323
[52] lik=-506745.696219 diff=0.148659
[53] lik=-506745.556484 diff=0.139735
[54] lik=-506745.425001 diff=0.131483
[55] lik=-506745.301158 diff=0.123843
[56] lik=-506745.184398 diff=0.11676
[57] lik=-506745.074214 diff=0.110184
[58] lik=-506744.970142 diff=0.104072
[59] lik=-506744.871757 diff=0.0983851
[60] lik=-506744.778670 diff=0.0930868
[61] lik=-506744.690525 diff=0.0881452
[62] lik=-506744.606994 diff=0.0835312
[63] lik=-506744.527775 diff=0.0792187
[64] lik=-506744.452592 diff=0.0751836
[65] lik=-506744.381187 diff=0.0714045
[66] lik=-506744.313325 diff=0.0678616
[67] lik=-506744.248788 diff=0.0645371
[68] lik=-506744.187374 diff=0.0614147
[69] lik=-506744.128894 diff=0.0584795
[70] lik=-506744.073176 diff=0.0557179
[71] lik=-506744.020059 diff=0.0531175
[72] lik=-506743.969392 diff=0.0506669
[73] lik=-506743.921036 diff=0.0483557
[74] lik=-506743.874862 diff=0.0461743
[75] lik=-506743.830748 diff=0.0441139
[76] lik=-506743.788582 diff=0.0421664
[77] lik=-506743.748257 diff=0.0403243
[78] lik=-506743.709677 diff=0.0385808
[79] lik=-506743.672747 diff=0.0369295
[80] lik=-506743.637383 diff=0.0353646
[81] lik=-506743.603502 diff=0.0338805
[82] lik=-506743.571030 diff=0.0324724
[83] lik=-506743.539894 diff=0.0311355
[84] lik=-506743.510029 diff=0.0298656
[85] lik=-506743.481370 diff=0.0286585
[86] lik=-506743.453859 diff=0.0275106
[87] lik=-506743.427441 diff=0.0264184
[88] lik=-506743.402062 diff=0.0253787
[89] lik=-506743.377674 diff=0.0243885
[90] lik=-506743.354229 diff=0.0234449
[91] lik=-506743.331683 diff=0.0225454
[92] lik=-506743.309996 diff=0.0216875
[93] lik=-506743.289127 diff=0.0208688
[94] lik=-506743.269040 diff=0.0200874
[95] lik=-506743.249699 diff=0.0193411
[96] lik=-506743.231071 diff=0.018628
[97] lik=-506743.213124 diff=0.0179466
[98] lik=-506743.195829 diff=0.0172949
[99] lik=-506743.179158 diff=0.0166716
likelihood: -506743.179158
