Module BUILD 1.6 Loaded.
Module slurm/2.6.2 loaded 
Module angsd/570 loaded 
	-> Reading fasta: DATA/TRIP/TRIP.fa.gz
	-> Reading fasta: /group/jrigrp3/bottleneckProject/genomes/Zea_mays.AGPv3.22.dna.genome.fa
	->(Using Filipe modification of: abcSaf.cpp)
	-> Parsing 15 number of samples 
	-> Printing at chr: 10 pos:893876 chunknumber 100
	-> Printing at chr: 10 pos:1143102 chunknumber 200
	-> Printing at chr: 10 pos:1318720 chunknumber 300
	-> Printing at chr: 10 pos:1445527 chunknumber 400
	-> Printing at chr: 10 pos:1719174 chunknumber 500
	-> Printing at chr: 10 pos:1891184 chunknumber 600
	-> Printing at chr: 10 pos:1957115 chunknumber 700
	-> Printing at chr: 10 pos:2045726 chunknumber 800
	-> Printing at chr: 10 pos:2054965 chunknumber 900
	-> Printing at chr: 10 pos:2117745 chunknumber 1000
	-> Printing at chr: 10 pos:2132269 chunknumber 1100
	-> Printing at chr: 10 pos:2235453 chunknumber 1200
	-> Printing at chr: 10 pos:2452872 chunknumber 1300
	-> Printing at chr: 10 pos:2657250 chunknumber 1400
	-> Printing at chr: 10 pos:2846707 chunknumber 1500
	-> Printing at chr: 10 pos:3062790 chunknumber 1600
	-> Printing at chr: 10 pos:3165100 chunknumber 1700
	-> Printing at chr: 10 pos:3169195 chunknumber 1800
	-> Printing at chr: 10 pos:3188875 chunknumber 1900
	-> Printing at chr: 10 pos:3444299 chunknumber 2000
	-> Printing at chr: 10 pos:3908694 chunknumber 2100
	-> Printing at chr: 10 pos:4027312 chunknumber 2200
	-> Printing at chr: 10 pos:4102164 chunknumber 2300
	-> Printing at chr: 10 pos:4397794 chunknumber 2400
	-> Printing at chr: 10 pos:4472094 chunknumber 2500
	-> Printing at chr: 10 pos:4592790 chunknumber 2600
	-> Printing at chr: 10 pos:4665825 chunknumber 2700
	-> Printing at chr: 10 pos:4699211 chunknumber 2800
	-> Printing at chr: 10 pos:4899998 chunknumber 2900
	-> Printing at chr: 10 pos:4998680 chunknumber 3000
	-> Printing at chr: 10 pos:5123798 chunknumber 3100
	-> Printing at chr: 10 pos:5383309 chunknumber 3200
	-> Printing at chr: 10 pos:5393160 chunknumber 3300
	-> Printing at chr: 10 pos:5464902 chunknumber 3400
	-> Printing at chr: 10 pos:5646963 chunknumber 3500
	-> Printing at chr: 10 pos:5754378 chunknumber 3600
	-> Printing at chr: 10 pos:5917720 chunknumber 3700
	-> Printing at chr: 10 pos:6359518 chunknumber 3800
	-> Printing at chr: 10 pos:6682458 chunknumber 3900
	-> Printing at chr: 10 pos:7131020 chunknumber 4000
	-> Printing at chr: 10 pos:7471773 chunknumber 4100
	-> Printing at chr: 10 pos:7923760 chunknumber 4200
	-> Printing at chr: 10 pos:8358053 chunknumber 4300
	-> Printing at chr: 10 pos:8725306 chunknumber 4400
	-> Printing at chr: 10 pos:8814032 chunknumber 4500
	-> Printing at chr: 10 pos:9229667 chunknumber 4600
	-> Printing at chr: 10 pos:9407371 chunknumber 4700
	-> Printing at chr: 10 pos:9600527 chunknumber 4800
	-> Printing at chr: 10 pos:10142378 chunknumber 4900
	-> Printing at chr: 10 pos:10286476 chunknumber 5000
	-> Printing at chr: 10 pos:10592092 chunknumber 5100
	-> Printing at chr: 10 pos:10732478 chunknumber 5200
	-> Printing at chr: 10 pos:10831079 chunknumber 5300
	-> Printing at chr: 10 pos:11418894 chunknumber 5400
	-> Printing at chr: 10 pos:11908515 chunknumber 5500
	-> Printing at chr: 10 pos:12613228 chunknumber 5600
	-> Printing at chr: 10 pos:12755131 chunknumber 5700
	-> Printing at chr: 10 pos:13016520 chunknumber 5800
	-> Printing at chr: 10 pos:13167385 chunknumber 5900
	-> Printing at chr: 10 pos:13475860 chunknumber 6000
	-> Printing at chr: 10 pos:13614924 chunknumber 6100
	-> Printing at chr: 10 pos:13649100 chunknumber 6200
	-> Printing at chr: 10 pos:14508012 chunknumber 6300
	-> Printing at chr: 10 pos:14726368 chunknumber 6400
	-> Printing at chr: 10 pos:14981802 chunknumber 6500
	-> Printing at chr: 10 pos:15229139 chunknumber 6600
	-> Printing at chr: 10 pos:15412430 chunknumber 6700
	-> Printing at chr: 10 pos:16210886 chunknumber 6800
	-> Printing at chr: 10 pos:16498929 chunknumber 6900
	-> Printing at chr: 10 pos:17169995 chunknumber 7000
	-> Printing at chr: 10 pos:17607674 chunknumber 7100
	-> Printing at chr: 10 pos:17839570 chunknumber 7200
	-> Printing at chr: 10 pos:18141577 chunknumber 7300
	-> Printing at chr: 10 pos:18666375 chunknumber 7400
	-> Printing at chr: 10 pos:18867454 chunknumber 7500
	-> Printing at chr: 10 pos:19525977 chunknumber 7600
	-> Printing at chr: 10 pos:20402378 chunknumber 7700
	-> Printing at chr: 10 pos:20712519 chunknumber 7800
	-> Printing at chr: 10 pos:20992397 chunknumber 7900
	-> Printing at chr: 10 pos:21687783 chunknumber 8000
	-> Printing at chr: 10 pos:22137839 chunknumber 8100
	-> Printing at chr: 10 pos:22871737 chunknumber 8200
	-> Printing at chr: 10 pos:23080325 chunknumber 8300
	-> Printing at chr: 10 pos:23404312 chunknumber 8400
	-> Printing at chr: 10 pos:24619730 chunknumber 8500
	-> Printing at chr: 10 pos:24965196 chunknumber 8600
	-> Printing at chr: 10 pos:25563291 chunknumber 8700
	-> Printing at chr: 10 pos:25786852 chunknumber 8800
	-> Printing at chr: 10 pos:26357847 chunknumber 8900
	-> Printing at chr: 10 pos:26994958 chunknumber 9000
	-> Printing at chr: 10 pos:27406783 chunknumber 9100
	-> Printing at chr: 10 pos:28396447 chunknumber 9200
	-> Printing at chr: 10 pos:29545535 chunknumber 9300
	-> Printing at chr: 10 pos:30200933 chunknumber 9400
	-> Printing at chr: 10 pos:31019822 chunknumber 9500
	-> Printing at chr: 10 pos:31497733 chunknumber 9600
	-> Printing at chr: 10 pos:31753179 chunknumber 9700
	-> Printing at chr: 10 pos:33025523 chunknumber 9800
	-> Printing at chr: 10 pos:33751651 chunknumber 9900
	-> Printing at chr: 10 pos:34512986 chunknumber 10000
	-> Printing at chr: 10 pos:35595150 chunknumber 10100
	-> Printing at chr: 10 pos:36048341 chunknumber 10200
	-> Printing at chr: 10 pos:37546737 chunknumber 10300
	-> Printing at chr: 10 pos:37638404 chunknumber 10400
	-> Printing at chr: 10 pos:37763956 chunknumber 10500
	-> Printing at chr: 10 pos:37949378 chunknumber 10600
	-> Printing at chr: 10 pos:38540862 chunknumber 10700
	-> Printing at chr: 10 pos:39193876 chunknumber 10800
	-> Printing at chr: 10 pos:40338540 chunknumber 10900
	-> Printing at chr: 10 pos:41335801 chunknumber 11000
	-> Printing at chr: 10 pos:43819116 chunknumber 11100
	-> Printing at chr: 10 pos:46715605 chunknumber 11200
	-> Printing at chr: 10 pos:47321000 chunknumber 11300
	-> Printing at chr: 10 pos:47775537 chunknumber 11400
	-> Printing at chr: 10 pos:48414129 chunknumber 11500
	-> Printing at chr: 10 pos:48443395 chunknumber 11600
	-> Printing at chr: 10 pos:49814234 chunknumber 11700
	-> Printing at chr: 10 pos:50312292 chunknumber 11800
	-> Printing at chr: 10 pos:51458995 chunknumber 11900
	-> Printing at chr: 10 pos:52436886 chunknumber 12000
	-> Printing at chr: 10 pos:53148867 chunknumber 12100
	-> Printing at chr: 10 pos:53879817 chunknumber 12200
	-> Printing at chr: 10 pos:54946661 chunknumber 12300
	-> Printing at chr: 10 pos:55618834 chunknumber 12400
	-> Printing at chr: 10 pos:55651607 chunknumber 12500
	-> Printing at chr: 10 pos:55681577 chunknumber 12600
	-> Printing at chr: 10 pos:55706526 chunknumber 12700
	-> Printing at chr: 10 pos:55753179 chunknumber 12800
	-> Printing at chr: 10 pos:56007890 chunknumber 12900
	-> Printing at chr: 10 pos:57553157 chunknumber 13000
	-> Printing at chr: 10 pos:58003213 chunknumber 13100
	-> Printing at chr: 10 pos:58207023 chunknumber 13200
	-> Printing at chr: 10 pos:58590813 chunknumber 13300
	-> Printing at chr: 10 pos:59151332 chunknumber 13400
	-> Printing at chr: 10 pos:59526018 chunknumber 13500
	-> Printing at chr: 10 pos:60155006 chunknumber 13600
	-> Printing at chr: 10 pos:60781771 chunknumber 13700
	-> Printing at chr: 10 pos:61690857 chunknumber 13800
	-> Printing at chr: 10 pos:62261297 chunknumber 13900
	-> Printing at chr: 10 pos:63062308 chunknumber 14000
	-> Printing at chr: 10 pos:63628670 chunknumber 14100
	-> Printing at chr: 10 pos:64276787 chunknumber 14200
	-> Printing at chr: 10 pos:65013135 chunknumber 14300
	-> Printing at chr: 10 pos:65486779 chunknumber 14400
	-> Printing at chr: 10 pos:65749576 chunknumber 14500
	-> Printing at chr: 10 pos:66029828 chunknumber 14600
	-> Printing at chr: 10 pos:66324971 chunknumber 14700
	-> Printing at chr: 10 pos:66665653 chunknumber 14800
	-> Printing at chr: 10 pos:67240190 chunknumber 14900
	-> Printing at chr: 10 pos:67949545 chunknumber 15000
	-> Printing at chr: 10 pos:69143279 chunknumber 15100
	-> Printing at chr: 10 pos:69603834 chunknumber 15200
	-> Printing at chr: 10 pos:69808568 chunknumber 15300
	-> Printing at chr: 10 pos:70549318 chunknumber 15400
	-> Printing at chr: 10 pos:71066857 chunknumber 15500
	-> Printing at chr: 10 pos:71474680 chunknumber 15600
	-> Printing at chr: 10 pos:71876317 chunknumber 15700
	-> Printing at chr: 10 pos:72821463 chunknumber 15800
	-> Printing at chr: 10 pos:73140628 chunknumber 15900
	-> Printing at chr: 10 pos:73224082 chunknumber 16000
	-> Printing at chr: 10 pos:74344466 chunknumber 16100
	-> Printing at chr: 10 pos:74903964 chunknumber 16200
	-> Printing at chr: 10 pos:75521507 chunknumber 16300
	-> Printing at chr: 10 pos:76238013 chunknumber 16400
	-> Printing at chr: 10 pos:76650928 chunknumber 16500
	-> Printing at chr: 10 pos:77124954 chunknumber 16600
	-> Printing at chr: 10 pos:77454521 chunknumber 16700
	-> Printing at chr: 10 pos:77699507 chunknumber 16800
	-> Printing at chr: 10 pos:78156367 chunknumber 16900
	-> Printing at chr: 10 pos:78917659 chunknumber 17000
	-> Printing at chr: 10 pos:79691705 chunknumber 17100
	-> Printing at chr: 10 pos:80329633 chunknumber 17200
	-> Printing at chr: 10 pos:80586322 chunknumber 17300
	-> Printing at chr: 10 pos:80624255 chunknumber 17400
	-> Printing at chr: 10 pos:80888245 chunknumber 17500
	-> Printing at chr: 10 pos:81458506 chunknumber 17600
	-> Printing at chr: 10 pos:81568912 chunknumber 17700
	-> Printing at chr: 10 pos:82052666 chunknumber 17800
	-> Printing at chr: 10 pos:82134657 chunknumber 17900
	-> Printing at chr: 10 pos:82350815 chunknumber 18000
	-> Printing at chr: 10 pos:83325585 chunknumber 18100
	-> Printing at chr: 10 pos:83557115 chunknumber 18200
	-> Printing at chr: 10 pos:83754128 chunknumber 18300
	-> Printing at chr: 10 pos:84080765 chunknumber 18400
	-> Printing at chr: 10 pos:84248317 chunknumber 18500
	-> Printing at chr: 10 pos:84502200 chunknumber 18600
	-> Printing at chr: 10 pos:84774156 chunknumber 18700
	-> Printing at chr: 10 pos:85207303 chunknumber 18800
	-> Printing at chr: 10 pos:85659053 chunknumber 18900
	-> Printing at chr: 10 pos:86429843 chunknumber 19000
	-> Printing at chr: 10 pos:86712389 chunknumber 19100
	-> Printing at chr: 10 pos:87104200 chunknumber 19200
	-> Printing at chr: 10 pos:87704355 chunknumber 19300
	-> Printing at chr: 10 pos:88220575 chunknumber 19400
	-> Printing at chr: 10 pos:88534927 chunknumber 19500
	-> Printing at chr: 10 pos:88685194 chunknumber 19600
	-> Printing at chr: 10 pos:89084767 chunknumber 19700
	-> Printing at chr: 10 pos:89236531 chunknumber 19800
	-> Printing at chr: 10 pos:89558824 chunknumber 19900
	-> Printing at chr: 10 pos:89997996 chunknumber 20000
	-> Printing at chr: 10 pos:90257374 chunknumber 20100
	-> Printing at chr: 10 pos:90504645 chunknumber 20200
	-> Printing at chr: 10 pos:90795089 chunknumber 20300
	-> Printing at chr: 10 pos:91148447 chunknumber 20400
	-> Printing at chr: 10 pos:91694844 chunknumber 20500
	-> Printing at chr: 10 pos:91973327 chunknumber 20600
	-> Printing at chr: 10 pos:92807373 chunknumber 20700
	-> Printing at chr: 10 pos:93700120 chunknumber 20800
	-> Printing at chr: 10 pos:94716022 chunknumber 20900
	-> Printing at chr: 10 pos:95139574 chunknumber 21000
	-> Printing at chr: 10 pos:95563924 chunknumber 21100
	-> Printing at chr: 10 pos:95777987 chunknumber 21200
	-> Printing at chr: 10 pos:96267214 chunknumber 21300
	-> Printing at chr: 10 pos:96397917 chunknumber 21400
	-> Printing at chr: 10 pos:96711965 chunknumber 21500
	-> Printing at chr: 10 pos:97083523 chunknumber 21600
	-> Printing at chr: 10 pos:97663403 chunknumber 21700
	-> Printing at chr: 10 pos:98163441 chunknumber 21800
	-> Printing at chr: 10 pos:98271013 chunknumber 21900
	-> Printing at chr: 10 pos:98393654 chunknumber 22000
	-> Printing at chr: 10 pos:98816626 chunknumber 22100
	-> Printing at chr: 10 pos:99222833 chunknumber 22200
	-> Printing at chr: 10 pos:99395102 chunknumber 22300
	-> Printing at chr: 10 pos:99743041 chunknumber 22400
	-> Printing at chr: 10 pos:99770090 chunknumber 22500
	-> Printing at chr: 10 pos:100028364 chunknumber 22600
	-> Printing at chr: 10 pos:100141162 chunknumber 22700
	-> Printing at chr: 10 pos:100710629 chunknumber 22800
	-> Printing at chr: 10 pos:100920815 chunknumber 22900
	-> Printing at chr: 10 pos:100935832 chunknumber 23000
	-> Printing at chr: 10 pos:101060441 chunknumber 23100
	-> Printing at chr: 10 pos:101537762 chunknumber 23200
	-> Printing at chr: 10 pos:101883991 chunknumber 23300
	-> Printing at chr: 10 pos:102307625 chunknumber 23400
	-> Printing at chr: 10 pos:102892418 chunknumber 23500
	-> Printing at chr: 10 pos:103441331 chunknumber 23600
	-> Printing at chr: 10 pos:103733758 chunknumber 23700
	-> Printing at chr: 10 pos:103762145 chunknumber 23800
	-> Printing at chr: 10 pos:103787998 chunknumber 23900
	-> Printing at chr: 10 pos:104199958 chunknumber 24000
	-> Printing at chr: 10 pos:104502202 chunknumber 24100
	-> Printing at chr: 10 pos:104640455 chunknumber 24200
	-> Printing at chr: 10 pos:104864555 chunknumber 24300
	-> Printing at chr: 10 pos:105074158 chunknumber 24400
	-> Printing at chr: 10 pos:105139612 chunknumber 24500
	-> Printing at chr: 10 pos:105246130 chunknumber 24600
	-> Printing at chr: 10 pos:105697242 chunknumber 24700
	-> Printing at chr: 10 pos:106085201 chunknumber 24800
	-> Printing at chr: 10 pos:106452772 chunknumber 24900
	-> Printing at chr: 10 pos:106994590 chunknumber 25000
	-> Printing at chr: 10 pos:107446542 chunknumber 25100
	-> Printing at chr: 10 pos:107822641 chunknumber 25200
	-> Printing at chr: 10 pos:108147667 chunknumber 25300
	-> Printing at chr: 10 pos:108433134 chunknumber 25400
	-> Printing at chr: 10 pos:108944251 chunknumber 25500
	-> Printing at chr: 10 pos:109392062 chunknumber 25600
	-> Printing at chr: 10 pos:109603089 chunknumber 25700
	-> Printing at chr: 10 pos:109821152 chunknumber 25800
	-> Printing at chr: 10 pos:110330087 chunknumber 25900
	-> Printing at chr: 10 pos:110832623 chunknumber 26000
	-> Printing at chr: 10 pos:111016820 chunknumber 26100
	-> Printing at chr: 10 pos:111310356 chunknumber 26200
	-> Printing at chr: 10 pos:111452244 chunknumber 26300
	-> Printing at chr: 10 pos:112066231 chunknumber 26400
	-> Printing at chr: 10 pos:112590633 chunknumber 26500
	-> Printing at chr: 10 pos:113156738 chunknumber 26600
	-> Printing at chr: 10 pos:113414925 chunknumber 26700
	-> Printing at chr: 10 pos:113849405 chunknumber 26800
	-> Printing at chr: 10 pos:114217388 chunknumber 26900
	-> Printing at chr: 10 pos:114676499 chunknumber 27000
	-> Printing at chr: 10 pos:115453220 chunknumber 27100
	-> Printing at chr: 10 pos:115763295 chunknumber 27200
	-> Printing at chr: 10 pos:116137018 chunknumber 27300
	-> Printing at chr: 10 pos:116822103 chunknumber 27400
	-> Printing at chr: 10 pos:117043936 chunknumber 27500
	-> Printing at chr: 10 pos:117226814 chunknumber 27600
	-> Printing at chr: 10 pos:117588328 chunknumber 27700
	-> Printing at chr: 10 pos:117777710 chunknumber 27800
	-> Printing at chr: 10 pos:117922864 chunknumber 27900
	-> Printing at chr: 10 pos:118169702 chunknumber 28000
	-> Printing at chr: 10 pos:118775073 chunknumber 28100
	-> Printing at chr: 10 pos:118860888 chunknumber 28200
	-> Printing at chr: 10 pos:119147481 chunknumber 28300
	-> Printing at chr: 10 pos:119725192 chunknumber 28400
	-> Printing at chr: 10 pos:119995276 chunknumber 28500
	-> Printing at chr: 10 pos:120300430 chunknumber 28600
	-> Printing at chr: 10 pos:120672844 chunknumber 28700
	-> Printing at chr: 10 pos:120749797 chunknumber 28800
	-> Printing at chr: 10 pos:120848585 chunknumber 28900
	-> Printing at chr: 10 pos:121297419 chunknumber 29000
	-> Printing at chr: 10 pos:121533909 chunknumber 29100
	-> Printing at chr: 10 pos:121743808 chunknumber 29200
	-> Printing at chr: 10 pos:122171698 chunknumber 29300
	-> Printing at chr: 10 pos:122547374 chunknumber 29400
	-> Printing at chr: 10 pos:123130065 chunknumber 29500
	-> Printing at chr: 10 pos:123245700 chunknumber 29600
	-> Printing at chr: 10 pos:123460858 chunknumber 29700
	-> Printing at chr: 10 pos:123607801 chunknumber 29800
	-> Printing at chr: 10 pos:123841729 chunknumber 29900
	-> Printing at chr: 10 pos:124088544 chunknumber 30000
	-> Printing at chr: 10 pos:124341462 chunknumber 30100
	-> Printing at chr: 10 pos:124547115 chunknumber 30200
	-> Printing at chr: 10 pos:124859805 chunknumber 30300
	-> Printing at chr: 10 pos:125151414 chunknumber 30400
	-> Printing at chr: 10 pos:125325319 chunknumber 30500
	-> Printing at chr: 10 pos:125854865 chunknumber 30600
	-> Printing at chr: 10 pos:125938392 chunknumber 30700
	-> Printing at chr: 10 pos:126049143 chunknumber 30800
	-> Printing at chr: 10 pos:126513175 chunknumber 30900
	-> Printing at chr: 10 pos:126605892 chunknumber 31000
	-> Printing at chr: 10 pos:126914433 chunknumber 31100
	-> Printing at chr: 10 pos:127060962 chunknumber 31200
	-> Printing at chr: 10 pos:127361273 chunknumber 31300
	-> Printing at chr: 10 pos:127445849 chunknumber 31400
	-> Printing at chr: 10 pos:127641105 chunknumber 31500
	-> Printing at chr: 10 pos:127941747 chunknumber 31600
	-> Printing at chr: 10 pos:128049509 chunknumber 31700
	-> Printing at chr: 10 pos:128439725 chunknumber 31800
	-> Printing at chr: 10 pos:128719057 chunknumber 31900
	-> Printing at chr: 10 pos:128887879 chunknumber 32000
	-> Printing at chr: 10 pos:129273994 chunknumber 32100
	-> Printing at chr: 10 pos:129303431 chunknumber 32200
	-> Printing at chr: 10 pos:129587565 chunknumber 32300
	-> Printing at chr: 10 pos:129947637 chunknumber 32400
	-> Printing at chr: 10 pos:130087423 chunknumber 32500
	-> Printing at chr: 10 pos:130252939 chunknumber 32600
	-> Printing at chr: 10 pos:130327436 chunknumber 32700
	-> Printing at chr: 10 pos:130439245 chunknumber 32800
	-> Printing at chr: 10 pos:130833630 chunknumber 32900
	-> Printing at chr: 10 pos:130930982 chunknumber 33000
	-> Printing at chr: 10 pos:1140850857 chunknumber 33100
	-> Printing at chr: 10 pos:131922375 chunknumber 33200
	-> Printing at chr: 10 pos:132049119 chunknumber 33300
	-> Printing at chr: 10 pos:132202255 chunknumber 33400
	-> Printing at chr: 10 pos:132416593 chunknumber 33500
	-> Printing at chr: 10 pos:132563093 chunknumber 33600
	-> Printing at chr: 10 pos:132725109 chunknumber 33700
	-> Printing at chr: 10 pos:132987766 chunknumber 33800
	-> Printing at chr: 10 pos:133255467 chunknumber 33900
	-> Printing at chr: 10 pos:133391911 chunknumber 34000
	-> Printing at chr: 10 pos:133753116 chunknumber 34100
	-> Printing at chr: 10 pos:133908058 chunknumber 34200
	-> Printing at chr: 10 pos:134082317 chunknumber 34300
	-> Printing at chr: 10 pos:134459384 chunknumber 34400
	-> Printing at chr: 10 pos:134610400 chunknumber 34500
	-> Printing at chr: 10 pos:134830484 chunknumber 34600
	-> Printing at chr: 10 pos:135033493 chunknumber 34700
	-> Printing at chr: 10 pos:135342662 chunknumber 34800
	-> Printing at chr: 10 pos:135514043 chunknumber 34900
	-> Printing at chr: 10 pos:135710552 chunknumber 35000
	-> Printing at chr: 10 pos:136110278 chunknumber 35100
	-> Printing at chr: 10 pos:136319177 chunknumber 35200
	-> Printing at chr: 10 pos:136737138 chunknumber 35300
	-> Printing at chr: 10 pos:136986991 chunknumber 35400
	-> Printing at chr: 10 pos:137314364 chunknumber 35500
	-> Printing at chr: 10 pos:137510583 chunknumber 35600
	-> Printing at chr: 10 pos:137687983 chunknumber 35700
	-> Printing at chr: 10 pos:137988261 chunknumber 35800
	-> Printing at chr: 10 pos:138050287 chunknumber 35900
	-> Printing at chr: 10 pos:138218808 chunknumber 36000
	-> Printing at chr: 10 pos:138497563 chunknumber 36100
	-> Printing at chr: 10 pos:138689665 chunknumber 36200
	-> Printing at chr: 10 pos:138878543 chunknumber 36300
	-> Printing at chr: 10 pos:139033617 chunknumber 36400
	-> Printing at chr: 10 pos:139221018 chunknumber 36500
	-> Printing at chr: 10 pos:139403539 chunknumber 36600
	-> Printing at chr: 10 pos:139569635 chunknumber 36700
	-> Printing at chr: 10 pos:139777659 chunknumber 36800
	-> Printing at chr: 10 pos:140163063 chunknumber 36900
	-> Printing at chr: 10 pos:140383571 chunknumber 37000
	-> Printing at chr: 10 pos:140429680 chunknumber 37100
	-> Printing at chr: 10 pos:140553660 chunknumber 37200
	-> Printing at chr: 10 pos:140719638 chunknumber 37300
	-> Printing at chr: 10 pos:140906964 chunknumber 37400
	-> Printing at chr: 10 pos:140993601 chunknumber 37500
	-> Printing at chr: 10 pos:141044801 chunknumber 37600
	-> Printing at chr: 10 pos:141092357 chunknumber 37700
	-> Printing at chr: 10 pos:141260466 chunknumber 37800
	-> Printing at chr: 10 pos:141384503 chunknumber 37900
	-> Printing at chr: 10 pos:141517013 chunknumber 38000
	-> Printing at chr: 10 pos:141618067 chunknumber 38100
	-> Printing at chr: 10 pos:141786477 chunknumber 38200
	-> Printing at chr: 10 pos:141861308 chunknumber 38300
	-> Printing at chr: 10 pos:141893087 chunknumber 38400
	-> Printing at chr: 10 pos:141905334 chunknumber 38500
	-> Printing at chr: 10 pos:142026773 chunknumber 38600
	-> Printing at chr: 10 pos:142248831 chunknumber 38700
	-> Printing at chr: 10 pos:142484991 chunknumber 38800
	-> Printing at chr: 10 pos:142509726 chunknumber 38900
	-> Printing at chr: 10 pos:142693617 chunknumber 39000
	-> Printing at chr: 10 pos:142914867 chunknumber 39100
	-> Printing at chr: 10 pos:142940510 chunknumber 39200
	-> Printing at chr: 10 pos:143090578 chunknumber 39300
	-> Printing at chr: 10 pos:143174117 chunknumber 39400
	-> Printing at chr: 10 pos:143566344 chunknumber 39500
	-> Printing at chr: 10 pos:143573656 chunknumber 39600
	-> Printing at chr: 10 pos:143872726 chunknumber 39700
	-> Printing at chr: 10 pos:143952929 chunknumber 39800
	-> Printing at chr: 10 pos:144101994 chunknumber 39900
	-> Printing at chr: 10 pos:144154006 chunknumber 40000
	-> Printing at chr: 10 pos:144274602 chunknumber 40100
	-> Printing at chr: 10 pos:144411725 chunknumber 40200
	-> Printing at chr: 10 pos:144619817 chunknumber 40300
	-> Printing at chr: 10 pos:144804506 chunknumber 40400
	-> Printing at chr: 10 pos:145049187 chunknumber 40500
	-> Printing at chr: 10 pos:145233581 chunknumber 40600
	-> Printing at chr: 10 pos:145385631 chunknumber 40700
	-> Printing at chr: 10 pos:145549402 chunknumber 40800
	-> Printing at chr: 10 pos:145621403 chunknumber 40900
	-> Printing at chr: 10 pos:145909961 chunknumber 41000
	-> Printing at chr: 10 pos:146022899 chunknumber 41100
	-> Printing at chr: 10 pos:146107262 chunknumber 41200
	-> Printing at chr: 10 pos:146127673 chunknumber 41300
	-> Printing at chr: 10 pos:146187803 chunknumber 41400
	-> Printing at chr: 10 pos:146200122 chunknumber 41500
	-> Printing at chr: 10 pos:146436618 chunknumber 41600
	-> Printing at chr: 10 pos:146557559 chunknumber 41700
	-> Printing at chr: 10 pos:146619931 chunknumber 41800
	-> Printing at chr: 10 pos:146654358 chunknumber 41900
	-> Printing at chr: 10 pos:146821127 chunknumber 42000
	-> Printing at chr: 10 pos:146896157 chunknumber 42100
	-> Printing at chr: 10 pos:147015939 chunknumber 42200
	-> Printing at chr: 10 pos:147140103 chunknumber 42300
	-> Printing at chr: 10 pos:147273340 chunknumber 42400
	-> Printing at chr: 10 pos:147396095 chunknumber 42500
	-> Printing at chr: 10 pos:147538588 chunknumber 42600
	-> Printing at chr: 10 pos:147670872 chunknumber 42700
	-> Printing at chr: 10 pos:147844454 chunknumber 42800
	-> Printing at chr: 10 pos:147942113 chunknumber 42900
	-> Printing at chr: 10 pos:147984911 chunknumber 43000
	-> Printing at chr: 10 pos:148045437 chunknumber 43100
	-> Printing at chr: 10 pos:148202851 chunknumber 43200
	-> Printing at chr: 10 pos:148294741 chunknumber 43300
	-> Printing at chr: 10 pos:148310335 chunknumber 43400
	-> Printing at chr: 10 pos:148368804 chunknumber 43500
	-> Printing at chr: 10 pos:148424989 chunknumber 43600
	-> Printing at chr: 10 pos:148737364 chunknumber 43700
	-> Printing at chr: 10 pos:148822961 chunknumber 43800
	-> Printing at chr: 10 pos:148883135 chunknumber 43900
	-> Printing at chr: 10 pos:149183760 chunknumber 44000

	-> Done reading data waiting for calculations to finish
	-> Calling destroy
	-> Done waiting for threads
	-> Output filenames:
		->"/home/beissing/Dom_Bot_Git/TEMP/TIL_genic_10.arg"
		->"/home/beissing/Dom_Bot_Git/TEMP/TIL_genic_10.mafs.gz"
		->"/home/beissing/Dom_Bot_Git/TEMP/TIL_genic_10.saf"
		->"/home/beissing/Dom_Bot_Git/TEMP/TIL_genic_10.saf.pos.gz"
	-> Wed Jul 23 21:47:21 2014
	-> Arguments and parameters for all analysis are located in .arg file
	[ALL done] cpu-time used =  9242.81 sec
	[ALL done] walltime used =  8569.00 sec
fname1:/home/beissing/Dom_Bot_Git/TEMP/TIL_genic_10.saf nChr:30 startsfs:(null) nThreads:32 tole=0.000001 maxIter=100 nSites=4059657
The choice of -nSites will require: 960.000000 megabyte memory, that is approx: 0.19% of total memory
dim(GL1)=4059657,31
startlik=-24337197.147374
[0] lik=-1509309.523960 diff=2.28279e+07
[1] lik=-1507212.530507 diff=2096.99
[2] lik=-1507204.459110 diff=8.0714
[3] lik=-1507204.220878 diff=0.238232
[4] lik=-1507204.126532 diff=0.0943463
[5] lik=-1507204.070394 diff=0.0561377
[6] lik=-1507204.035507 diff=0.0348869
[7] lik=-1507204.013524 diff=0.0219833
[8] lik=-1507203.999569 diff=0.013955
[9] lik=-1507203.990685 diff=0.00888373
[10] lik=-1507203.985008 diff=0.00567734
[11] lik=-1507203.981376 diff=0.0036313
[12] lik=-1507203.979055 diff=0.00232194
[13] lik=-1507203.977567 diff=0.00148747
[14] lik=-1507203.976614 diff=0.000953191
[15] lik=-1507203.976003 diff=0.000610975
[16] lik=-1507203.975611 diff=0.00039199
[17] lik=-1507203.975360 diff=0.000251261
[18] lik=-1507203.975198 diff=0.000161381
[19] lik=-1507203.975095 diff=0.000103284
[20] lik=-1507203.975028 diff=6.65563e-05
[21] lik=-1507203.974986 diff=4.2364e-05
[22] lik=-1507203.974959 diff=2.74654e-05
[23] lik=-1507203.974941 diff=1.7266e-05
[24] lik=-1507203.974930 diff=1.13172e-05
[25] lik=-1507203.974923 diff=7.27945e-06
[26] lik=-1507203.974918 diff=4.72693e-06
[27] lik=-1507203.974915 diff=2.8112e-06
[28] lik=-1507203.974913 diff=2.0666e-06
[29] lik=-1507203.974912 diff=1.08499e-06
[30] lik=-1507203.974911 diff=7.85105e-07
likelihood: -1507203.974911
