Module BUILD 1.6 Loaded.
Module slurm/2.6.2 loaded 
Module angsd/570 loaded 
	-> Reading fasta: DATA/TRIP/TRIP.fa.gz
	-> Reading fasta: /group/jrigrp3/bottleneckProject/genomes/Zea_mays.AGPv3.22.dna.genome.fa
problem with size of dimension of prior 13 vs 15
0=1.000000
1=1.000000
2=1.000000
3=1.000000
4=1.000000
5=1.000000
6=1.000000
7=1.000000
8=1.000000
9=1.000000
10=1.000000
11=1.000000
12=1.000000
13=1.000000
14=1.000000
saffile: /home/beissing/Dom_Bot_Git/TEMP/TIL_intergenic_10.saf looks broken?
