Module BUILD 1.6 Loaded.
Module slurm/2.6.2 loaded 
Module angsd/570 loaded 
	-> Reading fasta: DATA/TRIP/TRIP.fa.gz
	-> Reading fasta: /group/jrigrp3/bottleneckProject/genomes/Zea_mays.AGPv3.22.dna.genome.fa
	->(Using Filipe modification of: abcSaf.cpp)
	-> Parsing 13 number of samples 
	-> Printing at chr: 10 pos:41469 chunknumber 100
	-> Printing at chr: 10 pos:51866 chunknumber 200
	-> Printing at chr: 10 pos:70533 chunknumber 300
	-> Printing at chr: 10 pos:146882 chunknumber 400
	-> Printing at chr: 10 pos:264639 chunknumber 500
	-> Printing at chr: 10 pos:363510 chunknumber 600
	-> Printing at chr: 10 pos:463790 chunknumber 700
	-> Printing at chr: 10 pos:540453 chunknumber 800
	-> Printing at chr: 10 pos:574035 chunknumber 900
	-> Printing at chr: 10 pos:605824 chunknumber 1000
	-> Printing at chr: 10 pos:656050 chunknumber 1100
	-> Printing at chr: 10 pos:686428 chunknumber 1200
	-> Printing at chr: 10 pos:724288 chunknumber 1300
	-> Printing at chr: 10 pos:760547 chunknumber 1400
	-> Printing at chr: 10 pos:781839 chunknumber 1500
	-> Printing at chr: 10 pos:808792 chunknumber 1600
	-> Printing at chr: 10 pos:836052 chunknumber 1700
	-> Printing at chr: 10 pos:874077 chunknumber 1800
	-> Printing at chr: 10 pos:936654 chunknumber 1900
	-> Printing at chr: 10 pos:966593 chunknumber 2000
	-> Printing at chr: 10 pos:1019972 chunknumber 2100
	-> Printing at chr: 10 pos:1046574 chunknumber 2200
	-> Printing at chr: 10 pos:1120926 chunknumber 2300
	-> Printing at chr: 10 pos:1529498 chunknumber 2400
	-> Printing at chr: 10 pos:1779439 chunknumber 2500
	-> Printing at chr: 10 pos:1975101 chunknumber 2600
	-> Printing at chr: 10 pos:2304869 chunknumber 2700
	-> Printing at chr: 10 pos:2590093 chunknumber 2800
	-> Printing at chr: 10 pos:2884527 chunknumber 2900
	-> Printing at chr: 10 pos:3091181 chunknumber 3000
	-> Printing at chr: 10 pos:3125777 chunknumber 3100
	-> Printing at chr: 10 pos:3135553 chunknumber 3200
	-> Printing at chr: 10 pos:3262360 chunknumber 3300
	-> Printing at chr: 10 pos:3678719 chunknumber 3400
	-> Printing at chr: 10 pos:3969970 chunknumber 3500
	-> Printing at chr: 10 pos:4149048 chunknumber 3600
	-> Printing at chr: 10 pos:4280790 chunknumber 3700
	-> Printing at chr: 10 pos:4340774 chunknumber 3800
	-> Printing at chr: 10 pos:4412451 chunknumber 3900
	-> Printing at chr: 10 pos:4420590 chunknumber 4000
	-> Printing at chr: 10 pos:4435143 chunknumber 4100
	-> Printing at chr: 10 pos:4438301 chunknumber 4200
	-> Printing at chr: 10 pos:4477165 chunknumber 4300
	-> Printing at chr: 10 pos:4484563 chunknumber 4400
	-> Printing at chr: 10 pos:4505027 chunknumber 4500
	-> Printing at chr: 10 pos:4930463 chunknumber 4600
	-> Printing at chr: 10 pos:5233033 chunknumber 4700
	-> Printing at chr: 10 pos:5505295 chunknumber 4800
	-> Printing at chr: 10 pos:5811821 chunknumber 4900
	-> Printing at chr: 10 pos:6096963 chunknumber 5000
	-> Printing at chr: 10 pos:6248221 chunknumber 5100
	-> Printing at chr: 10 pos:6444422 chunknumber 5200
	-> Printing at chr: 10 pos:6658925 chunknumber 5300
	-> Printing at chr: 10 pos:6876750 chunknumber 5400
	-> Printing at chr: 10 pos:6935165 chunknumber 5500
	-> Printing at chr: 10 pos:7081504 chunknumber 5600
	-> Printing at chr: 10 pos:7192175 chunknumber 5700
	-> Printing at chr: 10 pos:7303233 chunknumber 5800
	-> Printing at chr: 10 pos:7606512 chunknumber 5900
	-> Printing at chr: 10 pos:7664518 chunknumber 6000
	-> Printing at chr: 10 pos:7897216 chunknumber 6100
	-> Printing at chr: 10 pos:8113833 chunknumber 6200
	-> Printing at chr: 10 pos:8150783 chunknumber 6300
	-> Printing at chr: 10 pos:8180794 chunknumber 6400
	-> Printing at chr: 10 pos:8228444 chunknumber 6500
	-> Printing at chr: 10 pos:8263265 chunknumber 6600
	-> Printing at chr: 10 pos:8404563 chunknumber 6700
	-> Printing at chr: 10 pos:8525867 chunknumber 6800
	-> Printing at chr: 10 pos:8610266 chunknumber 6900
	-> Printing at chr: 10 pos:8823835 chunknumber 7000
	-> Printing at chr: 10 pos:8845196 chunknumber 7100
	-> Printing at chr: 10 pos:9107044 chunknumber 7200
	-> Printing at chr: 10 pos:9337743 chunknumber 7300
	-> Printing at chr: 10 pos:9472112 chunknumber 7400
	-> Printing at chr: 10 pos:9636446 chunknumber 7500
	-> Printing at chr: 10 pos:9869625 chunknumber 7600
	-> Printing at chr: 10 pos:9900064 chunknumber 7700
	-> Printing at chr: 10 pos:9973146 chunknumber 7800
	-> Printing at chr: 10 pos:10012592 chunknumber 7900
	-> Printing at chr: 10 pos:10173683 chunknumber 8000
	-> Printing at chr: 10 pos:10273434 chunknumber 8100
	-> Printing at chr: 10 pos:10418063 chunknumber 8200
	-> Printing at chr: 10 pos:10482645 chunknumber 8300
	-> Printing at chr: 10 pos:10652174 chunknumber 8400
	-> Printing at chr: 10 pos:10712355 chunknumber 8500
	-> Printing at chr: 10 pos:10763149 chunknumber 8600
	-> Printing at chr: 10 pos:10899974 chunknumber 8700
	-> Printing at chr: 10 pos:10948227 chunknumber 8800
	-> Printing at chr: 10 pos:10983681 chunknumber 8900
	-> Printing at chr: 10 pos:11016616 chunknumber 9000
	-> Printing at chr: 10 pos:11081849 chunknumber 9100
	-> Printing at chr: 10 pos:11229015 chunknumber 9200
	-> Printing at chr: 10 pos:11331220 chunknumber 9300
	-> Printing at chr: 10 pos:11575906 chunknumber 9400
	-> Printing at chr: 10 pos:11720446 chunknumber 9500
	-> Printing at chr: 10 pos:11867746 chunknumber 9600
	-> Printing at chr: 10 pos:12162430 chunknumber 9700
	-> Printing at chr: 10 pos:12313261 chunknumber 9800
	-> Printing at chr: 10 pos:12486894 chunknumber 9900
	-> Printing at chr: 10 pos:12631740 chunknumber 10000
	-> Printing at chr: 10 pos:12711273 chunknumber 10100
	-> Printing at chr: 10 pos:12766458 chunknumber 10200
	-> Printing at chr: 10 pos:12804543 chunknumber 10300
	-> Printing at chr: 10 pos:12859306 chunknumber 10400
	-> Printing at chr: 10 pos:12897054 chunknumber 10500
	-> Printing at chr: 10 pos:12940105 chunknumber 10600
	-> Printing at chr: 10 pos:13086495 chunknumber 10700
	-> Printing at chr: 10 pos:13109011 chunknumber 10800
	-> Printing at chr: 10 pos:13141404 chunknumber 10900
	-> Printing at chr: 10 pos:13286684 chunknumber 11000
	-> Printing at chr: 10 pos:13462151 chunknumber 11100
	-> Printing at chr: 10 pos:13666677 chunknumber 11200
	-> Printing at chr: 10 pos:13687537 chunknumber 11300
	-> Printing at chr: 10 pos:13772571 chunknumber 11400
	-> Printing at chr: 10 pos:13847720 chunknumber 11500
	-> Printing at chr: 10 pos:13992650 chunknumber 11600
	-> Printing at chr: 10 pos:14130884 chunknumber 11700
	-> Printing at chr: 10 pos:14222984 chunknumber 11800
	-> Printing at chr: 10 pos:14325725 chunknumber 11900
	-> Printing at chr: 10 pos:14573610 chunknumber 12000
	-> Printing at chr: 10 pos:14638312 chunknumber 12100
	-> Printing at chr: 10 pos:14761401 chunknumber 12200
	-> Printing at chr: 10 pos:14837763 chunknumber 12300
	-> Printing at chr: 10 pos:14872294 chunknumber 12400
	-> Printing at chr: 10 pos:15002297 chunknumber 12500
	-> Printing at chr: 10 pos:15147637 chunknumber 12600
	-> Printing at chr: 10 pos:15296020 chunknumber 12700
	-> Printing at chr: 10 pos:15342548 chunknumber 12800
	-> Printing at chr: 10 pos:15602952 chunknumber 12900
	-> Printing at chr: 10 pos:15970955 chunknumber 13000
	-> Printing at chr: 10 pos:16146353 chunknumber 13100
	-> Printing at chr: 10 pos:16309088 chunknumber 13200
	-> Printing at chr: 10 pos:16443012 chunknumber 13300
	-> Printing at chr: 10 pos:16600454 chunknumber 13400
	-> Printing at chr: 10 pos:16673839 chunknumber 13500
	-> Printing at chr: 10 pos:16702132 chunknumber 13600
	-> Printing at chr: 10 pos:16729922 chunknumber 13700
	-> Printing at chr: 10 pos:16756332 chunknumber 13800
	-> Printing at chr: 10 pos:16777826 chunknumber 13900
	-> Printing at chr: 10 pos:16817306 chunknumber 14000
	-> Printing at chr: 10 pos:16866046 chunknumber 14100
	-> Printing at chr: 10 pos:16891116 chunknumber 14200
	-> Printing at chr: 10 pos:16955947 chunknumber 14300
	-> Printing at chr: 10 pos:17012591 chunknumber 14400
	-> Printing at chr: 10 pos:17044839 chunknumber 14500
	-> Printing at chr: 10 pos:17074740 chunknumber 14600
	-> Printing at chr: 10 pos:17102744 chunknumber 14700
	-> Printing at chr: 10 pos:17116488 chunknumber 14800
	-> Printing at chr: 10 pos:17159804 chunknumber 14900
	-> Printing at chr: 10 pos:17234864 chunknumber 15000
	-> Printing at chr: 10 pos:17259401 chunknumber 15100
	-> Printing at chr: 10 pos:17280743 chunknumber 15200
	-> Printing at chr: 10 pos:17302171 chunknumber 15300
	-> Printing at chr: 10 pos:17336679 chunknumber 15400
	-> Printing at chr: 10 pos:17381191 chunknumber 15500
	-> Printing at chr: 10 pos:17413256 chunknumber 15600
	-> Printing at chr: 10 pos:17452811 chunknumber 15700
	-> Printing at chr: 10 pos:17509625 chunknumber 15800
	-> Printing at chr: 10 pos:17704867 chunknumber 15900
	-> Printing at chr: 10 pos:17857720 chunknumber 16000
	-> Printing at chr: 10 pos:17911755 chunknumber 16100
	-> Printing at chr: 10 pos:18000100 chunknumber 16200
	-> Printing at chr: 10 pos:18075895 chunknumber 16300
	-> Printing at chr: 10 pos:18166544 chunknumber 16400
	-> Printing at chr: 10 pos:18209129 chunknumber 16500
	-> Printing at chr: 10 pos:18241168 chunknumber 16600
	-> Printing at chr: 10 pos:18281677 chunknumber 16700
	-> Printing at chr: 10 pos:18378170 chunknumber 16800
	-> Printing at chr: 10 pos:18478751 chunknumber 16900
	-> Printing at chr: 10 pos:18592203 chunknumber 17000
	-> Printing at chr: 10 pos:18752393 chunknumber 17100
	-> Printing at chr: 10 pos:18828764 chunknumber 17200
	-> Printing at chr: 10 pos:18874396 chunknumber 17300
	-> Printing at chr: 10 pos:18924025 chunknumber 17400
	-> Printing at chr: 10 pos:19044623 chunknumber 17500
	-> Printing at chr: 10 pos:19253719 chunknumber 17600
	-> Printing at chr: 10 pos:19352681 chunknumber 17700
	-> Printing at chr: 10 pos:19535024 chunknumber 17800
	-> Printing at chr: 10 pos:19570500 chunknumber 17900
	-> Printing at chr: 10 pos:19614978 chunknumber 18000
	-> Printing at chr: 10 pos:19635789 chunknumber 18100
	-> Printing at chr: 10 pos:19683483 chunknumber 18200
	-> Printing at chr: 10 pos:19737999 chunknumber 18300
	-> Printing at chr: 10 pos:19776360 chunknumber 18400
	-> Printing at chr: 10 pos:19795860 chunknumber 18500
	-> Printing at chr: 10 pos:19828185 chunknumber 18600
	-> Printing at chr: 10 pos:19921863 chunknumber 18700
	-> Printing at chr: 10 pos:19962283 chunknumber 18800
	-> Printing at chr: 10 pos:20032397 chunknumber 18900
	-> Printing at chr: 10 pos:20121554 chunknumber 19000
	-> Printing at chr: 10 pos:20178985 chunknumber 19100
	-> Printing at chr: 10 pos:20229075 chunknumber 19200
	-> Printing at chr: 10 pos:20260982 chunknumber 19300
	-> Printing at chr: 10 pos:20331115 chunknumber 19400
	-> Printing at chr: 10 pos:20511620 chunknumber 19500
	-> Printing at chr: 10 pos:20701339 chunknumber 19600
	-> Printing at chr: 10 pos:20797804 chunknumber 19700
	-> Printing at chr: 10 pos:20831938 chunknumber 19800
	-> Printing at chr: 10 pos:20885975 chunknumber 19900
	-> Printing at chr: 10 pos:20939950 chunknumber 20000
	-> Printing at chr: 10 pos:21044608 chunknumber 20100
	-> Printing at chr: 10 pos:21138517 chunknumber 20200
	-> Printing at chr: 10 pos:21170271 chunknumber 20300
	-> Printing at chr: 10 pos:21285131 chunknumber 20400
	-> Printing at chr: 10 pos:21359820 chunknumber 20500
	-> Printing at chr: 10 pos:21503259 chunknumber 20600
	-> Printing at chr: 10 pos:21607096 chunknumber 20700
	-> Printing at chr: 10 pos:21880323 chunknumber 20800
	-> Printing at chr: 10 pos:22011786 chunknumber 20900
	-> Printing at chr: 10 pos:22156168 chunknumber 21000
	-> Printing at chr: 10 pos:22185785 chunknumber 21100
	-> Printing at chr: 10 pos:22225590 chunknumber 21200
	-> Printing at chr: 10 pos:22288574 chunknumber 21300
	-> Printing at chr: 10 pos:22430599 chunknumber 21400
	-> Printing at chr: 10 pos:22585905 chunknumber 21500
	-> Printing at chr: 10 pos:22717723 chunknumber 21600
	-> Printing at chr: 10 pos:22909087 chunknumber 21700
	-> Printing at chr: 10 pos:22950818 chunknumber 21800
	-> Printing at chr: 10 pos:23117524 chunknumber 21900
	-> Printing at chr: 10 pos:23157282 chunknumber 22000
	-> Printing at chr: 10 pos:23323619 chunknumber 22100
	-> Printing at chr: 10 pos:23556663 chunknumber 22200
	-> Printing at chr: 10 pos:23770608 chunknumber 22300
	-> Printing at chr: 10 pos:23890133 chunknumber 22400
	-> Printing at chr: 10 pos:23939965 chunknumber 22500
	-> Printing at chr: 10 pos:23974385 chunknumber 22600
	-> Printing at chr: 10 pos:24010537 chunknumber 22700
	-> Printing at chr: 10 pos:24037678 chunknumber 22800
	-> Printing at chr: 10 pos:24049975 chunknumber 22900
	-> Printing at chr: 10 pos:24072217 chunknumber 23000
	-> Printing at chr: 10 pos:24101548 chunknumber 23100
	-> Printing at chr: 10 pos:24166981 chunknumber 23200
	-> Printing at chr: 10 pos:24215363 chunknumber 23300
	-> Printing at chr: 10 pos:24289742 chunknumber 23400
	-> Printing at chr: 10 pos:24314447 chunknumber 23500
	-> Printing at chr: 10 pos:24343545 chunknumber 23600
	-> Printing at chr: 10 pos:24409856 chunknumber 23700
	-> Printing at chr: 10 pos:24520523 chunknumber 23800
	-> Printing at chr: 10 pos:24613789 chunknumber 23900
	-> Printing at chr: 10 pos:24679309 chunknumber 24000
	-> Printing at chr: 10 pos:24869110 chunknumber 24100
	-> Printing at chr: 10 pos:25024941 chunknumber 24200
	-> Printing at chr: 10 pos:25126077 chunknumber 24300
	-> Printing at chr: 10 pos:25160678 chunknumber 24400
	-> Printing at chr: 10 pos:25195607 chunknumber 24500
	-> Printing at chr: 10 pos:25221806 chunknumber 24600
	-> Printing at chr: 10 pos:25264382 chunknumber 24700
	-> Printing at chr: 10 pos:25298045 chunknumber 24800
	-> Printing at chr: 10 pos:25481624 chunknumber 24900
	-> Printing at chr: 10 pos:25719818 chunknumber 25000
	-> Printing at chr: 10 pos:25837658 chunknumber 25100
	-> Printing at chr: 10 pos:25891284 chunknumber 25200
	-> Printing at chr: 10 pos:26272808 chunknumber 25300
	-> Printing at chr: 10 pos:26509613 chunknumber 25400
	-> Printing at chr: 10 pos:26546024 chunknumber 25500
	-> Printing at chr: 10 pos:26600631 chunknumber 25600
	-> Printing at chr: 10 pos:26696989 chunknumber 25700
	-> Printing at chr: 10 pos:26831906 chunknumber 25800
	-> Printing at chr: 10 pos:26926657 chunknumber 25900
	-> Printing at chr: 10 pos:27077017 chunknumber 26000
	-> Printing at chr: 10 pos:27242219 chunknumber 26100
	-> Printing at chr: 10 pos:27382536 chunknumber 26200
	-> Printing at chr: 10 pos:27591389 chunknumber 26300
	-> Printing at chr: 10 pos:27692100 chunknumber 26400
	-> Printing at chr: 10 pos:27735517 chunknumber 26500
	-> Printing at chr: 10 pos:27847944 chunknumber 26600
	-> Printing at chr: 10 pos:27981022 chunknumber 26700
	-> Printing at chr: 10 pos:28113700 chunknumber 26800
	-> Printing at chr: 10 pos:28243469 chunknumber 26900
	-> Printing at chr: 10 pos:28467972 chunknumber 27000
	-> Printing at chr: 10 pos:28516289 chunknumber 27100
	-> Printing at chr: 10 pos:28564158 chunknumber 27200
	-> Printing at chr: 10 pos:28591196 chunknumber 27300
	-> Printing at chr: 10 pos:28646922 chunknumber 27400
	-> Printing at chr: 10 pos:28666941 chunknumber 27500
	-> Printing at chr: 10 pos:28717424 chunknumber 27600
	-> Printing at chr: 10 pos:28760797 chunknumber 27700
	-> Printing at chr: 10 pos:28795557 chunknumber 27800
	-> Printing at chr: 10 pos:28845996 chunknumber 27900
	-> Printing at chr: 10 pos:28875531 chunknumber 28000
	-> Printing at chr: 10 pos:28912104 chunknumber 28100
	-> Printing at chr: 10 pos:28971409 chunknumber 28200
	-> Printing at chr: 10 pos:29009656 chunknumber 28300
	-> Printing at chr: 10 pos:29051802 chunknumber 28400
	-> Printing at chr: 10 pos:29082387 chunknumber 28500
	-> Printing at chr: 10 pos:29141285 chunknumber 28600
	-> Printing at chr: 10 pos:29164498 chunknumber 28700
	-> Printing at chr: 10 pos:29190421 chunknumber 28800
	-> Printing at chr: 10 pos:29241468 chunknumber 28900
	-> Printing at chr: 10 pos:29288087 chunknumber 29000
	-> Printing at chr: 10 pos:29311521 chunknumber 29100
	-> Printing at chr: 10 pos:29465803 chunknumber 29200
	-> Printing at chr: 10 pos:29570874 chunknumber 29300
	-> Printing at chr: 10 pos:29687938 chunknumber 29400
	-> Printing at chr: 10 pos:29817070 chunknumber 29500
	-> Printing at chr: 10 pos:29972315 chunknumber 29600
	-> Printing at chr: 10 pos:30014126 chunknumber 29700
	-> Printing at chr: 10 pos:30096006 chunknumber 29800
	-> Printing at chr: 10 pos:30268696 chunknumber 29900
	-> Printing at chr: 10 pos:30365376 chunknumber 30000
	-> Printing at chr: 10 pos:30400933 chunknumber 30100
	-> Printing at chr: 10 pos:30464899 chunknumber 30200
	-> Printing at chr: 10 pos:30501201 chunknumber 30300
	-> Printing at chr: 10 pos:30520105 chunknumber 30400
	-> Printing at chr: 10 pos:30552674 chunknumber 30500
	-> Printing at chr: 10 pos:30578479 chunknumber 30600
	-> Printing at chr: 10 pos:30600645 chunknumber 30700
	-> Printing at chr: 10 pos:30642691 chunknumber 30800
	-> Printing at chr: 10 pos:30692430 chunknumber 30900
	-> Printing at chr: 10 pos:30744414 chunknumber 31000
	-> Printing at chr: 10 pos:30782372 chunknumber 31100
	-> Printing at chr: 10 pos:30819359 chunknumber 31200
	-> Printing at chr: 10 pos:30858659 chunknumber 31300
	-> Printing at chr: 10 pos:31002466 chunknumber 31400
	-> Printing at chr: 10 pos:31110891 chunknumber 31500
	-> Printing at chr: 10 pos:31266380 chunknumber 31600
	-> Printing at chr: 10 pos:31308856 chunknumber 31700
	-> Printing at chr: 10 pos:31359121 chunknumber 31800
	-> Printing at chr: 10 pos:31424641 chunknumber 31900
	-> Printing at chr: 10 pos:31527943 chunknumber 32000
	-> Printing at chr: 10 pos:31626044 chunknumber 32100
	-> Printing at chr: 10 pos:31711741 chunknumber 32200
	-> Printing at chr: 10 pos:31818852 chunknumber 32300
	-> Printing at chr: 10 pos:31972496 chunknumber 32400
	-> Printing at chr: 10 pos:32023104 chunknumber 32500
	-> Printing at chr: 10 pos:32055533 chunknumber 32600
	-> Printing at chr: 10 pos:32090019 chunknumber 32700
	-> Printing at chr: 10 pos:32109807 chunknumber 32800
	-> Printing at chr: 10 pos:32141708 chunknumber 32900
	-> Printing at chr: 10 pos:32165559 chunknumber 33000
	-> Printing at chr: 10 pos:32218616 chunknumber 33100
	-> Printing at chr: 10 pos:32324725 chunknumber 33200
	-> Printing at chr: 10 pos:32444659 chunknumber 33300
	-> Printing at chr: 10 pos:32485703 chunknumber 33400
	-> Printing at chr: 10 pos:32526997 chunknumber 33500
	-> Printing at chr: 10 pos:32589218 chunknumber 33600
	-> Printing at chr: 10 pos:32667590 chunknumber 33700
	-> Printing at chr: 10 pos:32745310 chunknumber 33800
	-> Printing at chr: 10 pos:32808834 chunknumber 33900
	-> Printing at chr: 10 pos:32900634 chunknumber 34000
	-> Printing at chr: 10 pos:33054747 chunknumber 34100
	-> Printing at chr: 10 pos:33124493 chunknumber 34200
	-> Printing at chr: 10 pos:33192558 chunknumber 34300
	-> Printing at chr: 10 pos:33271828 chunknumber 34400
	-> Printing at chr: 10 pos:33418790 chunknumber 34500
	-> Printing at chr: 10 pos:33531437 chunknumber 34600
	-> Printing at chr: 10 pos:33644076 chunknumber 34700
	-> Printing at chr: 10 pos:33732955 chunknumber 34800
	-> Printing at chr: 10 pos:33826445 chunknumber 34900
	-> Printing at chr: 10 pos:33943018 chunknumber 35000
	-> Printing at chr: 10 pos:34116258 chunknumber 35100
	-> Printing at chr: 10 pos:34177669 chunknumber 35200
	-> Printing at chr: 10 pos:34229711 chunknumber 35300
	-> Printing at chr: 10 pos:34321430 chunknumber 35400
	-> Printing at chr: 10 pos:34383789 chunknumber 35500
	-> Printing at chr: 10 pos:34423176 chunknumber 35600
	-> Printing at chr: 10 pos:34457092 chunknumber 35700
	-> Printing at chr: 10 pos:34497816 chunknumber 35800
	-> Printing at chr: 10 pos:34541586 chunknumber 35900
	-> Printing at chr: 10 pos:34575427 chunknumber 36000
	-> Printing at chr: 10 pos:34608083 chunknumber 36100
	-> Printing at chr: 10 pos:34682458 chunknumber 36200
	-> Printing at chr: 10 pos:34723442 chunknumber 36300
	-> Printing at chr: 10 pos:34797077 chunknumber 36400
	-> Printing at chr: 10 pos:34841021 chunknumber 36500
	-> Printing at chr: 10 pos:35027923 chunknumber 36600
	-> Printing at chr: 10 pos:35045400 chunknumber 36700
	-> Printing at chr: 10 pos:35130262 chunknumber 36800
	-> Printing at chr: 10 pos:35161104 chunknumber 36900
	-> Printing at chr: 10 pos:35191700 chunknumber 37000
	-> Printing at chr: 10 pos:35431780 chunknumber 37100
	-> Printing at chr: 10 pos:35479635 chunknumber 37200
	-> Printing at chr: 10 pos:35507775 chunknumber 37300
	-> Printing at chr: 10 pos:35568193 chunknumber 37400
	-> Printing at chr: 10 pos:35638777 chunknumber 37500
	-> Printing at chr: 10 pos:35701087 chunknumber 37600
	-> Printing at chr: 10 pos:35890791 chunknumber 37700
	-> Printing at chr: 10 pos:35941963 chunknumber 37800
	-> Printing at chr: 10 pos:35977078 chunknumber 37900
	-> Printing at chr: 10 pos:36121121 chunknumber 38000
	-> Printing at chr: 10 pos:36273474 chunknumber 38100
	-> Printing at chr: 10 pos:36294452 chunknumber 38200
	-> Printing at chr: 10 pos:36322059 chunknumber 38300
	-> Printing at chr: 10 pos:36361951 chunknumber 38400
	-> Printing at chr: 10 pos:36506222 chunknumber 38500
	-> Printing at chr: 10 pos:36636375 chunknumber 38600
	-> Printing at chr: 10 pos:36816505 chunknumber 38700
	-> Printing at chr: 10 pos:36854049 chunknumber 38800
	-> Printing at chr: 10 pos:36896221 chunknumber 38900
	-> Printing at chr: 10 pos:36939927 chunknumber 39000
	-> Printing at chr: 10 pos:36986696 chunknumber 39100
	-> Printing at chr: 10 pos:37019314 chunknumber 39200
	-> Printing at chr: 10 pos:37046345 chunknumber 39300
	-> Printing at chr: 10 pos:37071892 chunknumber 39400
	-> Printing at chr: 10 pos:37094491 chunknumber 39500
	-> Printing at chr: 10 pos:37161049 chunknumber 39600
	-> Printing at chr: 10 pos:37212402 chunknumber 39700
	-> Printing at chr: 10 pos:37264695 chunknumber 39800
	-> Printing at chr: 10 pos:37298719 chunknumber 39900
	-> Printing at chr: 10 pos:37332811 chunknumber 40000
	-> Printing at chr: 10 pos:37387649 chunknumber 40100
	-> Printing at chr: 10 pos:37433264 chunknumber 40200
	-> Printing at chr: 10 pos:37628349 chunknumber 40300
	-> Printing at chr: 10 pos:37825308 chunknumber 40400
	-> Printing at chr: 10 pos:37858290 chunknumber 40500
	-> Printing at chr: 10 pos:37902901 chunknumber 40600
	-> Printing at chr: 10 pos:38004121 chunknumber 40700
	-> Printing at chr: 10 pos:38030345 chunknumber 40800
	-> Printing at chr: 10 pos:38066584 chunknumber 40900
	-> Printing at chr: 10 pos:38167931 chunknumber 41000
	-> Printing at chr: 10 pos:38226783 chunknumber 41100
	-> Printing at chr: 10 pos:38310999 chunknumber 41200
	-> Printing at chr: 10 pos:38357847 chunknumber 41300
	-> Printing at chr: 10 pos:38399990 chunknumber 41400
	-> Printing at chr: 10 pos:38463724 chunknumber 41500
	-> Printing at chr: 10 pos:38608111 chunknumber 41600
	-> Printing at chr: 10 pos:38629340 chunknumber 41700
	-> Printing at chr: 10 pos:38667655 chunknumber 41800
	-> Printing at chr: 10 pos:38706749 chunknumber 41900
	-> Printing at chr: 10 pos:38781383 chunknumber 42000
	-> Printing at chr: 10 pos:38839501 chunknumber 42100
	-> Printing at chr: 10 pos:38882857 chunknumber 42200
	-> Printing at chr: 10 pos:38942376 chunknumber 42300
	-> Printing at chr: 10 pos:38979045 chunknumber 42400
	-> Printing at chr: 10 pos:39139602 chunknumber 42500
	-> Printing at chr: 10 pos:39172743 chunknumber 42600
	-> Printing at chr: 10 pos:39281919 chunknumber 42700
	-> Printing at chr: 10 pos:39450873 chunknumber 42800
	-> Printing at chr: 10 pos:39550416 chunknumber 42900
	-> Printing at chr: 10 pos:39611014 chunknumber 43000
	-> Printing at chr: 10 pos:39642558 chunknumber 43100
	-> Printing at chr: 10 pos:39780111 chunknumber 43200
	-> Printing at chr: 10 pos:39944465 chunknumber 43300
	-> Printing at chr: 10 pos:40119855 chunknumber 43400
	-> Printing at chr: 10 pos:40217294 chunknumber 43500
	-> Printing at chr: 10 pos:40244844 chunknumber 43600
	-> Printing at chr: 10 pos:40283993 chunknumber 43700
	-> Printing at chr: 10 pos:40312422 chunknumber 43800
	-> Printing at chr: 10 pos:40362445 chunknumber 43900
	-> Printing at chr: 10 pos:40510363 chunknumber 44000
	-> Printing at chr: 10 pos:40670276 chunknumber 44100
	-> Printing at chr: 10 pos:40808762 chunknumber 44200
	-> Printing at chr: 10 pos:40921481 chunknumber 44300
	-> Printing at chr: 10 pos:40984369 chunknumber 44400
	-> Printing at chr: 10 pos:41053401 chunknumber 44500
	-> Printing at chr: 10 pos:41090597 chunknumber 44600
	-> Printing at chr: 10 pos:41173940 chunknumber 44700
	-> Printing at chr: 10 pos:41198631 chunknumber 44800
	-> Printing at chr: 10 pos:41222453 chunknumber 44900
	-> Printing at chr: 10 pos:41254132 chunknumber 45000
	-> Printing at chr: 10 pos:41296241 chunknumber 45100
	-> Printing at chr: 10 pos:41360310 chunknumber 45200
	-> Printing at chr: 10 pos:41404849 chunknumber 45300
	-> Printing at chr: 10 pos:41431240 chunknumber 45400
	-> Printing at chr: 10 pos:41465223 chunknumber 45500
	-> Printing at chr: 10 pos:41518563 chunknumber 45600
	-> Printing at chr: 10 pos:41546428 chunknumber 45700
	-> Printing at chr: 10 pos:41571507 chunknumber 45800
	-> Printing at chr: 10 pos:41638889 chunknumber 45900
	-> Printing at chr: 10 pos:41664604 chunknumber 46000
	-> Printing at chr: 10 pos:41687653 chunknumber 46100
	-> Printing at chr: 10 pos:41731035 chunknumber 46200
	-> Printing at chr: 10 pos:41759739 chunknumber 46300
	-> Printing at chr: 10 pos:41796054 chunknumber 46400
	-> Printing at chr: 10 pos:41853285 chunknumber 46500
	-> Printing at chr: 10 pos:41890653 chunknumber 46600
	-> Printing at chr: 10 pos:41922229 chunknumber 46700
	-> Printing at chr: 10 pos:41962130 chunknumber 46800
	-> Printing at chr: 10 pos:42004993 chunknumber 46900
	-> Printing at chr: 10 pos:42081667 chunknumber 47000
	-> Printing at chr: 10 pos:42136785 chunknumber 47100
	-> Printing at chr: 10 pos:42160372 chunknumber 47200
	-> Printing at chr: 10 pos:42193549 chunknumber 47300
	-> Printing at chr: 10 pos:42233681 chunknumber 47400
	-> Printing at chr: 10 pos:42276739 chunknumber 47500
	-> Printing at chr: 10 pos:42300989 chunknumber 47600
	-> Printing at chr: 10 pos:42326249 chunknumber 47700
	-> Printing at chr: 10 pos:42393956 chunknumber 47800
	-> Printing at chr: 10 pos:42428668 chunknumber 47900
	-> Printing at chr: 10 pos:42453287 chunknumber 48000
	-> Printing at chr: 10 pos:42495199 chunknumber 48100
	-> Printing at chr: 10 pos:42530418 chunknumber 48200
	-> Printing at chr: 10 pos:42574949 chunknumber 48300
	-> Printing at chr: 10 pos:42594453 chunknumber 48400
	-> Printing at chr: 10 pos:42642253 chunknumber 48500
	-> Printing at chr: 10 pos:42673809 chunknumber 48600
	-> Printing at chr: 10 pos:42709736 chunknumber 48700
	-> Printing at chr: 10 pos:42750396 chunknumber 48800
	-> Printing at chr: 10 pos:42775401 chunknumber 48900
	-> Printing at chr: 10 pos:42813826 chunknumber 49000
	-> Printing at chr: 10 pos:42858326 chunknumber 49100
	-> Printing at chr: 10 pos:42910978 chunknumber 49200
	-> Printing at chr: 10 pos:42955175 chunknumber 49300
	-> Printing at chr: 10 pos:42996181 chunknumber 49400
	-> Printing at chr: 10 pos:43020883 chunknumber 49500
	-> Printing at chr: 10 pos:43045803 chunknumber 49600
	-> Printing at chr: 10 pos:43078535 chunknumber 49700
	-> Printing at chr: 10 pos:43117083 chunknumber 49800
	-> Printing at chr: 10 pos:43154488 chunknumber 49900
	-> Printing at chr: 10 pos:43200682 chunknumber 50000
	-> Printing at chr: 10 pos:43235028 chunknumber 50100
	-> Printing at chr: 10 pos:43264140 chunknumber 50200
	-> Printing at chr: 10 pos:43315882 chunknumber 50300
	-> Printing at chr: 10 pos:43336645 chunknumber 50400
	-> Printing at chr: 10 pos:43372250 chunknumber 50500
	-> Printing at chr: 10 pos:43414828 chunknumber 50600
	-> Printing at chr: 10 pos:43449130 chunknumber 50700
	-> Printing at chr: 10 pos:43475894 chunknumber 50800
	-> Printing at chr: 10 pos:43509299 chunknumber 50900
	-> Printing at chr: 10 pos:43575476 chunknumber 51000
	-> Printing at chr: 10 pos:43598760 chunknumber 51100
	-> Printing at chr: 10 pos:43635687 chunknumber 51200
	-> Printing at chr: 10 pos:43657616 chunknumber 51300
	-> Printing at chr: 10 pos:43702524 chunknumber 51400
	-> Printing at chr: 10 pos:43734719 chunknumber 51500
	-> Printing at chr: 10 pos:43757570 chunknumber 51600
	-> Printing at chr: 10 pos:43780718 chunknumber 51700
	-> Printing at chr: 10 pos:43803510 chunknumber 51800
	-> Printing at chr: 10 pos:43838301 chunknumber 51900
	-> Printing at chr: 10 pos:43869236 chunknumber 52000
	-> Printing at chr: 10 pos:43946643 chunknumber 52100
	-> Printing at chr: 10 pos:43976880 chunknumber 52200
	-> Printing at chr: 10 pos:44011184 chunknumber 52300
	-> Printing at chr: 10 pos:44040317 chunknumber 52400
	-> Printing at chr: 10 pos:44123425 chunknumber 52500
	-> Printing at chr: 10 pos:44335686 chunknumber 52600
	-> Printing at chr: 10 pos:44372252 chunknumber 52700
	-> Printing at chr: 10 pos:44429292 chunknumber 52800
	-> Printing at chr: 10 pos:44473469 chunknumber 52900
	-> Printing at chr: 10 pos:44497513 chunknumber 53000
	-> Printing at chr: 10 pos:44524259 chunknumber 53100
	-> Printing at chr: 10 pos:44579051 chunknumber 53200
	-> Printing at chr: 10 pos:44619815 chunknumber 53300
	-> Printing at chr: 10 pos:44641384 chunknumber 53400
	-> Printing at chr: 10 pos:44662649 chunknumber 53500
	-> Printing at chr: 10 pos:44720067 chunknumber 53600
	-> Printing at chr: 10 pos:44765643 chunknumber 53700
	-> Printing at chr: 10 pos:44825071 chunknumber 53800
	-> Printing at chr: 10 pos:44847852 chunknumber 53900
	-> Printing at chr: 10 pos:44920058 chunknumber 54000
	-> Printing at chr: 10 pos:44947361 chunknumber 54100
	-> Printing at chr: 10 pos:44995413 chunknumber 54200
	-> Printing at chr: 10 pos:45025582 chunknumber 54300
	-> Printing at chr: 10 pos:45077414 chunknumber 54400
	-> Printing at chr: 10 pos:45103986 chunknumber 54500
	-> Printing at chr: 10 pos:45155294 chunknumber 54600
	-> Printing at chr: 10 pos:45179306 chunknumber 54700
	-> Printing at chr: 10 pos:45223765 chunknumber 54800
	-> Printing at chr: 10 pos:45274984 chunknumber 54900
	-> Printing at chr: 10 pos:45321297 chunknumber 55000
	-> Printing at chr: 10 pos:45352408 chunknumber 55100
	-> Printing at chr: 10 pos:45380821 chunknumber 55200
	-> Printing at chr: 10 pos:45409852 chunknumber 55300
	-> Printing at chr: 10 pos:45444449 chunknumber 55400
	-> Printing at chr: 10 pos:45472154 chunknumber 55500
	-> Printing at chr: 10 pos:45549093 chunknumber 55600
	-> Printing at chr: 10 pos:45719057 chunknumber 55700
	-> Printing at chr: 10 pos:45774131 chunknumber 55800
	-> Printing at chr: 10 pos:45803284 chunknumber 55900
	-> Printing at chr: 10 pos:45841476 chunknumber 56000
	-> Printing at chr: 10 pos:45866696 chunknumber 56100
	-> Printing at chr: 10 pos:45889337 chunknumber 56200
	-> Printing at chr: 10 pos:45940527 chunknumber 56300
	-> Printing at chr: 10 pos:45973457 chunknumber 56400
	-> Printing at chr: 10 pos:45998146 chunknumber 56500
	-> Printing at chr: 10 pos:46036363 chunknumber 56600
	-> Printing at chr: 10 pos:46101512 chunknumber 56700
	-> Printing at chr: 10 pos:46130708 chunknumber 56800
	-> Printing at chr: 10 pos:46155650 chunknumber 56900
	-> Printing at chr: 10 pos:46192307 chunknumber 57000
	-> Printing at chr: 10 pos:46238068 chunknumber 57100
	-> Printing at chr: 10 pos:46261154 chunknumber 57200
	-> Printing at chr: 10 pos:46340932 chunknumber 57300
	-> Printing at chr: 10 pos:46357756 chunknumber 57400
	-> Printing at chr: 10 pos:46380812 chunknumber 57500
	-> Printing at chr: 10 pos:46410114 chunknumber 57600
	-> Printing at chr: 10 pos:46442816 chunknumber 57700
	-> Printing at chr: 10 pos:46486753 chunknumber 57800
	-> Printing at chr: 10 pos:46560470 chunknumber 57900
	-> Printing at chr: 10 pos:46632682 chunknumber 58000
	-> Printing at chr: 10 pos:46663610 chunknumber 58100
	-> Printing at chr: 10 pos:46692754 chunknumber 58200
	-> Printing at chr: 10 pos:46731172 chunknumber 58300
	-> Printing at chr: 10 pos:46764331 chunknumber 58400
	-> Printing at chr: 10 pos:46802863 chunknumber 58500
	-> Printing at chr: 10 pos:46831838 chunknumber 58600
	-> Printing at chr: 10 pos:46877051 chunknumber 58700
	-> Printing at chr: 10 pos:46909071 chunknumber 58800
	-> Printing at chr: 10 pos:46939400 chunknumber 58900
	-> Printing at chr: 10 pos:46988003 chunknumber 59000
	-> Printing at chr: 10 pos:47013084 chunknumber 59100
	-> Printing at chr: 10 pos:47034178 chunknumber 59200
	-> Printing at chr: 10 pos:47054026 chunknumber 59300
	-> Printing at chr: 10 pos:47128232 chunknumber 59400
	-> Printing at chr: 10 pos:47163824 chunknumber 59500
	-> Printing at chr: 10 pos:47189759 chunknumber 59600
	-> Printing at chr: 10 pos:47209941 chunknumber 59700
	-> Printing at chr: 10 pos:47273390 chunknumber 59800
	-> Printing at chr: 10 pos:47304652 chunknumber 59900
	-> Printing at chr: 10 pos:47362964 chunknumber 60000
	-> Printing at chr: 10 pos:47392797 chunknumber 60100
	-> Printing at chr: 10 pos:47447534 chunknumber 60200
	-> Printing at chr: 10 pos:47522135 chunknumber 60300
	-> Printing at chr: 10 pos:47555486 chunknumber 60400
	-> Printing at chr: 10 pos:47577990 chunknumber 60500
	-> Printing at chr: 10 pos:47599728 chunknumber 60600
	-> Printing at chr: 10 pos:47630209 chunknumber 60700
	-> Printing at chr: 10 pos:47658352 chunknumber 60800
	-> Printing at chr: 10 pos:47683695 chunknumber 60900
	-> Printing at chr: 10 pos:47706577 chunknumber 61000
	-> Printing at chr: 10 pos:47741582 chunknumber 61100
	-> Printing at chr: 10 pos:47815274 chunknumber 61200
	-> Printing at chr: 10 pos:47871215 chunknumber 61300
	-> Printing at chr: 10 pos:47896098 chunknumber 61400
	-> Printing at chr: 10 pos:47952161 chunknumber 61500
	-> Printing at chr: 10 pos:48056398 chunknumber 61600
	-> Printing at chr: 10 pos:48093319 chunknumber 61700
	-> Printing at chr: 10 pos:48132980 chunknumber 61800
	-> Printing at chr: 10 pos:48174883 chunknumber 61900
	-> Printing at chr: 10 pos:48212631 chunknumber 62000
	-> Printing at chr: 10 pos:48239642 chunknumber 62100
	-> Printing at chr: 10 pos:48271663 chunknumber 62200
	-> Printing at chr: 10 pos:48294499 chunknumber 62300
	-> Printing at chr: 10 pos:48317759 chunknumber 62400
	-> Printing at chr: 10 pos:48348983 chunknumber 62500
	-> Printing at chr: 10 pos:48403050 chunknumber 62600
	-> Printing at chr: 10 pos:48519139 chunknumber 62700
	-> Printing at chr: 10 pos:48551673 chunknumber 62800
	-> Printing at chr: 10 pos:48597380 chunknumber 62900
	-> Printing at chr: 10 pos:48667864 chunknumber 63000
	-> Printing at chr: 10 pos:48722454 chunknumber 63100
	-> Printing at chr: 10 pos:48779071 chunknumber 63200
	-> Printing at chr: 10 pos:48883131 chunknumber 63300
	-> Printing at chr: 10 pos:48982577 chunknumber 63400
	-> Printing at chr: 10 pos:49033543 chunknumber 63500
	-> Printing at chr: 10 pos:49080638 chunknumber 63600
	-> Printing at chr: 10 pos:49147760 chunknumber 63700
	-> Printing at chr: 10 pos:49198685 chunknumber 63800
	-> Printing at chr: 10 pos:49247615 chunknumber 63900
	-> Printing at chr: 10 pos:49295724 chunknumber 64000
	-> Printing at chr: 10 pos:49373620 chunknumber 64100
	-> Printing at chr: 10 pos:49418384 chunknumber 64200
	-> Printing at chr: 10 pos:49482176 chunknumber 64300
	-> Printing at chr: 10 pos:49534101 chunknumber 64400
	-> Printing at chr: 10 pos:49572105 chunknumber 64500
	-> Printing at chr: 10 pos:49603087 chunknumber 64600
	-> Printing at chr: 10 pos:49648623 chunknumber 64700
	-> Printing at chr: 10 pos:49674595 chunknumber 64800
	-> Printing at chr: 10 pos:49714805 chunknumber 64900
	-> Printing at chr: 10 pos:49740268 chunknumber 65000
	-> Printing at chr: 10 pos:49780729 chunknumber 65100
	-> Printing at chr: 10 pos:49847613 chunknumber 65200
	-> Printing at chr: 10 pos:49899367 chunknumber 65300
	-> Printing at chr: 10 pos:49980516 chunknumber 65400
	-> Printing at chr: 10 pos:50021293 chunknumber 65500
	-> Printing at chr: 10 pos:50056890 chunknumber 65600
	-> Printing at chr: 10 pos:50117285 chunknumber 65700
	-> Printing at chr: 10 pos:50227637 chunknumber 65800
	-> Printing at chr: 10 pos:50280299 chunknumber 65900
	-> Printing at chr: 10 pos:50303250 chunknumber 66000
	-> Printing at chr: 10 pos:50355131 chunknumber 66100
	-> Printing at chr: 10 pos:50407739 chunknumber 66200
	-> Printing at chr: 10 pos:50446730 chunknumber 66300
	-> Printing at chr: 10 pos:50499690 chunknumber 66400
	-> Printing at chr: 10 pos:50546817 chunknumber 66500
	-> Printing at chr: 10 pos:50583161 chunknumber 66600
	-> Printing at chr: 10 pos:50633705 chunknumber 66700
	-> Printing at chr: 10 pos:50692228 chunknumber 66800
	-> Printing at chr: 10 pos:50749027 chunknumber 66900
	-> Printing at chr: 10 pos:50793060 chunknumber 67000
	-> Printing at chr: 10 pos:50837841 chunknumber 67100
	-> Printing at chr: 10 pos:50872723 chunknumber 67200
	-> Printing at chr: 10 pos:50895707 chunknumber 67300
	-> Printing at chr: 10 pos:50915489 chunknumber 67400
	-> Printing at chr: 10 pos:50947049 chunknumber 67500
	-> Printing at chr: 10 pos:50974611 chunknumber 67600
	-> Printing at chr: 10 pos:51033092 chunknumber 67700
	-> Printing at chr: 10 pos:51070614 chunknumber 67800
	-> Printing at chr: 10 pos:51104804 chunknumber 67900
	-> Printing at chr: 10 pos:51132722 chunknumber 68000
	-> Printing at chr: 10 pos:51240526 chunknumber 68100
	-> Printing at chr: 10 pos:51326232 chunknumber 68200
	-> Printing at chr: 10 pos:51390935 chunknumber 68300
	-> Printing at chr: 10 pos:51441322 chunknumber 68400
	-> Printing at chr: 10 pos:51648955 chunknumber 68500
	-> Printing at chr: 10 pos:51691388 chunknumber 68600
	-> Printing at chr: 10 pos:51724097 chunknumber 68700
	-> Printing at chr: 10 pos:51800843 chunknumber 68800
	-> Printing at chr: 10 pos:51915965 chunknumber 68900
	-> Printing at chr: 10 pos:51972113 chunknumber 69000
	-> Printing at chr: 10 pos:52023009 chunknumber 69100
	-> Printing at chr: 10 pos:52084063 chunknumber 69200
	-> Printing at chr: 10 pos:52112992 chunknumber 69300
	-> Printing at chr: 10 pos:52137766 chunknumber 69400
	-> Printing at chr: 10 pos:52200186 chunknumber 69500
	-> Printing at chr: 10 pos:52220014 chunknumber 69600
	-> Printing at chr: 10 pos:52306893 chunknumber 69700
	-> Printing at chr: 10 pos:52348465 chunknumber 69800
	-> Printing at chr: 10 pos:52388763 chunknumber 69900
	-> Printing at chr: 10 pos:52517721 chunknumber 70000
	-> Printing at chr: 10 pos:52539381 chunknumber 70100
	-> Printing at chr: 10 pos:52579928 chunknumber 70200
	-> Printing at chr: 10 pos:52599492 chunknumber 70300
	-> Printing at chr: 10 pos:52619422 chunknumber 70400
	-> Printing at chr: 10 pos:52686950 chunknumber 70500
	-> Printing at chr: 10 pos:52720246 chunknumber 70600
	-> Printing at chr: 10 pos:52757459 chunknumber 70700
	-> Printing at chr: 10 pos:52817484 chunknumber 70800
	-> Printing at chr: 10 pos:52894836 chunknumber 70900
	-> Printing at chr: 10 pos:52917905 chunknumber 71000
	-> Printing at chr: 10 pos:52982389 chunknumber 71100
	-> Printing at chr: 10 pos:53039445 chunknumber 71200
	-> Printing at chr: 10 pos:53067591 chunknumber 71300
	-> Printing at chr: 10 pos:53102839 chunknumber 71400
	-> Printing at chr: 10 pos:53172023 chunknumber 71500
	-> Printing at chr: 10 pos:53351400 chunknumber 71600
	-> Printing at chr: 10 pos:53426292 chunknumber 71700
	-> Printing at chr: 10 pos:53467668 chunknumber 71800
	-> Printing at chr: 10 pos:53512777 chunknumber 71900
	-> Printing at chr: 10 pos:53547293 chunknumber 72000
	-> Printing at chr: 10 pos:53578257 chunknumber 72100
	-> Printing at chr: 10 pos:53615158 chunknumber 72200
	-> Printing at chr: 10 pos:53653938 chunknumber 72300
	-> Printing at chr: 10 pos:53706188 chunknumber 72400
	-> Printing at chr: 10 pos:53789461 chunknumber 72500
	-> Printing at chr: 10 pos:53830169 chunknumber 72600
	-> Printing at chr: 10 pos:53919459 chunknumber 72700
	-> Printing at chr: 10 pos:53972471 chunknumber 72800
	-> Printing at chr: 10 pos:54049101 chunknumber 72900
	-> Printing at chr: 10 pos:54100147 chunknumber 73000
	-> Printing at chr: 10 pos:54184437 chunknumber 73100
	-> Printing at chr: 10 pos:54234540 chunknumber 73200
	-> Printing at chr: 10 pos:54330651 chunknumber 73300
	-> Printing at chr: 10 pos:54382163 chunknumber 73400
	-> Printing at chr: 10 pos:54414516 chunknumber 73500
	-> Printing at chr: 10 pos:54436413 chunknumber 73600
	-> Printing at chr: 10 pos:54600434 chunknumber 73700
	-> Printing at chr: 10 pos:54843592 chunknumber 73800
	-> Printing at chr: 10 pos:54985171 chunknumber 73900
	-> Printing at chr: 10 pos:55194769 chunknumber 74000
	-> Printing at chr: 10 pos:55431322 chunknumber 74100
	-> Printing at chr: 10 pos:55528672 chunknumber 74200
	-> Printing at chr: 10 pos:55576257 chunknumber 74300
	-> Printing at chr: 10 pos:55770958 chunknumber 74400
	-> Printing at chr: 10 pos:55798003 chunknumber 74500
	-> Printing at chr: 10 pos:55823194 chunknumber 74600
	-> Printing at chr: 10 pos:55959194 chunknumber 74700
	-> Printing at chr: 10 pos:56072983 chunknumber 74800
	-> Printing at chr: 10 pos:56171523 chunknumber 74900
	-> Printing at chr: 10 pos:56365236 chunknumber 75000
	-> Printing at chr: 10 pos:56634581 chunknumber 75100
	-> Printing at chr: 10 pos:56799378 chunknumber 75200
	-> Printing at chr: 10 pos:56976244 chunknumber 75300
	-> Printing at chr: 10 pos:56995489 chunknumber 75400
	-> Printing at chr: 10 pos:57028997 chunknumber 75500
	-> Printing at chr: 10 pos:57073395 chunknumber 75600
	-> Printing at chr: 10 pos:57121792 chunknumber 75700
	-> Printing at chr: 10 pos:57161223 chunknumber 75800
	-> Printing at chr: 10 pos:57190045 chunknumber 75900
	-> Printing at chr: 10 pos:57217317 chunknumber 76000
	-> Printing at chr: 10 pos:57272789 chunknumber 76100
	-> Printing at chr: 10 pos:57300965 chunknumber 76200
	-> Printing at chr: 10 pos:57355806 chunknumber 76300
	-> Printing at chr: 10 pos:57382767 chunknumber 76400
	-> Printing at chr: 10 pos:57433509 chunknumber 76500
	-> Printing at chr: 10 pos:57482461 chunknumber 76600
	-> Printing at chr: 10 pos:57526712 chunknumber 76700
	-> Printing at chr: 10 pos:57600792 chunknumber 76800
	-> Printing at chr: 10 pos:57630066 chunknumber 76900
	-> Printing at chr: 10 pos:57676128 chunknumber 77000
	-> Printing at chr: 10 pos:57724095 chunknumber 77100
	-> Printing at chr: 10 pos:57750865 chunknumber 77200
	-> Printing at chr: 10 pos:57774579 chunknumber 77300
	-> Printing at chr: 10 pos:57811352 chunknumber 77400
	-> Printing at chr: 10 pos:57847546 chunknumber 77500
	-> Printing at chr: 10 pos:57866777 chunknumber 77600
	-> Printing at chr: 10 pos:57889250 chunknumber 77700
	-> Printing at chr: 10 pos:57923027 chunknumber 77800
	-> Printing at chr: 10 pos:57949513 chunknumber 77900
	-> Printing at chr: 10 pos:57972938 chunknumber 78000
	-> Printing at chr: 10 pos:58031205 chunknumber 78100
	-> Printing at chr: 10 pos:58232688 chunknumber 78200
	-> Printing at chr: 10 pos:58263410 chunknumber 78300
	-> Printing at chr: 10 pos:58415909 chunknumber 78400
	-> Printing at chr: 10 pos:58449070 chunknumber 78500
	-> Printing at chr: 10 pos:58484101 chunknumber 78600
	-> Printing at chr: 10 pos:58528516 chunknumber 78700
	-> Printing at chr: 10 pos:58553456 chunknumber 78800
	-> Printing at chr: 10 pos:58570407 chunknumber 78900
	-> Printing at chr: 10 pos:58601946 chunknumber 79000
	-> Printing at chr: 10 pos:58637719 chunknumber 79100
	-> Printing at chr: 10 pos:58678140 chunknumber 79200
	-> Printing at chr: 10 pos:58730857 chunknumber 79300
	-> Printing at chr: 10 pos:58858368 chunknumber 79400
	-> Printing at chr: 10 pos:59011552 chunknumber 79500
	-> Printing at chr: 10 pos:59051836 chunknumber 79600
	-> Printing at chr: 10 pos:59266391 chunknumber 79700
	-> Printing at chr: 10 pos:59385140 chunknumber 79800
	-> Printing at chr: 10 pos:59508763 chunknumber 79900
	-> Printing at chr: 10 pos:59598133 chunknumber 80000
	-> Printing at chr: 10 pos:59663559 chunknumber 80100
	-> Printing at chr: 10 pos:59733878 chunknumber 80200
	-> Printing at chr: 10 pos:59820615 chunknumber 80300
	-> Printing at chr: 10 pos:59975448 chunknumber 80400
	-> Printing at chr: 10 pos:60072315 chunknumber 80500
	-> Printing at chr: 10 pos:60214093 chunknumber 80600
	-> Printing at chr: 10 pos:60282483 chunknumber 80700
	-> Printing at chr: 10 pos:60347096 chunknumber 80800
	-> Printing at chr: 10 pos:60506692 chunknumber 80900
	-> Printing at chr: 10 pos:60640571 chunknumber 81000
	-> Printing at chr: 10 pos:60729992 chunknumber 81100
	-> Printing at chr: 10 pos:60874294 chunknumber 81200
	-> Printing at chr: 10 pos:60920826 chunknumber 81300
	-> Printing at chr: 10 pos:60960402 chunknumber 81400
	-> Printing at chr: 10 pos:60992594 chunknumber 81500
	-> Printing at chr: 10 pos:61190170 chunknumber 81600
	-> Printing at chr: 10 pos:61409156 chunknumber 81700
	-> Printing at chr: 10 pos:61520874 chunknumber 81800
	-> Printing at chr: 10 pos:61651611 chunknumber 81900
	-> Printing at chr: 10 pos:61743836 chunknumber 82000
	-> Printing at chr: 10 pos:61774124 chunknumber 82100
	-> Printing at chr: 10 pos:61863887 chunknumber 82200
	-> Printing at chr: 10 pos:61892926 chunknumber 82300
	-> Printing at chr: 10 pos:61926238 chunknumber 82400
	-> Printing at chr: 10 pos:61946599 chunknumber 82500
	-> Printing at chr: 10 pos:61966123 chunknumber 82600
	-> Printing at chr: 10 pos:62035841 chunknumber 82700
	-> Printing at chr: 10 pos:62064945 chunknumber 82800
	-> Printing at chr: 10 pos:62126595 chunknumber 82900
	-> Printing at chr: 10 pos:62240200 chunknumber 83000
	-> Printing at chr: 10 pos:62332807 chunknumber 83100
	-> Printing at chr: 10 pos:62368842 chunknumber 83200
	-> Printing at chr: 10 pos:62451481 chunknumber 83300
	-> Printing at chr: 10 pos:62630715 chunknumber 83400
	-> Printing at chr: 10 pos:62674907 chunknumber 83500
	-> Printing at chr: 10 pos:62710819 chunknumber 83600
	-> Printing at chr: 10 pos:62749229 chunknumber 83700
	-> Printing at chr: 10 pos:62795702 chunknumber 83800
	-> Printing at chr: 10 pos:62817659 chunknumber 83900
	-> Printing at chr: 10 pos:62881735 chunknumber 84000
	-> Printing at chr: 10 pos:62959443 chunknumber 84100
	-> Printing at chr: 10 pos:63006397 chunknumber 84200
	-> Printing at chr: 10 pos:63073103 chunknumber 84300
	-> Printing at chr: 10 pos:63118267 chunknumber 84400
	-> Printing at chr: 10 pos:63211657 chunknumber 84500
	-> Printing at chr: 10 pos:63283087 chunknumber 84600
	-> Printing at chr: 10 pos:63329670 chunknumber 84700
	-> Printing at chr: 10 pos:63392764 chunknumber 84800
	-> Printing at chr: 10 pos:63494110 chunknumber 84900
	-> Printing at chr: 10 pos:63554381 chunknumber 85000
	-> Printing at chr: 10 pos:63613967 chunknumber 85100
	-> Printing at chr: 10 pos:63648199 chunknumber 85200
	-> Printing at chr: 10 pos:63701422 chunknumber 85300
	-> Printing at chr: 10 pos:63735170 chunknumber 85400
	-> Printing at chr: 10 pos:63765369 chunknumber 85500
	-> Printing at chr: 10 pos:64213888 chunknumber 85600
	-> Printing at chr: 10 pos:64392628 chunknumber 85700
	-> Printing at chr: 10 pos:64552667 chunknumber 85800
	-> Printing at chr: 10 pos:64588046 chunknumber 85900
	-> Printing at chr: 10 pos:64660305 chunknumber 86000
	-> Printing at chr: 10 pos:64729304 chunknumber 86100
	-> Printing at chr: 10 pos:64897347 chunknumber 86200
	-> Printing at chr: 10 pos:65038043 chunknumber 86300
	-> Printing at chr: 10 pos:65174122 chunknumber 86400
	-> Printing at chr: 10 pos:65298726 chunknumber 86500
	-> Printing at chr: 10 pos:65411559 chunknumber 86600
	-> Printing at chr: 10 pos:65534910 chunknumber 86700
	-> Printing at chr: 10 pos:65596378 chunknumber 86800
	-> Printing at chr: 10 pos:65619729 chunknumber 86900
	-> Printing at chr: 10 pos:65684779 chunknumber 87000
	-> Printing at chr: 10 pos:65772564 chunknumber 87100
	-> Printing at chr: 10 pos:65822853 chunknumber 87200
	-> Printing at chr: 10 pos:65850267 chunknumber 87300
	-> Printing at chr: 10 pos:65897868 chunknumber 87400
	-> Printing at chr: 10 pos:65946845 chunknumber 87500
	-> Printing at chr: 10 pos:65971294 chunknumber 87600
	-> Printing at chr: 10 pos:66012302 chunknumber 87700
	-> Printing at chr: 10 pos:66063525 chunknumber 87800
	-> Printing at chr: 10 pos:66092796 chunknumber 87900
	-> Printing at chr: 10 pos:66132013 chunknumber 88000
	-> Printing at chr: 10 pos:66214477 chunknumber 88100
	-> Printing at chr: 10 pos:66366727 chunknumber 88200
