Module BUILD 1.6 Loaded.
Module slurm/2.6.2 loaded 
Module angsd/570 loaded 
	-> Reading fasta: DATA/TRIP/TRIP.fa.gz
	-> Reading fasta: /group/jrigrp3/bottleneckProject/genomes/Zea_mays.AGPv3.22.dna.genome.fa
	->(Using Filipe modification of: abcSaf.cpp)
	-> Parsing 23 number of samples 
	-> Printing at chr: 10 pos:179900 chunknumber 100
	-> Printing at chr: 10 pos:468184 chunknumber 200
	-> Printing at chr: 10 pos:960442 chunknumber 300
	-> Printing at chr: 10 pos:1391194 chunknumber 400
	-> Printing at chr: 10 pos:1780340 chunknumber 500
	-> Printing at chr: 10 pos:2491005 chunknumber 600
	-> Printing at chr: 10 pos:3131993 chunknumber 700
	-> Printing at chr: 10 pos:3842727 chunknumber 800
	-> Printing at chr: 10 pos:4416276 chunknumber 900
	-> Printing at chr: 10 pos:4982367 chunknumber 1000
	-> Printing at chr: 10 pos:5420373 chunknumber 1100
	-> Printing at chr: 10 pos:6064095 chunknumber 1200
	-> Printing at chr: 10 pos:6466196 chunknumber 1300
	-> Printing at chr: 10 pos:6935296 chunknumber 1400
	-> Printing at chr: 10 pos:7208110 chunknumber 1500
	-> Printing at chr: 10 pos:7741497 chunknumber 1600
	-> Printing at chr: 10 pos:8110003 chunknumber 1700
	-> Printing at chr: 10 pos:8273086 chunknumber 1800
	-> Printing at chr: 10 pos:9060488 chunknumber 1900
	-> Printing at chr: 10 pos:9471258 chunknumber 2000
	-> Printing at chr: 10 pos:10094849 chunknumber 2100
	-> Printing at chr: 10 pos:10540347 chunknumber 2200
	-> Printing at chr: 10 pos:10917483 chunknumber 2300
	-> Printing at chr: 10 pos:11035102 chunknumber 2400
	-> Printing at chr: 10 pos:11269045 chunknumber 2500
	-> Printing at chr: 10 pos:11716017 chunknumber 2600
	-> Printing at chr: 10 pos:12337603 chunknumber 2700
	-> Printing at chr: 10 pos:12731801 chunknumber 2800
	-> Printing at chr: 10 pos:13058807 chunknumber 2900
	-> Printing at chr: 10 pos:13329865 chunknumber 3000
	-> Printing at chr: 10 pos:13781000 chunknumber 3100
	-> Printing at chr: 10 pos:13930448 chunknumber 3200
	-> Printing at chr: 10 pos:14642712 chunknumber 3300
	-> Printing at chr: 10 pos:14903208 chunknumber 3400
	-> Printing at chr: 10 pos:15341300 chunknumber 3500
	-> Printing at chr: 10 pos:15698964 chunknumber 3600
	-> Printing at chr: 10 pos:16264260 chunknumber 3700
	-> Printing at chr: 10 pos:16425007 chunknumber 3800
	-> Printing at chr: 10 pos:16652717 chunknumber 3900
	-> Printing at chr: 10 pos:16778196 chunknumber 4000
	-> Printing at chr: 10 pos:16989629 chunknumber 4100
	-> Printing at chr: 10 pos:17202239 chunknumber 4200
	-> Printing at chr: 10 pos:17344096 chunknumber 4300
	-> Printing at chr: 10 pos:17516878 chunknumber 4400
	-> Printing at chr: 10 pos:17911481 chunknumber 4500
	-> Printing at chr: 10 pos:18104983 chunknumber 4600
	-> Printing at chr: 10 pos:18279112 chunknumber 4700
	-> Printing at chr: 10 pos:18595087 chunknumber 4800
	-> Printing at chr: 10 pos:18984096 chunknumber 4900
	-> Printing at chr: 10 pos:19474020 chunknumber 5000
	-> Printing at chr: 10 pos:19756519 chunknumber 5100
	-> Printing at chr: 10 pos:19968550 chunknumber 5200
	-> Printing at chr: 10 pos:20324535 chunknumber 5300
	-> Printing at chr: 10 pos:20870496 chunknumber 5400
	-> Printing at chr: 10 pos:21170677 chunknumber 5500
	-> Printing at chr: 10 pos:21640615 chunknumber 5600
	-> Printing at chr: 10 pos:22159242 chunknumber 5700
	-> Printing at chr: 10 pos:22408288 chunknumber 5800
	-> Printing at chr: 10 pos:22832239 chunknumber 5900
	-> Printing at chr: 10 pos:23071501 chunknumber 6000
	-> Printing at chr: 10 pos:23883523 chunknumber 6100
	-> Printing at chr: 10 pos:24098335 chunknumber 6200
	-> Printing at chr: 10 pos:24398540 chunknumber 6300
	-> Printing at chr: 10 pos:24727226 chunknumber 6400
	-> Printing at chr: 10 pos:24871351 chunknumber 6500
	-> Printing at chr: 10 pos:25049658 chunknumber 6600
	-> Printing at chr: 10 pos:25226639 chunknumber 6700
	-> Printing at chr: 10 pos:25946593 chunknumber 6800
	-> Printing at chr: 10 pos:26584758 chunknumber 6900
	-> Printing at chr: 10 pos:26921661 chunknumber 7000
	-> Printing at chr: 10 pos:27650579 chunknumber 7100
	-> Printing at chr: 10 pos:27801799 chunknumber 7200
	-> Printing at chr: 10 pos:28241610 chunknumber 7300
	-> Printing at chr: 10 pos:28640463 chunknumber 7400
	-> Printing at chr: 10 pos:28818653 chunknumber 7500
	-> Printing at chr: 10 pos:29004165 chunknumber 7600
	-> Printing at chr: 10 pos:29179330 chunknumber 7700
	-> Printing at chr: 10 pos:29374209 chunknumber 7800
	-> Printing at chr: 10 pos:29558474 chunknumber 7900
	-> Printing at chr: 10 pos:29929337 chunknumber 8000
	-> Printing at chr: 10 pos:30391016 chunknumber 8100
	-> Printing at chr: 10 pos:30587852 chunknumber 8200
	-> Printing at chr: 10 pos:30797795 chunknumber 8300
	-> Printing at chr: 10 pos:30958234 chunknumber 8400
	-> Printing at chr: 10 pos:31085879 chunknumber 8500
	-> Printing at chr: 10 pos:31228116 chunknumber 8600
	-> Printing at chr: 10 pos:31362141 chunknumber 8700
	-> Printing at chr: 10 pos:31698760 chunknumber 8800
	-> Printing at chr: 10 pos:32370698 chunknumber 8900
	-> Printing at chr: 10 pos:32710482 chunknumber 9000
	-> Printing at chr: 10 pos:33096806 chunknumber 9100
	-> Printing at chr: 10 pos:33645133 chunknumber 9200
	-> Printing at chr: 10 pos:33837121 chunknumber 9300
	-> Printing at chr: 10 pos:33967187 chunknumber 9400
	-> Printing at chr: 10 pos:34152711 chunknumber 9500
	-> Printing at chr: 10 pos:34322575 chunknumber 9600
	-> Printing at chr: 10 pos:34459513 chunknumber 9700
	-> Printing at chr: 10 pos:34591608 chunknumber 9800
	-> Printing at chr: 10 pos:34772443 chunknumber 9900
	-> Printing at chr: 10 pos:34961558 chunknumber 10000
	-> Printing at chr: 10 pos:35112082 chunknumber 10100
	-> Printing at chr: 10 pos:35225587 chunknumber 10200
	-> Printing at chr: 10 pos:35356947 chunknumber 10300
	-> Printing at chr: 10 pos:35481282 chunknumber 10400
	-> Printing at chr: 10 pos:35621429 chunknumber 10500
	-> Printing at chr: 10 pos:35851970 chunknumber 10600
	-> Printing at chr: 10 pos:35996471 chunknumber 10700
	-> Printing at chr: 10 pos:36139125 chunknumber 10800
	-> Printing at chr: 10 pos:36282545 chunknumber 10900
	-> Printing at chr: 10 pos:36443388 chunknumber 11000
	-> Printing at chr: 10 pos:36593183 chunknumber 11100
	-> Printing at chr: 10 pos:36751059 chunknumber 11200
	-> Printing at chr: 10 pos:36902026 chunknumber 11300
	-> Printing at chr: 10 pos:37041629 chunknumber 11400
	-> Printing at chr: 10 pos:37177718 chunknumber 11500
	-> Printing at chr: 10 pos:37302667 chunknumber 11600
	-> Printing at chr: 10 pos:37441893 chunknumber 11700
	-> Printing at chr: 10 pos:37684764 chunknumber 11800
	-> Printing at chr: 10 pos:37805843 chunknumber 11900
	-> Printing at chr: 10 pos:37970652 chunknumber 12000
	-> Printing at chr: 10 pos:38100589 chunknumber 12100
	-> Printing at chr: 10 pos:38214566 chunknumber 12200
	-> Printing at chr: 10 pos:38331866 chunknumber 12300
	-> Printing at chr: 10 pos:38445038 chunknumber 12400
	-> Printing at chr: 10 pos:38615921 chunknumber 12500
	-> Printing at chr: 10 pos:38731323 chunknumber 12600
	-> Printing at chr: 10 pos:38875279 chunknumber 12700
	-> Printing at chr: 10 pos:39068611 chunknumber 12800
	-> Printing at chr: 10 pos:39230888 chunknumber 12900
	-> Printing at chr: 10 pos:39373368 chunknumber 13000
	-> Printing at chr: 10 pos:39484734 chunknumber 13100
	-> Printing at chr: 10 pos:39618659 chunknumber 13200
	-> Printing at chr: 10 pos:39738380 chunknumber 13300
	-> Printing at chr: 10 pos:39864812 chunknumber 13400
	-> Printing at chr: 10 pos:40046414 chunknumber 13500
	-> Printing at chr: 10 pos:40180056 chunknumber 13600
	-> Printing at chr: 10 pos:40313563 chunknumber 13700
	-> Printing at chr: 10 pos:40470340 chunknumber 13800
	-> Printing at chr: 10 pos:40608793 chunknumber 13900
	-> Printing at chr: 10 pos:40735934 chunknumber 14000
	-> Printing at chr: 10 pos:40873121 chunknumber 14100
	-> Printing at chr: 10 pos:41065114 chunknumber 14200
	-> Printing at chr: 10 pos:41221394 chunknumber 14300
	-> Printing at chr: 10 pos:41386022 chunknumber 14400
	-> Printing at chr: 10 pos:41515435 chunknumber 14500
	-> Printing at chr: 10 pos:41624102 chunknumber 14600
	-> Printing at chr: 10 pos:41753508 chunknumber 14700
	-> Printing at chr: 10 pos:41895528 chunknumber 14800
	-> Printing at chr: 10 pos:42018894 chunknumber 14900
	-> Printing at chr: 10 pos:42174803 chunknumber 15000
	-> Printing at chr: 10 pos:42289430 chunknumber 15100
