Module BUILD 1.6 Loaded.
Module slurm/2.6.2 loaded 
Module angsd/570 loaded 
	-> Reading fasta: DATA/TRIP/TRIP.fa.gz
	-> Reading fasta: /group/jrigrp3/bottleneckProject/genomes/Zea_mays.AGPv3.22.dna.genome.fa
	->(Using Filipe modification of: abcSaf.cpp)
	-> Parsing 23 number of samples 
	-> Printing at chr: 10 pos:179900 chunknumber 100
	-> Printing at chr: 10 pos:427466 chunknumber 200
	-> Printing at chr: 10 pos:861995 chunknumber 300
	-> Printing at chr: 10 pos:1081024 chunknumber 400
	-> Printing at chr: 10 pos:1406288 chunknumber 500
	-> Printing at chr: 10 pos:1716976 chunknumber 600
	-> Printing at chr: 10 pos:1921251 chunknumber 700
	-> Printing at chr: 10 pos:2171320 chunknumber 800
	-> Printing at chr: 10 pos:2595923 chunknumber 900
	-> Printing at chr: 10 pos:2991132 chunknumber 1000
	-> Printing at chr: 10 pos:3377249 chunknumber 1100
	-> Printing at chr: 10 pos:3686702 chunknumber 1200
	-> Printing at chr: 10 pos:4141291 chunknumber 1300
	-> Printing at chr: 10 pos:4456209 chunknumber 1400
	-> Printing at chr: 10 pos:4671861 chunknumber 1500
	-> Printing at chr: 10 pos:4913613 chunknumber 1600
	-> Printing at chr: 10 pos:5308954 chunknumber 1700
	-> Printing at chr: 10 pos:5533686 chunknumber 1800
	-> Printing at chr: 10 pos:5910692 chunknumber 1900
	-> Printing at chr: 10 pos:6339099 chunknumber 2000
	-> Printing at chr: 10 pos:6491074 chunknumber 2100
	-> Printing at chr: 10 pos:6897263 chunknumber 2200
	-> Printing at chr: 10 pos:7061228 chunknumber 2300
	-> Printing at chr: 10 pos:7419774 chunknumber 2400
	-> Printing at chr: 10 pos:7741497 chunknumber 2500
	-> Printing at chr: 10 pos:7953730 chunknumber 2600
	-> Printing at chr: 10 pos:8223934 chunknumber 2700
	-> Printing at chr: 10 pos:8790692 chunknumber 2800
	-> Printing at chr: 10 pos:9101716 chunknumber 2900
	-> Printing at chr: 10 pos:9404015 chunknumber 3000
	-> Printing at chr: 10 pos:9898633 chunknumber 3100
	-> Printing at chr: 10 pos:10214512 chunknumber 3200
	-> Printing at chr: 10 pos:10542108 chunknumber 3300
	-> Printing at chr: 10 pos:10739304 chunknumber 3400
	-> Printing at chr: 10 pos:10936795 chunknumber 3500
	-> Printing at chr: 10 pos:11047733 chunknumber 3600
	-> Printing at chr: 10 pos:11282617 chunknumber 3700
	-> Printing at chr: 10 pos:11730241 chunknumber 3800
	-> Printing at chr: 10 pos:12292600 chunknumber 3900
	-> Printing at chr: 10 pos:12646762 chunknumber 4000
	-> Printing at chr: 10 pos:12785809 chunknumber 4100
	-> Printing at chr: 10 pos:13034223 chunknumber 4200
	-> Printing at chr: 10 pos:13149131 chunknumber 4300
	-> Printing at chr: 10 pos:13496316 chunknumber 4400
	-> Printing at chr: 10 pos:13776241 chunknumber 4500
	-> Printing at chr: 10 pos:13907349 chunknumber 4600
	-> Printing at chr: 10 pos:14470645 chunknumber 4700
	-> Printing at chr: 10 pos:14806381 chunknumber 4800
	-> Printing at chr: 10 pos:15000085 chunknumber 4900
	-> Printing at chr: 10 pos:15303942 chunknumber 5000
	-> Printing at chr: 10 pos:15620136 chunknumber 5100
	-> Printing at chr: 10 pos:16158696 chunknumber 5200
	-> Printing at chr: 10 pos:16319126 chunknumber 5300
	-> Printing at chr: 10 pos:16459682 chunknumber 5400
	-> Printing at chr: 10 pos:16657679 chunknumber 5500
	-> Printing at chr: 10 pos:16771823 chunknumber 5600
	-> Printing at chr: 10 pos:16950205 chunknumber 5700
	-> Printing at chr: 10 pos:17121477 chunknumber 5800
	-> Printing at chr: 10 pos:17275588 chunknumber 5900
	-> Printing at chr: 10 pos:17430134 chunknumber 6000
	-> Printing at chr: 10 pos:17606291 chunknumber 6100
	-> Printing at chr: 10 pos:17900461 chunknumber 6200
	-> Printing at chr: 10 pos:18068435 chunknumber 6300
	-> Printing at chr: 10 pos:18231442 chunknumber 6400
	-> Printing at chr: 10 pos:18365390 chunknumber 6500
	-> Printing at chr: 10 pos:18713200 chunknumber 6600
	-> Printing at chr: 10 pos:19002413 chunknumber 6700
	-> Printing at chr: 10 pos:19444945 chunknumber 6800
	-> Printing at chr: 10 pos:19624371 chunknumber 6900
	-> Printing at chr: 10 pos:19858049 chunknumber 7000
	-> Printing at chr: 10 pos:20117801 chunknumber 7100
	-> Printing at chr: 10 pos:20418604 chunknumber 7200
	-> Printing at chr: 10 pos:20870631 chunknumber 7300
	-> Printing at chr: 10 pos:21082748 chunknumber 7400
	-> Printing at chr: 10 pos:21577850 chunknumber 7500
	-> Printing at chr: 10 pos:21765372 chunknumber 7600
	-> Printing at chr: 10 pos:22177287 chunknumber 7700
	-> Printing at chr: 10 pos:22409238 chunknumber 7800
	-> Printing at chr: 10 pos:22832732 chunknumber 7900
	-> Printing at chr: 10 pos:22970632 chunknumber 8000
	-> Printing at chr: 10 pos:23459636 chunknumber 8100
	-> Printing at chr: 10 pos:24009833 chunknumber 8200
	-> Printing at chr: 10 pos:24116109 chunknumber 8300
	-> Printing at chr: 10 pos:24482322 chunknumber 8400
	-> Printing at chr: 10 pos:24733279 chunknumber 8500
	-> Printing at chr: 10 pos:24851316 chunknumber 8600
	-> Printing at chr: 10 pos:24980399 chunknumber 8700
	-> Printing at chr: 10 pos:25088829 chunknumber 8800
	-> Printing at chr: 10 pos:25282165 chunknumber 8900
	-> Printing at chr: 10 pos:25743655 chunknumber 9000
	-> Printing at chr: 10 pos:26528743 chunknumber 9100
	-> Printing at chr: 10 pos:26685273 chunknumber 9200
	-> Printing at chr: 10 pos:27108141 chunknumber 9300
	-> Printing at chr: 10 pos:27659900 chunknumber 9400
	-> Printing at chr: 10 pos:27795721 chunknumber 9500
	-> Printing at chr: 10 pos:28184411 chunknumber 9600
	-> Printing at chr: 10 pos:28602073 chunknumber 9700
	-> Printing at chr: 10 pos:28781420 chunknumber 9800
	-> Printing at chr: 10 pos:28935872 chunknumber 9900
	-> Printing at chr: 10 pos:29143411 chunknumber 10000
	-> Printing at chr: 10 pos:29294534 chunknumber 10100
	-> Printing at chr: 10 pos:29456778 chunknumber 10200
	-> Printing at chr: 10 pos:29600174 chunknumber 10300
	-> Printing at chr: 10 pos:30017692 chunknumber 10400
	-> Printing at chr: 10 pos:30406747 chunknumber 10500
	-> Printing at chr: 10 pos:30615457 chunknumber 10600
	-> Printing at chr: 10 pos:30800443 chunknumber 10700
	-> Printing at chr: 10 pos:30943758 chunknumber 10800
	-> Printing at chr: 10 pos:31048190 chunknumber 10900
	-> Printing at chr: 10 pos:31156943 chunknumber 11000
	-> Printing at chr: 10 pos:31279809 chunknumber 11100
	-> Printing at chr: 10 pos:31397073 chunknumber 11200
	-> Printing at chr: 10 pos:31697260 chunknumber 11300
	-> Printing at chr: 10 pos:32308125 chunknumber 11400
	-> Printing at chr: 10 pos:32580564 chunknumber 11500
	-> Printing at chr: 10 pos:32996879 chunknumber 11600
	-> Printing at chr: 10 pos:33360460 chunknumber 11700
	-> Printing at chr: 10 pos:33763972 chunknumber 11800
	-> Printing at chr: 10 pos:33875886 chunknumber 11900
	-> Printing at chr: 10 pos:34006501 chunknumber 12000
	-> Printing at chr: 10 pos:34167069 chunknumber 12100
	-> Printing at chr: 10 pos:34328354 chunknumber 12200
	-> Printing at chr: 10 pos:34452015 chunknumber 12300
	-> Printing at chr: 10 pos:34557941 chunknumber 12400
	-> Printing at chr: 10 pos:34723455 chunknumber 12500
	-> Printing at chr: 10 pos:34838429 chunknumber 12600
	-> Printing at chr: 10 pos:35014341 chunknumber 12700
	-> Printing at chr: 10 pos:35146349 chunknumber 12800
	-> Printing at chr: 10 pos:35255039 chunknumber 12900
	-> Printing at chr: 10 pos:35376800 chunknumber 13000
	-> Printing at chr: 10 pos:35498554 chunknumber 13100
	-> Printing at chr: 10 pos:35623274 chunknumber 13200
	-> Printing at chr: 10 pos:35845315 chunknumber 13300
	-> Printing at chr: 10 pos:35972961 chunknumber 13400
	-> Printing at chr: 10 pos:36070371 chunknumber 13500
	-> Printing at chr: 10 pos:36191303 chunknumber 13600
	-> Printing at chr: 10 pos:36310649 chunknumber 13700
	-> Printing at chr: 10 pos:36475481 chunknumber 13800
	-> Printing at chr: 10 pos:36627673 chunknumber 13900
	-> Printing at chr: 10 pos:36772592 chunknumber 14000
	-> Printing at chr: 10 pos:36905434 chunknumber 14100
	-> Printing at chr: 10 pos:37045021 chunknumber 14200
	-> Printing at chr: 10 pos:37170444 chunknumber 14300
	-> Printing at chr: 10 pos:37296588 chunknumber 14400
	-> Printing at chr: 10 pos:37404773 chunknumber 14500
	-> Printing at chr: 10 pos:37569288 chunknumber 14600
	-> Printing at chr: 10 pos:37690852 chunknumber 14700
	-> Printing at chr: 10 pos:37801195 chunknumber 14800
	-> Printing at chr: 10 pos:37915515 chunknumber 14900
	-> Printing at chr: 10 pos:38046309 chunknumber 15000
	-> Printing at chr: 10 pos:38170235 chunknumber 15100
	-> Printing at chr: 10 pos:38288572 chunknumber 15200
	-> Printing at chr: 10 pos:38412416 chunknumber 15300
	-> Printing at chr: 10 pos:38515944 chunknumber 15400
	-> Printing at chr: 10 pos:38625205 chunknumber 15500
	-> Printing at chr: 10 pos:38747034 chunknumber 15600
	-> Printing at chr: 10 pos:38885861 chunknumber 15700
	-> Printing at chr: 10 pos:39101916 chunknumber 15800
	-> Printing at chr: 10 pos:39228427 chunknumber 15900
	-> Printing at chr: 10 pos:39358699 chunknumber 16000
	-> Printing at chr: 10 pos:39470648 chunknumber 16100
	-> Printing at chr: 10 pos:39592265 chunknumber 16200
	-> Printing at chr: 10 pos:39700212 chunknumber 16300
	-> Printing at chr: 10 pos:39824205 chunknumber 16400
	-> Printing at chr: 10 pos:39952010 chunknumber 16500
	-> Printing at chr: 10 pos:40087838 chunknumber 16600
	-> Printing at chr: 10 pos:40224639 chunknumber 16700
	-> Printing at chr: 10 pos:40345638 chunknumber 16800
	-> Printing at chr: 10 pos:40507259 chunknumber 16900
	-> Printing at chr: 10 pos:40623687 chunknumber 17000
	-> Printing at chr: 10 pos:40760825 chunknumber 17100
	-> Printing at chr: 10 pos:40892913 chunknumber 17200
	-> Printing at chr: 10 pos:41044854 chunknumber 17300
	-> Printing at chr: 10 pos:41203597 chunknumber 17400
	-> Printing at chr: 10 pos:41307698 chunknumber 17500
	-> Printing at chr: 10 pos:41435295 chunknumber 17600
	-> Printing at chr: 10 pos:41568163 chunknumber 17700
	-> Printing at chr: 10 pos:41680137 chunknumber 17800
	-> Printing at chr: 10 pos:41816322 chunknumber 17900
	-> Printing at chr: 10 pos:41954608 chunknumber 18000
	-> Printing at chr: 10 pos:42109939 chunknumber 18100
	-> Printing at chr: 10 pos:42228495 chunknumber 18200
	-> Printing at chr: 10 pos:42334576 chunknumber 18300
	-> Printing at chr: 10 pos:42493972 chunknumber 18400
	-> Printing at chr: 10 pos:42625590 chunknumber 18500
	-> Printing at chr: 10 pos:42732352 chunknumber 18600
	-> Printing at chr: 10 pos:42867066 chunknumber 18700
	-> Printing at chr: 10 pos:42984972 chunknumber 18800
	-> Printing at chr: 10 pos:43092845 chunknumber 18900
	-> Printing at chr: 10 pos:43242075 chunknumber 19000
	-> Printing at chr: 10 pos:43373308 chunknumber 19100
	-> Printing at chr: 10 pos:43497462 chunknumber 19200
	-> Printing at chr: 10 pos:43636392 chunknumber 19300
	-> Printing at chr: 10 pos:43773134 chunknumber 19400
	-> Printing at chr: 10 pos:43881087 chunknumber 19500
	-> Printing at chr: 10 pos:44021811 chunknumber 19600
	-> Printing at chr: 10 pos:44136041 chunknumber 19700
	-> Printing at chr: 10 pos:44260215 chunknumber 19800
	-> Printing at chr: 10 pos:44388897 chunknumber 19900
	-> Printing at chr: 10 pos:44519866 chunknumber 20000
	-> Printing at chr: 10 pos:44659463 chunknumber 20100
	-> Printing at chr: 10 pos:44806571 chunknumber 20200
	-> Printing at chr: 10 pos:44942731 chunknumber 20300
	-> Printing at chr: 10 pos:45078604 chunknumber 20400
	-> Printing at chr: 10 pos:45209199 chunknumber 20500
	-> Printing at chr: 10 pos:45349476 chunknumber 20600
	-> Printing at chr: 10 pos:45458126 chunknumber 20700
	-> Printing at chr: 10 pos:45585101 chunknumber 20800
	-> Printing at chr: 10 pos:45744558 chunknumber 20900
	-> Printing at chr: 10 pos:45868428 chunknumber 21000
	-> Printing at chr: 10 pos:45999122 chunknumber 21100
	-> Printing at chr: 10 pos:46121501 chunknumber 21200
	-> Printing at chr: 10 pos:46256716 chunknumber 21300
	-> Printing at chr: 10 pos:46381449 chunknumber 21400
	-> Printing at chr: 10 pos:46509468 chunknumber 21500
	-> Printing at chr: 10 pos:46642121 chunknumber 21600
	-> Printing at chr: 10 pos:46750889 chunknumber 21700
	-> Printing at chr: 10 pos:46872084 chunknumber 21800
	-> Printing at chr: 10 pos:46999093 chunknumber 21900
	-> Printing at chr: 10 pos:47144665 chunknumber 22000
	-> Printing at chr: 10 pos:47283467 chunknumber 22100
	-> Printing at chr: 10 pos:47402298 chunknumber 22200
	-> Printing at chr: 10 pos:47558465 chunknumber 22300
	-> Printing at chr: 10 pos:47662637 chunknumber 22400
	-> Printing at chr: 10 pos:47773075 chunknumber 22500
	-> Printing at chr: 10 pos:47887157 chunknumber 22600
	-> Printing at chr: 10 pos:47993796 chunknumber 22700
	-> Printing at chr: 10 pos:48169243 chunknumber 22800
	-> Printing at chr: 10 pos:48282396 chunknumber 22900
	-> Printing at chr: 10 pos:48390765 chunknumber 23000
	-> Printing at chr: 10 pos:48512569 chunknumber 23100
	-> Printing at chr: 10 pos:48637276 chunknumber 23200
	-> Printing at chr: 10 pos:48747853 chunknumber 23300
	-> Printing at chr: 10 pos:48943683 chunknumber 23400
	-> Printing at chr: 10 pos:49079597 chunknumber 23500
	-> Printing at chr: 10 pos:49219090 chunknumber 23600
	-> Printing at chr: 10 pos:49355700 chunknumber 23700
	-> Printing at chr: 10 pos:49493468 chunknumber 23800
	-> Printing at chr: 10 pos:49607154 chunknumber 23900
	-> Printing at chr: 10 pos:49711611 chunknumber 24000
	-> Printing at chr: 10 pos:49829932 chunknumber 24100
	-> Printing at chr: 10 pos:49966381 chunknumber 24200
	-> Printing at chr: 10 pos:50086869 chunknumber 24300
	-> Printing at chr: 10 pos:50297771 chunknumber 24400
	-> Printing at chr: 10 pos:50445780 chunknumber 24500
	-> Printing at chr: 10 pos:50591259 chunknumber 24600
	-> Printing at chr: 10 pos:50739390 chunknumber 24700
	-> Printing at chr: 10 pos:50869751 chunknumber 24800
	-> Printing at chr: 10 pos:50986937 chunknumber 24900
	-> Printing at chr: 10 pos:51112797 chunknumber 25000
	-> Printing at chr: 10 pos:51290306 chunknumber 25100
	-> Printing at chr: 10 pos:51496576 chunknumber 25200
	-> Printing at chr: 10 pos:51718191 chunknumber 25300
	-> Printing at chr: 10 pos:51949780 chunknumber 25400
	-> Printing at chr: 10 pos:52114733 chunknumber 25500
	-> Printing at chr: 10 pos:52244059 chunknumber 25600
	-> Printing at chr: 10 pos:52388401 chunknumber 25700
	-> Printing at chr: 10 pos:52543235 chunknumber 25800
	-> Printing at chr: 10 pos:52676726 chunknumber 25900
	-> Printing at chr: 10 pos:52813569 chunknumber 26000
	-> Printing at chr: 10 pos:52957299 chunknumber 26100
	-> Printing at chr: 10 pos:53062990 chunknumber 26200
	-> Printing at chr: 10 pos:53176272 chunknumber 26300
	-> Printing at chr: 10 pos:53327529 chunknumber 26400
	-> Printing at chr: 10 pos:53470243 chunknumber 26500
	-> Printing at chr: 10 pos:53581005 chunknumber 26600
	-> Printing at chr: 10 pos:53690398 chunknumber 26700
	-> Printing at chr: 10 pos:53803179 chunknumber 26800
	-> Printing at chr: 10 pos:53914487 chunknumber 26900
	-> Printing at chr: 10 pos:54039861 chunknumber 27000
	-> Printing at chr: 10 pos:54178257 chunknumber 27100
	-> Printing at chr: 10 pos:54339490 chunknumber 27200
	-> Printing at chr: 10 pos:54447673 chunknumber 27300
	-> Printing at chr: 10 pos:54597393 chunknumber 27400
	-> Printing at chr: 10 pos:54721624 chunknumber 27500
	-> Printing at chr: 10 pos:54889879 chunknumber 27600
	-> Printing at chr: 10 pos:55017481 chunknumber 27700
	-> Printing at chr: 10 pos:55181781 chunknumber 27800
	-> Printing at chr: 10 pos:55356277 chunknumber 27900
	-> Printing at chr: 10 pos:55484990 chunknumber 28000
	-> Printing at chr: 10 pos:55606425 chunknumber 28100
	-> Printing at chr: 10 pos:55743239 chunknumber 28200
	-> Printing at chr: 10 pos:55907673 chunknumber 28300
	-> Printing at chr: 10 pos:56053562 chunknumber 28400
	-> Printing at chr: 10 pos:56297172 chunknumber 28500
	-> Printing at chr: 10 pos:56859503 chunknumber 28600
	-> Printing at chr: 10 pos:57022244 chunknumber 28700
	-> Printing at chr: 10 pos:57180977 chunknumber 28800
	-> Printing at chr: 10 pos:57322244 chunknumber 28900
	-> Printing at chr: 10 pos:57525722 chunknumber 29000
	-> Printing at chr: 10 pos:57775603 chunknumber 29100
	-> Printing at chr: 10 pos:57919604 chunknumber 29200
	-> Printing at chr: 10 pos:58057575 chunknumber 29300
	-> Printing at chr: 10 pos:58240854 chunknumber 29400
	-> Printing at chr: 10 pos:58603306 chunknumber 29500
	-> Printing at chr: 10 pos:59130427 chunknumber 29600
	-> Printing at chr: 10 pos:59299780 chunknumber 29700
	-> Printing at chr: 10 pos:59462060 chunknumber 29800
	-> Printing at chr: 10 pos:59563406 chunknumber 29900
	-> Printing at chr: 10 pos:59849772 chunknumber 30000
	-> Printing at chr: 10 pos:60235156 chunknumber 30100
	-> Printing at chr: 10 pos:60579251 chunknumber 30200
	-> Printing at chr: 10 pos:60696499 chunknumber 30300
	-> Printing at chr: 10 pos:60842686 chunknumber 30400
	-> Printing at chr: 10 pos:60983279 chunknumber 30500
	-> Printing at chr: 10 pos:61129350 chunknumber 30600
	-> Printing at chr: 10 pos:61274469 chunknumber 30700
	-> Printing at chr: 10 pos:61397988 chunknumber 30800
	-> Printing at chr: 10 pos:61503372 chunknumber 30900
	-> Printing at chr: 10 pos:61639345 chunknumber 31000
	-> Printing at chr: 10 pos:61784125 chunknumber 31100
	-> Printing at chr: 10 pos:61934724 chunknumber 31200
	-> Printing at chr: 10 pos:62057334 chunknumber 31300
	-> Printing at chr: 10 pos:62506103 chunknumber 31400
	-> Printing at chr: 10 pos:62792522 chunknumber 31500
	-> Printing at chr: 10 pos:63012950 chunknumber 31600
	-> Printing at chr: 10 pos:63413574 chunknumber 31700
	-> Printing at chr: 10 pos:63630763 chunknumber 31800
	-> Printing at chr: 10 pos:63785506 chunknumber 31900
	-> Printing at chr: 10 pos:64014184 chunknumber 32000
	-> Printing at chr: 10 pos:64308957 chunknumber 32100
	-> Printing at chr: 10 pos:64445522 chunknumber 32200
	-> Printing at chr: 10 pos:64731480 chunknumber 32300
	-> Printing at chr: 10 pos:65281485 chunknumber 32400
	-> Printing at chr: 10 pos:65686240 chunknumber 32500
	-> Printing at chr: 10 pos:65847989 chunknumber 32600
	-> Printing at chr: 10 pos:66010795 chunknumber 32700
	-> Printing at chr: 10 pos:66243262 chunknumber 32800
	-> Printing at chr: 10 pos:66793244 chunknumber 32900
	-> Printing at chr: 10 pos:67072918 chunknumber 33000
	-> Printing at chr: 10 pos:67282316 chunknumber 33100
	-> Printing at chr: 10 pos:67441529 chunknumber 33200
	-> Printing at chr: 10 pos:67632835 chunknumber 33300
	-> Printing at chr: 10 pos:67764479 chunknumber 33400
	-> Printing at chr: 10 pos:67890092 chunknumber 33500
	-> Printing at chr: 10 pos:68019636 chunknumber 33600
	-> Printing at chr: 10 pos:68154576 chunknumber 33700
	-> Printing at chr: 10 pos:68277628 chunknumber 33800
	-> Printing at chr: 10 pos:68413210 chunknumber 33900
	-> Printing at chr: 10 pos:68685375 chunknumber 34000
	-> Printing at chr: 10 pos:69220025 chunknumber 34100
	-> Printing at chr: 10 pos:69526500 chunknumber 34200
	-> Printing at chr: 10 pos:69674607 chunknumber 34300
	-> Printing at chr: 10 pos:69847565 chunknumber 34400
	-> Printing at chr: 10 pos:69990212 chunknumber 34500
	-> Printing at chr: 10 pos:70163858 chunknumber 34600
	-> Printing at chr: 10 pos:70300814 chunknumber 34700
	-> Printing at chr: 10 pos:70449344 chunknumber 34800
	-> Printing at chr: 10 pos:70720528 chunknumber 34900
	-> Printing at chr: 10 pos:70996747 chunknumber 35000
	-> Printing at chr: 10 pos:71317451 chunknumber 35100
	-> Printing at chr: 10 pos:71513283 chunknumber 35200
	-> Printing at chr: 10 pos:71683594 chunknumber 35300
	-> Printing at chr: 10 pos:72306668 chunknumber 35400
	-> Printing at chr: 10 pos:72447824 chunknumber 35500
	-> Printing at chr: 10 pos:72572796 chunknumber 35600
	-> Printing at chr: 10 pos:72698530 chunknumber 35700
	-> Printing at chr: 10 pos:72824078 chunknumber 35800
	-> Printing at chr: 10 pos:73221599 chunknumber 35900
	-> Printing at chr: 10 pos:74320593 chunknumber 36000
	-> Printing at chr: 10 pos:74625444 chunknumber 36100
	-> Printing at chr: 10 pos:74862952 chunknumber 36200
	-> Printing at chr: 10 pos:75004898 chunknumber 36300
	-> Printing at chr: 10 pos:75166513 chunknumber 36400
	-> Printing at chr: 10 pos:75282756 chunknumber 36500
	-> Printing at chr: 10 pos:75441251 chunknumber 36600
	-> Printing at chr: 10 pos:75596768 chunknumber 36700
	-> Printing at chr: 10 pos:75904803 chunknumber 36800
	-> Printing at chr: 10 pos:76604731 chunknumber 36900
	-> Printing at chr: 10 pos:77054116 chunknumber 37000
	-> Printing at chr: 10 pos:77461150 chunknumber 37100
	-> Printing at chr: 10 pos:77800121 chunknumber 37200
	-> Printing at chr: 10 pos:77975484 chunknumber 37300
	-> Printing at chr: 10 pos:78331987 chunknumber 37400
	-> Printing at chr: 10 pos:78785827 chunknumber 37500
	-> Printing at chr: 10 pos:79157305 chunknumber 37600
	-> Printing at chr: 10 pos:79755296 chunknumber 37700
	-> Printing at chr: 10 pos:80110746 chunknumber 37800
	-> Printing at chr: 10 pos:80318999 chunknumber 37900
	-> Printing at chr: 10 pos:80535969 chunknumber 38000
	-> Printing at chr: 10 pos:80791589 chunknumber 38100
	-> Printing at chr: 10 pos:81014300 chunknumber 38200
	-> Printing at chr: 10 pos:81456064 chunknumber 38300
	-> Printing at chr: 10 pos:81976721 chunknumber 38400
	-> Printing at chr: 10 pos:82237915 chunknumber 38500
	-> Printing at chr: 10 pos:82629057 chunknumber 38600
	-> Printing at chr: 10 pos:82807407 chunknumber 38700
	-> Printing at chr: 10 pos:82994728 chunknumber 38800
	-> Printing at chr: 10 pos:83325108 chunknumber 38900
	-> Printing at chr: 10 pos:83609488 chunknumber 39000
	-> Printing at chr: 10 pos:83789059 chunknumber 39100
	-> Printing at chr: 10 pos:84041236 chunknumber 39200
	-> Printing at chr: 10 pos:84250290 chunknumber 39300
	-> Printing at chr: 10 pos:84503177 chunknumber 39400
	-> Printing at chr: 10 pos:84633872 chunknumber 39500
	-> Printing at chr: 10 pos:85080902 chunknumber 39600
	-> Printing at chr: 10 pos:85622958 chunknumber 39700
	-> Printing at chr: 10 pos:85908456 chunknumber 39800
	-> Printing at chr: 10 pos:86458441 chunknumber 39900
	-> Printing at chr: 10 pos:86735799 chunknumber 40000
	-> Printing at chr: 10 pos:87201748 chunknumber 40100
	-> Printing at chr: 10 pos:87442978 chunknumber 40200
	-> Printing at chr: 10 pos:87615547 chunknumber 40300
	-> Printing at chr: 10 pos:87792583 chunknumber 40400
	-> Printing at chr: 10 pos:87905138 chunknumber 40500
	-> Printing at chr: 10 pos:88280142 chunknumber 40600
	-> Printing at chr: 10 pos:88565434 chunknumber 40700
	-> Printing at chr: 10 pos:88880235 chunknumber 40800
	-> Printing at chr: 10 pos:89204290 chunknumber 40900
	-> Printing at chr: 10 pos:89368709 chunknumber 41000
	-> Printing at chr: 10 pos:89679789 chunknumber 41100
	-> Printing at chr: 10 pos:90117331 chunknumber 41200
	-> Printing at chr: 10 pos:90397823 chunknumber 41300
	-> Printing at chr: 10 pos:90706507 chunknumber 41400
	-> Printing at chr: 10 pos:90912705 chunknumber 41500
	-> Printing at chr: 10 pos:91227898 chunknumber 41600
	-> Printing at chr: 10 pos:91480639 chunknumber 41700
	-> Printing at chr: 10 pos:91695876 chunknumber 41800
	-> Printing at chr: 10 pos:91949218 chunknumber 41900
	-> Printing at chr: 10 pos:92795794 chunknumber 42000
	-> Printing at chr: 10 pos:93166062 chunknumber 42100
	-> Printing at chr: 10 pos:93406114 chunknumber 42200
	-> Printing at chr: 10 pos:93861226 chunknumber 42300
	-> Printing at chr: 10 pos:94363615 chunknumber 42400
	-> Printing at chr: 10 pos:94696313 chunknumber 42500
	-> Printing at chr: 10 pos:95148506 chunknumber 42600
	-> Printing at chr: 10 pos:95323325 chunknumber 42700
	-> Printing at chr: 10 pos:95693146 chunknumber 42800
	-> Printing at chr: 10 pos:95955117 chunknumber 42900
	-> Printing at chr: 10 pos:96120975 chunknumber 43000
	-> Printing at chr: 10 pos:96326072 chunknumber 43100
	-> Printing at chr: 10 pos:96473525 chunknumber 43200
	-> Printing at chr: 10 pos:96665349 chunknumber 43300
	-> Printing at chr: 10 pos:96842530 chunknumber 43400
	-> Printing at chr: 10 pos:96997364 chunknumber 43500
	-> Printing at chr: 10 pos:97200177 chunknumber 43600
	-> Printing at chr: 10 pos:97394807 chunknumber 43700
	-> Printing at chr: 10 pos:97581104 chunknumber 43800
	-> Printing at chr: 10 pos:97787090 chunknumber 43900
	-> Printing at chr: 10 pos:97945999 chunknumber 44000
	-> Printing at chr: 10 pos:98097506 chunknumber 44100
	-> Printing at chr: 10 pos:98232023 chunknumber 44200
	-> Printing at chr: 10 pos:98468557 chunknumber 44300
	-> Printing at chr: 10 pos:98717420 chunknumber 44400
	-> Printing at chr: 10 pos:98909412 chunknumber 44500
	-> Printing at chr: 10 pos:99091647 chunknumber 44600
	-> Printing at chr: 10 pos:99280523 chunknumber 44700
	-> Printing at chr: 10 pos:99575186 chunknumber 44800
	-> Printing at chr: 10 pos:99779558 chunknumber 44900
	-> Printing at chr: 10 pos:99996570 chunknumber 45000
	-> Printing at chr: 10 pos:100324174 chunknumber 45100
	-> Printing at chr: 10 pos:100754376 chunknumber 45200
	-> Printing at chr: 10 pos:100912769 chunknumber 45300
	-> Printing at chr: 10 pos:101039209 chunknumber 45400
	-> Printing at chr: 10 pos:101172719 chunknumber 45500
	-> Printing at chr: 10 pos:101317135 chunknumber 45600
	-> Printing at chr: 10 pos:101439141 chunknumber 45700
	-> Printing at chr: 10 pos:101571560 chunknumber 45800
	-> Printing at chr: 10 pos:101706663 chunknumber 45900
	-> Printing at chr: 10 pos:101843656 chunknumber 46000
	-> Printing at chr: 10 pos:101998377 chunknumber 46100
	-> Printing at chr: 10 pos:102159107 chunknumber 46200
	-> Printing at chr: 10 pos:102301139 chunknumber 46300
	-> Printing at chr: 10 pos:102597425 chunknumber 46400
	-> Printing at chr: 10 pos:102737705 chunknumber 46500
	-> Printing at chr: 10 pos:102967772 chunknumber 46600
	-> Printing at chr: 10 pos:103104894 chunknumber 46700
	-> Printing at chr: 10 pos:103237279 chunknumber 46800
	-> Printing at chr: 10 pos:103387312 chunknumber 46900
	-> Printing at chr: 10 pos:103538139 chunknumber 47000
	-> Printing at chr: 10 pos:103658174 chunknumber 47100
	-> Printing at chr: 10 pos:103811724 chunknumber 47200
	-> Printing at chr: 10 pos:103943500 chunknumber 47300
	-> Printing at chr: 10 pos:104087005 chunknumber 47400
	-> Printing at chr: 10 pos:104254765 chunknumber 47500
	-> Printing at chr: 10 pos:104376526 chunknumber 47600
	-> Printing at chr: 10 pos:104534770 chunknumber 47700
	-> Printing at chr: 10 pos:104665832 chunknumber 47800
	-> Printing at chr: 10 pos:104783785 chunknumber 47900
	-> Printing at chr: 10 pos:104894722 chunknumber 48000
	-> Printing at chr: 10 pos:105025541 chunknumber 48100
	-> Printing at chr: 10 pos:105167979 chunknumber 48200
	-> Printing at chr: 10 pos:105486156 chunknumber 48300
	-> Printing at chr: 10 pos:105686179 chunknumber 48400
	-> Printing at chr: 10 pos:105924081 chunknumber 48500
	-> Printing at chr: 10 pos:106070673 chunknumber 48600
	-> Printing at chr: 10 pos:106212982 chunknumber 48700
	-> Printing at chr: 10 pos:106504743 chunknumber 48800
	-> Printing at chr: 10 pos:107008137 chunknumber 48900
	-> Printing at chr: 10 pos:107387978 chunknumber 49000
	-> Printing at chr: 10 pos:107603586 chunknumber 49100
	-> Printing at chr: 10 pos:107836238 chunknumber 49200
	-> Printing at chr: 10 pos:108142339 chunknumber 49300
	-> Printing at chr: 10 pos:108380698 chunknumber 49400
	-> Printing at chr: 10 pos:108822858 chunknumber 49500
	-> Printing at chr: 10 pos:108976089 chunknumber 49600
	-> Printing at chr: 10 pos:109272831 chunknumber 49700
	-> Printing at chr: 10 pos:109564183 chunknumber 49800
	-> Printing at chr: 10 pos:109929297 chunknumber 49900
	-> Printing at chr: 10 pos:110095407 chunknumber 50000
	-> Printing at chr: 10 pos:110449139 chunknumber 50100
	-> Printing at chr: 10 pos:110637532 chunknumber 50200
	-> Printing at chr: 10 pos:110801002 chunknumber 50300
	-> Printing at chr: 10 pos:110913040 chunknumber 50400
	-> Printing at chr: 10 pos:111068077 chunknumber 50500
	-> Printing at chr: 10 pos:111207963 chunknumber 50600
	-> Printing at chr: 10 pos:111324731 chunknumber 50700
	-> Printing at chr: 10 pos:111489300 chunknumber 50800
	-> Printing at chr: 10 pos:111792563 chunknumber 50900
	-> Printing at chr: 10 pos:112056161 chunknumber 51000
	-> Printing at chr: 10 pos:112355089 chunknumber 51100
	-> Printing at chr: 10 pos:112541040 chunknumber 51200
	-> Printing at chr: 10 pos:112957948 chunknumber 51300
	-> Printing at chr: 10 pos:113335955 chunknumber 51400
	-> Printing at chr: 10 pos:113673774 chunknumber 51500
	-> Printing at chr: 10 pos:113974311 chunknumber 51600
	-> Printing at chr: 10 pos:114141356 chunknumber 51700
	-> Printing at chr: 10 pos:114385119 chunknumber 51800
	-> Printing at chr: 10 pos:114545729 chunknumber 51900
	-> Printing at chr: 10 pos:114868895 chunknumber 52000
	-> Printing at chr: 10 pos:115321830 chunknumber 52100
	-> Printing at chr: 10 pos:115555457 chunknumber 52200
	-> Printing at chr: 10 pos:115798155 chunknumber 52300
	-> Printing at chr: 10 pos:116144455 chunknumber 52400
	-> Printing at chr: 10 pos:116339981 chunknumber 52500
	-> Printing at chr: 10 pos:116503659 chunknumber 52600
	-> Printing at chr: 10 pos:116616581 chunknumber 52700
	-> Printing at chr: 10 pos:116801864 chunknumber 52800
	-> Printing at chr: 10 pos:117001382 chunknumber 52900
	-> Printing at chr: 10 pos:117461462 chunknumber 53000
	-> Printing at chr: 10 pos:117861929 chunknumber 53100
	-> Printing at chr: 10 pos:118126291 chunknumber 53200
	-> Printing at chr: 10 pos:118279572 chunknumber 53300
	-> Printing at chr: 10 pos:118728978 chunknumber 53400
	-> Printing at chr: 10 pos:118981303 chunknumber 53500
	-> Printing at chr: 10 pos:119148680 chunknumber 53600
	-> Printing at chr: 10 pos:119430648 chunknumber 53700
	-> Printing at chr: 10 pos:119772017 chunknumber 53800
	-> Printing at chr: 10 pos:120030171 chunknumber 53900
	-> Printing at chr: 10 pos:120313554 chunknumber 54000
	-> Printing at chr: 10 pos:120627977 chunknumber 54100
	-> Printing at chr: 10 pos:120804945 chunknumber 54200
	-> Printing at chr: 10 pos:121021380 chunknumber 54300
	-> Printing at chr: 10 pos:121023631 chunknumber 54400
	-> Printing at chr: 10 pos:121024805 chunknumber 54500
	-> Printing at chr: 10 pos:121025285 chunknumber 54600
	-> Printing at chr: 10 pos:121026027 chunknumber 54700
	-> Printing at chr: 10 pos:121026871 chunknumber 54800
	-> Printing at chr: 10 pos:121027250 chunknumber 54900
	-> Printing at chr: 10 pos:121228937 chunknumber 55000
	-> Printing at chr: 10 pos:121486789 chunknumber 55100
	-> Printing at chr: 10 pos:121720636 chunknumber 55200
	-> Printing at chr: 10 pos:121979567 chunknumber 55300
	-> Printing at chr: 10 pos:122168866 chunknumber 55400
	-> Printing at chr: 10 pos:122380023 chunknumber 55500
	-> Printing at chr: 10 pos:122560936 chunknumber 55600
	-> Printing at chr: 10 pos:122711137 chunknumber 55700
	-> Printing at chr: 10 pos:122946378 chunknumber 55800
	-> Printing at chr: 10 pos:123463837 chunknumber 55900
	-> Printing at chr: 10 pos:123875099 chunknumber 56000
	-> Printing at chr: 10 pos:124259412 chunknumber 56100
	-> Printing at chr: 10 pos:124403748 chunknumber 56200
	-> Printing at chr: 10 pos:124615174 chunknumber 56300
	-> Printing at chr: 10 pos:124821531 chunknumber 56400
	-> Printing at chr: 10 pos:125124547 chunknumber 56500
	-> Printing at chr: 10 pos:125666196 chunknumber 56600
	-> Printing at chr: 10 pos:126044946 chunknumber 56700
	-> Printing at chr: 10 pos:126194280 chunknumber 56800
	-> Printing at chr: 10 pos:126398558 chunknumber 56900
	-> Printing at chr: 10 pos:126880010 chunknumber 57000
	-> Printing at chr: 10 pos:127262581 chunknumber 57100
	-> Printing at chr: 10 pos:127415724 chunknumber 57200
	-> Printing at chr: 10 pos:127548694 chunknumber 57300
	-> Printing at chr: 10 pos:127960930 chunknumber 57400
	-> Printing at chr: 10 pos:128323143 chunknumber 57500
	-> Printing at chr: 10 pos:128545173 chunknumber 57600
	-> Printing at chr: 10 pos:128780363 chunknumber 57700
	-> Printing at chr: 10 pos:128994681 chunknumber 57800
	-> Printing at chr: 10 pos:129306350 chunknumber 57900
	-> Printing at chr: 10 pos:129797844 chunknumber 58000
	-> Printing at chr: 10 pos:129969178 chunknumber 58100
	-> Printing at chr: 10 pos:130227814 chunknumber 58200
	-> Printing at chr: 10 pos:130621897 chunknumber 58300
	-> Printing at chr: 10 pos:130790315 chunknumber 58400
	-> Printing at chr: 10 pos:130984850 chunknumber 58500
	-> Printing at chr: 10 pos:131356522 chunknumber 58600
	-> Printing at chr: 10 pos:132115603 chunknumber 58700
	-> Printing at chr: 10 pos:132451392 chunknumber 58800
	-> Printing at chr: 10 pos:132642540 chunknumber 58900
	-> Printing at chr: 10 pos:133242287 chunknumber 59000
	-> Printing at chr: 10 pos:133761024 chunknumber 59100
	-> Printing at chr: 10 pos:134094620 chunknumber 59200
	-> Printing at chr: 10 pos:134459661 chunknumber 59300
	-> Printing at chr: 10 pos:134774649 chunknumber 59400
	-> Printing at chr: 10 pos:135189339 chunknumber 59500
	-> Printing at chr: 10 pos:135515146 chunknumber 59600
	-> Printing at chr: 10 pos:135832623 chunknumber 59700
	-> Printing at chr: 10 pos:136017407 chunknumber 59800
	-> Printing at chr: 10 pos:136347620 chunknumber 59900
	-> Printing at chr: 10 pos:136946640 chunknumber 60000
	-> Printing at chr: 10 pos:137356677 chunknumber 60100
	-> Printing at chr: 10 pos:137581068 chunknumber 60200
	-> Printing at chr: 10 pos:137802674 chunknumber 60300
	-> Printing at chr: 10 pos:138021035 chunknumber 60400
	-> Printing at chr: 10 pos:138498739 chunknumber 60500
	-> Printing at chr: 10 pos:138635490 chunknumber 60600
	-> Printing at chr: 10 pos:138934539 chunknumber 60700
	-> Printing at chr: 10 pos:139404781 chunknumber 60800
	-> Printing at chr: 10 pos:139588803 chunknumber 60900
	-> Printing at chr: 10 pos:139776650 chunknumber 61000
	-> Printing at chr: 10 pos:140223411 chunknumber 61100
	-> Printing at chr: 10 pos:140506149 chunknumber 61200
	-> Printing at chr: 10 pos:140960653 chunknumber 61300
	-> Printing at chr: 10 pos:141111402 chunknumber 61400
	-> Printing at chr: 10 pos:141260092 chunknumber 61500
	-> Printing at chr: 10 pos:141458445 chunknumber 61600
	-> Printing at chr: 10 pos:141702458 chunknumber 61700
	-> Printing at chr: 10 pos:142026596 chunknumber 61800
	-> Printing at chr: 10 pos:142400471 chunknumber 61900
	-> Printing at chr: 10 pos:142663830 chunknumber 62000
	-> Printing at chr: 10 pos:142848849 chunknumber 62100
	-> Printing at chr: 10 pos:143004663 chunknumber 62200
	-> Printing at chr: 10 pos:143411454 chunknumber 62300
	-> Printing at chr: 10 pos:143787858 chunknumber 62400
	-> Printing at chr: 10 pos:144139162 chunknumber 62500
	-> Printing at chr: 10 pos:144521261 chunknumber 62600
	-> Printing at chr: 10 pos:144998757 chunknumber 62700
	-> Printing at chr: 10 pos:145132075 chunknumber 62800
	-> Printing at chr: 10 pos:145322588 chunknumber 62900
	-> Printing at chr: 10 pos:145638640 chunknumber 63000
	-> Printing at chr: 10 pos:145974569 chunknumber 63100
	-> Printing at chr: 10 pos:146166897 chunknumber 63200
	-> Printing at chr: 10 pos:146410054 chunknumber 63300
	-> Printing at chr: 10 pos:146624887 chunknumber 63400
	-> Printing at chr: 10 pos:146897296 chunknumber 63500
	-> Printing at chr: 10 pos:147233782 chunknumber 63600
	-> Printing at chr: 10 pos:147552449 chunknumber 63700
	-> Printing at chr: 10 pos:147870132 chunknumber 63800
	-> Printing at chr: 10 pos:148073778 chunknumber 63900
	-> Printing at chr: 10 pos:148312794 chunknumber 64000
	-> Printing at chr: 10 pos:148593372 chunknumber 64100
	-> Printing at chr: 10 pos:148722700 chunknumber 64200
	-> Printing at chr: 10 pos:148852206 chunknumber 64300
	-> Printing at chr: 10 pos:148994214 chunknumber 64400
	-> Printing at chr: 10 pos:149180397 chunknumber 64500
	-> Printing at chr: 10 pos:149324759 chunknumber 64600
	-> Printing at chr: 10 pos:149456859 chunknumber 64700
	-> Printing at chr: 10 pos:149587326 chunknumber 64800

	-> Done reading data waiting for calculations to finish
	-> Calling destroy
	-> Done waiting for threads
	-> Output filenames:
		->"TEMP/BKN_all_10.arg"
		->"TEMP/BKN_all_10.mafs.gz"
		->"TEMP/BKN_all_10.geno.gz"
		->"TEMP/BKN_all_10.saf"
		->"TEMP/BKN_all_10.saf.pos.gz"
	-> Fri Jul 25 16:45:27 2014
	-> Arguments and parameters for all analysis are located in .arg file
	[ALL done] cpu-time used =  28612.28 sec
	[ALL done] walltime used =  21252.00 sec
fname1:TEMP/BKN_all_10.saf nChr:46 startsfs:(null) nThreads:32 tole=0.000001 maxIter=100 nSites=9908205
The choice of -nSites will require: 3552.000000 megabyte memory, that is approx: 0.69% of total memory
dim(GL1)=9908205,47
startlik=-66739570.223731
[0] lik=-4149874.180611 diff=6.25897e+07
[1] lik=-4140528.974732 diff=9345.21
[2] lik=-4140446.951809 diff=82.0229
[3] lik=-4140444.489798 diff=2.46201
[4] lik=-4140443.987008 diff=0.50279
[5] lik=-4140443.777611 diff=0.209398
[6] lik=-4140443.681874 diff=0.0957367
[7] lik=-4140443.637097 diff=0.0447772
[8] lik=-4140443.615919 diff=0.0211774
[9] lik=-4140443.605878 diff=0.0100416
[10] lik=-4140443.601067 diff=0.00481122
[11] lik=-4140443.598779 diff=0.0022877
[12] lik=-4140443.597614 diff=0.00116473
[13] lik=-4140443.597080 diff=0.000534519
[14] lik=-4140443.596821 diff=0.000258536
[15] lik=-4140443.596698 diff=0.000122866
[16] lik=-4140443.596637 diff=6.14612e-05
[17] lik=-4140443.596607 diff=2.92729e-05
[18] lik=-4140443.596593 diff=1.46893e-05
[19] lik=-4140443.596585 diff=7.39004e-06
[20] lik=-4140443.596582 diff=3.64007e-06
[21] lik=-4140443.596580 diff=1.85426e-06
[22] lik=-4140443.596579 diff=9.51346e-07
likelihood: -4140443.596579
