Module BUILD 1.6 Loaded.
Module slurm/2.6.2 loaded 
Module angsd/570 loaded 
	-> Reading fasta: DATA/TRIP/TRIP.fa.gz
	-> Reading fasta: /group/jrigrp3/bottleneckProject/genomes/Zea_mays.AGPv3.22.dna.genome.fa
	-> Parsing 20 number of samples 
	-> Printing at chr: 10 pos:179900 chunknumber 100
	-> Printing at chr: 10 pos:427466 chunknumber 200
	-> Printing at chr: 10 pos:861995 chunknumber 300
	-> Printing at chr: 10 pos:1081024 chunknumber 400
	-> Printing at chr: 10 pos:1406288 chunknumber 500
	-> Printing at chr: 10 pos:1716976 chunknumber 600
	-> Printing at chr: 10 pos:1921251 chunknumber 700
	-> Printing at chr: 10 pos:2171320 chunknumber 800
	-> Printing at chr: 10 pos:2595923 chunknumber 900
	-> Printing at chr: 10 pos:2991132 chunknumber 1000
	-> Printing at chr: 10 pos:3377249 chunknumber 1100
	-> Printing at chr: 10 pos:3686702 chunknumber 1200
	-> Printing at chr: 10 pos:4141291 chunknumber 1300
	-> Printing at chr: 10 pos:4456209 chunknumber 1400
	-> Printing at chr: 10 pos:4671861 chunknumber 1500
	-> Printing at chr: 10 pos:4913613 chunknumber 1600
	-> Printing at chr: 10 pos:5308954 chunknumber 1700
	-> Printing at chr: 10 pos:5533686 chunknumber 1800
	-> Printing at chr: 10 pos:5910692 chunknumber 1900
	-> Printing at chr: 10 pos:6339099 chunknumber 2000
	-> Printing at chr: 10 pos:6491074 chunknumber 2100
	-> Printing at chr: 10 pos:6897263 chunknumber 2200
	-> Printing at chr: 10 pos:7061228 chunknumber 2300
	-> Printing at chr: 10 pos:7419774 chunknumber 2400
	-> Printing at chr: 10 pos:7741497 chunknumber 2500
	-> Printing at chr: 10 pos:7953730 chunknumber 2600
	-> Printing at chr: 10 pos:8223934 chunknumber 2700
	-> Printing at chr: 10 pos:8790692 chunknumber 2800
	-> Printing at chr: 10 pos:9101716 chunknumber 2900
	-> Printing at chr: 10 pos:9404015 chunknumber 3000
	-> Printing at chr: 10 pos:9898633 chunknumber 3100

	-> Done reading data waiting for calculations to finish
	-> Calling destroy
	-> Done waiting for threads
	-> Output filenames:
		->"TEMP/BKN_no_inb.arg"
		->"TEMP/BKN_no_inb.mafs.gz"
		->"TEMP/BKN_no_inb.saf"
		->"TEMP/BKN_no_inb.saf.pos.gz"
	-> Tue Jul 15 17:43:02 2014
	-> Arguments and parameters for all analysis are located in .arg file
	[ALL done] cpu-time used =  1074.75 sec
	[ALL done] walltime used =  864.00 sec
