Module BUILD 1.6 Loaded.
Module slurm/2.6.2 loaded 
	-> Reading fasta: DATA/TRIP/TRIP.fa.gz
	-> Reading fasta: /group/jrigrp3/bottleneckProject/genomes/Zea_mays.AGPv3.22.dna.genome.fa
	->(Using Filipe modification of: abcSaf.cpp)
	-> Parsing 15 number of samples 
	-> Printing at chr: 10 pos:41469 chunknumber 100
	-> Printing at chr: 10 pos:51866 chunknumber 200
	-> Printing at chr: 10 pos:70533 chunknumber 300
	-> Printing at chr: 10 pos:146882 chunknumber 400
	-> Printing at chr: 10 pos:264639 chunknumber 500
	-> Printing at chr: 10 pos:363510 chunknumber 600
	-> Printing at chr: 10 pos:463790 chunknumber 700
	-> Printing at chr: 10 pos:540453 chunknumber 800
	-> Printing at chr: 10 pos:574035 chunknumber 900
	-> Printing at chr: 10 pos:605824 chunknumber 1000
	-> Printing at chr: 10 pos:655915 chunknumber 1100
	-> Printing at chr: 10 pos:686149 chunknumber 1200
	-> Printing at chr: 10 pos:712160 chunknumber 1300
	-> Printing at chr: 10 pos:760391 chunknumber 1400
	-> Printing at chr: 10 pos:781699 chunknumber 1500
	-> Printing at chr: 10 pos:808528 chunknumber 1600
	-> Printing at chr: 10 pos:835209 chunknumber 1700
	-> Printing at chr: 10 pos:873163 chunknumber 1800
	-> Printing at chr: 10 pos:936307 chunknumber 1900
	-> Printing at chr: 10 pos:966356 chunknumber 2000
	-> Printing at chr: 10 pos:1019752 chunknumber 2100
	-> Printing at chr: 10 pos:1046257 chunknumber 2200
	-> Printing at chr: 10 pos:1120629 chunknumber 2300
	-> Printing at chr: 10 pos:1519314 chunknumber 2400
	-> Printing at chr: 10 pos:1778751 chunknumber 2500
	-> Printing at chr: 10 pos:1971307 chunknumber 2600
	-> Printing at chr: 10 pos:2292187 chunknumber 2700
	-> Printing at chr: 10 pos:2565987 chunknumber 2800
	-> Printing at chr: 10 pos:2868472 chunknumber 2900
	-> Printing at chr: 10 pos:3090875 chunknumber 3000
	-> Printing at chr: 10 pos:3124278 chunknumber 3100
	-> Printing at chr: 10 pos:3134476 chunknumber 3200
	-> Printing at chr: 10 pos:3249856 chunknumber 3300
	-> Printing at chr: 10 pos:3596379 chunknumber 3400
	-> Printing at chr: 10 pos:3962458 chunknumber 3500
	-> Printing at chr: 10 pos:4145374 chunknumber 3600
	-> Printing at chr: 10 pos:4255134 chunknumber 3700
	-> Printing at chr: 10 pos:4340535 chunknumber 3800
	-> Printing at chr: 10 pos:4410200 chunknumber 3900
	-> Printing at chr: 10 pos:4417454 chunknumber 4000
	-> Printing at chr: 10 pos:4434831 chunknumber 4100
	-> Printing at chr: 10 pos:4438139 chunknumber 4200
	-> Printing at chr: 10 pos:4443249 chunknumber 4300
	-> Printing at chr: 10 pos:4484237 chunknumber 4400
	-> Printing at chr: 10 pos:4499352 chunknumber 4500
	-> Printing at chr: 10 pos:4867689 chunknumber 4600
	-> Printing at chr: 10 pos:5217480 chunknumber 4700
	-> Printing at chr: 10 pos:5446164 chunknumber 4800
	-> Printing at chr: 10 pos:5778464 chunknumber 4900
	-> Printing at chr: 10 pos:6051173 chunknumber 5000
	-> Printing at chr: 10 pos:6234614 chunknumber 5100
	-> Printing at chr: 10 pos:6425764 chunknumber 5200
	-> Printing at chr: 10 pos:6527486 chunknumber 5300
	-> Printing at chr: 10 pos:6872531 chunknumber 5400
	-> Printing at chr: 10 pos:6918580 chunknumber 5500
	-> Printing at chr: 10 pos:7050498 chunknumber 5600
	-> Printing at chr: 10 pos:7173891 chunknumber 5700
	-> Printing at chr: 10 pos:7249653 chunknumber 5800
	-> Printing at chr: 10 pos:7583656 chunknumber 5900
	-> Printing at chr: 10 pos:7649438 chunknumber 6000
	-> Printing at chr: 10 pos:7825023 chunknumber 6100
	-> Printing at chr: 10 pos:8107343 chunknumber 6200
	-> Printing at chr: 10 pos:8147162 chunknumber 6300
	-> Printing at chr: 10 pos:8170425 chunknumber 6400
	-> Printing at chr: 10 pos:8222085 chunknumber 6500
	-> Printing at chr: 10 pos:8258581 chunknumber 6600
	-> Printing at chr: 10 pos:8384933 chunknumber 6700
	-> Printing at chr: 10 pos:8503367 chunknumber 6800
	-> Printing at chr: 10 pos:8605458 chunknumber 6900
	-> Printing at chr: 10 pos:8819854 chunknumber 7000
	-> Printing at chr: 10 pos:8840616 chunknumber 7100
	-> Printing at chr: 10 pos:9082088 chunknumber 7200
	-> Printing at chr: 10 pos:9289894 chunknumber 7300
	-> Printing at chr: 10 pos:9468644 chunknumber 7400
	-> Printing at chr: 10 pos:9578326 chunknumber 7500
	-> Printing at chr: 10 pos:9859758 chunknumber 7600
	-> Printing at chr: 10 pos:9897286 chunknumber 7700
	-> Printing at chr: 10 pos:9969223 chunknumber 7800
	-> Printing at chr: 10 pos:9984971 chunknumber 7900
	-> Printing at chr: 10 pos:10165351 chunknumber 8000
	-> Printing at chr: 10 pos:10269227 chunknumber 8100
	-> Printing at chr: 10 pos:10411312 chunknumber 8200
	-> Printing at chr: 10 pos:10468650 chunknumber 8300
	-> Printing at chr: 10 pos:10647377 chunknumber 8400
	-> Printing at chr: 10 pos:10697647 chunknumber 8500
	-> Printing at chr: 10 pos:10752770 chunknumber 8600
	-> Printing at chr: 10 pos:10879860 chunknumber 8700
	-> Printing at chr: 10 pos:10943306 chunknumber 8800
	-> Printing at chr: 10 pos:10979427 chunknumber 8900
	-> Printing at chr: 10 pos:11008410 chunknumber 9000
	-> Printing at chr: 10 pos:11051955 chunknumber 9100
	-> Printing at chr: 10 pos:11211891 chunknumber 9200
	-> Printing at chr: 10 pos:11311059 chunknumber 9300
	-> Printing at chr: 10 pos:11532111 chunknumber 9400
	-> Printing at chr: 10 pos:11713400 chunknumber 9500
	-> Printing at chr: 10 pos:11855478 chunknumber 9600
	-> Printing at chr: 10 pos:12115234 chunknumber 9700
	-> Printing at chr: 10 pos:12287670 chunknumber 9800
	-> Printing at chr: 10 pos:12458923 chunknumber 9900
	-> Printing at chr: 10 pos:12622173 chunknumber 10000
	-> Printing at chr: 10 pos:12707157 chunknumber 10100
	-> Printing at chr: 10 pos:12742530 chunknumber 10200
	-> Printing at chr: 10 pos:12789555 chunknumber 10300
	-> Printing at chr: 10 pos:12834611 chunknumber 10400
	-> Printing at chr: 10 pos:12892864 chunknumber 10500
	-> Printing at chr: 10 pos:12919375 chunknumber 10600
	-> Printing at chr: 10 pos:13081601 chunknumber 10700
	-> Printing at chr: 10 pos:13104142 chunknumber 10800
	-> Printing at chr: 10 pos:13137511 chunknumber 10900
	-> Printing at chr: 10 pos:13262077 chunknumber 11000
	-> Printing at chr: 10 pos:13401559 chunknumber 11100
	-> Printing at chr: 10 pos:13661785 chunknumber 11200
	-> Printing at chr: 10 pos:13684301 chunknumber 11300
	-> Printing at chr: 10 pos:13735515 chunknumber 11400
	-> Printing at chr: 10 pos:13816133 chunknumber 11500
	-> Printing at chr: 10 pos:13966419 chunknumber 11600
	-> Printing at chr: 10 pos:14101448 chunknumber 11700
	-> Printing at chr: 10 pos:14210046 chunknumber 11800
	-> Printing at chr: 10 pos:14297185 chunknumber 11900
	-> Printing at chr: 10 pos:14560698 chunknumber 12000
	-> Printing at chr: 10 pos:14623009 chunknumber 12100
	-> Printing at chr: 10 pos:14684740 chunknumber 12200
	-> Printing at chr: 10 pos:14834021 chunknumber 12300
	-> Printing at chr: 10 pos:14860101 chunknumber 12400
	-> Printing at chr: 10 pos:14962992 chunknumber 12500
	-> Printing at chr: 10 pos:15132501 chunknumber 12600
	-> Printing at chr: 10 pos:15290839 chunknumber 12700
	-> Printing at chr: 10 pos:15339235 chunknumber 12800
	-> Printing at chr: 10 pos:15547409 chunknumber 12900
	-> Printing at chr: 10 pos:15940809 chunknumber 13000
	-> Printing at chr: 10 pos:16124236 chunknumber 13100
	-> Printing at chr: 10 pos:16288258 chunknumber 13200
	-> Printing at chr: 10 pos:16371304 chunknumber 13300
	-> Printing at chr: 10 pos:16589170 chunknumber 13400
	-> Printing at chr: 10 pos:16653799 chunknumber 13500
	-> Printing at chr: 10 pos:16698431 chunknumber 13600
	-> Printing at chr: 10 pos:16726498 chunknumber 13700
	-> Printing at chr: 10 pos:16752910 chunknumber 13800
	-> Printing at chr: 10 pos:16773609 chunknumber 13900
	-> Printing at chr: 10 pos:16813755 chunknumber 14000
	-> Printing at chr: 10 pos:16862166 chunknumber 14100
	-> Printing at chr: 10 pos:16884949 chunknumber 14200
	-> Printing at chr: 10 pos:16954862 chunknumber 14300
	-> Printing at chr: 10 pos:17007631 chunknumber 14400
	-> Printing at chr: 10 pos:17039500 chunknumber 14500
	-> Printing at chr: 10 pos:17070923 chunknumber 14600
	-> Printing at chr: 10 pos:17100675 chunknumber 14700
	-> Printing at chr: 10 pos:17113140 chunknumber 14800
	-> Printing at chr: 10 pos:17154168 chunknumber 14900
	-> Printing at chr: 10 pos:17231092 chunknumber 15000
	-> Printing at chr: 10 pos:17254273 chunknumber 15100
	-> Printing at chr: 10 pos:17277043 chunknumber 15200
	-> Printing at chr: 10 pos:17297442 chunknumber 15300
	-> Printing at chr: 10 pos:17332447 chunknumber 15400
	-> Printing at chr: 10 pos:17377755 chunknumber 15500
	-> Printing at chr: 10 pos:17409896 chunknumber 15600
	-> Printing at chr: 10 pos:17441062 chunknumber 15700
	-> Printing at chr: 10 pos:17494001 chunknumber 15800
	-> Printing at chr: 10 pos:17660152 chunknumber 15900
	-> Printing at chr: 10 pos:17851612 chunknumber 16000
	-> Printing at chr: 10 pos:17906026 chunknumber 16100
	-> Printing at chr: 10 pos:17970997 chunknumber 16200
	-> Printing at chr: 10 pos:18051190 chunknumber 16300
	-> Printing at chr: 10 pos:18123227 chunknumber 16400
	-> Printing at chr: 10 pos:18185108 chunknumber 16500
	-> Printing at chr: 10 pos:18236422 chunknumber 16600
	-> Printing at chr: 10 pos:18260575 chunknumber 16700
	-> Printing at chr: 10 pos:18333154 chunknumber 16800
	-> Printing at chr: 10 pos:18459360 chunknumber 16900
	-> Printing at chr: 10 pos:18563763 chunknumber 17000
	-> Printing at chr: 10 pos:18712188 chunknumber 17100
	-> Printing at chr: 10 pos:18807962 chunknumber 17200
	-> Printing at chr: 10 pos:18856283 chunknumber 17300
	-> Printing at chr: 10 pos:18916911 chunknumber 17400
	-> Printing at chr: 10 pos:19031510 chunknumber 17500
	-> Printing at chr: 10 pos:19215539 chunknumber 17600
	-> Printing at chr: 10 pos:19347065 chunknumber 17700
	-> Printing at chr: 10 pos:19501552 chunknumber 17800
	-> Printing at chr: 10 pos:19565644 chunknumber 17900
	-> Printing at chr: 10 pos:19611591 chunknumber 18000
	-> Printing at chr: 10 pos:19631610 chunknumber 18100
	-> Printing at chr: 10 pos:19678399 chunknumber 18200
	-> Printing at chr: 10 pos:19722298 chunknumber 18300
	-> Printing at chr: 10 pos:19768906 chunknumber 18400
	-> Printing at chr: 10 pos:19791723 chunknumber 18500
	-> Printing at chr: 10 pos:19823599 chunknumber 18600
	-> Printing at chr: 10 pos:19917358 chunknumber 18700
	-> Printing at chr: 10 pos:19949647 chunknumber 18800
	-> Printing at chr: 10 pos:20026839 chunknumber 18900
	-> Printing at chr: 10 pos:20117183 chunknumber 19000
	-> Printing at chr: 10 pos:20174611 chunknumber 19100
	-> Printing at chr: 10 pos:20221929 chunknumber 19200
	-> Printing at chr: 10 pos:20257068 chunknumber 19300
	-> Printing at chr: 10 pos:20325478 chunknumber 19400
	-> Printing at chr: 10 pos:20483933 chunknumber 19500
	-> Printing at chr: 10 pos:20688947 chunknumber 19600
	-> Printing at chr: 10 pos:20795017 chunknumber 19700
	-> Printing at chr: 10 pos:20825856 chunknumber 19800
	-> Printing at chr: 10 pos:20872262 chunknumber 19900
	-> Printing at chr: 10 pos:20936059 chunknumber 20000
	-> Printing at chr: 10 pos:21037697 chunknumber 20100
	-> Printing at chr: 10 pos:21123855 chunknumber 20200
	-> Printing at chr: 10 pos:21163440 chunknumber 20300
	-> Printing at chr: 10 pos:21258002 chunknumber 20400
	-> Printing at chr: 10 pos:21346827 chunknumber 20500
	-> Printing at chr: 10 pos:21484426 chunknumber 20600
	-> Printing at chr: 10 pos:21590459 chunknumber 20700
	-> Printing at chr: 10 pos:21811498 chunknumber 20800
	-> Printing at chr: 10 pos:21965347 chunknumber 20900
	-> Printing at chr: 10 pos:22146497 chunknumber 21000
	-> Printing at chr: 10 pos:22184381 chunknumber 21100
	-> Printing at chr: 10 pos:22216457 chunknumber 21200
	-> Printing at chr: 10 pos:22263646 chunknumber 21300
	-> Printing at chr: 10 pos:22409177 chunknumber 21400
	-> Printing at chr: 10 pos:22549898 chunknumber 21500
	-> Printing at chr: 10 pos:22703589 chunknumber 21600
	-> Printing at chr: 10 pos:22889313 chunknumber 21700
	-> Printing at chr: 10 pos:22942923 chunknumber 21800
	-> Printing at chr: 10 pos:23113751 chunknumber 21900
	-> Printing at chr: 10 pos:23153210 chunknumber 22000
	-> Printing at chr: 10 pos:23248220 chunknumber 22100
	-> Printing at chr: 10 pos:23516355 chunknumber 22200
	-> Printing at chr: 10 pos:23755168 chunknumber 22300
	-> Printing at chr: 10 pos:23882595 chunknumber 22400
	-> Printing at chr: 10 pos:23927965 chunknumber 22500
	-> Printing at chr: 10 pos:23970489 chunknumber 22600
	-> Printing at chr: 10 pos:24007089 chunknumber 22700
	-> Printing at chr: 10 pos:24036091 chunknumber 22800
	-> Printing at chr: 10 pos:24047929 chunknumber 22900
	-> Printing at chr: 10 pos:24065170 chunknumber 23000
	-> Printing at chr: 10 pos:24098391 chunknumber 23100
	-> Printing at chr: 10 pos:24136381 chunknumber 23200
	-> Printing at chr: 10 pos:24210313 chunknumber 23300
	-> Printing at chr: 10 pos:24271784 chunknumber 23400
	-> Printing at chr: 10 pos:24310366 chunknumber 23500
	-> Printing at chr: 10 pos:24337520 chunknumber 23600
	-> Printing at chr: 10 pos:24405386 chunknumber 23700
	-> Printing at chr: 10 pos:24497696 chunknumber 23800
	-> Printing at chr: 10 pos:24610336 chunknumber 23900
	-> Printing at chr: 10 pos:24648430 chunknumber 24000
	-> Printing at chr: 10 pos:24865781 chunknumber 24100
	-> Printing at chr: 10 pos:25011807 chunknumber 24200
	-> Printing at chr: 10 pos:25101379 chunknumber 24300
	-> Printing at chr: 10 pos:25157502 chunknumber 24400
	-> Printing at chr: 10 pos:25176721 chunknumber 24500
	-> Printing at chr: 10 pos:25214003 chunknumber 24600
	-> Printing at chr: 10 pos:25261158 chunknumber 24700
	-> Printing at chr: 10 pos:25289524 chunknumber 24800
	-> Printing at chr: 10 pos:25438504 chunknumber 24900
	-> Printing at chr: 10 pos:25665381 chunknumber 25000
	-> Printing at chr: 10 pos:25832322 chunknumber 25100
	-> Printing at chr: 10 pos:25886194 chunknumber 25200
	-> Printing at chr: 10 pos:26219709 chunknumber 25300
	-> Printing at chr: 10 pos:26474713 chunknumber 25400
	-> Printing at chr: 10 pos:26542271 chunknumber 25500
	-> Printing at chr: 10 pos:26584710 chunknumber 25600
	-> Printing at chr: 10 pos:26688407 chunknumber 25700
	-> Printing at chr: 10 pos:26768941 chunknumber 25800
	-> Printing at chr: 10 pos:26921431 chunknumber 25900
	-> Printing at chr: 10 pos:27057057 chunknumber 26000
	-> Printing at chr: 10 pos:27178130 chunknumber 26100
	-> Printing at chr: 10 pos:27360342 chunknumber 26200
	-> Printing at chr: 10 pos:27526702 chunknumber 26300
	-> Printing at chr: 10 pos:27666624 chunknumber 26400
	-> Printing at chr: 10 pos:27717492 chunknumber 26500
	-> Printing at chr: 10 pos:27801073 chunknumber 26600
	-> Printing at chr: 10 pos:27965607 chunknumber 26700
	-> Printing at chr: 10 pos:28095563 chunknumber 26800
	-> Printing at chr: 10 pos:28230049 chunknumber 26900
	-> Printing at chr: 10 pos:28446545 chunknumber 27000
	-> Printing at chr: 10 pos:28501744 chunknumber 27100
	-> Printing at chr: 10 pos:28559586 chunknumber 27200
	-> Printing at chr: 10 pos:28585948 chunknumber 27300
	-> Printing at chr: 10 pos:28641385 chunknumber 27400
	-> Printing at chr: 10 pos:28661863 chunknumber 27500
	-> Printing at chr: 10 pos:28706580 chunknumber 27600
	-> Printing at chr: 10 pos:28751744 chunknumber 27700
	-> Printing at chr: 10 pos:28787721 chunknumber 27800
	-> Printing at chr: 10 pos:28829002 chunknumber 27900
	-> Printing at chr: 10 pos:28870339 chunknumber 28000
	-> Printing at chr: 10 pos:28896206 chunknumber 28100
	-> Printing at chr: 10 pos:28941365 chunknumber 28200
	-> Printing at chr: 10 pos:29004013 chunknumber 28300
	-> Printing at chr: 10 pos:29044989 chunknumber 28400
	-> Printing at chr: 10 pos:29076760 chunknumber 28500
	-> Printing at chr: 10 pos:29129745 chunknumber 28600
	-> Printing at chr: 10 pos:29157094 chunknumber 28700
	-> Printing at chr: 10 pos:29183212 chunknumber 28800
	-> Printing at chr: 10 pos:29220233 chunknumber 28900
	-> Printing at chr: 10 pos:29273352 chunknumber 29000
	-> Printing at chr: 10 pos:29305308 chunknumber 29100
	-> Printing at chr: 10 pos:29441541 chunknumber 29200
	-> Printing at chr: 10 pos:29528073 chunknumber 29300
	-> Printing at chr: 10 pos:29669082 chunknumber 29400
	-> Printing at chr: 10 pos:29801565 chunknumber 29500
	-> Printing at chr: 10 pos:29924315 chunknumber 29600
	-> Printing at chr: 10 pos:30003920 chunknumber 29700
	-> Printing at chr: 10 pos:30081035 chunknumber 29800
	-> Printing at chr: 10 pos:30234902 chunknumber 29900
	-> Printing at chr: 10 pos:30357828 chunknumber 30000
	-> Printing at chr: 10 pos:30395975 chunknumber 30100
	-> Printing at chr: 10 pos:30446415 chunknumber 30200
	-> Printing at chr: 10 pos:30492809 chunknumber 30300
	-> Printing at chr: 10 pos:30517288 chunknumber 30400
	-> Printing at chr: 10 pos:30537702 chunknumber 30500
	-> Printing at chr: 10 pos:30568060 chunknumber 30600
	-> Printing at chr: 10 pos:30595511 chunknumber 30700
	-> Printing at chr: 10 pos:30621794 chunknumber 30800
	-> Printing at chr: 10 pos:30684279 chunknumber 30900
	-> Printing at chr: 10 pos:30738495 chunknumber 31000
	-> Printing at chr: 10 pos:30766735 chunknumber 31100
	-> Printing at chr: 10 pos:30811816 chunknumber 31200
	-> Printing at chr: 10 pos:30839589 chunknumber 31300
	-> Printing at chr: 10 pos:30953587 chunknumber 31400
	-> Printing at chr: 10 pos:31082011 chunknumber 31500
	-> Printing at chr: 10 pos:31238011 chunknumber 31600
	-> Printing at chr: 10 pos:31300475 chunknumber 31700
	-> Printing at chr: 10 pos:31352954 chunknumber 31800
	-> Printing at chr: 10 pos:31386379 chunknumber 31900
	-> Printing at chr: 10 pos:31478240 chunknumber 32000
	-> Printing at chr: 10 pos:31591837 chunknumber 32100
	-> Printing at chr: 10 pos:31699862 chunknumber 32200
	-> Printing at chr: 10 pos:31812251 chunknumber 32300
	-> Printing at chr: 10 pos:31924150 chunknumber 32400
	-> Printing at chr: 10 pos:32016536 chunknumber 32500
	-> Printing at chr: 10 pos:32045413 chunknumber 32600
	-> Printing at chr: 10 pos:32074918 chunknumber 32700
	-> Printing at chr: 10 pos:32106978 chunknumber 32800
	-> Printing at chr: 10 pos:32125166 chunknumber 32900
	-> Printing at chr: 10 pos:32161095 chunknumber 33000
	-> Printing at chr: 10 pos:32201974 chunknumber 33100
	-> Printing at chr: 10 pos:32317758 chunknumber 33200
	-> Printing at chr: 10 pos:32411278 chunknumber 33300
	-> Printing at chr: 10 pos:32473970 chunknumber 33400
	-> Printing at chr: 10 pos:32521266 chunknumber 33500
	-> Printing at chr: 10 pos:32580404 chunknumber 33600
	-> Printing at chr: 10 pos:32650289 chunknumber 33700
	-> Printing at chr: 10 pos:32729214 chunknumber 33800
	-> Printing at chr: 10 pos:32791274 chunknumber 33900
	-> Printing at chr: 10 pos:32854238 chunknumber 34000
	-> Printing at chr: 10 pos:33001864 chunknumber 34100
	-> Printing at chr: 10 pos:33100354 chunknumber 34200
	-> Printing at chr: 10 pos:33173599 chunknumber 34300
	-> Printing at chr: 10 pos:33240529 chunknumber 34400
	-> Printing at chr: 10 pos:33385373 chunknumber 34500
	-> Printing at chr: 10 pos:33511474 chunknumber 34600
	-> Printing at chr: 10 pos:33605487 chunknumber 34700
	-> Printing at chr: 10 pos:33676403 chunknumber 34800
	-> Printing at chr: 10 pos:33813672 chunknumber 34900
	-> Printing at chr: 10 pos:33908030 chunknumber 35000
	-> Printing at chr: 10 pos:34086209 chunknumber 35100
	-> Printing at chr: 10 pos:34169958 chunknumber 35200
	-> Printing at chr: 10 pos:34207205 chunknumber 35300
	-> Printing at chr: 10 pos:34313953 chunknumber 35400
	-> Printing at chr: 10 pos:34341047 chunknumber 35500
	-> Printing at chr: 10 pos:34417456 chunknumber 35600
	-> Printing at chr: 10 pos:34449858 chunknumber 35700
	-> Printing at chr: 10 pos:34489644 chunknumber 35800
	-> Printing at chr: 10 pos:34533560 chunknumber 35900
	-> Printing at chr: 10 pos:34559448 chunknumber 36000
	-> Printing at chr: 10 pos:34590847 chunknumber 36100
	-> Printing at chr: 10 pos:34652264 chunknumber 36200
	-> Printing at chr: 10 pos:34713188 chunknumber 36300
	-> Printing at chr: 10 pos:34790332 chunknumber 36400
	-> Printing at chr: 10 pos:34833211 chunknumber 36500
	-> Printing at chr: 10 pos:35016526 chunknumber 36600
	-> Printing at chr: 10 pos:35044003 chunknumber 36700
	-> Printing at chr: 10 pos:35124469 chunknumber 36800
	-> Printing at chr: 10 pos:35154764 chunknumber 36900
	-> Printing at chr: 10 pos:35185948 chunknumber 37000
	-> Printing at chr: 10 pos:35410509 chunknumber 37100
	-> Printing at chr: 10 pos:35468442 chunknumber 37200
	-> Printing at chr: 10 pos:35499132 chunknumber 37300
	-> Printing at chr: 10 pos:35553244 chunknumber 37400
	-> Printing at chr: 10 pos:35627490 chunknumber 37500
	-> Printing at chr: 10 pos:35694607 chunknumber 37600
	-> Printing at chr: 10 pos:35866033 chunknumber 37700
	-> Printing at chr: 10 pos:35937500 chunknumber 37800
	-> Printing at chr: 10 pos:35967839 chunknumber 37900
	-> Printing at chr: 10 pos:36066594 chunknumber 38000
	-> Printing at chr: 10 pos:36267783 chunknumber 38100
	-> Printing at chr: 10 pos:36288396 chunknumber 38200
	-> Printing at chr: 10 pos:36309098 chunknumber 38300
	-> Printing at chr: 10 pos:36341793 chunknumber 38400
	-> Printing at chr: 10 pos:36472827 chunknumber 38500
	-> Printing at chr: 10 pos:36567962 chunknumber 38600
	-> Printing at chr: 10 pos:36779370 chunknumber 38700
	-> Printing at chr: 10 pos:36845889 chunknumber 38800
	-> Printing at chr: 10 pos:36890270 chunknumber 38900
	-> Printing at chr: 10 pos:36911668 chunknumber 39000
	-> Printing at chr: 10 pos:36978839 chunknumber 39100
	-> Printing at chr: 10 pos:37014060 chunknumber 39200
	-> Printing at chr: 10 pos:37040011 chunknumber 39300
	-> Printing at chr: 10 pos:37066084 chunknumber 39400
	-> Printing at chr: 10 pos:37087452 chunknumber 39500
	-> Printing at chr: 10 pos:37154123 chunknumber 39600
	-> Printing at chr: 10 pos:37197517 chunknumber 39700
	-> Printing at chr: 10 pos:37257355 chunknumber 39800
	-> Printing at chr: 10 pos:37292792 chunknumber 39900
	-> Printing at chr: 10 pos:37316870 chunknumber 40000
	-> Printing at chr: 10 pos:37368818 chunknumber 40100
	-> Printing at chr: 10 pos:37408926 chunknumber 40200
	-> Printing at chr: 10 pos:37614510 chunknumber 40300
	-> Printing at chr: 10 pos:37819603 chunknumber 40400
	-> Printing at chr: 10 pos:37843985 chunknumber 40500
	-> Printing at chr: 10 pos:37895705 chunknumber 40600
	-> Printing at chr: 10 pos:37977641 chunknumber 40700
	-> Printing at chr: 10 pos:38023035 chunknumber 40800
	-> Printing at chr: 10 pos:38060182 chunknumber 40900
	-> Printing at chr: 10 pos:38155546 chunknumber 41000
	-> Printing at chr: 10 pos:38200963 chunknumber 41100
	-> Printing at chr: 10 pos:38274870 chunknumber 41200
	-> Printing at chr: 10 pos:38332307 chunknumber 41300
	-> Printing at chr: 10 pos:38384371 chunknumber 41400
	-> Printing at chr: 10 pos:38450074 chunknumber 41500
	-> Printing at chr: 10 pos:38513266 chunknumber 41600
	-> Printing at chr: 10 pos:38623924 chunknumber 41700
	-> Printing at chr: 10 pos:38661656 chunknumber 41800
	-> Printing at chr: 10 pos:38697461 chunknumber 41900
	-> Printing at chr: 10 pos:38744908 chunknumber 42000
	-> Printing at chr: 10 pos:38830798 chunknumber 42100
	-> Printing at chr: 10 pos:38876759 chunknumber 42200
	-> Printing at chr: 10 pos:38909892 chunknumber 42300
	-> Printing at chr: 10 pos:38961243 chunknumber 42400
	-> Printing at chr: 10 pos:39121131 chunknumber 42500
	-> Printing at chr: 10 pos:39156631 chunknumber 42600
	-> Printing at chr: 10 pos:39201102 chunknumber 42700
	-> Printing at chr: 10 pos:39397559 chunknumber 42800
	-> Printing at chr: 10 pos:39523791 chunknumber 42900
	-> Printing at chr: 10 pos:39587059 chunknumber 43000
	-> Printing at chr: 10 pos:39634175 chunknumber 43100
	-> Printing at chr: 10 pos:39735072 chunknumber 43200
	-> Printing at chr: 10 pos:39885645 chunknumber 43300
	-> Printing at chr: 10 pos:40064820 chunknumber 43400
	-> Printing at chr: 10 pos:40151391 chunknumber 43500
	-> Printing at chr: 10 pos:40233073 chunknumber 43600
	-> Printing at chr: 10 pos:40273425 chunknumber 43700
	-> Printing at chr: 10 pos:40300960 chunknumber 43800
	-> Printing at chr: 10 pos:40330771 chunknumber 43900
	-> Printing at chr: 10 pos:40412787 chunknumber 44000
	-> Printing at chr: 10 pos:40624424 chunknumber 44100
	-> Printing at chr: 10 pos:40744147 chunknumber 44200
	-> Printing at chr: 10 pos:40875979 chunknumber 44300
	-> Printing at chr: 10 pos:40966970 chunknumber 44400
	-> Printing at chr: 10 pos:41047828 chunknumber 44500
	-> Printing at chr: 10 pos:41082311 chunknumber 44600
	-> Printing at chr: 10 pos:41165937 chunknumber 44700
	-> Printing at chr: 10 pos:41188010 chunknumber 44800
	-> Printing at chr: 10 pos:41213999 chunknumber 44900
	-> Printing at chr: 10 pos:41247349 chunknumber 45000
	-> Printing at chr: 10 pos:41273015 chunknumber 45100
	-> Printing at chr: 10 pos:41326809 chunknumber 45200
	-> Printing at chr: 10 pos:41398013 chunknumber 45300
	-> Printing at chr: 10 pos:41425271 chunknumber 45400
	-> Printing at chr: 10 pos:41458446 chunknumber 45500
	-> Printing at chr: 10 pos:41507843 chunknumber 45600
	-> Printing at chr: 10 pos:41536634 chunknumber 45700
	-> Printing at chr: 10 pos:41563905 chunknumber 45800
	-> Printing at chr: 10 pos:41631548 chunknumber 45900
	-> Printing at chr: 10 pos:41657109 chunknumber 46000
	-> Printing at chr: 10 pos:41679316 chunknumber 46100
	-> Printing at chr: 10 pos:41718325 chunknumber 46200
	-> Printing at chr: 10 pos:41751932 chunknumber 46300
	-> Printing at chr: 10 pos:41782869 chunknumber 46400
	-> Printing at chr: 10 pos:41842284 chunknumber 46500
	-> Printing at chr: 10 pos:41874604 chunknumber 46600
	-> Printing at chr: 10 pos:41907643 chunknumber 46700
	-> Printing at chr: 10 pos:41953984 chunknumber 46800
	-> Printing at chr: 10 pos:41990597 chunknumber 46900
	-> Printing at chr: 10 pos:42069730 chunknumber 47000
	-> Printing at chr: 10 pos:42124853 chunknumber 47100
	-> Printing at chr: 10 pos:42150177 chunknumber 47200
	-> Printing at chr: 10 pos:42178945 chunknumber 47300
	-> Printing at chr: 10 pos:42225866 chunknumber 47400
	-> Printing at chr: 10 pos:42267014 chunknumber 47500
	-> Printing at chr: 10 pos:42290403 chunknumber 47600
	-> Printing at chr: 10 pos:42313673 chunknumber 47700
	-> Printing at chr: 10 pos:42377222 chunknumber 47800
	-> Printing at chr: 10 pos:42419352 chunknumber 47900
	-> Printing at chr: 10 pos:42446040 chunknumber 48000
	-> Printing at chr: 10 pos:42486593 chunknumber 48100
	-> Printing at chr: 10 pos:42520645 chunknumber 48200
	-> Printing at chr: 10 pos:42560334 chunknumber 48300
	-> Printing at chr: 10 pos:42588438 chunknumber 48400
	-> Printing at chr: 10 pos:42630274 chunknumber 48500
	-> Printing at chr: 10 pos:42660547 chunknumber 48600
	-> Printing at chr: 10 pos:42703360 chunknumber 48700
	-> Printing at chr: 10 pos:42738494 chunknumber 48800
	-> Printing at chr: 10 pos:42767077 chunknumber 48900
	-> Printing at chr: 10 pos:42805560 chunknumber 49000
	-> Printing at chr: 10 pos:42841517 chunknumber 49100
	-> Printing at chr: 10 pos:42904985 chunknumber 49200
	-> Printing at chr: 10 pos:42944051 chunknumber 49300
	-> Printing at chr: 10 pos:42985888 chunknumber 49400
	-> Printing at chr: 10 pos:43014459 chunknumber 49500
	-> Printing at chr: 10 pos:43036091 chunknumber 49600
	-> Printing at chr: 10 pos:43061982 chunknumber 49700
	-> Printing at chr: 10 pos:43103213 chunknumber 49800
	-> Printing at chr: 10 pos:43131830 chunknumber 49900
	-> Printing at chr: 10 pos:43185274 chunknumber 50000
	-> Printing at chr: 10 pos:43217597 chunknumber 50100
	-> Printing at chr: 10 pos:43257635 chunknumber 50200
	-> Printing at chr: 10 pos:43300794 chunknumber 50300
	-> Printing at chr: 10 pos:43331386 chunknumber 50400
	-> Printing at chr: 10 pos:43364661 chunknumber 50500
	-> Printing at chr: 10 pos:43390156 chunknumber 50600
	-> Printing at chr: 10 pos:43435083 chunknumber 50700
	-> Printing at chr: 10 pos:43466815 chunknumber 50800
	-> Printing at chr: 10 pos:43499464 chunknumber 50900
	-> Printing at chr: 10 pos:43525470 chunknumber 51000
	-> Printing at chr: 10 pos:43592286 chunknumber 51100
	-> Printing at chr: 10 pos:43627283 chunknumber 51200
	-> Printing at chr: 10 pos:43651129 chunknumber 51300
	-> Printing at chr: 10 pos:43690426 chunknumber 51400
	-> Printing at chr: 10 pos:43717354 chunknumber 51500
	-> Printing at chr: 10 pos:43748669 chunknumber 51600
	-> Printing at chr: 10 pos:43773447 chunknumber 51700
	-> Printing at chr: 10 pos:43795739 chunknumber 51800
	-> Printing at chr: 10 pos:43829708 chunknumber 51900
	-> Printing at chr: 10 pos:43854343 chunknumber 52000
	-> Printing at chr: 10 pos:43892175 chunknumber 52100
	-> Printing at chr: 10 pos:43968527 chunknumber 52200
	-> Printing at chr: 10 pos:44003525 chunknumber 52300
	-> Printing at chr: 10 pos:44025457 chunknumber 52400
	-> Printing at chr: 10 pos:44055503 chunknumber 52500
	-> Printing at chr: 10 pos:44282018 chunknumber 52600
	-> Printing at chr: 10 pos:44359772 chunknumber 52700
	-> Printing at chr: 10 pos:44387369 chunknumber 52800
	-> Printing at chr: 10 pos:44451037 chunknumber 52900
	-> Printing at chr: 10 pos:44488006 chunknumber 53000
	-> Printing at chr: 10 pos:44513082 chunknumber 53100
	-> Printing at chr: 10 pos:44541018 chunknumber 53200
	-> Printing at chr: 10 pos:44612194 chunknumber 53300
	-> Printing at chr: 10 pos:44633725 chunknumber 53400
	-> Printing at chr: 10 pos:44655260 chunknumber 53500
	-> Printing at chr: 10 pos:44702438 chunknumber 53600
	-> Printing at chr: 10 pos:44758658 chunknumber 53700
	-> Printing at chr: 10 pos:44807629 chunknumber 53800
	-> Printing at chr: 10 pos:44839112 chunknumber 53900
	-> Printing at chr: 10 pos:44875683 chunknumber 54000
	-> Printing at chr: 10 pos:44934549 chunknumber 54100
	-> Printing at chr: 10 pos:44971364 chunknumber 54200
	-> Printing at chr: 10 pos:45017534 chunknumber 54300
	-> Printing at chr: 10 pos:45057599 chunknumber 54400
	-> Printing at chr: 10 pos:45094806 chunknumber 54500
	-> Printing at chr: 10 pos:45143731 chunknumber 54600
	-> Printing at chr: 10 pos:45171213 chunknumber 54700
	-> Printing at chr: 10 pos:45217008 chunknumber 54800
	-> Printing at chr: 10 pos:45250031 chunknumber 54900
	-> Printing at chr: 10 pos:45301224 chunknumber 55000
	-> Printing at chr: 10 pos:45343795 chunknumber 55100
	-> Printing at chr: 10 pos:45371551 chunknumber 55200
	-> Printing at chr: 10 pos:45398560 chunknumber 55300
	-> Printing at chr: 10 pos:45435935 chunknumber 55400
	-> Printing at chr: 10 pos:45456885 chunknumber 55500
	-> Printing at chr: 10 pos:45507409 chunknumber 55600
	-> Printing at chr: 10 pos:45663849 chunknumber 55700
	-> Printing at chr: 10 pos:45754146 chunknumber 55800
	-> Printing at chr: 10 pos:45790961 chunknumber 55900
	-> Printing at chr: 10 pos:45830615 chunknumber 56000
	-> Printing at chr: 10 pos:45857641 chunknumber 56100
	-> Printing at chr: 10 pos:45879221 chunknumber 56200
	-> Printing at chr: 10 pos:45917362 chunknumber 56300
	-> Printing at chr: 10 pos:45964975 chunknumber 56400
	-> Printing at chr: 10 pos:45986286 chunknumber 56500
	-> Printing at chr: 10 pos:46022829 chunknumber 56600
	-> Printing at chr: 10 pos:46092631 chunknumber 56700
	-> Printing at chr: 10 pos:46114937 chunknumber 56800
	-> Printing at chr: 10 pos:46146005 chunknumber 56900
	-> Printing at chr: 10 pos:46183323 chunknumber 57000
	-> Printing at chr: 10 pos:46206880 chunknumber 57100
	-> Printing at chr: 10 pos:46252471 chunknumber 57200
	-> Printing at chr: 10 pos:46326488 chunknumber 57300
	-> Printing at chr: 10 pos:46351346 chunknumber 57400
	-> Printing at chr: 10 pos:46372066 chunknumber 57500
	-> Printing at chr: 10 pos:46398486 chunknumber 57600
	-> Printing at chr: 10 pos:46434008 chunknumber 57700
	-> Printing at chr: 10 pos:46458205 chunknumber 57800
	-> Printing at chr: 10 pos:46550939 chunknumber 57900
	-> Printing at chr: 10 pos:46613426 chunknumber 58000
	-> Printing at chr: 10 pos:46646459 chunknumber 58100
	-> Printing at chr: 10 pos:46678604 chunknumber 58200
	-> Printing at chr: 10 pos:46720964 chunknumber 58300
	-> Printing at chr: 10 pos:46745686 chunknumber 58400
	-> Printing at chr: 10 pos:46776863 chunknumber 58500
	-> Printing at chr: 10 pos:46821978 chunknumber 58600
	-> Printing at chr: 10 pos:46867674 chunknumber 58700
	-> Printing at chr: 10 pos:46895214 chunknumber 58800
	-> Printing at chr: 10 pos:46927556 chunknumber 58900
	-> Printing at chr: 10 pos:46979737 chunknumber 59000
	-> Printing at chr: 10 pos:47002783 chunknumber 59100
	-> Printing at chr: 10 pos:47026009 chunknumber 59200
	-> Printing at chr: 10 pos:47046804 chunknumber 59300
	-> Printing at chr: 10 pos:47111509 chunknumber 59400
	-> Printing at chr: 10 pos:47154629 chunknumber 59500
	-> Printing at chr: 10 pos:47177687 chunknumber 59600
	-> Printing at chr: 10 pos:47202707 chunknumber 59700
	-> Printing at chr: 10 pos:47262714 chunknumber 59800
	-> Printing at chr: 10 pos:47297142 chunknumber 59900
	-> Printing at chr: 10 pos:47344567 chunknumber 60000
	-> Printing at chr: 10 pos:47382407 chunknumber 60100
	-> Printing at chr: 10 pos:47437666 chunknumber 60200
	-> Printing at chr: 10 pos:47511953 chunknumber 60300
	-> Printing at chr: 10 pos:47545090 chunknumber 60400
	-> Printing at chr: 10 pos:47568822 chunknumber 60500
	-> Printing at chr: 10 pos:47591054 chunknumber 60600
	-> Printing at chr: 10 pos:47621596 chunknumber 60700
	-> Printing at chr: 10 pos:47647422 chunknumber 60800
	-> Printing at chr: 10 pos:47676465 chunknumber 60900
	-> Printing at chr: 10 pos:47697949 chunknumber 61000
	-> Printing at chr: 10 pos:47735878 chunknumber 61100
	-> Printing at chr: 10 pos:47804083 chunknumber 61200
	-> Printing at chr: 10 pos:47852486 chunknumber 61300
	-> Printing at chr: 10 pos:47884703 chunknumber 61400
	-> Printing at chr: 10 pos:47931280 chunknumber 61500
	-> Printing at chr: 10 pos:47979447 chunknumber 61600
	-> Printing at chr: 10 pos:48073237 chunknumber 61700
	-> Printing at chr: 10 pos:48107452 chunknumber 61800
	-> Printing at chr: 10 pos:48163177 chunknumber 61900
	-> Printing at chr: 10 pos:48201358 chunknumber 62000
	-> Printing at chr: 10 pos:48223610 chunknumber 62100
	-> Printing at chr: 10 pos:48252763 chunknumber 62200
	-> Printing at chr: 10 pos:48284936 chunknumber 62300
	-> Printing at chr: 10 pos:48309401 chunknumber 62400
	-> Printing at chr: 10 pos:48340495 chunknumber 62500
	-> Printing at chr: 10 pos:48379610 chunknumber 62600
	-> Printing at chr: 10 pos:48490006 chunknumber 62700
	-> Printing at chr: 10 pos:48543687 chunknumber 62800
	-> Printing at chr: 10 pos:48585362 chunknumber 62900
	-> Printing at chr: 10 pos:48631038 chunknumber 63000
	-> Printing at chr: 10 pos:48680751 chunknumber 63100
	-> Printing at chr: 10 pos:48752263 chunknumber 63200
	-> Printing at chr: 10 pos:48826804 chunknumber 63300
	-> Printing at chr: 10 pos:48963612 chunknumber 63400
	-> Printing at chr: 10 pos:49015299 chunknumber 63500
	-> Printing at chr: 10 pos:49045984 chunknumber 63600
	-> Printing at chr: 10 pos:49092956 chunknumber 63700
	-> Printing at chr: 10 pos:49183129 chunknumber 63800
	-> Printing at chr: 10 pos:49236516 chunknumber 63900
	-> Printing at chr: 10 pos:49269403 chunknumber 64000
	-> Printing at chr: 10 pos:49317736 chunknumber 64100
	-> Printing at chr: 10 pos:49401641 chunknumber 64200
	-> Printing at chr: 10 pos:49453178 chunknumber 64300
	-> Printing at chr: 10 pos:49525000 chunknumber 64400
	-> Printing at chr: 10 pos:49559640 chunknumber 64500
	-> Printing at chr: 10 pos:49585874 chunknumber 64600
	-> Printing at chr: 10 pos:49626484 chunknumber 64700
	-> Printing at chr: 10 pos:49663489 chunknumber 64800
	-> Printing at chr: 10 pos:49699365 chunknumber 64900
	-> Printing at chr: 10 pos:49732817 chunknumber 65000
	-> Printing at chr: 10 pos:49766166 chunknumber 65100
	-> Printing at chr: 10 pos:49831871 chunknumber 65200
	-> Printing at chr: 10 pos:49876794 chunknumber 65300
	-> Printing at chr: 10 pos:49938428 chunknumber 65400
	-> Printing at chr: 10 pos:50012495 chunknumber 65500
	-> Printing at chr: 10 pos:50034018 chunknumber 65600
	-> Printing at chr: 10 pos:50077285 chunknumber 65700
	-> Printing at chr: 10 pos:50210761 chunknumber 65800
	-> Printing at chr: 10 pos:50271399 chunknumber 65900
	-> Printing at chr: 10 pos:50294932 chunknumber 66000
	-> Printing at chr: 10 pos:50330817 chunknumber 66100
	-> Printing at chr: 10 pos:50391924 chunknumber 66200
	-> Printing at chr: 10 pos:50438690 chunknumber 66300
	-> Printing at chr: 10 pos:50482461 chunknumber 66400
	-> Printing at chr: 10 pos:50534016 chunknumber 66500
	-> Printing at chr: 10 pos:50575841 chunknumber 66600
	-> Printing at chr: 10 pos:50609837 chunknumber 66700
	-> Printing at chr: 10 pos:50658749 chunknumber 66800
	-> Printing at chr: 10 pos:50735893 chunknumber 66900
	-> Printing at chr: 10 pos:50782779 chunknumber 67000
	-> Printing at chr: 10 pos:50821401 chunknumber 67100
	-> Printing at chr: 10 pos:50852231 chunknumber 67200
	-> Printing at chr: 10 pos:50887384 chunknumber 67300
	-> Printing at chr: 10 pos:50907578 chunknumber 67400
	-> Printing at chr: 10 pos:50931264 chunknumber 67500
	-> Printing at chr: 10 pos:50957674 chunknumber 67600
	-> Printing at chr: 10 pos:50999316 chunknumber 67700
	-> Printing at chr: 10 pos:51057535 chunknumber 67800
	-> Printing at chr: 10 pos:51096696 chunknumber 67900
	-> Printing at chr: 10 pos:51116968 chunknumber 68000
	-> Printing at chr: 10 pos:51150243 chunknumber 68100
