Module BUILD 1.6 Loaded.
Module slurm/2.6.2 loaded 
	-> Reading fasta: DATA/TRIP/TRIP.fa.gz
	-> Reading fasta: /group/jrigrp3/bottleneckProject/genomes/Zea_mays.AGPv3.22.dna.genome.fa
	->(Using Filipe modification of: abcSaf.cpp)
	-> Parsing 15 number of samples 
	-> Printing at chr: 10 pos:893876 chunknumber 100
	-> Printing at chr: 10 pos:1143102 chunknumber 200
	-> Printing at chr: 10 pos:1318720 chunknumber 300
	-> Printing at chr: 10 pos:1445527 chunknumber 400
	-> Printing at chr: 10 pos:1719174 chunknumber 500
	-> Printing at chr: 10 pos:1891184 chunknumber 600
	-> Printing at chr: 10 pos:1957115 chunknumber 700
	-> Printing at chr: 10 pos:2045726 chunknumber 800
	-> Printing at chr: 10 pos:2054965 chunknumber 900
	-> Printing at chr: 10 pos:2117745 chunknumber 1000
	-> Printing at chr: 10 pos:2132269 chunknumber 1100
	-> Printing at chr: 10 pos:2235453 chunknumber 1200
	-> Printing at chr: 10 pos:2452872 chunknumber 1300
	-> Printing at chr: 10 pos:2657250 chunknumber 1400
	-> Printing at chr: 10 pos:2846707 chunknumber 1500
	-> Printing at chr: 10 pos:3062790 chunknumber 1600
	-> Printing at chr: 10 pos:3165100 chunknumber 1700
	-> Printing at chr: 10 pos:3169195 chunknumber 1800
	-> Printing at chr: 10 pos:3188875 chunknumber 1900
	-> Printing at chr: 10 pos:3444299 chunknumber 2000
	-> Printing at chr: 10 pos:3908694 chunknumber 2100
	-> Printing at chr: 10 pos:4027312 chunknumber 2200
	-> Printing at chr: 10 pos:4102164 chunknumber 2300
	-> Printing at chr: 10 pos:4397794 chunknumber 2400
	-> Printing at chr: 10 pos:4472094 chunknumber 2500
	-> Printing at chr: 10 pos:4592790 chunknumber 2600
	-> Printing at chr: 10 pos:4665825 chunknumber 2700
	-> Printing at chr: 10 pos:4699211 chunknumber 2800
	-> Printing at chr: 10 pos:4899998 chunknumber 2900
	-> Printing at chr: 10 pos:4998680 chunknumber 3000
	-> Printing at chr: 10 pos:5123798 chunknumber 3100
	-> Printing at chr: 10 pos:5383309 chunknumber 3200
	-> Printing at chr: 10 pos:5393160 chunknumber 3300
	-> Printing at chr: 10 pos:5464902 chunknumber 3400
	-> Printing at chr: 10 pos:5646963 chunknumber 3500
	-> Printing at chr: 10 pos:5754378 chunknumber 3600
	-> Printing at chr: 10 pos:5917720 chunknumber 3700
	-> Printing at chr: 10 pos:6359518 chunknumber 3800
	-> Printing at chr: 10 pos:6682458 chunknumber 3900
	-> Printing at chr: 10 pos:7131020 chunknumber 4000
	-> Printing at chr: 10 pos:7471773 chunknumber 4100
	-> Printing at chr: 10 pos:7923760 chunknumber 4200
	-> Printing at chr: 10 pos:8358053 chunknumber 4300
	-> Printing at chr: 10 pos:8725306 chunknumber 4400
	-> Printing at chr: 10 pos:8814032 chunknumber 4500
	-> Printing at chr: 10 pos:9229667 chunknumber 4600
	-> Printing at chr: 10 pos:9407371 chunknumber 4700
	-> Printing at chr: 10 pos:9600527 chunknumber 4800
	-> Printing at chr: 10 pos:10142378 chunknumber 4900
	-> Printing at chr: 10 pos:10286476 chunknumber 5000
	-> Printing at chr: 10 pos:10592092 chunknumber 5100
	-> Printing at chr: 10 pos:10732478 chunknumber 5200
	-> Printing at chr: 10 pos:10831079 chunknumber 5300
	-> Printing at chr: 10 pos:11418894 chunknumber 5400
	-> Printing at chr: 10 pos:11908515 chunknumber 5500
	-> Printing at chr: 10 pos:12613228 chunknumber 5600
	-> Printing at chr: 10 pos:12755131 chunknumber 5700
	-> Printing at chr: 10 pos:13016520 chunknumber 5800
	-> Printing at chr: 10 pos:13167385 chunknumber 5900
	-> Printing at chr: 10 pos:13475860 chunknumber 6000
	-> Printing at chr: 10 pos:13614924 chunknumber 6100
	-> Printing at chr: 10 pos:13649100 chunknumber 6200
	-> Printing at chr: 10 pos:14508012 chunknumber 6300
	-> Printing at chr: 10 pos:14726368 chunknumber 6400
	-> Printing at chr: 10 pos:14981802 chunknumber 6500
	-> Printing at chr: 10 pos:15229139 chunknumber 6600
	-> Printing at chr: 10 pos:15412430 chunknumber 6700
	-> Printing at chr: 10 pos:16210886 chunknumber 6800
	-> Printing at chr: 10 pos:16498929 chunknumber 6900
	-> Printing at chr: 10 pos:17169995 chunknumber 7000
	-> Printing at chr: 10 pos:17607674 chunknumber 7100
	-> Printing at chr: 10 pos:17839570 chunknumber 7200
	-> Printing at chr: 10 pos:18141577 chunknumber 7300
	-> Printing at chr: 10 pos:18666375 chunknumber 7400
	-> Printing at chr: 10 pos:18867454 chunknumber 7500
	-> Printing at chr: 10 pos:19525977 chunknumber 7600
	-> Printing at chr: 10 pos:20402378 chunknumber 7700
	-> Printing at chr: 10 pos:20712519 chunknumber 7800
	-> Printing at chr: 10 pos:20992397 chunknumber 7900
	-> Printing at chr: 10 pos:21687783 chunknumber 8000
	-> Printing at chr: 10 pos:22137839 chunknumber 8100
	-> Printing at chr: 10 pos:22871737 chunknumber 8200
	-> Printing at chr: 10 pos:23080325 chunknumber 8300
	-> Printing at chr: 10 pos:23404312 chunknumber 8400
	-> Printing at chr: 10 pos:24619730 chunknumber 8500
	-> Printing at chr: 10 pos:24965196 chunknumber 8600
	-> Printing at chr: 10 pos:25563291 chunknumber 8700
	-> Printing at chr: 10 pos:25786852 chunknumber 8800
	-> Printing at chr: 10 pos:26357847 chunknumber 8900
	-> Printing at chr: 10 pos:26994958 chunknumber 9000
	-> Printing at chr: 10 pos:27406783 chunknumber 9100
	-> Printing at chr: 10 pos:28396447 chunknumber 9200
	-> Printing at chr: 10 pos:29545535 chunknumber 9300
	-> Printing at chr: 10 pos:30200933 chunknumber 9400
	-> Printing at chr: 10 pos:31019822 chunknumber 9500
	-> Printing at chr: 10 pos:31497733 chunknumber 9600
	-> Printing at chr: 10 pos:31753179 chunknumber 9700
	-> Printing at chr: 10 pos:33025523 chunknumber 9800
	-> Printing at chr: 10 pos:33751651 chunknumber 9900
	-> Printing at chr: 10 pos:34512986 chunknumber 10000
	-> Printing at chr: 10 pos:35595150 chunknumber 10100
	-> Printing at chr: 10 pos:36048341 chunknumber 10200
	-> Printing at chr: 10 pos:37546737 chunknumber 10300
	-> Printing at chr: 10 pos:37638404 chunknumber 10400
	-> Printing at chr: 10 pos:37763956 chunknumber 10500
	-> Printing at chr: 10 pos:37949378 chunknumber 10600
	-> Printing at chr: 10 pos:38540862 chunknumber 10700
	-> Printing at chr: 10 pos:39193876 chunknumber 10800
	-> Printing at chr: 10 pos:40338540 chunknumber 10900
	-> Printing at chr: 10 pos:41335801 chunknumber 11000
	-> Printing at chr: 10 pos:43819116 chunknumber 11100
	-> Printing at chr: 10 pos:46715605 chunknumber 11200
	-> Printing at chr: 10 pos:47321000 chunknumber 11300
	-> Printing at chr: 10 pos:47775537 chunknumber 11400
	-> Printing at chr: 10 pos:48414129 chunknumber 11500
	-> Printing at chr: 10 pos:48443395 chunknumber 11600
	-> Printing at chr: 10 pos:49814234 chunknumber 11700
	-> Printing at chr: 10 pos:50312292 chunknumber 11800
	-> Printing at chr: 10 pos:51458995 chunknumber 11900
	-> Printing at chr: 10 pos:52436886 chunknumber 12000
	-> Printing at chr: 10 pos:53148867 chunknumber 12100
	-> Printing at chr: 10 pos:53879817 chunknumber 12200
	-> Printing at chr: 10 pos:54946661 chunknumber 12300
	-> Printing at chr: 10 pos:55618834 chunknumber 12400
	-> Printing at chr: 10 pos:55651607 chunknumber 12500
	-> Printing at chr: 10 pos:55681577 chunknumber 12600
	-> Printing at chr: 10 pos:55706526 chunknumber 12700
	-> Printing at chr: 10 pos:55753179 chunknumber 12800
	-> Printing at chr: 10 pos:56007890 chunknumber 12900
	-> Printing at chr: 10 pos:57553157 chunknumber 13000
	-> Printing at chr: 10 pos:58003213 chunknumber 13100
	-> Printing at chr: 10 pos:58207023 chunknumber 13200
	-> Printing at chr: 10 pos:58590813 chunknumber 13300
	-> Printing at chr: 10 pos:59151332 chunknumber 13400
	-> Printing at chr: 10 pos:59526018 chunknumber 13500
	-> Printing at chr: 10 pos:60155006 chunknumber 13600
	-> Printing at chr: 10 pos:60781771 chunknumber 13700
	-> Printing at chr: 10 pos:61690857 chunknumber 13800
	-> Printing at chr: 10 pos:62261297 chunknumber 13900
	-> Printing at chr: 10 pos:63062308 chunknumber 14000
	-> Printing at chr: 10 pos:63628670 chunknumber 14100
	-> Printing at chr: 10 pos:64276787 chunknumber 14200
	-> Printing at chr: 10 pos:65013135 chunknumber 14300
	-> Printing at chr: 10 pos:65486779 chunknumber 14400
	-> Printing at chr: 10 pos:65749576 chunknumber 14500
	-> Printing at chr: 10 pos:66029828 chunknumber 14600
	-> Printing at chr: 10 pos:66324971 chunknumber 14700
	-> Printing at chr: 10 pos:66665653 chunknumber 14800
