Module BUILD 1.6 Loaded.
Module slurm/2.6.2 loaded 
fname1:/home/beissing/Dom_Bot_Git/TEMP/TIL_genic_10_conditioned.saf nChr:26 startsfs:(null) nThreads:32 tole=0.000001 maxIter=100 nSites=3830849
The choice of -nSites will require: 789.000000 megabyte memory, that is approx: 0.15% of total memory
dim(GL1)=3830849,27
startlik=-21969100.623883
[0] lik=-1363897.511381 diff=2.06052e+07
[1] lik=-1362055.958503 diff=1841.55
[2] lik=-1362048.173193 diff=7.78531
[3] lik=-1362047.898806 diff=0.274387
[4] lik=-1362047.799994 diff=0.0988118
[5] lik=-1362047.748721 diff=0.0512731
[6] lik=-1362047.720418 diff=0.028303
[7] lik=-1362047.704360 diff=0.0160587
[8] lik=-1362047.695119 diff=0.00924038
[9] lik=-1362047.689746 diff=0.00537338
[10] lik=-1362047.686599 diff=0.00314637
[11] lik=-1362047.684750 diff=0.00184937
[12] lik=-1362047.683663 diff=0.00108749
[13] lik=-1362047.683018 diff=0.000644225
[14] lik=-1362047.682637 diff=0.000381145
[15] lik=-1362047.682412 diff=0.00022551
[16] lik=-1362047.682278 diff=0.000134106
[17] lik=-1362047.682198 diff=7.96225e-05
[18] lik=-1362047.682151 diff=4.74462e-05
[19] lik=-1362047.682123 diff=2.79753e-05
[20] lik=-1362047.682106 diff=1.68332e-05
[21] lik=-1362047.682096 diff=9.72929e-06
[22] lik=-1362047.682090 diff=5.99283e-06
[23] lik=-1362047.682087 diff=3.51015e-06
[24] lik=-1362047.682084 diff=2.02144e-06
[25] lik=-1362047.682083 diff=1.32783e-06
[26] lik=-1362047.682082 diff=6.74976e-07
likelihood: -1362047.682082
	-> [abcFilter.cpp] Reading binary representation:/home/beissing/Dom_Bot_Git/TEMP/intersect.TIL.BKN_genic_10.txt
	-> [abcFilter.cpp] nChr: 1 loaded from binary filter file
	-> [abcFilter.cpp] -sites is still beta, use at own risk...
	-> Reading fasta: DATA/TRIP/TRIP.fa.gz
	-> Reading fasta: /group/jrigrp3/bottleneckProject/genomes/Zea_mays.AGPv3.22.dna.genome.fa
	->(Using Filipe modification of: abcSaf.cpp)
	-> Parsing 13 number of samples 
	-> Printing at chr: 10 pos:893876 chunknumber 100
	-> Printing at chr: 10 pos:1143102 chunknumber 200
	-> Printing at chr: 10 pos:1318429 chunknumber 300
	-> Printing at chr: 10 pos:1445457 chunknumber 400
	-> Printing at chr: 10 pos:1718850 chunknumber 500
	-> Printing at chr: 10 pos:1890961 chunknumber 600
	-> Printing at chr: 10 pos:1955735 chunknumber 700
	-> Printing at chr: 10 pos:2045726 chunknumber 800
	-> Printing at chr: 10 pos:2054965 chunknumber 900
	-> Printing at chr: 10 pos:2117745 chunknumber 1000
	-> Printing at chr: 10 pos:2132269 chunknumber 1100
	-> Printing at chr: 10 pos:2252399 chunknumber 1200
	-> Printing at chr: 10 pos:2454333 chunknumber 1300
	-> Printing at chr: 10 pos:2659482 chunknumber 1400
	-> Printing at chr: 10 pos:2848738 chunknumber 1500
	-> Printing at chr: 10 pos:3064168 chunknumber 1600
	-> Printing at chr: 10 pos:3165201 chunknumber 1700
	-> Printing at chr: 10 pos:3170084 chunknumber 1800
	-> Printing at chr: 10 pos:3190678 chunknumber 1900
	-> Printing at chr: 10 pos:3587512 chunknumber 2000
	-> Printing at chr: 10 pos:3983820 chunknumber 2100
	-> Printing at chr: 10 pos:4056405 chunknumber 2200
	-> Printing at chr: 10 pos:4246280 chunknumber 2300
	-> Printing at chr: 10 pos:4397960 chunknumber 2400
	-> Printing at chr: 10 pos:4519229 chunknumber 2500
	-> Printing at chr: 10 pos:4595224 chunknumber 2600
	-> Printing at chr: 10 pos:4667882 chunknumber 2700
	-> Printing at chr: 10 pos:4702076 chunknumber 2800
	-> Printing at chr: 10 pos:4902778 chunknumber 2900
	-> Printing at chr: 10 pos:5007954 chunknumber 3000
	-> Printing at chr: 10 pos:5126809 chunknumber 3100
	-> Printing at chr: 10 pos:5383587 chunknumber 3200
	-> Printing at chr: 10 pos:5403600 chunknumber 3300
	-> Printing at chr: 10 pos:5487073 chunknumber 3400
	-> Printing at chr: 10 pos:5726667 chunknumber 3500
	-> Printing at chr: 10 pos:5762221 chunknumber 3600
	-> Printing at chr: 10 pos:6015029 chunknumber 3700
	-> Printing at chr: 10 pos:6403519 chunknumber 3800
	-> Printing at chr: 10 pos:6754231 chunknumber 3900
	-> Printing at chr: 10 pos:7242271 chunknumber 4000
	-> Printing at chr: 10 pos:7478000 chunknumber 4100
	-> Printing at chr: 10 pos:8091099 chunknumber 4200
	-> Printing at chr: 10 pos:8453652 chunknumber 4300
	-> Printing at chr: 10 pos:8790837 chunknumber 4400
	-> Printing at chr: 10 pos:8856644 chunknumber 4500
	-> Printing at chr: 10 pos:9374502 chunknumber 4600
	-> Printing at chr: 10 pos:9535131 chunknumber 4700
	-> Printing at chr: 10 pos:9792413 chunknumber 4800
	-> Printing at chr: 10 pos:10148072 chunknumber 4900
	-> Printing at chr: 10 pos:10294382 chunknumber 5000
	-> Printing at chr: 10 pos:10611910 chunknumber 5100
	-> Printing at chr: 10 pos:10792028 chunknumber 5200
	-> Printing at chr: 10 pos:10888592 chunknumber 5300
	-> Printing at chr: 10 pos:11753872 chunknumber 5400
	-> Printing at chr: 10 pos:12172386 chunknumber 5500
	-> Printing at chr: 10 pos:12644780 chunknumber 5600
	-> Printing at chr: 10 pos:12850253 chunknumber 5700
	-> Printing at chr: 10 pos:13023137 chunknumber 5800
	-> Printing at chr: 10 pos:13174782 chunknumber 5900
	-> Printing at chr: 10 pos:13506819 chunknumber 6000
	-> Printing at chr: 10 pos:13637874 chunknumber 6100
	-> Printing at chr: 10 pos:13790871 chunknumber 6200
	-> Printing at chr: 10 pos:14698278 chunknumber 6300
	-> Printing at chr: 10 pos:14727872 chunknumber 6400
	-> Printing at chr: 10 pos:15037575 chunknumber 6500
	-> Printing at chr: 10 pos:15237378 chunknumber 6600
	-> Printing at chr: 10 pos:15558561 chunknumber 6700
	-> Printing at chr: 10 pos:16217421 chunknumber 6800
	-> Printing at chr: 10 pos:16660241 chunknumber 6900
	-> Printing at chr: 10 pos:17532725 chunknumber 7000
	-> Printing at chr: 10 pos:17614762 chunknumber 7100
	-> Printing at chr: 10 pos:17936609 chunknumber 7200
	-> Printing at chr: 10 pos:18340457 chunknumber 7300
	-> Printing at chr: 10 pos:18673162 chunknumber 7400
	-> Printing at chr: 10 pos:19208702 chunknumber 7500
	-> Printing at chr: 10 pos:19652277 chunknumber 7600
	-> Printing at chr: 10 pos:20412095 chunknumber 7700
	-> Printing at chr: 10 pos:20720016 chunknumber 7800
	-> Printing at chr: 10 pos:21024821 chunknumber 7900
	-> Printing at chr: 10 pos:21733948 chunknumber 8000
	-> Printing at chr: 10 pos:22274231 chunknumber 8100
	-> Printing at chr: 10 pos:22879185 chunknumber 8200
	-> Printing at chr: 10 pos:23223559 chunknumber 8300
	-> Printing at chr: 10 pos:23793049 chunknumber 8400
	-> Printing at chr: 10 pos:24753866 chunknumber 8500
	-> Printing at chr: 10 pos:25042501 chunknumber 8600
	-> Printing at chr: 10 pos:25573484 chunknumber 8700
	-> Printing at chr: 10 pos:26096988 chunknumber 8800
	-> Printing at chr: 10 pos:26569570 chunknumber 8900
	-> Printing at chr: 10 pos:671088809 chunknumber 9000
	-> Printing at chr: 10 pos:27551318 chunknumber 9100
	-> Printing at chr: 10 pos:28903763 chunknumber 9200
	-> Printing at chr: 10 pos:29885027 chunknumber 9300
	-> Printing at chr: 10 pos:30667428 chunknumber 9400
	-> Printing at chr: 10 pos:31318034 chunknumber 9500
	-> Printing at chr: 10 pos:31742582 chunknumber 9600
	-> Printing at chr: 10 pos:32534449 chunknumber 9700
	-> Printing at chr: 10 pos:33615388 chunknumber 9800
	-> Printing at chr: 10 pos:34373486 chunknumber 9900
	-> Printing at chr: 10 pos:34922964 chunknumber 10000
	-> Printing at chr: 10 pos:36035715 chunknumber 10100
	-> Printing at chr: 10 pos:37103774 chunknumber 10200
	-> Printing at chr: 10 pos:37558767 chunknumber 10300
	-> Printing at chr: 10 pos:37654346 chunknumber 10400
	-> Printing at chr: 10 pos:37920522 chunknumber 10500
	-> Printing at chr: 10 pos:38531274 chunknumber 10600
	-> Printing at chr: 10 pos:38596606 chunknumber 10700
	-> Printing at chr: 10 pos:39962489 chunknumber 10800
	-> Printing at chr: 10 pos:41029186 chunknumber 10900
	-> Printing at chr: 10 pos:42888052 chunknumber 11000
	-> Printing at chr: 10 pos:45710972 chunknumber 11100
	-> Printing at chr: 10 pos:46964716 chunknumber 11200
	-> Printing at chr: 10 pos:47754206 chunknumber 11300
	-> Printing at chr: 10 pos:48360088 chunknumber 11400
	-> Printing at chr: 10 pos:48434290 chunknumber 11500
	-> Printing at chr: 10 pos:49282717 chunknumber 11600
	-> Printing at chr: 10 pos:49913809 chunknumber 11700
	-> Printing at chr: 10 pos:51013214 chunknumber 11800
	-> Printing at chr: 10 pos:52256924 chunknumber 11900
	-> Printing at chr: 10 pos:52629304 chunknumber 12000
	-> Printing at chr: 10 pos:53774868 chunknumber 12100
	-> Printing at chr: 10 pos:54367434 chunknumber 12200
	-> Printing at chr: 10 pos:55474294 chunknumber 12300
	-> Printing at chr: 10 pos:55645095 chunknumber 12400
	-> Printing at chr: 10 pos:55668983 chunknumber 12500
	-> Printing at chr: 10 pos:55696016 chunknumber 12600
	-> Printing at chr: 10 pos:55742263 chunknumber 12700
	-> Printing at chr: 10 pos:55908817 chunknumber 12800
	-> Printing at chr: 10 pos:57307947 chunknumber 12900
	-> Printing at chr: 10 pos:57710811 chunknumber 13000
	-> Printing at chr: 10 pos:58200977 chunknumber 13100
	-> Printing at chr: 10 pos:58312244 chunknumber 13200
	-> Printing at chr: 10 pos:59144754 chunknumber 13300
	-> Printing at chr: 10 pos:59518621 chunknumber 13400
	-> Printing at chr: 10 pos:60094370 chunknumber 13500
	-> Printing at chr: 10 pos:60566392 chunknumber 13600
	-> Printing at chr: 10 pos:61394380 chunknumber 13700
	-> Printing at chr: 10 pos:61999322 chunknumber 13800
	-> Printing at chr: 10 pos:63046621 chunknumber 13900
	-> Printing at chr: 10 pos:63568530 chunknumber 14000
	-> Printing at chr: 10 pos:63827571 chunknumber 14100
	-> Printing at chr: 10 pos:65006045 chunknumber 14200
	-> Printing at chr: 10 pos:65281373 chunknumber 14300
	-> Printing at chr: 10 pos:65712726 chunknumber 14400
	-> Printing at chr: 10 pos:65763874 chunknumber 14500
	-> Printing at chr: 10 pos:66190906 chunknumber 14600
	-> Printing at chr: 10 pos:66646962 chunknumber 14700
	-> Printing at chr: 10 pos:66780529 chunknumber 14800
	-> Printing at chr: 10 pos:67775585 chunknumber 14900
	-> Printing at chr: 10 pos:68981697 chunknumber 15000
	-> Printing at chr: 10 pos:69443889 chunknumber 15100
	-> Printing at chr: 10 pos:69795981 chunknumber 15200
	-> Printing at chr: 10 pos:70289741 chunknumber 15300
	-> Printing at chr: 10 pos:70933578 chunknumber 15400
	-> Printing at chr: 10 pos:71374567 chunknumber 15500
	-> Printing at chr: 10 pos:71750917 chunknumber 15600
	-> Printing at chr: 10 pos:72636852 chunknumber 15700
	-> Printing at chr: 10 pos:72995840 chunknumber 15800
	-> Printing at chr: 10 pos:73173080 chunknumber 15900
	-> Printing at chr: 10 pos:74249901 chunknumber 16000
	-> Printing at chr: 10 pos:74863939 chunknumber 16100
	-> Printing at chr: 10 pos:75514149 chunknumber 16200
	-> Printing at chr: 10 pos:75828404 chunknumber 16300
	-> Printing at chr: 10 pos:76600118 chunknumber 16400
	-> Printing at chr: 10 pos:77119138 chunknumber 16500
	-> Printing at chr: 10 pos:77350448 chunknumber 16600
	-> Printing at chr: 10 pos:77695312 chunknumber 16700
	-> Printing at chr: 10 pos:78152780 chunknumber 16800
	-> Printing at chr: 10 pos:78728138 chunknumber 16900
	-> Printing at chr: 10 pos:79423422 chunknumber 17000
	-> Printing at chr: 10 pos:80068251 chunknumber 17100
	-> Printing at chr: 10 pos:80505606 chunknumber 17200
	-> Printing at chr: 10 pos:80616116 chunknumber 17300
	-> Printing at chr: 10 pos:80863029 chunknumber 17400
	-> Printing at chr: 10 pos:81456170 chunknumber 17500
	-> Printing at chr: 10 pos:81566446 chunknumber 17600
	-> Printing at chr: 10 pos:82040592 chunknumber 17700
	-> Printing at chr: 10 pos:82129686 chunknumber 17800
	-> Printing at chr: 10 pos:82275786 chunknumber 17900
	-> Printing at chr: 10 pos:83097956 chunknumber 18000
	-> Printing at chr: 10 pos:83555806 chunknumber 18100
	-> Printing at chr: 10 pos:83693599 chunknumber 18200
	-> Printing at chr: 10 pos:84079941 chunknumber 18300
	-> Printing at chr: 10 pos:84245813 chunknumber 18400
	-> Printing at chr: 10 pos:84370289 chunknumber 18500
	-> Printing at chr: 10 pos:84772472 chunknumber 18600
	-> Printing at chr: 10 pos:85206137 chunknumber 18700
	-> Printing at chr: 10 pos:85658396 chunknumber 18800
	-> Printing at chr: 10 pos:86428905 chunknumber 18900
	-> Printing at chr: 10 pos:86711835 chunknumber 19000
	-> Printing at chr: 10 pos:87103499 chunknumber 19100
	-> Printing at chr: 10 pos:87704766 chunknumber 19200
	-> Printing at chr: 10 pos:88220754 chunknumber 19300
	-> Printing at chr: 10 pos:88535019 chunknumber 19400
	-> Printing at chr: 10 pos:88685332 chunknumber 19500
	-> Printing at chr: 10 pos:89084767 chunknumber 19600
	-> Printing at chr: 10 pos:89236531 chunknumber 19700
	-> Printing at chr: 10 pos:89558824 chunknumber 19800
	-> Printing at chr: 10 pos:89998241 chunknumber 19900
	-> Printing at chr: 10 pos:90257529 chunknumber 20000
	-> Printing at chr: 10 pos:90504837 chunknumber 20100
	-> Printing at chr: 10 pos:90795302 chunknumber 20200
	-> Printing at chr: 10 pos:91183970 chunknumber 20300
	-> Printing at chr: 10 pos:91694894 chunknumber 20400
	-> Printing at chr: 10 pos:92146737 chunknumber 20500
	-> Printing at chr: 10 pos:92808702 chunknumber 20600
	-> Printing at chr: 10 pos:93700734 chunknumber 20700
	-> Printing at chr: 10 pos:94739033 chunknumber 20800
	-> Printing at chr: 10 pos:95224413 chunknumber 20900
	-> Printing at chr: 10 pos:95564776 chunknumber 21000
	-> Printing at chr: 10 pos:95778897 chunknumber 21100
	-> Printing at chr: 10 pos:96268106 chunknumber 21200
	-> Printing at chr: 10 pos:96402070 chunknumber 21300
	-> Printing at chr: 10 pos:96771704 chunknumber 21400
	-> Printing at chr: 10 pos:97161501 chunknumber 21500
	-> Printing at chr: 10 pos:97914289 chunknumber 21600
	-> Printing at chr: 10 pos:98164450 chunknumber 21700
	-> Printing at chr: 10 pos:98272222 chunknumber 21800
	-> Printing at chr: 10 pos:98714678 chunknumber 21900
	-> Printing at chr: 10 pos:98817524 chunknumber 22000
	-> Printing at chr: 10 pos:99227678 chunknumber 22100
	-> Printing at chr: 10 pos:99397333 chunknumber 22200
	-> Printing at chr: 10 pos:99744512 chunknumber 22300
	-> Printing at chr: 10 pos:99771785 chunknumber 22400
	-> Printing at chr: 10 pos:100028372 chunknumber 22500
	-> Printing at chr: 10 pos:100144705 chunknumber 22600
	-> Printing at chr: 10 pos:100869940 chunknumber 22700
	-> Printing at chr: 10 pos:100921510 chunknumber 22800
	-> Printing at chr: 10 pos:100936576 chunknumber 22900
	-> Printing at chr: 10 pos:101062245 chunknumber 23000
	-> Printing at chr: 10 pos:101668297 chunknumber 23100
	-> Printing at chr: 10 pos:101885369 chunknumber 23200
	-> Printing at chr: 10 pos:102335033 chunknumber 23300
	-> Printing at chr: 10 pos:103215401 chunknumber 23400
	-> Printing at chr: 10 pos:103443668 chunknumber 23500
	-> Printing at chr: 10 pos:103734963 chunknumber 23600
	-> Printing at chr: 10 pos:103764244 chunknumber 23700
	-> Printing at chr: 10 pos:103790541 chunknumber 23800
	-> Printing at chr: 10 pos:104280771 chunknumber 23900
	-> Printing at chr: 10 pos:104504835 chunknumber 24000
	-> Printing at chr: 10 pos:104753059 chunknumber 24100
	-> Printing at chr: 10 pos:104867080 chunknumber 24200
	-> Printing at chr: 10 pos:105076810 chunknumber 24300
	-> Printing at chr: 10 pos:105141516 chunknumber 24400
	-> Printing at chr: 10 pos:105248545 chunknumber 24500
	-> Printing at chr: 10 pos:105773511 chunknumber 24600
	-> Printing at chr: 10 pos:106214976 chunknumber 24700
	-> Printing at chr: 10 pos:106809020 chunknumber 24800
	-> Printing at chr: 10 pos:106998042 chunknumber 24900
	-> Printing at chr: 10 pos:107604038 chunknumber 25000
	-> Printing at chr: 10 pos:107830404 chunknumber 25100
	-> Printing at chr: 10 pos:108240087 chunknumber 25200
	-> Printing at chr: 10 pos:108436659 chunknumber 25300
	-> Printing at chr: 10 pos:109151716 chunknumber 25400
	-> Printing at chr: 10 pos:109395334 chunknumber 25500
	-> Printing at chr: 10 pos:109725839 chunknumber 25600
	-> Printing at chr: 10 pos:109914739 chunknumber 25700
	-> Printing at chr: 10 pos:110609356 chunknumber 25800
	-> Printing at chr: 10 pos:110836788 chunknumber 25900
	-> Printing at chr: 10 pos:111163653 chunknumber 26000
	-> Printing at chr: 10 pos:111314227 chunknumber 26100
	-> Printing at chr: 10 pos:111459666 chunknumber 26200
	-> Printing at chr: 10 pos:112225177 chunknumber 26300
	-> Printing at chr: 10 pos:112596656 chunknumber 26400
	-> Printing at chr: 10 pos:113184707 chunknumber 26500
	-> Printing at chr: 10 pos:113720598 chunknumber 26600
	-> Printing at chr: 10 pos:114001277 chunknumber 26700
	-> Printing at chr: 10 pos:114309374 chunknumber 26800
	-> Printing at chr: 10 pos:114853509 chunknumber 26900
	-> Printing at chr: 10 pos:115494117 chunknumber 27000
	-> Printing at chr: 10 pos:115860842 chunknumber 27100
	-> Printing at chr: 10 pos:116494113 chunknumber 27200
	-> Printing at chr: 10 pos:116882748 chunknumber 27300
	-> Printing at chr: 10 pos:117053424 chunknumber 27400
	-> Printing at chr: 10 pos:117338696 chunknumber 27500
	-> Printing at chr: 10 pos:117595282 chunknumber 27600
	-> Printing at chr: 10 pos:117811903 chunknumber 27700
	-> Printing at chr: 10 pos:118016259 chunknumber 27800
	-> Printing at chr: 10 pos:118176435 chunknumber 27900
	-> Printing at chr: 10 pos:118840877 chunknumber 28000
	-> Printing at chr: 10 pos:118946980 chunknumber 28100
	-> Printing at chr: 10 pos:119490986 chunknumber 28200
	-> Printing at chr: 10 pos:119923505 chunknumber 28300
	-> Printing at chr: 10 pos:120050654 chunknumber 28400
	-> Printing at chr: 10 pos:120478936 chunknumber 28500
	-> Printing at chr: 10 pos:120695003 chunknumber 28600
	-> Printing at chr: 10 pos:120760759 chunknumber 28700
	-> Printing at chr: 10 pos:121225903 chunknumber 28800
	-> Printing at chr: 10 pos:121437745 chunknumber 28900
	-> Printing at chr: 10 pos:121562527 chunknumber 29000
	-> Printing at chr: 10 pos:121774429 chunknumber 29100
	-> Printing at chr: 10 pos:122252669 chunknumber 29200
	-> Printing at chr: 10 pos:122830169 chunknumber 29300
	-> Printing at chr: 10 pos:123212077 chunknumber 29400
	-> Printing at chr: 10 pos:123325832 chunknumber 29500
	-> Printing at chr: 10 pos:123594991 chunknumber 29600
	-> Printing at chr: 10 pos:123702041 chunknumber 29700
	-> Printing at chr: 10 pos:123979406 chunknumber 29800
	-> Printing at chr: 10 pos:124211641 chunknumber 29900
	-> Printing at chr: 10 pos:124351807 chunknumber 30000
	-> Printing at chr: 10 pos:124682243 chunknumber 30100
	-> Printing at chr: 10 pos:125128756 chunknumber 30200
	-> Printing at chr: 10 pos:125226158 chunknumber 30300
	-> Printing at chr: 10 pos:125450919 chunknumber 30400
	-> Printing at chr: 10 pos:125870362 chunknumber 30500
	-> Printing at chr: 10 pos:125994228 chunknumber 30600
	-> Printing at chr: 10 pos:126164069 chunknumber 30700
	-> Printing at chr: 10 pos:126559312 chunknumber 30800
	-> Printing at chr: 10 pos:126675424 chunknumber 30900
	-> Printing at chr: 10 pos:126949939 chunknumber 31000
	-> Printing at chr: 10 pos:127274381 chunknumber 31100
	-> Printing at chr: 10 pos:127381903 chunknumber 31200
	-> Printing at chr: 10 pos:127626540 chunknumber 31300
	-> Printing at chr: 10 pos:127833783 chunknumber 31400
	-> Printing at chr: 10 pos:128015995 chunknumber 31500
	-> Printing at chr: 10 pos:128345940 chunknumber 31600
	-> Printing at chr: 10 pos:128589750 chunknumber 31700
	-> Printing at chr: 10 pos:128840384 chunknumber 31800
	-> Printing at chr: 10 pos:129012206 chunknumber 31900
	-> Printing at chr: 10 pos:129293615 chunknumber 32000
	-> Printing at chr: 10 pos:129485745 chunknumber 32100
	-> Printing at chr: 10 pos:129798057 chunknumber 32200
	-> Printing at chr: 10 pos:130061134 chunknumber 32300
	-> Printing at chr: 10 pos:130167124 chunknumber 32400
	-> Printing at chr: 10 pos:130306701 chunknumber 32500
	-> Printing at chr: 10 pos:130419330 chunknumber 32600
	-> Printing at chr: 10 pos:130649427 chunknumber 32700
	-> Printing at chr: 10 pos:130915849 chunknumber 32800
	-> Printing at chr: 10 pos:131088347 chunknumber 32900
	-> Printing at chr: 10 pos:131903400 chunknumber 33000
	-> Printing at chr: 10 pos:132032032 chunknumber 33100
	-> Printing at chr: 10 pos:132116733 chunknumber 33200
	-> Printing at chr: 10 pos:132344099 chunknumber 33300
	-> Printing at chr: 10 pos:132555330 chunknumber 33400
	-> Printing at chr: 10 pos:132582378 chunknumber 33500
	-> Printing at chr: 10 pos:132938259 chunknumber 33600
	-> Printing at chr: 10 pos:133242145 chunknumber 33700
	-> Printing at chr: 10 pos:133338166 chunknumber 33800
	-> Printing at chr: 10 pos:133611138 chunknumber 33900
	-> Printing at chr: 10 pos:133847443 chunknumber 34000
	-> Printing at chr: 10 pos:134078440 chunknumber 34100
	-> Printing at chr: 10 pos:134441494 chunknumber 34200
	-> Printing at chr: 10 pos:134591952 chunknumber 34300
	-> Printing at chr: 10 pos:134742473 chunknumber 34400
	-> Printing at chr: 10 pos:135026395 chunknumber 34500
	-> Printing at chr: 10 pos:135193853 chunknumber 34600
	-> Printing at chr: 10 pos:135508462 chunknumber 34700
	-> Printing at chr: 10 pos:135659339 chunknumber 34800
	-> Printing at chr: 10 pos:136089896 chunknumber 34900
	-> Printing at chr: 10 pos:136271661 chunknumber 35000
	-> Printing at chr: 10 pos:136726864 chunknumber 35100
	-> Printing at chr: 10 pos:136966343 chunknumber 35200
	-> Printing at chr: 10 pos:137307000 chunknumber 35300
	-> Printing at chr: 10 pos:137505449 chunknumber 35400
	-> Printing at chr: 10 pos:137673802 chunknumber 35500
	-> Printing at chr: 10 pos:137857252 chunknumber 35600
	-> Printing at chr: 10 pos:138045403 chunknumber 35700
	-> Printing at chr: 10 pos:138214561 chunknumber 35800
	-> Printing at chr: 10 pos:138491097 chunknumber 35900
	-> Printing at chr: 10 pos:138635287 chunknumber 36000
	-> Printing at chr: 10 pos:138860123 chunknumber 36100
	-> Printing at chr: 10 pos:139028773 chunknumber 36200
	-> Printing at chr: 10 pos:139151144 chunknumber 36300
	-> Printing at chr: 10 pos:139400395 chunknumber 36400
	-> Printing at chr: 10 pos:139565452 chunknumber 36500
	-> Printing at chr: 10 pos:139771897 chunknumber 36600
	-> Printing at chr: 10 pos:140161515 chunknumber 36700
	-> Printing at chr: 10 pos:140366257 chunknumber 36800
	-> Printing at chr: 10 pos:140427226 chunknumber 36900
	-> Printing at chr: 10 pos:140503773 chunknumber 37000
	-> Printing at chr: 10 pos:140717978 chunknumber 37100
	-> Printing at chr: 10 pos:140903398 chunknumber 37200
	-> Printing at chr: 10 pos:140991879 chunknumber 37300
	-> Printing at chr: 10 pos:141044524 chunknumber 37400
	-> Printing at chr: 10 pos:141091561 chunknumber 37500
	-> Printing at chr: 10 pos:141260171 chunknumber 37600
	-> Printing at chr: 10 pos:141383558 chunknumber 37700
	-> Printing at chr: 10 pos:141499622 chunknumber 37800
	-> Printing at chr: 10 pos:141616729 chunknumber 37900
	-> Printing at chr: 10 pos:141785356 chunknumber 38000
	-> Printing at chr: 10 pos:141860778 chunknumber 38100
	-> Printing at chr: 10 pos:141892236 chunknumber 38200
	-> Printing at chr: 10 pos:141904723 chunknumber 38300
	-> Printing at chr: 10 pos:142025302 chunknumber 38400
	-> Printing at chr: 10 pos:142247936 chunknumber 38500
	-> Printing at chr: 10 pos:142395608 chunknumber 38600
	-> Printing at chr: 10 pos:142508753 chunknumber 38700
	-> Printing at chr: 10 pos:142692424 chunknumber 38800
	-> Printing at chr: 10 pos:142909053 chunknumber 38900
	-> Printing at chr: 10 pos:142939278 chunknumber 39000
	-> Printing at chr: 10 pos:142965739 chunknumber 39100
	-> Printing at chr: 10 pos:143173068 chunknumber 39200
	-> Printing at chr: 10 pos:143565909 chunknumber 39300
	-> Printing at chr: 10 pos:143573305 chunknumber 39400
	-> Printing at chr: 10 pos:143872042 chunknumber 39500
	-> Printing at chr: 10 pos:143952433 chunknumber 39600
	-> Printing at chr: 10 pos:144051208 chunknumber 39700
	-> Printing at chr: 10 pos:144153397 chunknumber 39800
	-> Printing at chr: 10 pos:144274029 chunknumber 39900
	-> Printing at chr: 10 pos:144411426 chunknumber 40000
	-> Printing at chr: 10 pos:144619495 chunknumber 40100
	-> Printing at chr: 10 pos:144803533 chunknumber 40200
	-> Printing at chr: 10 pos:145049198 chunknumber 40300
	-> Printing at chr: 10 pos:145327521 chunknumber 40400
	-> Printing at chr: 10 pos:145490371 chunknumber 40500
	-> Printing at chr: 10 pos:145554185 chunknumber 40600
	-> Printing at chr: 10 pos:145621938 chunknumber 40700
	-> Printing at chr: 10 pos:145960204 chunknumber 40800
	-> Printing at chr: 10 pos:146024438 chunknumber 40900
	-> Printing at chr: 10 pos:146107705 chunknumber 41000
	-> Printing at chr: 10 pos:146128881 chunknumber 41100
	-> Printing at chr: 10 pos:146188014 chunknumber 41200
	-> Printing at chr: 10 pos:146200240 chunknumber 41300
	-> Printing at chr: 10 pos:146444772 chunknumber 41400
	-> Printing at chr: 10 pos:146558254 chunknumber 41500
	-> Printing at chr: 10 pos:146621217 chunknumber 41600
	-> Printing at chr: 10 pos:146674970 chunknumber 41700
	-> Printing at chr: 10 pos:146821940 chunknumber 41800
	-> Printing at chr: 10 pos:146897513 chunknumber 41900
	-> Printing at chr: 10 pos:147017356 chunknumber 42000
	-> Printing at chr: 10 pos:147141339 chunknumber 42100
	-> Printing at chr: 10 pos:147279947 chunknumber 42200
	-> Printing at chr: 10 pos:147431135 chunknumber 42300
	-> Printing at chr: 10 pos:147539609 chunknumber 42400
	-> Printing at chr: 10 pos:147672173 chunknumber 42500
	-> Printing at chr: 10 pos:147845518 chunknumber 42600
	-> Printing at chr: 10 pos:147942846 chunknumber 42700
	-> Printing at chr: 10 pos:148006790 chunknumber 42800
	-> Printing at chr: 10 pos:148046576 chunknumber 42900
	-> Printing at chr: 10 pos:148221181 chunknumber 43000
	-> Printing at chr: 10 pos:148295096 chunknumber 43100
	-> Printing at chr: 10 pos:148311603 chunknumber 43200
	-> Printing at chr: 10 pos:148370003 chunknumber 43300
	-> Printing at chr: 10 pos:148434414 chunknumber 43400
	-> Printing at chr: 10 pos:148738549 chunknumber 43500
	-> Printing at chr: 10 pos:148825660 chunknumber 43600
	-> Printing at chr: 10 pos:148985897 chunknumber 43700
	-> Printing at chr: 10 pos:149185724 chunknumber 43800

	-> Done reading data waiting for calculations to finish
	-> Calling destroy
	-> Done waiting for threads
	-> Output filenames:
		->"THETAS/TIL_.arg"
		->"THETAS/TIL_.mafs.gz"
		->"THETAS/TIL_.thetas.gz"
	-> Fri Aug  1 17:42:06 2014
	-> Arguments and parameters for all analysis are located in .arg file
	[ALL done] cpu-time used =  9647.32 sec
	[ALL done] walltime used =  9404.00 sec
	Writing: chr:10 with nSites:3830849
	Done writing: 10
	Has dumped files:
		'/home/beissing/Dom_Bot_Git/THETAS/TIL_.thetas.gz.bin'
		'/home/beissing/Dom_Bot_Git/THETAS/TIL_.thetas.gz.idx'
	Assuming binfile:/home/beissing/Dom_Bot_Git/THETAS/TIL_.thetas.gz.bin and indexfile:/home/beissing/Dom_Bot_Git/THETAS/TIL_.thetas.gz.idx
		Information from index file:
		0	10	3830849	0
	 -r=(null) outnames=(null) step: 500 win: 1000 nChr:26
	pc.chr=10 pc.nSites=3830849 firstpos=300326 lastpos=149531492
	Dumping file: "/home/beissing/Dom_Bot_Git/THETAS/TIL_.thetas.gz.pestPG"
