Module BUILD 1.6 Loaded.
Module slurm/2.6.2 loaded 
	-> Reading fasta: DATA/TRIP/TRIP.fa.gz
	-> Reading fasta: /group/jrigrp3/bottleneckProject/genomes/Zea_mays.AGPv3.22.dna.genome.fa
	->(Using Filipe modification of: abcSaf.cpp)
	-> Parsing 15 number of samples 
	-> Printing at chr: 10 pos:41469 chunknumber 100
	-> Printing at chr: 10 pos:51866 chunknumber 200
	-> Printing at chr: 10 pos:70533 chunknumber 300
	-> Printing at chr: 10 pos:146882 chunknumber 400
	-> Printing at chr: 10 pos:264639 chunknumber 500
	-> Printing at chr: 10 pos:363510 chunknumber 600
	-> Printing at chr: 10 pos:463790 chunknumber 700
	-> Printing at chr: 10 pos:540453 chunknumber 800
	-> Printing at chr: 10 pos:574035 chunknumber 900
	-> Printing at chr: 10 pos:605824 chunknumber 1000
	-> Printing at chr: 10 pos:655915 chunknumber 1100
	-> Printing at chr: 10 pos:686149 chunknumber 1200
	-> Printing at chr: 10 pos:712160 chunknumber 1300
	-> Printing at chr: 10 pos:760391 chunknumber 1400
	-> Printing at chr: 10 pos:781699 chunknumber 1500
	-> Printing at chr: 10 pos:808528 chunknumber 1600
	-> Printing at chr: 10 pos:835209 chunknumber 1700
	-> Printing at chr: 10 pos:873163 chunknumber 1800
	-> Printing at chr: 10 pos:936307 chunknumber 1900
	-> Printing at chr: 10 pos:966356 chunknumber 2000
	-> Printing at chr: 10 pos:1019752 chunknumber 2100
	-> Printing at chr: 10 pos:1046257 chunknumber 2200
	-> Printing at chr: 10 pos:1120629 chunknumber 2300
	-> Printing at chr: 10 pos:1519314 chunknumber 2400
	-> Printing at chr: 10 pos:1778751 chunknumber 2500
	-> Printing at chr: 10 pos:1971307 chunknumber 2600
	-> Printing at chr: 10 pos:2292187 chunknumber 2700
	-> Printing at chr: 10 pos:2565987 chunknumber 2800
	-> Printing at chr: 10 pos:2868472 chunknumber 2900
	-> Printing at chr: 10 pos:3090875 chunknumber 3000
	-> Printing at chr: 10 pos:3124278 chunknumber 3100
	-> Printing at chr: 10 pos:3134476 chunknumber 3200
	-> Printing at chr: 10 pos:3249856 chunknumber 3300
	-> Printing at chr: 10 pos:3596379 chunknumber 3400
	-> Printing at chr: 10 pos:3962458 chunknumber 3500
	-> Printing at chr: 10 pos:4145374 chunknumber 3600
	-> Printing at chr: 10 pos:4255134 chunknumber 3700
	-> Printing at chr: 10 pos:4340535 chunknumber 3800
	-> Printing at chr: 10 pos:4410200 chunknumber 3900
	-> Printing at chr: 10 pos:4417454 chunknumber 4000
	-> Printing at chr: 10 pos:4434831 chunknumber 4100
	-> Printing at chr: 10 pos:4438139 chunknumber 4200
	-> Printing at chr: 10 pos:4443249 chunknumber 4300
	-> Printing at chr: 10 pos:4484237 chunknumber 4400
	-> Printing at chr: 10 pos:4499352 chunknumber 4500
	-> Printing at chr: 10 pos:4867689 chunknumber 4600
	-> Printing at chr: 10 pos:5217480 chunknumber 4700
	-> Printing at chr: 10 pos:5446164 chunknumber 4800
	-> Printing at chr: 10 pos:5778464 chunknumber 4900
	-> Printing at chr: 10 pos:6051173 chunknumber 5000
	-> Printing at chr: 10 pos:6234614 chunknumber 5100
	-> Printing at chr: 10 pos:6425764 chunknumber 5200
	-> Printing at chr: 10 pos:6527486 chunknumber 5300
	-> Printing at chr: 10 pos:6872531 chunknumber 5400
	-> Printing at chr: 10 pos:6918580 chunknumber 5500
	-> Printing at chr: 10 pos:7050498 chunknumber 5600
	-> Printing at chr: 10 pos:7173891 chunknumber 5700
	-> Printing at chr: 10 pos:7249653 chunknumber 5800
	-> Printing at chr: 10 pos:7583656 chunknumber 5900
	-> Printing at chr: 10 pos:7649438 chunknumber 6000
	-> Printing at chr: 10 pos:7825023 chunknumber 6100
	-> Printing at chr: 10 pos:8107343 chunknumber 6200
	-> Printing at chr: 10 pos:8147162 chunknumber 6300
	-> Printing at chr: 10 pos:8170425 chunknumber 6400
	-> Printing at chr: 10 pos:8222085 chunknumber 6500
	-> Printing at chr: 10 pos:8258581 chunknumber 6600
	-> Printing at chr: 10 pos:8384933 chunknumber 6700
	-> Printing at chr: 10 pos:8503367 chunknumber 6800
	-> Printing at chr: 10 pos:8605458 chunknumber 6900
	-> Printing at chr: 10 pos:8819854 chunknumber 7000
	-> Printing at chr: 10 pos:8840616 chunknumber 7100
	-> Printing at chr: 10 pos:9082088 chunknumber 7200
	-> Printing at chr: 10 pos:9289894 chunknumber 7300
	-> Printing at chr: 10 pos:9468644 chunknumber 7400
	-> Printing at chr: 10 pos:9578326 chunknumber 7500
	-> Printing at chr: 10 pos:9859758 chunknumber 7600
	-> Printing at chr: 10 pos:9897286 chunknumber 7700
	-> Printing at chr: 10 pos:9969223 chunknumber 7800
	-> Printing at chr: 10 pos:9984971 chunknumber 7900
	-> Printing at chr: 10 pos:10165351 chunknumber 8000
	-> Printing at chr: 10 pos:10269227 chunknumber 8100
	-> Printing at chr: 10 pos:10411312 chunknumber 8200
	-> Printing at chr: 10 pos:10468650 chunknumber 8300
	-> Printing at chr: 10 pos:10647377 chunknumber 8400
	-> Printing at chr: 10 pos:10697647 chunknumber 8500
	-> Printing at chr: 10 pos:10752770 chunknumber 8600
	-> Printing at chr: 10 pos:10879860 chunknumber 8700
	-> Printing at chr: 10 pos:10943306 chunknumber 8800
	-> Printing at chr: 10 pos:10979427 chunknumber 8900
	-> Printing at chr: 10 pos:11008410 chunknumber 9000
	-> Printing at chr: 10 pos:11051955 chunknumber 9100
	-> Printing at chr: 10 pos:11211891 chunknumber 9200
	-> Printing at chr: 10 pos:11311059 chunknumber 9300
	-> Printing at chr: 10 pos:11532111 chunknumber 9400
	-> Printing at chr: 10 pos:11713400 chunknumber 9500
	-> Printing at chr: 10 pos:11855478 chunknumber 9600
	-> Printing at chr: 10 pos:12115234 chunknumber 9700
	-> Printing at chr: 10 pos:12287670 chunknumber 9800
	-> Printing at chr: 10 pos:12458923 chunknumber 9900
	-> Printing at chr: 10 pos:12622173 chunknumber 10000
	-> Printing at chr: 10 pos:12707157 chunknumber 10100
	-> Printing at chr: 10 pos:12742530 chunknumber 10200
	-> Printing at chr: 10 pos:12789555 chunknumber 10300
	-> Printing at chr: 10 pos:12834611 chunknumber 10400
	-> Printing at chr: 10 pos:12892864 chunknumber 10500
	-> Printing at chr: 10 pos:12919375 chunknumber 10600
	-> Printing at chr: 10 pos:13081601 chunknumber 10700
	-> Printing at chr: 10 pos:13104142 chunknumber 10800
	-> Printing at chr: 10 pos:13137511 chunknumber 10900
	-> Printing at chr: 10 pos:13262077 chunknumber 11000
	-> Printing at chr: 10 pos:13401559 chunknumber 11100
	-> Printing at chr: 10 pos:13661785 chunknumber 11200
	-> Printing at chr: 10 pos:13684301 chunknumber 11300
	-> Printing at chr: 10 pos:13735515 chunknumber 11400
	-> Printing at chr: 10 pos:13816133 chunknumber 11500
	-> Printing at chr: 10 pos:13966419 chunknumber 11600
	-> Printing at chr: 10 pos:14101448 chunknumber 11700
	-> Printing at chr: 10 pos:14210046 chunknumber 11800
	-> Printing at chr: 10 pos:14297185 chunknumber 11900
	-> Printing at chr: 10 pos:14560698 chunknumber 12000
	-> Printing at chr: 10 pos:14623009 chunknumber 12100
	-> Printing at chr: 10 pos:14684740 chunknumber 12200
	-> Printing at chr: 10 pos:14834021 chunknumber 12300
	-> Printing at chr: 10 pos:14860101 chunknumber 12400
	-> Printing at chr: 10 pos:14962992 chunknumber 12500
	-> Printing at chr: 10 pos:15132501 chunknumber 12600
	-> Printing at chr: 10 pos:15290839 chunknumber 12700
	-> Printing at chr: 10 pos:15339235 chunknumber 12800
	-> Printing at chr: 10 pos:15547409 chunknumber 12900
	-> Printing at chr: 10 pos:15940809 chunknumber 13000
	-> Printing at chr: 10 pos:16124236 chunknumber 13100
	-> Printing at chr: 10 pos:16288258 chunknumber 13200
	-> Printing at chr: 10 pos:16371304 chunknumber 13300
	-> Printing at chr: 10 pos:16589170 chunknumber 13400
	-> Printing at chr: 10 pos:16653799 chunknumber 13500
	-> Printing at chr: 10 pos:16698431 chunknumber 13600
	-> Printing at chr: 10 pos:16726498 chunknumber 13700
	-> Printing at chr: 10 pos:16752910 chunknumber 13800
	-> Printing at chr: 10 pos:16773609 chunknumber 13900
	-> Printing at chr: 10 pos:16813755 chunknumber 14000
	-> Printing at chr: 10 pos:16862166 chunknumber 14100
	-> Printing at chr: 10 pos:16884949 chunknumber 14200
	-> Printing at chr: 10 pos:16954862 chunknumber 14300
	-> Printing at chr: 10 pos:17007631 chunknumber 14400
	-> Printing at chr: 10 pos:17039500 chunknumber 14500
	-> Printing at chr: 10 pos:17070923 chunknumber 14600
	-> Printing at chr: 10 pos:17100675 chunknumber 14700
	-> Printing at chr: 10 pos:17113140 chunknumber 14800
	-> Printing at chr: 10 pos:17154168 chunknumber 14900
	-> Printing at chr: 10 pos:17231092 chunknumber 15000
	-> Printing at chr: 10 pos:17254273 chunknumber 15100
	-> Printing at chr: 10 pos:17277043 chunknumber 15200
	-> Printing at chr: 10 pos:17297442 chunknumber 15300
	-> Printing at chr: 10 pos:17332447 chunknumber 15400
	-> Printing at chr: 10 pos:17377755 chunknumber 15500
	-> Printing at chr: 10 pos:17409896 chunknumber 15600
	-> Printing at chr: 10 pos:17441062 chunknumber 15700
	-> Printing at chr: 10 pos:17494001 chunknumber 15800
	-> Printing at chr: 10 pos:17660152 chunknumber 15900
	-> Printing at chr: 10 pos:17851612 chunknumber 16000
	-> Printing at chr: 10 pos:17906026 chunknumber 16100
	-> Printing at chr: 10 pos:17970997 chunknumber 16200
	-> Printing at chr: 10 pos:18051190 chunknumber 16300
	-> Printing at chr: 10 pos:18123227 chunknumber 16400
	-> Printing at chr: 10 pos:18185108 chunknumber 16500
	-> Printing at chr: 10 pos:18236422 chunknumber 16600
	-> Printing at chr: 10 pos:18260575 chunknumber 16700
	-> Printing at chr: 10 pos:18333154 chunknumber 16800
	-> Printing at chr: 10 pos:18459360 chunknumber 16900
	-> Printing at chr: 10 pos:18563763 chunknumber 17000
	-> Printing at chr: 10 pos:18712188 chunknumber 17100
	-> Printing at chr: 10 pos:18807962 chunknumber 17200
	-> Printing at chr: 10 pos:18856283 chunknumber 17300
	-> Printing at chr: 10 pos:18916911 chunknumber 17400
	-> Printing at chr: 10 pos:19031510 chunknumber 17500
	-> Printing at chr: 10 pos:19215539 chunknumber 17600
	-> Printing at chr: 10 pos:19347065 chunknumber 17700
	-> Printing at chr: 10 pos:19501552 chunknumber 17800
	-> Printing at chr: 10 pos:19565644 chunknumber 17900
	-> Printing at chr: 10 pos:19611591 chunknumber 18000
	-> Printing at chr: 10 pos:19631610 chunknumber 18100
	-> Printing at chr: 10 pos:19678399 chunknumber 18200
	-> Printing at chr: 10 pos:19722298 chunknumber 18300
	-> Printing at chr: 10 pos:19768906 chunknumber 18400
	-> Printing at chr: 10 pos:19791723 chunknumber 18500
	-> Printing at chr: 10 pos:19823599 chunknumber 18600
	-> Printing at chr: 10 pos:19917358 chunknumber 18700
	-> Printing at chr: 10 pos:19949647 chunknumber 18800
	-> Printing at chr: 10 pos:20026839 chunknumber 18900
	-> Printing at chr: 10 pos:20117183 chunknumber 19000
	-> Printing at chr: 10 pos:20174611 chunknumber 19100
	-> Printing at chr: 10 pos:20221929 chunknumber 19200
	-> Printing at chr: 10 pos:20257068 chunknumber 19300
	-> Printing at chr: 10 pos:20325478 chunknumber 19400
	-> Printing at chr: 10 pos:20483933 chunknumber 19500
	-> Printing at chr: 10 pos:20688947 chunknumber 19600
	-> Printing at chr: 10 pos:20795017 chunknumber 19700
	-> Printing at chr: 10 pos:20825856 chunknumber 19800
	-> Printing at chr: 10 pos:20872262 chunknumber 19900
	-> Printing at chr: 10 pos:20936059 chunknumber 20000
	-> Printing at chr: 10 pos:21037697 chunknumber 20100
	-> Printing at chr: 10 pos:21123855 chunknumber 20200
	-> Printing at chr: 10 pos:21163440 chunknumber 20300
	-> Printing at chr: 10 pos:21258002 chunknumber 20400
	-> Printing at chr: 10 pos:21346827 chunknumber 20500
	-> Printing at chr: 10 pos:21484426 chunknumber 20600
	-> Printing at chr: 10 pos:21590459 chunknumber 20700
	-> Printing at chr: 10 pos:21811498 chunknumber 20800
	-> Printing at chr: 10 pos:21965347 chunknumber 20900
	-> Printing at chr: 10 pos:22146497 chunknumber 21000
	-> Printing at chr: 10 pos:22184381 chunknumber 21100
	-> Printing at chr: 10 pos:22216457 chunknumber 21200
	-> Printing at chr: 10 pos:22263646 chunknumber 21300
	-> Printing at chr: 10 pos:22409177 chunknumber 21400
	-> Printing at chr: 10 pos:22549898 chunknumber 21500
	-> Printing at chr: 10 pos:22703589 chunknumber 21600
	-> Printing at chr: 10 pos:22889313 chunknumber 21700
	-> Printing at chr: 10 pos:22942923 chunknumber 21800
	-> Printing at chr: 10 pos:23113751 chunknumber 21900
	-> Printing at chr: 10 pos:23153210 chunknumber 22000
	-> Printing at chr: 10 pos:23248220 chunknumber 22100
	-> Printing at chr: 10 pos:23516355 chunknumber 22200
	-> Printing at chr: 10 pos:23755168 chunknumber 22300
	-> Printing at chr: 10 pos:23882595 chunknumber 22400
	-> Printing at chr: 10 pos:23927965 chunknumber 22500
	-> Printing at chr: 10 pos:23970489 chunknumber 22600
	-> Printing at chr: 10 pos:24007089 chunknumber 22700
	-> Printing at chr: 10 pos:24036091 chunknumber 22800
	-> Printing at chr: 10 pos:24047929 chunknumber 22900
	-> Printing at chr: 10 pos:24065170 chunknumber 23000
	-> Printing at chr: 10 pos:24098391 chunknumber 23100
	-> Printing at chr: 10 pos:24136381 chunknumber 23200
	-> Printing at chr: 10 pos:24210313 chunknumber 23300
	-> Printing at chr: 10 pos:24271784 chunknumber 23400
	-> Printing at chr: 10 pos:24310366 chunknumber 23500
	-> Printing at chr: 10 pos:24337520 chunknumber 23600
	-> Printing at chr: 10 pos:24405386 chunknumber 23700
	-> Printing at chr: 10 pos:24497696 chunknumber 23800
	-> Printing at chr: 10 pos:24610336 chunknumber 23900
	-> Printing at chr: 10 pos:24648430 chunknumber 24000
	-> Printing at chr: 10 pos:24865781 chunknumber 24100
	-> Printing at chr: 10 pos:25011807 chunknumber 24200
	-> Printing at chr: 10 pos:25101379 chunknumber 24300
	-> Printing at chr: 10 pos:25157502 chunknumber 24400
	-> Printing at chr: 10 pos:25176721 chunknumber 24500
	-> Printing at chr: 10 pos:25214003 chunknumber 24600
	-> Printing at chr: 10 pos:25261158 chunknumber 24700
	-> Printing at chr: 10 pos:25289524 chunknumber 24800
	-> Printing at chr: 10 pos:25438504 chunknumber 24900
	-> Printing at chr: 10 pos:25665381 chunknumber 25000
	-> Printing at chr: 10 pos:25832322 chunknumber 25100
	-> Printing at chr: 10 pos:25886194 chunknumber 25200
	-> Printing at chr: 10 pos:26219709 chunknumber 25300
	-> Printing at chr: 10 pos:26474713 chunknumber 25400
	-> Printing at chr: 10 pos:26542271 chunknumber 25500
	-> Printing at chr: 10 pos:26584710 chunknumber 25600
	-> Printing at chr: 10 pos:26688407 chunknumber 25700
	-> Printing at chr: 10 pos:26768941 chunknumber 25800
	-> Printing at chr: 10 pos:26921431 chunknumber 25900
	-> Printing at chr: 10 pos:27057057 chunknumber 26000
	-> Printing at chr: 10 pos:27178130 chunknumber 26100
	-> Printing at chr: 10 pos:27360342 chunknumber 26200
	-> Printing at chr: 10 pos:27526702 chunknumber 26300
	-> Printing at chr: 10 pos:27666624 chunknumber 26400
	-> Printing at chr: 10 pos:27717492 chunknumber 26500
	-> Printing at chr: 10 pos:27801073 chunknumber 26600
	-> Printing at chr: 10 pos:27965607 chunknumber 26700
	-> Printing at chr: 10 pos:28095563 chunknumber 26800
	-> Printing at chr: 10 pos:28230049 chunknumber 26900
	-> Printing at chr: 10 pos:28446545 chunknumber 27000
	-> Printing at chr: 10 pos:28501744 chunknumber 27100
	-> Printing at chr: 10 pos:28559586 chunknumber 27200
	-> Printing at chr: 10 pos:28585948 chunknumber 27300
	-> Printing at chr: 10 pos:28641385 chunknumber 27400
	-> Printing at chr: 10 pos:28661863 chunknumber 27500
	-> Printing at chr: 10 pos:28706580 chunknumber 27600
	-> Printing at chr: 10 pos:28751744 chunknumber 27700
	-> Printing at chr: 10 pos:28787721 chunknumber 27800
	-> Printing at chr: 10 pos:28829002 chunknumber 27900
	-> Printing at chr: 10 pos:28870339 chunknumber 28000
	-> Printing at chr: 10 pos:28896206 chunknumber 28100
	-> Printing at chr: 10 pos:28941365 chunknumber 28200
	-> Printing at chr: 10 pos:29004013 chunknumber 28300
	-> Printing at chr: 10 pos:29044989 chunknumber 28400
	-> Printing at chr: 10 pos:29076760 chunknumber 28500
	-> Printing at chr: 10 pos:29129745 chunknumber 28600
	-> Printing at chr: 10 pos:29157094 chunknumber 28700
	-> Printing at chr: 10 pos:29183212 chunknumber 28800
	-> Printing at chr: 10 pos:29220233 chunknumber 28900
	-> Printing at chr: 10 pos:29273352 chunknumber 29000
	-> Printing at chr: 10 pos:29305308 chunknumber 29100
	-> Printing at chr: 10 pos:29441541 chunknumber 29200
	-> Printing at chr: 10 pos:29528073 chunknumber 29300
	-> Printing at chr: 10 pos:29669082 chunknumber 29400
	-> Printing at chr: 10 pos:29801565 chunknumber 29500
	-> Printing at chr: 10 pos:29924315 chunknumber 29600
	-> Printing at chr: 10 pos:30003920 chunknumber 29700
	-> Printing at chr: 10 pos:30081035 chunknumber 29800
	-> Printing at chr: 10 pos:30234902 chunknumber 29900
	-> Printing at chr: 10 pos:30357828 chunknumber 30000
	-> Printing at chr: 10 pos:30395975 chunknumber 30100
	-> Printing at chr: 10 pos:30446415 chunknumber 30200
	-> Printing at chr: 10 pos:30492809 chunknumber 30300
	-> Printing at chr: 10 pos:30517288 chunknumber 30400
	-> Printing at chr: 10 pos:30537702 chunknumber 30500
	-> Printing at chr: 10 pos:30568060 chunknumber 30600
	-> Printing at chr: 10 pos:30595511 chunknumber 30700
	-> Printing at chr: 10 pos:30621794 chunknumber 30800
	-> Printing at chr: 10 pos:30684279 chunknumber 30900
	-> Printing at chr: 10 pos:30738495 chunknumber 31000
	-> Printing at chr: 10 pos:30766735 chunknumber 31100
	-> Printing at chr: 10 pos:30811816 chunknumber 31200
	-> Printing at chr: 10 pos:30839589 chunknumber 31300
	-> Printing at chr: 10 pos:30953587 chunknumber 31400
	-> Printing at chr: 10 pos:31082011 chunknumber 31500
	-> Printing at chr: 10 pos:31238011 chunknumber 31600
	-> Printing at chr: 10 pos:31300475 chunknumber 31700
	-> Printing at chr: 10 pos:31352954 chunknumber 31800
	-> Printing at chr: 10 pos:31386379 chunknumber 31900
	-> Printing at chr: 10 pos:31478240 chunknumber 32000
	-> Printing at chr: 10 pos:31591837 chunknumber 32100
	-> Printing at chr: 10 pos:31699862 chunknumber 32200
	-> Printing at chr: 10 pos:31812251 chunknumber 32300
	-> Printing at chr: 10 pos:31924150 chunknumber 32400
	-> Printing at chr: 10 pos:32016536 chunknumber 32500
	-> Printing at chr: 10 pos:32045413 chunknumber 32600
	-> Printing at chr: 10 pos:32074918 chunknumber 32700
	-> Printing at chr: 10 pos:32106978 chunknumber 32800
	-> Printing at chr: 10 pos:32125166 chunknumber 32900
	-> Printing at chr: 10 pos:32161095 chunknumber 33000
	-> Printing at chr: 10 pos:32201974 chunknumber 33100
	-> Printing at chr: 10 pos:32317758 chunknumber 33200
	-> Printing at chr: 10 pos:32411278 chunknumber 33300
	-> Printing at chr: 10 pos:32473970 chunknumber 33400
	-> Printing at chr: 10 pos:32521266 chunknumber 33500
	-> Printing at chr: 10 pos:32580404 chunknumber 33600
	-> Printing at chr: 10 pos:32650289 chunknumber 33700
	-> Printing at chr: 10 pos:32729214 chunknumber 33800
	-> Printing at chr: 10 pos:32791274 chunknumber 33900
	-> Printing at chr: 10 pos:32854238 chunknumber 34000
	-> Printing at chr: 10 pos:33001864 chunknumber 34100
	-> Printing at chr: 10 pos:33100354 chunknumber 34200
	-> Printing at chr: 10 pos:33173599 chunknumber 34300
	-> Printing at chr: 10 pos:33240529 chunknumber 34400
	-> Printing at chr: 10 pos:33385373 chunknumber 34500
	-> Printing at chr: 10 pos:33511474 chunknumber 34600
	-> Printing at chr: 10 pos:33605487 chunknumber 34700
	-> Printing at chr: 10 pos:33676403 chunknumber 34800
	-> Printing at chr: 10 pos:33813672 chunknumber 34900
	-> Printing at chr: 10 pos:33908030 chunknumber 35000
	-> Printing at chr: 10 pos:34086209 chunknumber 35100
	-> Printing at chr: 10 pos:34169958 chunknumber 35200
	-> Printing at chr: 10 pos:34207205 chunknumber 35300
	-> Printing at chr: 10 pos:34313953 chunknumber 35400
	-> Printing at chr: 10 pos:34341047 chunknumber 35500
	-> Printing at chr: 10 pos:34417456 chunknumber 35600
	-> Printing at chr: 10 pos:34449858 chunknumber 35700
	-> Printing at chr: 10 pos:34489644 chunknumber 35800
	-> Printing at chr: 10 pos:34533560 chunknumber 35900
	-> Printing at chr: 10 pos:34559448 chunknumber 36000
	-> Printing at chr: 10 pos:34590847 chunknumber 36100
	-> Printing at chr: 10 pos:34652264 chunknumber 36200
	-> Printing at chr: 10 pos:34713188 chunknumber 36300
	-> Printing at chr: 10 pos:34790332 chunknumber 36400
	-> Printing at chr: 10 pos:34833211 chunknumber 36500
	-> Printing at chr: 10 pos:35016526 chunknumber 36600
	-> Printing at chr: 10 pos:35044003 chunknumber 36700
	-> Printing at chr: 10 pos:35124469 chunknumber 36800
	-> Printing at chr: 10 pos:35154764 chunknumber 36900
	-> Printing at chr: 10 pos:35185948 chunknumber 37000
	-> Printing at chr: 10 pos:35410509 chunknumber 37100
	-> Printing at chr: 10 pos:35468442 chunknumber 37200
	-> Printing at chr: 10 pos:35499132 chunknumber 37300
	-> Printing at chr: 10 pos:35553244 chunknumber 37400
	-> Printing at chr: 10 pos:35627490 chunknumber 37500
	-> Printing at chr: 10 pos:35694607 chunknumber 37600
	-> Printing at chr: 10 pos:35866033 chunknumber 37700
	-> Printing at chr: 10 pos:35937500 chunknumber 37800
	-> Printing at chr: 10 pos:35967839 chunknumber 37900
	-> Printing at chr: 10 pos:36066594 chunknumber 38000
	-> Printing at chr: 10 pos:36267783 chunknumber 38100
	-> Printing at chr: 10 pos:36288396 chunknumber 38200
	-> Printing at chr: 10 pos:36309098 chunknumber 38300
	-> Printing at chr: 10 pos:36341793 chunknumber 38400
	-> Printing at chr: 10 pos:36472827 chunknumber 38500
	-> Printing at chr: 10 pos:36567962 chunknumber 38600
	-> Printing at chr: 10 pos:36779370 chunknumber 38700
	-> Printing at chr: 10 pos:36845889 chunknumber 38800
	-> Printing at chr: 10 pos:36890270 chunknumber 38900
	-> Printing at chr: 10 pos:36911668 chunknumber 39000
	-> Printing at chr: 10 pos:36978839 chunknumber 39100
	-> Printing at chr: 10 pos:37014060 chunknumber 39200
	-> Printing at chr: 10 pos:37040011 chunknumber 39300
	-> Printing at chr: 10 pos:37066084 chunknumber 39400
	-> Printing at chr: 10 pos:37087452 chunknumber 39500
	-> Printing at chr: 10 pos:37154123 chunknumber 39600
	-> Printing at chr: 10 pos:37197517 chunknumber 39700
	-> Printing at chr: 10 pos:37257355 chunknumber 39800
	-> Printing at chr: 10 pos:37292792 chunknumber 39900
	-> Printing at chr: 10 pos:37316870 chunknumber 40000
	-> Printing at chr: 10 pos:37368818 chunknumber 40100
	-> Printing at chr: 10 pos:37408926 chunknumber 40200
	-> Printing at chr: 10 pos:37614510 chunknumber 40300
	-> Printing at chr: 10 pos:37819603 chunknumber 40400
	-> Printing at chr: 10 pos:37843985 chunknumber 40500
	-> Printing at chr: 10 pos:37895705 chunknumber 40600
	-> Printing at chr: 10 pos:37977641 chunknumber 40700
	-> Printing at chr: 10 pos:38023035 chunknumber 40800
	-> Printing at chr: 10 pos:38060182 chunknumber 40900
	-> Printing at chr: 10 pos:38155546 chunknumber 41000
	-> Printing at chr: 10 pos:38200963 chunknumber 41100
	-> Printing at chr: 10 pos:38274870 chunknumber 41200
	-> Printing at chr: 10 pos:38332307 chunknumber 41300
	-> Printing at chr: 10 pos:38384371 chunknumber 41400
	-> Printing at chr: 10 pos:38450074 chunknumber 41500
	-> Printing at chr: 10 pos:38513266 chunknumber 41600
	-> Printing at chr: 10 pos:38623924 chunknumber 41700
	-> Printing at chr: 10 pos:38661656 chunknumber 41800
	-> Printing at chr: 10 pos:38697461 chunknumber 41900
	-> Printing at chr: 10 pos:38744908 chunknumber 42000
	-> Printing at chr: 10 pos:38830798 chunknumber 42100
	-> Printing at chr: 10 pos:38876759 chunknumber 42200
	-> Printing at chr: 10 pos:38909892 chunknumber 42300
	-> Printing at chr: 10 pos:38961243 chunknumber 42400
	-> Printing at chr: 10 pos:39121131 chunknumber 42500
	-> Printing at chr: 10 pos:39156631 chunknumber 42600
	-> Printing at chr: 10 pos:39201102 chunknumber 42700
	-> Printing at chr: 10 pos:39397559 chunknumber 42800
	-> Printing at chr: 10 pos:39523791 chunknumber 42900
	-> Printing at chr: 10 pos:39587059 chunknumber 43000
	-> Printing at chr: 10 pos:39634175 chunknumber 43100
	-> Printing at chr: 10 pos:39735072 chunknumber 43200
	-> Printing at chr: 10 pos:39885645 chunknumber 43300
	-> Printing at chr: 10 pos:40064820 chunknumber 43400
	-> Printing at chr: 10 pos:40151391 chunknumber 43500
	-> Printing at chr: 10 pos:40233073 chunknumber 43600
	-> Printing at chr: 10 pos:40273425 chunknumber 43700
	-> Printing at chr: 10 pos:40300960 chunknumber 43800
	-> Printing at chr: 10 pos:40330771 chunknumber 43900
	-> Printing at chr: 10 pos:40412787 chunknumber 44000
	-> Printing at chr: 10 pos:40624424 chunknumber 44100
	-> Printing at chr: 10 pos:40744147 chunknumber 44200
	-> Printing at chr: 10 pos:40875979 chunknumber 44300
	-> Printing at chr: 10 pos:40966970 chunknumber 44400
	-> Printing at chr: 10 pos:41047828 chunknumber 44500
	-> Printing at chr: 10 pos:41082311 chunknumber 44600
	-> Printing at chr: 10 pos:41165937 chunknumber 44700
	-> Printing at chr: 10 pos:41188010 chunknumber 44800
	-> Printing at chr: 10 pos:41213999 chunknumber 44900
	-> Printing at chr: 10 pos:41247349 chunknumber 45000
	-> Printing at chr: 10 pos:41273015 chunknumber 45100
	-> Printing at chr: 10 pos:41326809 chunknumber 45200
	-> Printing at chr: 10 pos:41398013 chunknumber 45300
	-> Printing at chr: 10 pos:41425271 chunknumber 45400
	-> Printing at chr: 10 pos:41458446 chunknumber 45500
	-> Printing at chr: 10 pos:41507843 chunknumber 45600
	-> Printing at chr: 10 pos:41536634 chunknumber 45700
	-> Printing at chr: 10 pos:41563905 chunknumber 45800
	-> Printing at chr: 10 pos:41631548 chunknumber 45900
	-> Printing at chr: 10 pos:41657109 chunknumber 46000
	-> Printing at chr: 10 pos:41679316 chunknumber 46100
	-> Printing at chr: 10 pos:41718325 chunknumber 46200
	-> Printing at chr: 10 pos:41751932 chunknumber 46300
	-> Printing at chr: 10 pos:41782869 chunknumber 46400
	-> Printing at chr: 10 pos:41842284 chunknumber 46500
	-> Printing at chr: 10 pos:41874604 chunknumber 46600
	-> Printing at chr: 10 pos:41907643 chunknumber 46700
	-> Printing at chr: 10 pos:41953984 chunknumber 46800
	-> Printing at chr: 10 pos:41990597 chunknumber 46900
	-> Printing at chr: 10 pos:42069730 chunknumber 47000
	-> Printing at chr: 10 pos:42124853 chunknumber 47100
	-> Printing at chr: 10 pos:42150177 chunknumber 47200
	-> Printing at chr: 10 pos:42178945 chunknumber 47300
	-> Printing at chr: 10 pos:42225866 chunknumber 47400
	-> Printing at chr: 10 pos:42267014 chunknumber 47500
	-> Printing at chr: 10 pos:42290403 chunknumber 47600
	-> Printing at chr: 10 pos:42313673 chunknumber 47700
	-> Printing at chr: 10 pos:42377222 chunknumber 47800
	-> Printing at chr: 10 pos:42419352 chunknumber 47900
	-> Printing at chr: 10 pos:42446040 chunknumber 48000
	-> Printing at chr: 10 pos:42486593 chunknumber 48100
	-> Printing at chr: 10 pos:42520645 chunknumber 48200
	-> Printing at chr: 10 pos:42560334 chunknumber 48300
	-> Printing at chr: 10 pos:42588438 chunknumber 48400
	-> Printing at chr: 10 pos:42630274 chunknumber 48500
	-> Printing at chr: 10 pos:42660547 chunknumber 48600
	-> Printing at chr: 10 pos:42703360 chunknumber 48700
	-> Printing at chr: 10 pos:42738494 chunknumber 48800
	-> Printing at chr: 10 pos:42767077 chunknumber 48900
	-> Printing at chr: 10 pos:42805560 chunknumber 49000
	-> Printing at chr: 10 pos:42841517 chunknumber 49100
	-> Printing at chr: 10 pos:42904985 chunknumber 49200
	-> Printing at chr: 10 pos:42944051 chunknumber 49300
	-> Printing at chr: 10 pos:42985888 chunknumber 49400
	-> Printing at chr: 10 pos:43014459 chunknumber 49500
	-> Printing at chr: 10 pos:43036091 chunknumber 49600
	-> Printing at chr: 10 pos:43061982 chunknumber 49700
	-> Printing at chr: 10 pos:43103213 chunknumber 49800
	-> Printing at chr: 10 pos:43131830 chunknumber 49900
	-> Printing at chr: 10 pos:43185274 chunknumber 50000
	-> Printing at chr: 10 pos:43217597 chunknumber 50100
	-> Printing at chr: 10 pos:43257635 chunknumber 50200
	-> Printing at chr: 10 pos:43300794 chunknumber 50300
	-> Printing at chr: 10 pos:43331386 chunknumber 50400
	-> Printing at chr: 10 pos:43364661 chunknumber 50500
	-> Printing at chr: 10 pos:43390156 chunknumber 50600
	-> Printing at chr: 10 pos:43435083 chunknumber 50700
	-> Printing at chr: 10 pos:43466815 chunknumber 50800
	-> Printing at chr: 10 pos:43499464 chunknumber 50900
	-> Printing at chr: 10 pos:43525470 chunknumber 51000
	-> Printing at chr: 10 pos:43592286 chunknumber 51100
	-> Printing at chr: 10 pos:43627283 chunknumber 51200
	-> Printing at chr: 10 pos:43651129 chunknumber 51300
	-> Printing at chr: 10 pos:43690426 chunknumber 51400
	-> Printing at chr: 10 pos:43717354 chunknumber 51500
	-> Printing at chr: 10 pos:43748669 chunknumber 51600
	-> Printing at chr: 10 pos:43773447 chunknumber 51700
	-> Printing at chr: 10 pos:43795739 chunknumber 51800
	-> Printing at chr: 10 pos:43829708 chunknumber 51900
	-> Printing at chr: 10 pos:43854343 chunknumber 52000
	-> Printing at chr: 10 pos:43892175 chunknumber 52100
	-> Printing at chr: 10 pos:43968527 chunknumber 52200
	-> Printing at chr: 10 pos:44003525 chunknumber 52300
	-> Printing at chr: 10 pos:44025457 chunknumber 52400
	-> Printing at chr: 10 pos:44055503 chunknumber 52500
	-> Printing at chr: 10 pos:44282018 chunknumber 52600
	-> Printing at chr: 10 pos:44359772 chunknumber 52700
	-> Printing at chr: 10 pos:44387369 chunknumber 52800
	-> Printing at chr: 10 pos:44451037 chunknumber 52900
	-> Printing at chr: 10 pos:44488006 chunknumber 53000
	-> Printing at chr: 10 pos:44513082 chunknumber 53100
	-> Printing at chr: 10 pos:44541018 chunknumber 53200
	-> Printing at chr: 10 pos:44612194 chunknumber 53300
	-> Printing at chr: 10 pos:44633725 chunknumber 53400
	-> Printing at chr: 10 pos:44655260 chunknumber 53500
	-> Printing at chr: 10 pos:44702438 chunknumber 53600
	-> Printing at chr: 10 pos:44758658 chunknumber 53700
	-> Printing at chr: 10 pos:44807629 chunknumber 53800
	-> Printing at chr: 10 pos:44839112 chunknumber 53900
	-> Printing at chr: 10 pos:44875683 chunknumber 54000
	-> Printing at chr: 10 pos:44934549 chunknumber 54100
	-> Printing at chr: 10 pos:44971364 chunknumber 54200
	-> Printing at chr: 10 pos:45017534 chunknumber 54300
	-> Printing at chr: 10 pos:45057599 chunknumber 54400
	-> Printing at chr: 10 pos:45094806 chunknumber 54500
	-> Printing at chr: 10 pos:45143731 chunknumber 54600
	-> Printing at chr: 10 pos:45171213 chunknumber 54700
	-> Printing at chr: 10 pos:45217008 chunknumber 54800
	-> Printing at chr: 10 pos:45250031 chunknumber 54900
	-> Printing at chr: 10 pos:45301224 chunknumber 55000
	-> Printing at chr: 10 pos:45343795 chunknumber 55100
	-> Printing at chr: 10 pos:45371551 chunknumber 55200
	-> Printing at chr: 10 pos:45398560 chunknumber 55300
	-> Printing at chr: 10 pos:45435935 chunknumber 55400
	-> Printing at chr: 10 pos:45456885 chunknumber 55500
	-> Printing at chr: 10 pos:45507409 chunknumber 55600
	-> Printing at chr: 10 pos:45663849 chunknumber 55700
	-> Printing at chr: 10 pos:45754146 chunknumber 55800
	-> Printing at chr: 10 pos:45790961 chunknumber 55900
	-> Printing at chr: 10 pos:45830615 chunknumber 56000
	-> Printing at chr: 10 pos:45857641 chunknumber 56100
	-> Printing at chr: 10 pos:45879221 chunknumber 56200
	-> Printing at chr: 10 pos:45917362 chunknumber 56300
	-> Printing at chr: 10 pos:45964975 chunknumber 56400
	-> Printing at chr: 10 pos:45986286 chunknumber 56500
	-> Printing at chr: 10 pos:46022829 chunknumber 56600
	-> Printing at chr: 10 pos:46092631 chunknumber 56700
	-> Printing at chr: 10 pos:46114937 chunknumber 56800
	-> Printing at chr: 10 pos:46146005 chunknumber 56900
	-> Printing at chr: 10 pos:46183323 chunknumber 57000
	-> Printing at chr: 10 pos:46206880 chunknumber 57100
	-> Printing at chr: 10 pos:46252471 chunknumber 57200
	-> Printing at chr: 10 pos:46326488 chunknumber 57300
	-> Printing at chr: 10 pos:46351346 chunknumber 57400
	-> Printing at chr: 10 pos:46372066 chunknumber 57500
	-> Printing at chr: 10 pos:46398486 chunknumber 57600
	-> Printing at chr: 10 pos:46434008 chunknumber 57700
	-> Printing at chr: 10 pos:46458205 chunknumber 57800
	-> Printing at chr: 10 pos:46550939 chunknumber 57900
	-> Printing at chr: 10 pos:46613426 chunknumber 58000
	-> Printing at chr: 10 pos:46646459 chunknumber 58100
	-> Printing at chr: 10 pos:46678604 chunknumber 58200
	-> Printing at chr: 10 pos:46720964 chunknumber 58300
	-> Printing at chr: 10 pos:46745686 chunknumber 58400
	-> Printing at chr: 10 pos:46776863 chunknumber 58500
	-> Printing at chr: 10 pos:46821978 chunknumber 58600
	-> Printing at chr: 10 pos:46867674 chunknumber 58700
	-> Printing at chr: 10 pos:46895214 chunknumber 58800
	-> Printing at chr: 10 pos:46927556 chunknumber 58900
	-> Printing at chr: 10 pos:46979737 chunknumber 59000
	-> Printing at chr: 10 pos:47002783 chunknumber 59100
	-> Printing at chr: 10 pos:47026009 chunknumber 59200
	-> Printing at chr: 10 pos:47046804 chunknumber 59300
	-> Printing at chr: 10 pos:47111509 chunknumber 59400
	-> Printing at chr: 10 pos:47154629 chunknumber 59500
	-> Printing at chr: 10 pos:47177687 chunknumber 59600
	-> Printing at chr: 10 pos:47202707 chunknumber 59700
	-> Printing at chr: 10 pos:47262714 chunknumber 59800
	-> Printing at chr: 10 pos:47297142 chunknumber 59900
	-> Printing at chr: 10 pos:47344567 chunknumber 60000
	-> Printing at chr: 10 pos:47382407 chunknumber 60100
	-> Printing at chr: 10 pos:47437666 chunknumber 60200
	-> Printing at chr: 10 pos:47511953 chunknumber 60300
	-> Printing at chr: 10 pos:47545090 chunknumber 60400
	-> Printing at chr: 10 pos:47568822 chunknumber 60500
	-> Printing at chr: 10 pos:47591054 chunknumber 60600
	-> Printing at chr: 10 pos:47621596 chunknumber 60700
	-> Printing at chr: 10 pos:47647422 chunknumber 60800
	-> Printing at chr: 10 pos:47676465 chunknumber 60900
	-> Printing at chr: 10 pos:47697949 chunknumber 61000
	-> Printing at chr: 10 pos:47735878 chunknumber 61100
	-> Printing at chr: 10 pos:47804083 chunknumber 61200
	-> Printing at chr: 10 pos:47852486 chunknumber 61300
	-> Printing at chr: 10 pos:47884703 chunknumber 61400
	-> Printing at chr: 10 pos:47931280 chunknumber 61500
	-> Printing at chr: 10 pos:47979447 chunknumber 61600
	-> Printing at chr: 10 pos:48073237 chunknumber 61700
	-> Printing at chr: 10 pos:48107452 chunknumber 61800
	-> Printing at chr: 10 pos:48163177 chunknumber 61900
	-> Printing at chr: 10 pos:48201358 chunknumber 62000
	-> Printing at chr: 10 pos:48223610 chunknumber 62100
	-> Printing at chr: 10 pos:48252763 chunknumber 62200
	-> Printing at chr: 10 pos:48284936 chunknumber 62300
	-> Printing at chr: 10 pos:48309401 chunknumber 62400
	-> Printing at chr: 10 pos:48340495 chunknumber 62500
	-> Printing at chr: 10 pos:48379610 chunknumber 62600
	-> Printing at chr: 10 pos:48490006 chunknumber 62700
	-> Printing at chr: 10 pos:48543687 chunknumber 62800
	-> Printing at chr: 10 pos:48585362 chunknumber 62900
	-> Printing at chr: 10 pos:48631038 chunknumber 63000
	-> Printing at chr: 10 pos:48680751 chunknumber 63100
	-> Printing at chr: 10 pos:48752263 chunknumber 63200
	-> Printing at chr: 10 pos:48826804 chunknumber 63300
	-> Printing at chr: 10 pos:48963612 chunknumber 63400
	-> Printing at chr: 10 pos:49015299 chunknumber 63500
	-> Printing at chr: 10 pos:49045984 chunknumber 63600
	-> Printing at chr: 10 pos:49092956 chunknumber 63700
	-> Printing at chr: 10 pos:49183129 chunknumber 63800
	-> Printing at chr: 10 pos:49236516 chunknumber 63900
	-> Printing at chr: 10 pos:49269403 chunknumber 64000
	-> Printing at chr: 10 pos:49317736 chunknumber 64100
	-> Printing at chr: 10 pos:49401641 chunknumber 64200
	-> Printing at chr: 10 pos:49453178 chunknumber 64300
	-> Printing at chr: 10 pos:49525000 chunknumber 64400
	-> Printing at chr: 10 pos:49559640 chunknumber 64500
	-> Printing at chr: 10 pos:49585874 chunknumber 64600
	-> Printing at chr: 10 pos:49626484 chunknumber 64700
	-> Printing at chr: 10 pos:49663489 chunknumber 64800
	-> Printing at chr: 10 pos:49699365 chunknumber 64900
	-> Printing at chr: 10 pos:49732817 chunknumber 65000
	-> Printing at chr: 10 pos:49766166 chunknumber 65100
	-> Printing at chr: 10 pos:49831871 chunknumber 65200
	-> Printing at chr: 10 pos:49876794 chunknumber 65300
	-> Printing at chr: 10 pos:49938428 chunknumber 65400
	-> Printing at chr: 10 pos:50012495 chunknumber 65500
	-> Printing at chr: 10 pos:50034018 chunknumber 65600
	-> Printing at chr: 10 pos:50077285 chunknumber 65700
	-> Printing at chr: 10 pos:50210761 chunknumber 65800
	-> Printing at chr: 10 pos:50271399 chunknumber 65900
	-> Printing at chr: 10 pos:50294932 chunknumber 66000
	-> Printing at chr: 10 pos:50330817 chunknumber 66100
	-> Printing at chr: 10 pos:50391924 chunknumber 66200
	-> Printing at chr: 10 pos:50438690 chunknumber 66300
	-> Printing at chr: 10 pos:50482461 chunknumber 66400
	-> Printing at chr: 10 pos:50534016 chunknumber 66500
	-> Printing at chr: 10 pos:50575841 chunknumber 66600
	-> Printing at chr: 10 pos:50609837 chunknumber 66700
	-> Printing at chr: 10 pos:50658749 chunknumber 66800
	-> Printing at chr: 10 pos:50735893 chunknumber 66900
	-> Printing at chr: 10 pos:50782779 chunknumber 67000
	-> Printing at chr: 10 pos:50821401 chunknumber 67100
	-> Printing at chr: 10 pos:50852231 chunknumber 67200
	-> Printing at chr: 10 pos:50887384 chunknumber 67300
	-> Printing at chr: 10 pos:50907578 chunknumber 67400
	-> Printing at chr: 10 pos:50931264 chunknumber 67500
	-> Printing at chr: 10 pos:50957674 chunknumber 67600
	-> Printing at chr: 10 pos:50999316 chunknumber 67700
	-> Printing at chr: 10 pos:51057535 chunknumber 67800
	-> Printing at chr: 10 pos:51096696 chunknumber 67900
	-> Printing at chr: 10 pos:51116968 chunknumber 68000
	-> Printing at chr: 10 pos:51150243 chunknumber 68100
	-> Printing at chr: 10 pos:51286026 chunknumber 68200
	-> Printing at chr: 10 pos:51383619 chunknumber 68300
	-> Printing at chr: 10 pos:51417578 chunknumber 68400
	-> Printing at chr: 10 pos:51551327 chunknumber 68500
	-> Printing at chr: 10 pos:51673591 chunknumber 68600
	-> Printing at chr: 10 pos:51716522 chunknumber 68700
	-> Printing at chr: 10 pos:51760980 chunknumber 68800
	-> Printing at chr: 10 pos:51895697 chunknumber 68900
	-> Printing at chr: 10 pos:51961962 chunknumber 69000
	-> Printing at chr: 10 pos:51986600 chunknumber 69100
	-> Printing at chr: 10 pos:52073586 chunknumber 69200
	-> Printing at chr: 10 pos:52101219 chunknumber 69300
	-> Printing at chr: 10 pos:52126363 chunknumber 69400
	-> Printing at chr: 10 pos:52188719 chunknumber 69500
	-> Printing at chr: 10 pos:52212070 chunknumber 69600
	-> Printing at chr: 10 pos:52276883 chunknumber 69700
	-> Printing at chr: 10 pos:52320606 chunknumber 69800
	-> Printing at chr: 10 pos:52368663 chunknumber 69900
	-> Printing at chr: 10 pos:52462593 chunknumber 70000
	-> Printing at chr: 10 pos:52530391 chunknumber 70100
	-> Printing at chr: 10 pos:52571670 chunknumber 70200
	-> Printing at chr: 10 pos:52591365 chunknumber 70300
	-> Printing at chr: 10 pos:52609992 chunknumber 70400
	-> Printing at chr: 10 pos:52676532 chunknumber 70500
	-> Printing at chr: 10 pos:52702759 chunknumber 70600
	-> Printing at chr: 10 pos:52750876 chunknumber 70700
	-> Printing at chr: 10 pos:52809088 chunknumber 70800
	-> Printing at chr: 10 pos:52876843 chunknumber 70900
	-> Printing at chr: 10 pos:52908089 chunknumber 71000
	-> Printing at chr: 10 pos:52969829 chunknumber 71100
	-> Printing at chr: 10 pos:53005867 chunknumber 71200
	-> Printing at chr: 10 pos:53058504 chunknumber 71300
	-> Printing at chr: 10 pos:53088971 chunknumber 71400
	-> Printing at chr: 10 pos:53128640 chunknumber 71500
	-> Printing at chr: 10 pos:53305942 chunknumber 71600
	-> Printing at chr: 10 pos:53389935 chunknumber 71700
	-> Printing at chr: 10 pos:53443413 chunknumber 71800
	-> Printing at chr: 10 pos:53482791 chunknumber 71900
	-> Printing at chr: 10 pos:53537698 chunknumber 72000
	-> Printing at chr: 10 pos:53559676 chunknumber 72100
	-> Printing at chr: 10 pos:53599600 chunknumber 72200
	-> Printing at chr: 10 pos:53639342 chunknumber 72300
	-> Printing at chr: 10 pos:53678062 chunknumber 72400
	-> Printing at chr: 10 pos:53755655 chunknumber 72500
	-> Printing at chr: 10 pos:53803390 chunknumber 72600
	-> Printing at chr: 10 pos:53872669 chunknumber 72700
	-> Printing at chr: 10 pos:53934006 chunknumber 72800
	-> Printing at chr: 10 pos:54030513 chunknumber 72900
	-> Printing at chr: 10 pos:54089935 chunknumber 73000
	-> Printing at chr: 10 pos:54128351 chunknumber 73100
	-> Printing at chr: 10 pos:54208013 chunknumber 73200
	-> Printing at chr: 10 pos:54272670 chunknumber 73300
	-> Printing at chr: 10 pos:54356350 chunknumber 73400
	-> Printing at chr: 10 pos:54394761 chunknumber 73500
	-> Printing at chr: 10 pos:54427505 chunknumber 73600
	-> Printing at chr: 10 pos:54577495 chunknumber 73700
	-> Printing at chr: 10 pos:54717033 chunknumber 73800
	-> Printing at chr: 10 pos:54917741 chunknumber 73900
	-> Printing at chr: 10 pos:55055005 chunknumber 74000
	-> Printing at chr: 10 pos:55347397 chunknumber 74100
	-> Printing at chr: 10 pos:55486209 chunknumber 74200
	-> Printing at chr: 10 pos:55544942 chunknumber 74300
	-> Printing at chr: 10 pos:55595874 chunknumber 74400
	-> Printing at chr: 10 pos:55782639 chunknumber 74500
	-> Printing at chr: 10 pos:55808850 chunknumber 74600
	-> Printing at chr: 10 pos:55900187 chunknumber 74700
	-> Printing at chr: 10 pos:56027447 chunknumber 74800
	-> Printing at chr: 10 pos:56107817 chunknumber 74900
	-> Printing at chr: 10 pos:56248265 chunknumber 75000
	-> Printing at chr: 10 pos:56520187 chunknumber 75100
	-> Printing at chr: 10 pos:56755674 chunknumber 75200
	-> Printing at chr: 10 pos:56947686 chunknumber 75300
	-> Printing at chr: 10 pos:56985269 chunknumber 75400
	-> Printing at chr: 10 pos:57019965 chunknumber 75500
	-> Printing at chr: 10 pos:57064328 chunknumber 75600
	-> Printing at chr: 10 pos:57095241 chunknumber 75700
	-> Printing at chr: 10 pos:57149928 chunknumber 75800
	-> Printing at chr: 10 pos:57178795 chunknumber 75900
	-> Printing at chr: 10 pos:57205468 chunknumber 76000
	-> Printing at chr: 10 pos:57260585 chunknumber 76100
	-> Printing at chr: 10 pos:57290852 chunknumber 76200
	-> Printing at chr: 10 pos:57322741 chunknumber 76300
	-> Printing at chr: 10 pos:57368180 chunknumber 76400
	-> Printing at chr: 10 pos:57409340 chunknumber 76500
	-> Printing at chr: 10 pos:57449645 chunknumber 76600
	-> Printing at chr: 10 pos:57499507 chunknumber 76700
	-> Printing at chr: 10 pos:57564619 chunknumber 76800
	-> Printing at chr: 10 pos:57615551 chunknumber 76900
	-> Printing at chr: 10 pos:57645417 chunknumber 77000
	-> Printing at chr: 10 pos:57689384 chunknumber 77100
	-> Printing at chr: 10 pos:57738764 chunknumber 77200
	-> Printing at chr: 10 pos:57762228 chunknumber 77300
	-> Printing at chr: 10 pos:57799806 chunknumber 77400
	-> Printing at chr: 10 pos:57827522 chunknumber 77500
	-> Printing at chr: 10 pos:57858405 chunknumber 77600
	-> Printing at chr: 10 pos:57881566 chunknumber 77700
	-> Printing at chr: 10 pos:57911101 chunknumber 77800
	-> Printing at chr: 10 pos:57936062 chunknumber 77900
	-> Printing at chr: 10 pos:57958652 chunknumber 78000
	-> Printing at chr: 10 pos:57983059 chunknumber 78100
	-> Printing at chr: 10 pos:58152101 chunknumber 78200
	-> Printing at chr: 10 pos:58247262 chunknumber 78300
	-> Printing at chr: 10 pos:58366575 chunknumber 78400
	-> Printing at chr: 10 pos:58426208 chunknumber 78500
	-> Printing at chr: 10 pos:58472148 chunknumber 78600
	-> Printing at chr: 10 pos:58505910 chunknumber 78700
	-> Printing at chr: 10 pos:58545728 chunknumber 78800
	-> Printing at chr: 10 pos:58559369 chunknumber 78900
	-> Printing at chr: 10 pos:58578639 chunknumber 79000
	-> Printing at chr: 10 pos:58627143 chunknumber 79100
	-> Printing at chr: 10 pos:58652727 chunknumber 79200
	-> Printing at chr: 10 pos:58700773 chunknumber 79300
	-> Printing at chr: 10 pos:58744204 chunknumber 79400
	-> Printing at chr: 10 pos:58962759 chunknumber 79500
	-> Printing at chr: 10 pos:59039080 chunknumber 79600
	-> Printing at chr: 10 pos:59118064 chunknumber 79700
	-> Printing at chr: 10 pos:59320096 chunknumber 79800
	-> Printing at chr: 10 pos:59468398 chunknumber 79900
	-> Printing at chr: 10 pos:59555740 chunknumber 80000
	-> Printing at chr: 10 pos:59628172 chunknumber 80100
	-> Printing at chr: 10 pos:59706180 chunknumber 80200
	-> Printing at chr: 10 pos:59771416 chunknumber 80300
	-> Printing at chr: 10 pos:59913326 chunknumber 80400
	-> Printing at chr: 10 pos:60008933 chunknumber 80500
	-> Printing at chr: 10 pos:60177816 chunknumber 80600
	-> Printing at chr: 10 pos:60262744 chunknumber 80700
	-> Printing at chr: 10 pos:60293353 chunknumber 80800
	-> Printing at chr: 10 pos:60405703 chunknumber 80900
	-> Printing at chr: 10 pos:60600070 chunknumber 81000
	-> Printing at chr: 10 pos:60687981 chunknumber 81100
	-> Printing at chr: 10 pos:60815168 chunknumber 81200
	-> Printing at chr: 10 pos:60899773 chunknumber 81300
	-> Printing at chr: 10 pos:60933032 chunknumber 81400
	-> Printing at chr: 10 pos:60973904 chunknumber 81500
	-> Printing at chr: 10 pos:61029535 chunknumber 81600
	-> Printing at chr: 10 pos:61296312 chunknumber 81700
	-> Printing at chr: 10 pos:61445439 chunknumber 81800
	-> Printing at chr: 10 pos:61563578 chunknumber 81900
	-> Printing at chr: 10 pos:61708687 chunknumber 82000
	-> Printing at chr: 10 pos:61753686 chunknumber 82100
	-> Printing at chr: 10 pos:61833454 chunknumber 82200
	-> Printing at chr: 10 pos:61872505 chunknumber 82300
	-> Printing at chr: 10 pos:61902127 chunknumber 82400
	-> Printing at chr: 10 pos:61936550 chunknumber 82500
	-> Printing at chr: 10 pos:61955454 chunknumber 82600
	-> Printing at chr: 10 pos:61988933 chunknumber 82700
	-> Printing at chr: 10 pos:62046723 chunknumber 82800
	-> Printing at chr: 10 pos:62086437 chunknumber 82900
	-> Printing at chr: 10 pos:62138192 chunknumber 83000
	-> Printing at chr: 10 pos:62306373 chunknumber 83100
	-> Printing at chr: 10 pos:62348768 chunknumber 83200
	-> Printing at chr: 10 pos:62410944 chunknumber 83300
	-> Printing at chr: 10 pos:62566793 chunknumber 83400
	-> Printing at chr: 10 pos:62663905 chunknumber 83500
	-> Printing at chr: 10 pos:62698392 chunknumber 83600
	-> Printing at chr: 10 pos:62732128 chunknumber 83700
	-> Printing at chr: 10 pos:62763490 chunknumber 83800
	-> Printing at chr: 10 pos:62806871 chunknumber 83900
	-> Printing at chr: 10 pos:62848220 chunknumber 84000
	-> Printing at chr: 10 pos:62895160 chunknumber 84100
	-> Printing at chr: 10 pos:62972410 chunknumber 84200
	-> Printing at chr: 10 pos:63025669 chunknumber 84300
	-> Printing at chr: 10 pos:63085978 chunknumber 84400
	-> Printing at chr: 10 pos:63167792 chunknumber 84500
	-> Printing at chr: 10 pos:63260140 chunknumber 84600
	-> Printing at chr: 10 pos:63295340 chunknumber 84700
	-> Printing at chr: 10 pos:63368160 chunknumber 84800
	-> Printing at chr: 10 pos:63448925 chunknumber 84900
	-> Printing at chr: 10 pos:63518813 chunknumber 85000
	-> Printing at chr: 10 pos:63601293 chunknumber 85100
	-> Printing at chr: 10 pos:63640101 chunknumber 85200
	-> Printing at chr: 10 pos:63668544 chunknumber 85300
	-> Printing at chr: 10 pos:63711663 chunknumber 85400
	-> Printing at chr: 10 pos:63745635 chunknumber 85500
	-> Printing at chr: 10 pos:63879470 chunknumber 85600
	-> Printing at chr: 10 pos:64311043 chunknumber 85700
	-> Printing at chr: 10 pos:64439677 chunknumber 85800
	-> Printing at chr: 10 pos:64574726 chunknumber 85900
	-> Printing at chr: 10 pos:64620474 chunknumber 86000
	-> Printing at chr: 10 pos:64697656 chunknumber 86100
	-> Printing at chr: 10 pos:64742587 chunknumber 86200
	-> Printing at chr: 10 pos:64944984 chunknumber 86300
	-> Printing at chr: 10 pos:65073383 chunknumber 86400
	-> Printing at chr: 10 pos:65249459 chunknumber 86500
	-> Printing at chr: 10 pos:65367588 chunknumber 86600
	-> Printing at chr: 10 pos:65461485 chunknumber 86700
	-> Printing at chr: 10 pos:65566420 chunknumber 86800
	-> Printing at chr: 10 pos:65607077 chunknumber 86900
	-> Printing at chr: 10 pos:65654396 chunknumber 87000
	-> Printing at chr: 10 pos:65732831 chunknumber 87100
	-> Printing at chr: 10 pos:65797402 chunknumber 87200
	-> Printing at chr: 10 pos:65836274 chunknumber 87300
	-> Printing at chr: 10 pos:65858352 chunknumber 87400
	-> Printing at chr: 10 pos:65917389 chunknumber 87500
	-> Printing at chr: 10 pos:65958571 chunknumber 87600
	-> Printing at chr: 10 pos:65981714 chunknumber 87700
	-> Printing at chr: 10 pos:66051820 chunknumber 87800
	-> Printing at chr: 10 pos:66077162 chunknumber 87900
	-> Printing at chr: 10 pos:66102942 chunknumber 88000
	-> Printing at chr: 10 pos:66162655 chunknumber 88100
	-> Printing at chr: 10 pos:66252863 chunknumber 88200
	-> Printing at chr: 10 pos:66441850 chunknumber 88300
	-> Printing at chr: 10 pos:66536096 chunknumber 88400
	-> Printing at chr: 10 pos:66773741 chunknumber 88500
	-> Printing at chr: 10 pos:66882307 chunknumber 88600
	-> Printing at chr: 10 pos:66951406 chunknumber 88700
	-> Printing at chr: 10 pos:67014109 chunknumber 88800
	-> Printing at chr: 10 pos:67087962 chunknumber 88900
	-> Printing at chr: 10 pos:67294943 chunknumber 89000
	-> Printing at chr: 10 pos:67400314 chunknumber 89100
	-> Printing at chr: 10 pos:67550797 chunknumber 89200
	-> Printing at chr: 10 pos:67701653 chunknumber 89300
	-> Printing at chr: 10 pos:67825169 chunknumber 89400
	-> Printing at chr: 10 pos:67914486 chunknumber 89500
	-> Printing at chr: 10 pos:68010798 chunknumber 89600
	-> Printing at chr: 10 pos:68140460 chunknumber 89700
	-> Printing at chr: 10 pos:68304086 chunknumber 89800
	-> Printing at chr: 10 pos:68475487 chunknumber 89900
	-> Printing at chr: 10 pos:68615705 chunknumber 90000
	-> Printing at chr: 10 pos:68684954 chunknumber 90100
	-> Printing at chr: 10 pos:68796936 chunknumber 90200
	-> Printing at chr: 10 pos:68928671 chunknumber 90300
	-> Printing at chr: 10 pos:69065475 chunknumber 90400
	-> Printing at chr: 10 pos:69257189 chunknumber 90500
	-> Printing at chr: 10 pos:69537026 chunknumber 90600
	-> Printing at chr: 10 pos:69575950 chunknumber 90700
	-> Printing at chr: 10 pos:69680351 chunknumber 90800
	-> Printing at chr: 10 pos:69735988 chunknumber 90900
	-> Printing at chr: 10 pos:69775208 chunknumber 91000
	-> Printing at chr: 10 pos:69849354 chunknumber 91100
	-> Printing at chr: 10 pos:69872975 chunknumber 91200
	-> Printing at chr: 10 pos:69907074 chunknumber 91300
	-> Printing at chr: 10 pos:69957599 chunknumber 91400
	-> Printing at chr: 10 pos:70001604 chunknumber 91500
	-> Printing at chr: 10 pos:70045480 chunknumber 91600
	-> Printing at chr: 10 pos:70129630 chunknumber 91700
	-> Printing at chr: 10 pos:70164214 chunknumber 91800
	-> Printing at chr: 10 pos:70222941 chunknumber 91900
	-> Printing at chr: 10 pos:70266877 chunknumber 92000
	-> Printing at chr: 10 pos:70297564 chunknumber 92100
	-> Printing at chr: 10 pos:70340271 chunknumber 92200
	-> Printing at chr: 10 pos:70575198 chunknumber 92300
	-> Printing at chr: 10 pos:70756565 chunknumber 92400
	-> Printing at chr: 10 pos:70939375 chunknumber 92500
	-> Printing at chr: 10 pos:71087815 chunknumber 92600
	-> Printing at chr: 10 pos:71145068 chunknumber 92700
	-> Printing at chr: 10 pos:71228038 chunknumber 92800
	-> Printing at chr: 10 pos:71272718 chunknumber 92900
	-> Printing at chr: 10 pos:71355138 chunknumber 93000
	-> Printing at chr: 10 pos:71531528 chunknumber 93100
	-> Printing at chr: 10 pos:71673656 chunknumber 93200
	-> Printing at chr: 10 pos:71738299 chunknumber 93300
	-> Printing at chr: 10 pos:71785394 chunknumber 93400
	-> Printing at chr: 10 pos:71919447 chunknumber 93500
	-> Printing at chr: 10 pos:71995626 chunknumber 93600
	-> Printing at chr: 10 pos:72155622 chunknumber 93700
	-> Printing at chr: 10 pos:72240987 chunknumber 93800
	-> Printing at chr: 10 pos:72509938 chunknumber 93900
	-> Printing at chr: 10 pos:72690287 chunknumber 94000
	-> Printing at chr: 10 pos:72748375 chunknumber 94100
	-> Printing at chr: 10 pos:72787660 chunknumber 94200
	-> Printing at chr: 10 pos:72942813 chunknumber 94300
	-> Printing at chr: 10 pos:73064167 chunknumber 94400
	-> Printing at chr: 10 pos:73212579 chunknumber 94500
	-> Printing at chr: 10 pos:73332373 chunknumber 94600
	-> Printing at chr: 10 pos:73427753 chunknumber 94700
	-> Printing at chr: 10 pos:73566026 chunknumber 94800
	-> Printing at chr: 10 pos:73810780 chunknumber 94900
	-> Printing at chr: 10 pos:73969051 chunknumber 95000
	-> Printing at chr: 10 pos:74038333 chunknumber 95100
	-> Printing at chr: 10 pos:74098796 chunknumber 95200
	-> Printing at chr: 10 pos:74127959 chunknumber 95300
	-> Printing at chr: 10 pos:74237212 chunknumber 95400
	-> Printing at chr: 10 pos:74270205 chunknumber 95500
	-> Printing at chr: 10 pos:74301772 chunknumber 95600
	-> Printing at chr: 10 pos:74326695 chunknumber 95700
	-> Printing at chr: 10 pos:74367991 chunknumber 95800
	-> Printing at chr: 10 pos:74391191 chunknumber 95900
	-> Printing at chr: 10 pos:74411838 chunknumber 96000
	-> Printing at chr: 10 pos:74425481 chunknumber 96100
	-> Printing at chr: 10 pos:74566931 chunknumber 96200
	-> Printing at chr: 10 pos:74660734 chunknumber 96300
	-> Printing at chr: 10 pos:74793934 chunknumber 96400
	-> Printing at chr: 10 pos:74874462 chunknumber 96500
	-> Printing at chr: 10 pos:74958640 chunknumber 96600
	-> Printing at chr: 10 pos:74990610 chunknumber 96700
	-> Printing at chr: 10 pos:75016205 chunknumber 96800
	-> Printing at chr: 10 pos:75076292 chunknumber 96900
	-> Printing at chr: 10 pos:75124403 chunknumber 97000
	-> Printing at chr: 10 pos:75150025 chunknumber 97100
	-> Printing at chr: 10 pos:75193731 chunknumber 97200
	-> Printing at chr: 10 pos:75217400 chunknumber 97300
	-> Printing at chr: 10 pos:75271458 chunknumber 97400
	-> Printing at chr: 10 pos:75314231 chunknumber 97500
	-> Printing at chr: 10 pos:75368598 chunknumber 97600
	-> Printing at chr: 10 pos:75386190 chunknumber 97700
	-> Printing at chr: 10 pos:75460913 chunknumber 97800
	-> Printing at chr: 10 pos:75497806 chunknumber 97900
	-> Printing at chr: 10 pos:75548174 chunknumber 98000
	-> Printing at chr: 10 pos:75628733 chunknumber 98100
	-> Printing at chr: 10 pos:75811121 chunknumber 98200
	-> Printing at chr: 10 pos:75910838 chunknumber 98300
	-> Printing at chr: 10 pos:76060798 chunknumber 98400
	-> Printing at chr: 10 pos:76152805 chunknumber 98500
	-> Printing at chr: 10 pos:76225555 chunknumber 98600
	-> Printing at chr: 10 pos:76289057 chunknumber 98700
	-> Printing at chr: 10 pos:76463930 chunknumber 98800
	-> Printing at chr: 10 pos:76530321 chunknumber 98900
	-> Printing at chr: 10 pos:76668001 chunknumber 99000
	-> Printing at chr: 10 pos:76740846 chunknumber 99100
	-> Printing at chr: 10 pos:76823597 chunknumber 99200
	-> Printing at chr: 10 pos:76951907 chunknumber 99300
	-> Printing at chr: 10 pos:77164913 chunknumber 99400
	-> Printing at chr: 10 pos:77304159 chunknumber 99500
	-> Printing at chr: 10 pos:77338432 chunknumber 99600
	-> Printing at chr: 10 pos:77444768 chunknumber 99700
	-> Printing at chr: 10 pos:77605337 chunknumber 99800
	-> Printing at chr: 10 pos:77789079 chunknumber 99900
	-> Printing at chr: 10 pos:77842856 chunknumber 100000
	-> Printing at chr: 10 pos:77872456 chunknumber 100100
	-> Printing at chr: 10 pos:77924316 chunknumber 100200
	-> Printing at chr: 10 pos:77966906 chunknumber 100300
	-> Printing at chr: 10 pos:78048383 chunknumber 100400
	-> Printing at chr: 10 pos:78080875 chunknumber 100500
	-> Printing at chr: 10 pos:78328991 chunknumber 100600
	-> Printing at chr: 10 pos:78392187 chunknumber 100700
	-> Printing at chr: 10 pos:78519402 chunknumber 100800
	-> Printing at chr: 10 pos:78655687 chunknumber 100900
	-> Printing at chr: 10 pos:78702816 chunknumber 101000
	-> Printing at chr: 10 pos:78744739 chunknumber 101100
	-> Printing at chr: 10 pos:78777082 chunknumber 101200
	-> Printing at chr: 10 pos:78781484 chunknumber 101300
	-> Printing at chr: 10 pos:78785977 chunknumber 101400
	-> Printing at chr: 10 pos:78822327 chunknumber 101500
	-> Printing at chr: 10 pos:78859075 chunknumber 101600
	-> Printing at chr: 10 pos:78884265 chunknumber 101700
	-> Printing at chr: 10 pos:78894239 chunknumber 101800
	-> Printing at chr: 10 pos:78933787 chunknumber 101900
	-> Printing at chr: 10 pos:78951598 chunknumber 102000
	-> Printing at chr: 10 pos:78988363 chunknumber 102100
	-> Printing at chr: 10 pos:79053318 chunknumber 102200
	-> Printing at chr: 10 pos:79164169 chunknumber 102300
	-> Printing at chr: 10 pos:79347611 chunknumber 102400
	-> Printing at chr: 10 pos:79405820 chunknumber 102500
	-> Printing at chr: 10 pos:79641451 chunknumber 102600
	-> Printing at chr: 10 pos:79778600 chunknumber 102700
	-> Printing at chr: 10 pos:79844245 chunknumber 102800
	-> Printing at chr: 10 pos:79961436 chunknumber 102900
	-> Printing at chr: 10 pos:80097163 chunknumber 103000
	-> Printing at chr: 10 pos:80339530 chunknumber 103100
	-> Printing at chr: 10 pos:80364578 chunknumber 103200
	-> Printing at chr: 10 pos:80471877 chunknumber 103300
	-> Printing at chr: 10 pos:80761356 chunknumber 103400
	-> Printing at chr: 10 pos:80811202 chunknumber 103500
	-> Printing at chr: 10 pos:80851571 chunknumber 103600
	-> Printing at chr: 10 pos:81028196 chunknumber 103700
	-> Printing at chr: 10 pos:81117223 chunknumber 103800
	-> Printing at chr: 10 pos:81465420 chunknumber 103900
	-> Printing at chr: 10 pos:81606918 chunknumber 104000
	-> Printing at chr: 10 pos:81895770 chunknumber 104100
	-> Printing at chr: 10 pos:82080803 chunknumber 104200
	-> Printing at chr: 10 pos:82202684 chunknumber 104300
	-> Printing at chr: 10 pos:82343110 chunknumber 104400
	-> Printing at chr: 10 pos:82598304 chunknumber 104500
	-> Printing at chr: 10 pos:82691821 chunknumber 104600
	-> Printing at chr: 10 pos:82766497 chunknumber 104700
	-> Printing at chr: 10 pos:82944050 chunknumber 104800
	-> Printing at chr: 10 pos:83151873 chunknumber 104900
	-> Printing at chr: 10 pos:83249468 chunknumber 105000
	-> Printing at chr: 10 pos:83304368 chunknumber 105100
	-> Printing at chr: 10 pos:83487913 chunknumber 105200
	-> Printing at chr: 10 pos:83524617 chunknumber 105300
	-> Printing at chr: 10 pos:83708817 chunknumber 105400
	-> Printing at chr: 10 pos:83748300 chunknumber 105500
	-> Printing at chr: 10 pos:83908494 chunknumber 105600
	-> Printing at chr: 10 pos:84069434 chunknumber 105700
	-> Printing at chr: 10 pos:84163972 chunknumber 105800
	-> Printing at chr: 10 pos:84299942 chunknumber 105900
	-> Printing at chr: 10 pos:84355865 chunknumber 106000
	-> Printing at chr: 10 pos:84526950 chunknumber 106100
	-> Printing at chr: 10 pos:84680394 chunknumber 106200
	-> Printing at chr: 10 pos:84813562 chunknumber 106300
	-> Printing at chr: 10 pos:84979641 chunknumber 106400
	-> Printing at chr: 10 pos:85218733 chunknumber 106500
	-> Printing at chr: 10 pos:85357312 chunknumber 106600
	-> Printing at chr: 10 pos:85522509 chunknumber 106700
	-> Printing at chr: 10 pos:85568583 chunknumber 106800
	-> Printing at chr: 10 pos:85726426 chunknumber 106900
	-> Printing at chr: 10 pos:85749632 chunknumber 107000
	-> Printing at chr: 10 pos:85893531 chunknumber 107100
	-> Printing at chr: 10 pos:86049096 chunknumber 107200
	-> Printing at chr: 10 pos:86106945 chunknumber 107300
	-> Printing at chr: 10 pos:86276812 chunknumber 107400
	-> Printing at chr: 10 pos:86417172 chunknumber 107500
	-> Printing at chr: 10 pos:86469270 chunknumber 107600
	-> Printing at chr: 10 pos:86593666 chunknumber 107700
	-> Printing at chr: 10 pos:86628465 chunknumber 107800
	-> Printing at chr: 10 pos:86755606 chunknumber 107900
	-> Printing at chr: 10 pos:86942139 chunknumber 108000
	-> Printing at chr: 10 pos:87034697 chunknumber 108100
	-> Printing at chr: 10 pos:87291497 chunknumber 108200
	-> Printing at chr: 10 pos:87329831 chunknumber 108300
	-> Printing at chr: 10 pos:87365071 chunknumber 108400
	-> Printing at chr: 10 pos:87474816 chunknumber 108500
	-> Printing at chr: 10 pos:87512028 chunknumber 108600
	-> Printing at chr: 10 pos:87542926 chunknumber 108700
	-> Printing at chr: 10 pos:87595005 chunknumber 108800
	-> Printing at chr: 10 pos:87635072 chunknumber 108900
	-> Printing at chr: 10 pos:87694952 chunknumber 109000
	-> Printing at chr: 10 pos:87750056 chunknumber 109100
	-> Printing at chr: 10 pos:87782265 chunknumber 109200
	-> Printing at chr: 10 pos:87811841 chunknumber 109300
	-> Printing at chr: 10 pos:87903979 chunknumber 109400
	-> Printing at chr: 10 pos:87976891 chunknumber 109500
	-> Printing at chr: 10 pos:88226962 chunknumber 109600
	-> Printing at chr: 10 pos:88445327 chunknumber 109700
	-> Printing at chr: 10 pos:88506444 chunknumber 109800
	-> Printing at chr: 10 pos:88705946 chunknumber 109900
	-> Printing at chr: 10 pos:88860521 chunknumber 110000
	-> Printing at chr: 10 pos:88957418 chunknumber 110100
	-> Printing at chr: 10 pos:89095390 chunknumber 110200
	-> Printing at chr: 10 pos:89249437 chunknumber 110300
	-> Printing at chr: 10 pos:89312034 chunknumber 110400
	-> Printing at chr: 10 pos:89340467 chunknumber 110500
	-> Printing at chr: 10 pos:89373574 chunknumber 110600
	-> Printing at chr: 10 pos:89539367 chunknumber 110700
	-> Printing at chr: 10 pos:89735676 chunknumber 110800
	-> Printing at chr: 10 pos:89964977 chunknumber 110900
	-> Printing at chr: 10 pos:90077359 chunknumber 111000
	-> Printing at chr: 10 pos:90103034 chunknumber 111100
	-> Printing at chr: 10 pos:90208241 chunknumber 111200
	-> Printing at chr: 10 pos:90352504 chunknumber 111300
	-> Printing at chr: 10 pos:90400810 chunknumber 111400
	-> Printing at chr: 10 pos:90511761 chunknumber 111500
	-> Printing at chr: 10 pos:90659787 chunknumber 111600
	-> Printing at chr: 10 pos:90694166 chunknumber 111700
	-> Printing at chr: 10 pos:90809644 chunknumber 111800
	-> Printing at chr: 10 pos:90987619 chunknumber 111900
	-> Printing at chr: 10 pos:91022862 chunknumber 112000
	-> Printing at chr: 10 pos:91114132 chunknumber 112100
	-> Printing at chr: 10 pos:91202973 chunknumber 112200
	-> Printing at chr: 10 pos:91248971 chunknumber 112300
	-> Printing at chr: 10 pos:91266878 chunknumber 112400
	-> Printing at chr: 10 pos:91313167 chunknumber 112500
	-> Printing at chr: 10 pos:91362227 chunknumber 112600
	-> Printing at chr: 10 pos:91453572 chunknumber 112700
	-> Printing at chr: 10 pos:91488747 chunknumber 112800
	-> Printing at chr: 10 pos:91685373 chunknumber 112900
	-> Printing at chr: 10 pos:91782227 chunknumber 113000
	-> Printing at chr: 10 pos:91866306 chunknumber 113100
	-> Printing at chr: 10 pos:91948958 chunknumber 113200
	-> Printing at chr: 10 pos:92040579 chunknumber 113300
	-> Printing at chr: 10 pos:92113066 chunknumber 113400
	-> Printing at chr: 10 pos:92186225 chunknumber 113500
	-> Printing at chr: 10 pos:92240071 chunknumber 113600
	-> Printing at chr: 10 pos:92333404 chunknumber 113700
	-> Printing at chr: 10 pos:92464907 chunknumber 113800
	-> Printing at chr: 10 pos:92567906 chunknumber 113900
	-> Printing at chr: 10 pos:92744259 chunknumber 114000
	-> Printing at chr: 10 pos:92896561 chunknumber 114100
	-> Printing at chr: 10 pos:92960230 chunknumber 114200
	-> Printing at chr: 10 pos:93104230 chunknumber 114300
	-> Printing at chr: 10 pos:93180368 chunknumber 114400
	-> Printing at chr: 10 pos:93209791 chunknumber 114500
	-> Printing at chr: 10 pos:93290038 chunknumber 114600
	-> Printing at chr: 10 pos:93350537 chunknumber 114700
	-> Printing at chr: 10 pos:93376341 chunknumber 114800
	-> Printing at chr: 10 pos:93426621 chunknumber 114900
	-> Printing at chr: 10 pos:93536726 chunknumber 115000
	-> Printing at chr: 10 pos:93691891 chunknumber 115100
	-> Printing at chr: 10 pos:94040598 chunknumber 115200
	-> Printing at chr: 10 pos:94209411 chunknumber 115300
	-> Printing at chr: 10 pos:94331623 chunknumber 115400
	-> Printing at chr: 10 pos:94400747 chunknumber 115500
	-> Printing at chr: 10 pos:94543720 chunknumber 115600
	-> Printing at chr: 10 pos:94623891 chunknumber 115700
	-> Printing at chr: 10 pos:94791273 chunknumber 115800
	-> Printing at chr: 10 pos:94930003 chunknumber 115900
	-> Printing at chr: 10 pos:95209259 chunknumber 116000
	-> Printing at chr: 10 pos:95341402 chunknumber 116100
	-> Printing at chr: 10 pos:95552549 chunknumber 116200
	-> Printing at chr: 10 pos:95790168 chunknumber 116300
	-> Printing at chr: 10 pos:95941304 chunknumber 116400
	-> Printing at chr: 10 pos:96052422 chunknumber 116500
	-> Printing at chr: 10 pos:96248200 chunknumber 116600
	-> Printing at chr: 10 pos:96438274 chunknumber 116700
	-> Printing at chr: 10 pos:96463390 chunknumber 116800
	-> Printing at chr: 10 pos:96504662 chunknumber 116900
	-> Printing at chr: 10 pos:96514067 chunknumber 117000
	-> Printing at chr: 10 pos:96580904 chunknumber 117100
	-> Printing at chr: 10 pos:96603071 chunknumber 117200
	-> Printing at chr: 10 pos:96680916 chunknumber 117300
	-> Printing at chr: 10 pos:96804477 chunknumber 117400
	-> Printing at chr: 10 pos:96860346 chunknumber 117500
	-> Printing at chr: 10 pos:96954048 chunknumber 117600
	-> Printing at chr: 10 pos:97001900 chunknumber 117700
	-> Printing at chr: 10 pos:97124526 chunknumber 117800
	-> Printing at chr: 10 pos:97321967 chunknumber 117900
	-> Printing at chr: 10 pos:97465490 chunknumber 118000
	-> Printing at chr: 10 pos:97533648 chunknumber 118100
	-> Printing at chr: 10 pos:97608147 chunknumber 118200
	-> Printing at chr: 10 pos:97628298 chunknumber 118300
	-> Printing at chr: 10 pos:97684523 chunknumber 118400
	-> Printing at chr: 10 pos:97726097 chunknumber 118500
	-> Printing at chr: 10 pos:97753810 chunknumber 118600
	-> Printing at chr: 10 pos:97768658 chunknumber 118700
	-> Printing at chr: 10 pos:97790089 chunknumber 118800
	-> Printing at chr: 10 pos:97828197 chunknumber 118900
	-> Printing at chr: 10 pos:97871490 chunknumber 119000
	-> Printing at chr: 10 pos:97899137 chunknumber 119100
	-> Printing at chr: 10 pos:97936253 chunknumber 119200
	-> Printing at chr: 10 pos:97969412 chunknumber 119300
	-> Printing at chr: 10 pos:97996562 chunknumber 119400
	-> Printing at chr: 10 pos:98035079 chunknumber 119500
	-> Printing at chr: 10 pos:98082712 chunknumber 119600
	-> Printing at chr: 10 pos:98108647 chunknumber 119700
	-> Printing at chr: 10 pos:98135055 chunknumber 119800
	-> Printing at chr: 10 pos:98191724 chunknumber 119900
	-> Printing at chr: 10 pos:98214971 chunknumber 120000
	-> Printing at chr: 10 pos:98305831 chunknumber 120100
	-> Printing at chr: 10 pos:98334641 chunknumber 120200
	-> Printing at chr: 10 pos:98360750 chunknumber 120300
	-> Printing at chr: 10 pos:98415392 chunknumber 120400
	-> Printing at chr: 10 pos:98443700 chunknumber 120500
	-> Printing at chr: 10 pos:98464792 chunknumber 120600
	-> Printing at chr: 10 pos:98500779 chunknumber 120700
	-> Printing at chr: 10 pos:98528889 chunknumber 120800
	-> Printing at chr: 10 pos:98577138 chunknumber 120900
	-> Printing at chr: 10 pos:98630178 chunknumber 121000
	-> Printing at chr: 10 pos:98740371 chunknumber 121100
	-> Printing at chr: 10 pos:98809908 chunknumber 121200
	-> Printing at chr: 10 pos:98865609 chunknumber 121300
	-> Printing at chr: 10 pos:98952859 chunknumber 121400
	-> Printing at chr: 10 pos:99027926 chunknumber 121500
	-> Printing at chr: 10 pos:99092204 chunknumber 121600
	-> Printing at chr: 10 pos:99259261 chunknumber 121700
	-> Printing at chr: 10 pos:99308276 chunknumber 121800
	-> Printing at chr: 10 pos:99375560 chunknumber 121900
	-> Printing at chr: 10 pos:99607925 chunknumber 122000
	-> Printing at chr: 10 pos:99667013 chunknumber 122100
	-> Printing at chr: 10 pos:99701182 chunknumber 122200
	-> Printing at chr: 10 pos:99784998 chunknumber 122300
	-> Printing at chr: 10 pos:99857238 chunknumber 122400
	-> Printing at chr: 10 pos:99892142 chunknumber 122500
	-> Printing at chr: 10 pos:99919958 chunknumber 122600
	-> Printing at chr: 10 pos:99963606 chunknumber 122700
	-> Printing at chr: 10 pos:100061144 chunknumber 122800
	-> Printing at chr: 10 pos:100117648 chunknumber 122900
	-> Printing at chr: 10 pos:100276730 chunknumber 123000
	-> Printing at chr: 10 pos:100378665 chunknumber 123100
	-> Printing at chr: 10 pos:100576733 chunknumber 123200
	-> Printing at chr: 10 pos:100716056 chunknumber 123300
	-> Printing at chr: 10 pos:100757951 chunknumber 123400
	-> Printing at chr: 10 pos:100791800 chunknumber 123500
	-> Printing at chr: 10 pos:100827704 chunknumber 123600
	-> Printing at chr: 10 pos:100892837 chunknumber 123700
	-> Printing at chr: 10 pos:100967816 chunknumber 123800
	-> Printing at chr: 10 pos:101009659 chunknumber 123900
	-> Printing at chr: 10 pos:101109563 chunknumber 124000
	-> Printing at chr: 10 pos:101249524 chunknumber 124100
	-> Printing at chr: 10 pos:101347123 chunknumber 124200
	-> Printing at chr: 10 pos:101411029 chunknumber 124300
	-> Printing at chr: 10 pos:101477001 chunknumber 124400
	-> Printing at chr: 10 pos:101609704 chunknumber 124500
	-> Printing at chr: 10 pos:101797616 chunknumber 124600
	-> Printing at chr: 10 pos:101935934 chunknumber 124700
	-> Printing at chr: 10 pos:102005252 chunknumber 124800
	-> Printing at chr: 10 pos:102181916 chunknumber 124900
	-> Printing at chr: 10 pos:102341707 chunknumber 125000
	-> Printing at chr: 10 pos:102434012 chunknumber 125100
	-> Printing at chr: 10 pos:102491127 chunknumber 125200
	-> Printing at chr: 10 pos:102542335 chunknumber 125300
	-> Printing at chr: 10 pos:102590036 chunknumber 125400
	-> Printing at chr: 10 pos:102614555 chunknumber 125500
	-> Printing at chr: 10 pos:102653862 chunknumber 125600
	-> Printing at chr: 10 pos:102681175 chunknumber 125700
	-> Printing at chr: 10 pos:102710271 chunknumber 125800
	-> Printing at chr: 10 pos:102736837 chunknumber 125900
	-> Printing at chr: 10 pos:102903334 chunknumber 126000
	-> Printing at chr: 10 pos:102989477 chunknumber 126100
	-> Printing at chr: 10 pos:103010437 chunknumber 126200
	-> Printing at chr: 10 pos:103039339 chunknumber 126300
	-> Printing at chr: 10 pos:103124237 chunknumber 126400
	-> Printing at chr: 10 pos:103198703 chunknumber 126500
	-> Printing at chr: 10 pos:103261587 chunknumber 126600
	-> Printing at chr: 10 pos:103331894 chunknumber 126700
	-> Printing at chr: 10 pos:103391120 chunknumber 126800
	-> Printing at chr: 10 pos:103550879 chunknumber 126900
	-> Printing at chr: 10 pos:103657070 chunknumber 127000
	-> Printing at chr: 10 pos:103812067 chunknumber 127100
	-> Printing at chr: 10 pos:103834531 chunknumber 127200
	-> Printing at chr: 10 pos:103868430 chunknumber 127300
	-> Printing at chr: 10 pos:103931658 chunknumber 127400
	-> Printing at chr: 10 pos:103951637 chunknumber 127500
	-> Printing at chr: 10 pos:104038070 chunknumber 127600
	-> Printing at chr: 10 pos:104062866 chunknumber 127700
	-> Printing at chr: 10 pos:104079154 chunknumber 127800
	-> Printing at chr: 10 pos:104137965 chunknumber 127900
	-> Printing at chr: 10 pos:104217518 chunknumber 128000
	-> Printing at chr: 10 pos:104249709 chunknumber 128100
	-> Printing at chr: 10 pos:104297800 chunknumber 128200
	-> Printing at chr: 10 pos:104329262 chunknumber 128300
	-> Printing at chr: 10 pos:104359707 chunknumber 128400
	-> Printing at chr: 10 pos:104530532 chunknumber 128500
	-> Printing at chr: 10 pos:104559672 chunknumber 128600
	-> Printing at chr: 10 pos:104614841 chunknumber 128700
	-> Printing at chr: 10 pos:104682452 chunknumber 128800
	-> Printing at chr: 10 pos:104715960 chunknumber 128900
	-> Printing at chr: 10 pos:104783486 chunknumber 129000
	-> Printing at chr: 10 pos:104814914 chunknumber 129100
	-> Printing at chr: 10 pos:104897306 chunknumber 129200
	-> Printing at chr: 10 pos:104924977 chunknumber 129300
	-> Printing at chr: 10 pos:104980670 chunknumber 129400
	-> Printing at chr: 10 pos:105033311 chunknumber 129500
	-> Printing at chr: 10 pos:105160365 chunknumber 129600
	-> Printing at chr: 10 pos:105185637 chunknumber 129700
	-> Printing at chr: 10 pos:105302940 chunknumber 129800
	-> Printing at chr: 10 pos:105437380 chunknumber 129900
	-> Printing at chr: 10 pos:105505570 chunknumber 130000
	-> Printing at chr: 10 pos:105540513 chunknumber 130100
	-> Printing at chr: 10 pos:105612671 chunknumber 130200
	-> Printing at chr: 10 pos:105787982 chunknumber 130300
	-> Printing at chr: 10 pos:105869471 chunknumber 130400
	-> Printing at chr: 10 pos:105973658 chunknumber 130500
	-> Printing at chr: 10 pos:106058012 chunknumber 130600
	-> Printing at chr: 10 pos:106134533 chunknumber 130700
	-> Printing at chr: 10 pos:106165018 chunknumber 130800
	-> Printing at chr: 10 pos:106195572 chunknumber 130900
	-> Printing at chr: 10 pos:106286872 chunknumber 131000
	-> Printing at chr: 10 pos:106425592 chunknumber 131100
	-> Printing at chr: 10 pos:106502041 chunknumber 131200
	-> Printing at chr: 10 pos:106591561 chunknumber 131300
	-> Printing at chr: 10 pos:106630097 chunknumber 131400
	-> Printing at chr: 10 pos:106737610 chunknumber 131500
	-> Printing at chr: 10 pos:106962239 chunknumber 131600
	-> Printing at chr: 10 pos:107129525 chunknumber 131700
	-> Printing at chr: 10 pos:107195776 chunknumber 131800
	-> Printing at chr: 10 pos:107227237 chunknumber 131900
	-> Printing at chr: 10 pos:107265156 chunknumber 132000
	-> Printing at chr: 10 pos:107321470 chunknumber 132100
	-> Printing at chr: 10 pos:107345616 chunknumber 132200
	-> Printing at chr: 10 pos:107376422 chunknumber 132300
	-> Printing at chr: 10 pos:107432626 chunknumber 132400
	-> Printing at chr: 10 pos:107492958 chunknumber 132500
	-> Printing at chr: 10 pos:107802774 chunknumber 132600
	-> Printing at chr: 10 pos:107994488 chunknumber 132700
	-> Printing at chr: 10 pos:108050882 chunknumber 132800
	-> Printing at chr: 10 pos:108106927 chunknumber 132900
	-> Printing at chr: 10 pos:108128752 chunknumber 133000
	-> Printing at chr: 10 pos:108181056 chunknumber 133100
	-> Printing at chr: 10 pos:108201914 chunknumber 133200
	-> Printing at chr: 10 pos:108230791 chunknumber 133300
	-> Printing at chr: 10 pos:108300110 chunknumber 133400
	-> Printing at chr: 10 pos:108421399 chunknumber 133500
	-> Printing at chr: 10 pos:108642185 chunknumber 133600
	-> Printing at chr: 10 pos:108801702 chunknumber 133700
	-> Printing at chr: 10 pos:108837526 chunknumber 133800
	-> Printing at chr: 10 pos:108859052 chunknumber 133900
	-> Printing at chr: 10 pos:108969033 chunknumber 134000
	-> Printing at chr: 10 pos:109099405 chunknumber 134100
	-> Printing at chr: 10 pos:109195872 chunknumber 134200
	-> Printing at chr: 10 pos:109297862 chunknumber 134300
	-> Printing at chr: 10 pos:109338137 chunknumber 134400
	-> Printing at chr: 10 pos:109415347 chunknumber 134500
	-> Printing at chr: 10 pos:109475513 chunknumber 134600
	-> Printing at chr: 10 pos:109487265 chunknumber 134700
	-> Printing at chr: 10 pos:109534717 chunknumber 134800
	-> Printing at chr: 10 pos:109619197 chunknumber 134900
	-> Printing at chr: 10 pos:109704314 chunknumber 135000
	-> Printing at chr: 10 pos:109860417 chunknumber 135100
	-> Printing at chr: 10 pos:109921440 chunknumber 135200
	-> Printing at chr: 10 pos:110024434 chunknumber 135300
	-> Printing at chr: 10 pos:110229913 chunknumber 135400
	-> Printing at chr: 10 pos:110383934 chunknumber 135500
	-> Printing at chr: 10 pos:110563178 chunknumber 135600
	-> Printing at chr: 10 pos:110679515 chunknumber 135700
	-> Printing at chr: 10 pos:110751438 chunknumber 135800
	-> Printing at chr: 10 pos:110793834 chunknumber 135900
	-> Printing at chr: 10 pos:110815301 chunknumber 136000
	-> Printing at chr: 10 pos:110883133 chunknumber 136100
	-> Printing at chr: 10 pos:111109682 chunknumber 136200
	-> Printing at chr: 10 pos:111197112 chunknumber 136300
	-> Printing at chr: 10 pos:111358994 chunknumber 136400
	-> Printing at chr: 10 pos:111487183 chunknumber 136500
	-> Printing at chr: 10 pos:111528718 chunknumber 136600
	-> Printing at chr: 10 pos:111562767 chunknumber 136700
	-> Printing at chr: 10 pos:111585316 chunknumber 136800
	-> Printing at chr: 10 pos:111618328 chunknumber 136900
	-> Printing at chr: 10 pos:111696219 chunknumber 137000
	-> Printing at chr: 10 pos:111804071 chunknumber 137100
	-> Printing at chr: 10 pos:111904346 chunknumber 137200
	-> Printing at chr: 10 pos:111949479 chunknumber 137300
	-> Printing at chr: 10 pos:112010954 chunknumber 137400
	-> Printing at chr: 10 pos:112103091 chunknumber 137500
	-> Printing at chr: 10 pos:112152073 chunknumber 137600
	-> Printing at chr: 10 pos:112284814 chunknumber 137700
	-> Printing at chr: 10 pos:112344583 chunknumber 137800
	-> Printing at chr: 10 pos:112397395 chunknumber 137900
	-> Printing at chr: 10 pos:112491508 chunknumber 138000
	-> Printing at chr: 10 pos:112552967 chunknumber 138100
	-> Printing at chr: 10 pos:112637116 chunknumber 138200
	-> Printing at chr: 10 pos:112742049 chunknumber 138300
	-> Printing at chr: 10 pos:112889555 chunknumber 138400
	-> Printing at chr: 10 pos:113012256 chunknumber 138500
	-> Printing at chr: 10 pos:113149920 chunknumber 138600
	-> Printing at chr: 10 pos:113301671 chunknumber 138700
	-> Printing at chr: 10 pos:113473773 chunknumber 138800
	-> Printing at chr: 10 pos:113674558 chunknumber 138900
	-> Printing at chr: 10 pos:113859606 chunknumber 139000
	-> Printing at chr: 10 pos:114034836 chunknumber 139100
	-> Printing at chr: 10 pos:114299541 chunknumber 139200
	-> Printing at chr: 10 pos:114381407 chunknumber 139300
	-> Printing at chr: 10 pos:114451257 chunknumber 139400
	-> Printing at chr: 10 pos:114494071 chunknumber 139500
	-> Printing at chr: 10 pos:114632876 chunknumber 139600
	-> Printing at chr: 10 pos:114753623 chunknumber 139700
	-> Printing at chr: 10 pos:114826640 chunknumber 139800
	-> Printing at chr: 10 pos:115096149 chunknumber 139900
	-> Printing at chr: 10 pos:115298968 chunknumber 140000
	-> Printing at chr: 10 pos:115366024 chunknumber 140100
	-> Printing at chr: 10 pos:115411369 chunknumber 140200
	-> Printing at chr: 10 pos:115601279 chunknumber 140300
	-> Printing at chr: 10 pos:115653045 chunknumber 140400
	-> Printing at chr: 10 pos:115699397 chunknumber 140500
	-> Printing at chr: 10 pos:115822605 chunknumber 140600
	-> Printing at chr: 10 pos:115872729 chunknumber 140700
	-> Printing at chr: 10 pos:115928108 chunknumber 140800
	-> Printing at chr: 10 pos:116072376 chunknumber 140900
	-> Printing at chr: 10 pos:116247714 chunknumber 141000
	-> Printing at chr: 10 pos:116282086 chunknumber 141100
	-> Printing at chr: 10 pos:116365586 chunknumber 141200
	-> Printing at chr: 10 pos:116542273 chunknumber 141300
	-> Printing at chr: 10 pos:116683075 chunknumber 141400
	-> Printing at chr: 10 pos:116876110 chunknumber 141500
	-> Printing at chr: 10 pos:117015875 chunknumber 141600
	-> Printing at chr: 10 pos:117155750 chunknumber 141700
	-> Printing at chr: 10 pos:117454675 chunknumber 141800
	-> Printing at chr: 10 pos:117794051 chunknumber 141900
	-> Printing at chr: 10 pos:117952570 chunknumber 142000
	-> Printing at chr: 10 pos:118201477 chunknumber 142100
	-> Printing at chr: 10 pos:118287529 chunknumber 142200
	-> Printing at chr: 10 pos:118495202 chunknumber 142300
	-> Printing at chr: 10 pos:118717126 chunknumber 142400
	-> Printing at chr: 10 pos:118835758 chunknumber 142500
	-> Printing at chr: 10 pos:119034140 chunknumber 142600
	-> Printing at chr: 10 pos:119156760 chunknumber 142700
	-> Printing at chr: 10 pos:119192755 chunknumber 142800
	-> Printing at chr: 10 pos:119459918 chunknumber 142900
	-> Printing at chr: 10 pos:119617933 chunknumber 143000
	-> Printing at chr: 10 pos:119663338 chunknumber 143100
	-> Printing at chr: 10 pos:119715436 chunknumber 143200
	-> Printing at chr: 10 pos:119762307 chunknumber 143300
	-> Printing at chr: 10 pos:119855176 chunknumber 143400
	-> Printing at chr: 10 pos:120041264 chunknumber 143500
	-> Printing at chr: 10 pos:120315817 chunknumber 143600
	-> Printing at chr: 10 pos:120533305 chunknumber 143700
	-> Printing at chr: 10 pos:120717138 chunknumber 143800
	-> Printing at chr: 10 pos:120897459 chunknumber 143900
	-> Printing at chr: 10 pos:121021478 chunknumber 144000
	-> Printing at chr: 10 pos:121021651 chunknumber 144100
	-> Printing at chr: 10 pos:121021886 chunknumber 144200
	-> Printing at chr: 10 pos:121022719 chunknumber 144300
	-> Printing at chr: 10 pos:121023984 chunknumber 144400
	-> Printing at chr: 10 pos:121024396 chunknumber 144500
	-> Printing at chr: 10 pos:121024794 chunknumber 144600
	-> Printing at chr: 10 pos:121024922 chunknumber 144700
	-> Printing at chr: 10 pos:121025220 chunknumber 144800
	-> Printing at chr: 10 pos:121026125 chunknumber 144900
	-> Printing at chr: 10 pos:121026324 chunknumber 145000
	-> Printing at chr: 10 pos:121027366 chunknumber 145100
	-> Printing at chr: 10 pos:121108886 chunknumber 145200
	-> Printing at chr: 10 pos:121137702 chunknumber 145300
	-> Printing at chr: 10 pos:121324001 chunknumber 145400
	-> Printing at chr: 10 pos:121581358 chunknumber 145500
	-> Printing at chr: 10 pos:121884314 chunknumber 145600
	-> Printing at chr: 10 pos:121920356 chunknumber 145700
	-> Printing at chr: 10 pos:121954630 chunknumber 145800
	-> Printing at chr: 10 pos:121975703 chunknumber 145900
	-> Printing at chr: 10 pos:122039615 chunknumber 146000
	-> Printing at chr: 10 pos:122097230 chunknumber 146100
	-> Printing at chr: 10 pos:122120346 chunknumber 146200
	-> Printing at chr: 10 pos:122163211 chunknumber 146300
	-> Printing at chr: 10 pos:122218320 chunknumber 146400
	-> Printing at chr: 10 pos:122359246 chunknumber 146500
	-> Printing at chr: 10 pos:122566355 chunknumber 146600
	-> Printing at chr: 10 pos:122618400 chunknumber 146700
	-> Printing at chr: 10 pos:122681051 chunknumber 146800
	-> Printing at chr: 10 pos:122731605 chunknumber 146900
	-> Printing at chr: 10 pos:122812522 chunknumber 147000
	-> Printing at chr: 10 pos:122873617 chunknumber 147100
	-> Printing at chr: 10 pos:122907583 chunknumber 147200
	-> Printing at chr: 10 pos:122991566 chunknumber 147300
	-> Printing at chr: 10 pos:123280366 chunknumber 147400
	-> Printing at chr: 10 pos:123569719 chunknumber 147500
	-> Printing at chr: 10 pos:123719949 chunknumber 147600
	-> Printing at chr: 10 pos:123915697 chunknumber 147700
	-> Printing at chr: 10 pos:124169898 chunknumber 147800
	-> Printing at chr: 10 pos:124397593 chunknumber 147900
	-> Printing at chr: 10 pos:124532462 chunknumber 148000
	-> Printing at chr: 10 pos:124593285 chunknumber 148100
	-> Printing at chr: 10 pos:124650009 chunknumber 148200
	-> Printing at chr: 10 pos:124725825 chunknumber 148300
	-> Printing at chr: 10 pos:124840543 chunknumber 148400
	-> Printing at chr: 10 pos:124890685 chunknumber 148500
	-> Printing at chr: 10 pos:125115841 chunknumber 148600
	-> Printing at chr: 10 pos:125254955 chunknumber 148700
	-> Printing at chr: 10 pos:125286658 chunknumber 148800
	-> Printing at chr: 10 pos:125340890 chunknumber 148900
	-> Printing at chr: 10 pos:125410935 chunknumber 149000
	-> Printing at chr: 10 pos:125486472 chunknumber 149100
	-> Printing at chr: 10 pos:125653238 chunknumber 149200
	-> Printing at chr: 10 pos:126007818 chunknumber 149300
	-> Printing at chr: 10 pos:126294749 chunknumber 149400
	-> Printing at chr: 10 pos:126504716 chunknumber 149500
	-> Printing at chr: 10 pos:126766453 chunknumber 149600
	-> Printing at chr: 10 pos:127156089 chunknumber 149700
	-> Printing at chr: 10 pos:127406861 chunknumber 149800
	-> Printing at chr: 10 pos:127488135 chunknumber 149900
	-> Printing at chr: 10 pos:127499560 chunknumber 150000
	-> Printing at chr: 10 pos:127521700 chunknumber 150100
	-> Printing at chr: 10 pos:127543509 chunknumber 150200
	-> Printing at chr: 10 pos:127564132 chunknumber 150300
	-> Printing at chr: 10 pos:127586422 chunknumber 150400
	-> Printing at chr: 10 pos:127712241 chunknumber 150500
	-> Printing at chr: 10 pos:127764990 chunknumber 150600
	-> Printing at chr: 10 pos:127863751 chunknumber 150700
	-> Printing at chr: 10 pos:127905804 chunknumber 150800
	-> Printing at chr: 10 pos:128075149 chunknumber 150900
	-> Printing at chr: 10 pos:128146510 chunknumber 151000
	-> Printing at chr: 10 pos:128234975 chunknumber 151100
	-> Printing at chr: 10 pos:128257240 chunknumber 151200
	-> Printing at chr: 10 pos:128444825 chunknumber 151300
	-> Printing at chr: 10 pos:128621191 chunknumber 151400
	-> Printing at chr: 10 pos:128697468 chunknumber 151500
	-> Printing at chr: 10 pos:128798646 chunknumber 151600
	-> Printing at chr: 10 pos:128903331 chunknumber 151700
	-> Printing at chr: 10 pos:129049737 chunknumber 151800
	-> Printing at chr: 10 pos:129104112 chunknumber 151900
	-> Printing at chr: 10 pos:129338073 chunknumber 152000
	-> Printing at chr: 10 pos:129553166 chunknumber 152100
	-> Printing at chr: 10 pos:129703916 chunknumber 152200
	-> Printing at chr: 10 pos:129837609 chunknumber 152300
	-> Printing at chr: 10 pos:129898575 chunknumber 152400
	-> Printing at chr: 10 pos:129933618 chunknumber 152500
	-> Printing at chr: 10 pos:130033504 chunknumber 152600
	-> Printing at chr: 10 pos:130070420 chunknumber 152700
	-> Printing at chr: 10 pos:130343880 chunknumber 152800
	-> Printing at chr: 10 pos:130410564 chunknumber 152900
	-> Printing at chr: 10 pos:130637628 chunknumber 153000
	-> Printing at chr: 10 pos:130790018 chunknumber 153100
	-> Printing at chr: 10 pos:130969443 chunknumber 153200
	-> Printing at chr: 10 pos:131134085 chunknumber 153300
	-> Printing at chr: 10 pos:131176307 chunknumber 153400
	-> Printing at chr: 10 pos:131399311 chunknumber 153500
	-> Printing at chr: 10 pos:131453151 chunknumber 153600
	-> Printing at chr: 10 pos:131492002 chunknumber 153700
	-> Printing at chr: 10 pos:131534049 chunknumber 153800
	-> Printing at chr: 10 pos:131576104 chunknumber 153900
	-> Printing at chr: 10 pos:131765273 chunknumber 154000
	-> Printing at chr: 10 pos:131969213 chunknumber 154100
	-> Printing at chr: 10 pos:132225487 chunknumber 154200
	-> Printing at chr: 10 pos:132331830 chunknumber 154300
	-> Printing at chr: 10 pos:132384723 chunknumber 154400
	-> Printing at chr: 10 pos:132610492 chunknumber 154500
	-> Printing at chr: 10 pos:132719474 chunknumber 154600
	-> Printing at chr: 10 pos:133121533 chunknumber 154700
	-> Printing at chr: 10 pos:133465113 chunknumber 154800
	-> Printing at chr: 10 pos:133651630 chunknumber 154900
	-> Printing at chr: 10 pos:133721468 chunknumber 155000
	-> Printing at chr: 10 pos:133938184 chunknumber 155100
	-> Printing at chr: 10 pos:134159527 chunknumber 155200
	-> Printing at chr: 10 pos:134309909 chunknumber 155300
	-> Printing at chr: 10 pos:134351697 chunknumber 155400
	-> Printing at chr: 10 pos:134533489 chunknumber 155500
	-> Printing at chr: 10 pos:134708428 chunknumber 155600
	-> Printing at chr: 10 pos:134937153 chunknumber 155700
	-> Printing at chr: 10 pos:135243191 chunknumber 155800
	-> Printing at chr: 10 pos:135440298 chunknumber 155900
	-> Printing at chr: 10 pos:135471244 chunknumber 156000
	-> Printing at chr: 10 pos:135567538 chunknumber 156100
	-> Printing at chr: 10 pos:135647332 chunknumber 156200
	-> Printing at chr: 10 pos:135718949 chunknumber 156300
	-> Printing at chr: 10 pos:135986110 chunknumber 156400
	-> Printing at chr: 10 pos:136101541 chunknumber 156500
	-> Printing at chr: 10 pos:136284342 chunknumber 156600
	-> Printing at chr: 10 pos:136536932 chunknumber 156700
	-> Printing at chr: 10 pos:136811076 chunknumber 156800
	-> Printing at chr: 10 pos:137149900 chunknumber 156900
	-> Printing at chr: 10 pos:137292360 chunknumber 157000
	-> Printing at chr: 10 pos:137614449 chunknumber 157100
	-> Printing at chr: 10 pos:137793999 chunknumber 157200
	-> Printing at chr: 10 pos:137933299 chunknumber 157300
	-> Printing at chr: 10 pos:138160673 chunknumber 157400
	-> Printing at chr: 10 pos:138388599 chunknumber 157500
	-> Printing at chr: 10 pos:138506434 chunknumber 157600
	-> Printing at chr: 10 pos:138920442 chunknumber 157700
	-> Printing at chr: 10 pos:139073181 chunknumber 157800
	-> Printing at chr: 10 pos:139375132 chunknumber 157900
	-> Printing at chr: 10 pos:139707138 chunknumber 158000
	-> Printing at chr: 10 pos:139819372 chunknumber 158100
	-> Printing at chr: 10 pos:139862115 chunknumber 158200
	-> Printing at chr: 10 pos:139940076 chunknumber 158300
	-> Printing at chr: 10 pos:139987078 chunknumber 158400
	-> Printing at chr: 10 pos:140120165 chunknumber 158500
	-> Printing at chr: 10 pos:140210484 chunknumber 158600
	-> Printing at chr: 10 pos:140238929 chunknumber 158700
	-> Printing at chr: 10 pos:140572485 chunknumber 158800
	-> Printing at chr: 10 pos:140894326 chunknumber 158900
	-> Printing at chr: 10 pos:141131863 chunknumber 159000
	-> Printing at chr: 10 pos:141191388 chunknumber 159100
	-> Printing at chr: 10 pos:141304282 chunknumber 159200
	-> Printing at chr: 10 pos:141695492 chunknumber 159300
	-> Printing at chr: 10 pos:142047387 chunknumber 159400
	-> Printing at chr: 10 pos:142407063 chunknumber 159500
	-> Printing at chr: 10 pos:142773888 chunknumber 159600
	-> Printing at chr: 10 pos:142978340 chunknumber 159700
	-> Printing at chr: 10 pos:143018974 chunknumber 159800
	-> Printing at chr: 10 pos:143222719 chunknumber 159900
	-> Printing at chr: 10 pos:143289543 chunknumber 160000
	-> Printing at chr: 10 pos:143393720 chunknumber 160100
	-> Printing at chr: 10 pos:143649657 chunknumber 160200
	-> Printing at chr: 10 pos:143659336 chunknumber 160300
	-> Printing at chr: 10 pos:143664731 chunknumber 160400
	-> Printing at chr: 10 pos:143750081 chunknumber 160500
	-> Printing at chr: 10 pos:143849655 chunknumber 160600
	-> Printing at chr: 10 pos:144209349 chunknumber 160700
	-> Printing at chr: 10 pos:144391226 chunknumber 160800
	-> Printing at chr: 10 pos:144528438 chunknumber 160900
	-> Printing at chr: 10 pos:144823236 chunknumber 161000
	-> Printing at chr: 10 pos:145041117 chunknumber 161100
	-> Printing at chr: 10 pos:145079891 chunknumber 161200
	-> Printing at chr: 10 pos:145112304 chunknumber 161300
	-> Printing at chr: 10 pos:145152226 chunknumber 161400
	-> Printing at chr: 10 pos:145239495 chunknumber 161500
	-> Printing at chr: 10 pos:145290315 chunknumber 161600
	-> Printing at chr: 10 pos:145316362 chunknumber 161700
	-> Printing at chr: 10 pos:145705714 chunknumber 161800
	-> Printing at chr: 10 pos:145954414 chunknumber 161900
	-> Printing at chr: 10 pos:146152264 chunknumber 162000
	-> Printing at chr: 10 pos:146216978 chunknumber 162100
	-> Printing at chr: 10 pos:146226408 chunknumber 162200
	-> Printing at chr: 10 pos:146236425 chunknumber 162300
	-> Printing at chr: 10 pos:146280197 chunknumber 162400
	-> Printing at chr: 10 pos:146323031 chunknumber 162500
	-> Printing at chr: 10 pos:146344024 chunknumber 162600
	-> Printing at chr: 10 pos:146599676 chunknumber 162700
	-> Printing at chr: 10 pos:146910727 chunknumber 162800
	-> Printing at chr: 10 pos:147220290 chunknumber 162900
	-> Printing at chr: 10 pos:147482442 chunknumber 163000
	-> Printing at chr: 10 pos:147830298 chunknumber 163100
	-> Printing at chr: 10 pos:148442273 chunknumber 163200
	-> Printing at chr: 10 pos:148599782 chunknumber 163300
	-> Printing at chr: 10 pos:148667430 chunknumber 163400
	-> Printing at chr: 10 pos:148692752 chunknumber 163500
	-> Printing at chr: 10 pos:148728711 chunknumber 163600
	-> Printing at chr: 10 pos:148785045 chunknumber 163700
	-> Printing at chr: 10 pos:148841587 chunknumber 163800
	-> Printing at chr: 10 pos:148893651 chunknumber 163900
	-> Printing at chr: 10 pos:148948520 chunknumber 164000
	-> Printing at chr: 10 pos:149013192 chunknumber 164100
	-> Printing at chr: 10 pos:149069656 chunknumber 164200
	-> Printing at chr: 10 pos:149118058 chunknumber 164300
	-> Printing at chr: 10 pos:149223004 chunknumber 164400
	-> Printing at chr: 10 pos:149262934 chunknumber 164500
	-> Printing at chr: 10 pos:149290106 chunknumber 164600
	-> Printing at chr: 10 pos:149318235 chunknumber 164700
	-> Printing at chr: 10 pos:149341311 chunknumber 164800
	-> Printing at chr: 10 pos:149365255 chunknumber 164900
	-> Printing at chr: 10 pos:149446284 chunknumber 165000
	-> Printing at chr: 10 pos:149496974 chunknumber 165100
	-> Printing at chr: 10 pos:149518687 chunknumber 165200
	-> Printing at chr: 10 pos:149561309 chunknumber 165300

	-> Done reading data waiting for calculations to finish
	-> Calling destroy
	-> Done waiting for threads
	-> Output filenames:
		->"THETAS/TIL__intergenic_10.arg"
		->"THETAS/TIL__intergenic_10.mafs.gz"
		->"THETAS/TIL__intergenic_10.thetas.gz"
	-> Thu Jul 24 21:05:19 2014
	-> Arguments and parameters for all analysis are located in .arg file
	[ALL done] cpu-time used =  15371.92 sec
	[ALL done] walltime used =  14420.00 sec
	Writing: chr:10 with nSites:3021352
	Done writing: 10
	Has dumped files:
		'/home/beissing/Dom_Bot_Git/THETAS/TIL__intergenic_10.thetas.gz.bin'
		'/home/beissing/Dom_Bot_Git/THETAS/TIL__intergenic_10.thetas.gz.idx'
	Assuming binfile:/home/beissing/Dom_Bot_Git/THETAS/TIL__intergenic_10.thetas.gz.bin and indexfile:/home/beissing/Dom_Bot_Git/THETAS/TIL__intergenic_10.thetas.gz.idx
		Information from index file:
		0	10	3021352	0
	 -r=(null) outnames=(null) step: 0 win: 0 nChr:30
	Winsize equals zero or step size equals zero. Will use entire chromosome as window
	pc.chr=10 pc.nSites=3021352 firstpos=3369 lastpos=149622294
	Dumping file: "/home/beissing/Dom_Bot_Git/THETAS/TIL__intergenic_10.thetas.gz.pestPG"
