Module BUILD 1.6 Loaded.
Module slurm/2.6.2 loaded 
	-> Reading fasta: /home/beissing/Dom_Bot_Git/DATA/TRIP/TRIP.fa.gz
	-> Reading fasta: /group/jrigrp3/bottleneckProject/genomes/Zea_mays.AGPv3.22.dna.genome.fa
	->(Using Filipe modification of: abcSaf.cpp)
	-> Parsing 13 number of samples 
	-> Printing at chr: 1 pos:49484 chunknumber 100
	-> Printing at chr: 1 pos:70551 chunknumber 200
	-> Printing at chr: 1 pos:87284 chunknumber 300
	-> Printing at chr: 1 pos:129792 chunknumber 400
	-> Printing at chr: 1 pos:174819 chunknumber 500
	-> Printing at chr: 1 pos:224034 chunknumber 600
	-> Printing at chr: 1 pos:292826 chunknumber 700
	-> Printing at chr: 1 pos:306857 chunknumber 800
	-> Printing at chr: 1 pos:320696 chunknumber 900
	-> Printing at chr: 1 pos:345458 chunknumber 1000
	-> Printing at chr: 1 pos:362126 chunknumber 1100
	-> Printing at chr: 1 pos:409141 chunknumber 1200
	-> Printing at chr: 1 pos:438347 chunknumber 1300
	-> Printing at chr: 1 pos:499218 chunknumber 1400
	-> Printing at chr: 1 pos:558746 chunknumber 1500
	-> Printing at chr: 1 pos:610824 chunknumber 1600
	-> Printing at chr: 1 pos:632797 chunknumber 1700
	-> Printing at chr: 1 pos:705086 chunknumber 1800
	-> Printing at chr: 1 pos:820510 chunknumber 1900
	-> Printing at chr: 1 pos:872800 chunknumber 2000
	-> Printing at chr: 1 pos:977200 chunknumber 2100
	-> Printing at chr: 1 pos:1029670 chunknumber 2200
	-> Printing at chr: 1 pos:1070447 chunknumber 2300
	-> Printing at chr: 1 pos:1124113 chunknumber 2400
	-> Printing at chr: 1 pos:1150440 chunknumber 2500
	-> Printing at chr: 1 pos:1212919 chunknumber 2600
	-> Printing at chr: 1 pos:1246502 chunknumber 2700
	-> Printing at chr: 1 pos:1268388 chunknumber 2800
	-> Printing at chr: 1 pos:1374224 chunknumber 2900
	-> Printing at chr: 1 pos:1403007 chunknumber 3000
	-> Printing at chr: 1 pos:1426109 chunknumber 3100
	-> Printing at chr: 1 pos:1456152 chunknumber 3200
	-> Printing at chr: 1 pos:1480854 chunknumber 3300
	-> Printing at chr: 1 pos:1521616 chunknumber 3400
	-> Printing at chr: 1 pos:1542064 chunknumber 3500
	-> Printing at chr: 1 pos:1596132 chunknumber 3600
	-> Printing at chr: 1 pos:1635282 chunknumber 3700
	-> Printing at chr: 1 pos:1680527 chunknumber 3800
	-> Printing at chr: 1 pos:1744830 chunknumber 3900
	-> Printing at chr: 1 pos:1822792 chunknumber 4000
	-> Printing at chr: 1 pos:1980824 chunknumber 4100
	-> Printing at chr: 1 pos:2013729 chunknumber 4200
	-> Printing at chr: 1 pos:2076798 chunknumber 4300
	-> Printing at chr: 1 pos:2264649 chunknumber 4400
	-> Printing at chr: 1 pos:2345547 chunknumber 4500
	-> Printing at chr: 1 pos:2409638 chunknumber 4600
	-> Printing at chr: 1 pos:2563003 chunknumber 4700
	-> Printing at chr: 1 pos:2606535 chunknumber 4800
	-> Printing at chr: 1 pos:2643632 chunknumber 4900
