pop1 = TIL
pop2 = BKN
angsdir = /home/beissing/bin/angsd0.609
outputdir = /home/beissing/Dom_Bot_Git/WholeGenome/OUTS
ref = /group/jrigrp3/bottleneckProject/genomes/Zea_mays.AGPv3.22.dna.genome.fa
anc = /group/jrigrp3/bottleneckProject/genomes/TRIP.fa.gz
pop1List = INS/TIL_list.txt
pop2List = INS/BKN_list.txt
nIndPop1 = 13
nIndPop2 = 23
nPop1 = 26
nPop2 = 46
minperc = 0.8
minIndPop1 = 10
minIndPop2 = 18
pop1F = INS/TIL.indF
pop2F = INS/BKN.indF
glikehood = 1
minMapQ = 30
cpu = 32
regionfile = /home/beissing/Dom_Bot_Git/WholeGenome/INS/fooRegions.txt
windowsize = 1000
step = 1000
-bam INS/TIL_list.txt -out /home/beissing/Dom_Bot_Git/WholeGenome/OUTS/TIL_intergenic -doMajorMinor 1 -doMaf 1 -indF INS/TIL.indF -doSaf 2 -uniqueOnly 0 -anc /group/jrigrp3/bottleneckProject/genomes/TRIP.fa.gz -minMapQ 30 -minQ 20 -nInd 13 -minInd 10 -baq 1 -ref /group/jrigrp3/bottleneckProject/genomes/Zea_mays.AGPv3.22.dna.genome.fa -GL 1 -P 32 -rf /home/beissing/Dom_Bot_Git/WholeGenome/INS/fooRegions.txt

/home/beissing/Dom_Bot_Git/WholeGenome/OUTS/TIL_intergenic.saf 26 -P 32

-bam INS/TIL_list.txt -out /home/beissing/Dom_Bot_Git/WholeGenome/OUTS/TIL_intergenic -doMajorMinor 1 -doMaf 1 -indF INS/TIL.indF -doSaf 2 -uniqueOnly 0 -anc /group/jrigrp3/bottleneckProject/genomes/TRIP.fa.gz -minMapQ 30 -minQ 20 -nInd 13 -minInd 10 -baq 1 -ref /group/jrigrp3/bottleneckProject/genomes/Zea_mays.AGPv3.22.dna.genome.fa -GL 1 -P 32 -rf /home/beissing/Dom_Bot_Git/WholeGenome/INS/fooRegions.txt

/home/beissing/Dom_Bot_Git/WholeGenome/OUTS/BKN_intergenic.saf 46 -P 32

gunzip -k /home/beissing/Dom_Bot_Git/WholeGenome/OUTS/TIL_intergenic.saf.pos.gz

gunzip -k /home/beissing/Dom_Bot_Git/WholeGenome/OUTS/BKN_intergenic.saf.pos.gz

cat /home/beissing/Dom_Bot_Git/WholeGenome/OUTS/TIL_intergenic.saf.pos /home/beissing/Dom_Bot_Git/WholeGenome/OUTS/BKN_intergenic.saf.pos|sort|uniq -d

/home/beissing/bin/angsd0.609/angsd -bam INS/TIL_list.txt -out /home/beissing/Dom_Bot_Git/WholeGenome/OUTS/TIL_intergenic_conditioned -doMajorMinor 1 -doMaf 1 -indF INS/TIL.indF -doSaf 2 -uniqueOnly 0 -anc /group/jrigrp3/bottleneckProject/genomes/TRIP.fa.gz -minMapQ 30 -minQ 20 -nInd 13 -minInd 10 -baq 1 -ref /group/jrigrp3/bottleneckProject/genomes/Zea_mays.AGPv3.22.dna.genome.fa -GL 1 -P 32 -rf /home/beissing/Dom_Bot_Git/WholeGenome/INS/fooRegions.txt -sites /home/beissing/Dom_Bot_Git/WholeGenome/OUTS/intersect.TIL.BKN_intergenic.txt

/home/beissing/bin/angsd0.609/angsd -bam INS/BKN_list.txt -out /home/beissing/Dom_Bot_Git/WholeGenome/OUTS/BKN_intergenic_conditioned -doMajorMinor 1 -doMaf 1 -indF INS/BKN.indF -doSaf 2 -uniqueOnly 0 -anc /group/jrigrp3/bottleneckProject/genomes/TRIP.fa.gz -minMapQ 30 -minQ 20 -nInd 23 -minInd 18 -baq 1 -ref /group/jrigrp3/bottleneckProject/genomes/Zea_mays.AGPv3.22.dna.genome.fa -GL 1 -P 32 -rf /home/beissing/Dom_Bot_Git/WholeGenome/INS/fooRegions.txt -sites /home/beissing/Dom_Bot_Git/WholeGenome/OUTS/intersect.TIL.BKN_intergenic.txt

/home/beissing/bin/angsd0.609/misc/realSFS 2dsfs /home/beissing/Dom_Bot_Git/WholeGenome/OUTS/TIL_intergenic_conditioned.saf /home/beissing/Dom_Bot_Git/WholeGenome/OUTS/BKN_intergenic_conditioned.saf 26 46 -P 32

-bam INS/TIL_list.txt -out /home/beissing/Dom_Bot_Git/WholeGenome/OUTS/TIL_intergenic_windows -pest /home/beissing/Dom_Bot_Git/WholeGenome/OUTS/TIL_intergenic.sfs -indF INS/TIL.indF -doSaf 2 -uniqueOnly 0 -anc /group/jrigrp3/bottleneckProject/genomes/TRIP.fa.gz -minMapQ 30 -minQ 20 -nInd 13 -minInd 10 -baq 1 -ref /group/jrigrp3/bottleneckProject/genomes/Zea_mays.AGPv3.22.dna.genome.fa -GL 1 -P 32 -rf /home/beissing/Dom_Bot_Git/WholeGenome/INS/fooRegions.txt -doThetas 1 -doMajorMinor 1 -doMaf 1

make_bed /home/beissing/Dom_Bot_Git/WholeGenome/OUTS/TIL_intergenic_windows.thetas.gz

do_stat /home/beissing/Dom_Bot_Git/WholeGenome/OUTS/TIL_intergenic_windows.thetas.gz -nChr 26 -win 1000 -step 1000

-bam INS/BKN_list.txt -out /home/beissing/Dom_Bot_Git/WholeGenome/OUTS/BKN_intergenic_windows -pest /home/beissing/Dom_Bot_Git/WholeGenome/OUTS/BKN_intergenic.sfs -indF INS/BKN.indF -doSaf 2 -uniqueOnly 0 -anc /group/jrigrp3/bottleneckProject/genomes/TRIP.fa.gz -minMapQ 30 -minQ 20 -nInd 23 -minInd 18 -baq 1 -ref /group/jrigrp3/bottleneckProject/genomes/Zea_mays.AGPv3.22.dna.genome.fa -GL 1 -P 32 -rf /home/beissing/Dom_Bot_Git/WholeGenome/INS/fooRegions.txt -doThetas 1 -doMajorMinor 1 -doMaf 1

make_bed /home/beissing/Dom_Bot_Git/WholeGenome/OUTS/BKN_intergenic_windows.thetas.gz

do_stat /home/beissing/Dom_Bot_Git/WholeGenome/OUTS/BKN_intergenic_windows.thetas.gz -nChr 46 -win 1000 -step 1000

