Module BUILD 1.6 Loaded.
Module slurm/2.6.2 loaded 
	-> Reading fasta: /group/jrigrp3/bottleneckProject/genomes/TRIP.fa
	-> Reading fasta: /group/jrigrp3/bottleneckProject/genomes/Zea_mays.AGPv3.22.dna.genome.fa
	->(Using Filipe modification of: abcSaf.cpp)
	-> Parsing 13 number of samples 
	-> Printing at chr: 1 pos:49484 chunknumber 100
	-> Printing at chr: 1 pos:70551 chunknumber 200
	-> Printing at chr: 1 pos:87284 chunknumber 300
	-> Printing at chr: 1 pos:129792 chunknumber 400
	-> Printing at chr: 1 pos:174819 chunknumber 500
	-> Printing at chr: 1 pos:224034 chunknumber 600
	-> Printing at chr: 1 pos:292826 chunknumber 700
	-> Printing at chr: 1 pos:306857 chunknumber 800
	-> Printing at chr: 1 pos:320696 chunknumber 900
	-> Printing at chr: 1 pos:345458 chunknumber 1000
	-> Printing at chr: 1 pos:362126 chunknumber 1100
	-> Printing at chr: 1 pos:409141 chunknumber 1200
	-> Printing at chr: 1 pos:438347 chunknumber 1300
	-> Printing at chr: 1 pos:499218 chunknumber 1400
	-> Printing at chr: 1 pos:558746 chunknumber 1500
	-> Printing at chr: 1 pos:610824 chunknumber 1600
	-> Printing at chr: 1 pos:632797 chunknumber 1700
	-> Printing at chr: 1 pos:705086 chunknumber 1800
	-> Printing at chr: 1 pos:820510 chunknumber 1900
	-> Printing at chr: 1 pos:872800 chunknumber 2000
	-> Printing at chr: 1 pos:977200 chunknumber 2100
	-> Printing at chr: 1 pos:1029670 chunknumber 2200
	-> Printing at chr: 1 pos:1070447 chunknumber 2300
	-> Printing at chr: 1 pos:1124113 chunknumber 2400
	-> Printing at chr: 1 pos:1150440 chunknumber 2500
	-> Printing at chr: 1 pos:1212919 chunknumber 2600
	-> Printing at chr: 1 pos:1246502 chunknumber 2700
	-> Printing at chr: 1 pos:1268388 chunknumber 2800
	-> Printing at chr: 1 pos:1374224 chunknumber 2900
	-> Printing at chr: 1 pos:1403007 chunknumber 3000
	-> Printing at chr: 1 pos:1426109 chunknumber 3100
	-> Printing at chr: 1 pos:1456152 chunknumber 3200
	-> Printing at chr: 1 pos:1480854 chunknumber 3300
	-> Printing at chr: 1 pos:1521616 chunknumber 3400
	-> Printing at chr: 1 pos:1542064 chunknumber 3500
	-> Printing at chr: 1 pos:1596132 chunknumber 3600
	-> Printing at chr: 1 pos:1635282 chunknumber 3700
	-> Printing at chr: 1 pos:1680527 chunknumber 3800
	-> Printing at chr: 1 pos:1744830 chunknumber 3900
	-> Printing at chr: 1 pos:1822792 chunknumber 4000
	-> Printing at chr: 1 pos:1980824 chunknumber 4100
	-> Printing at chr: 1 pos:2013729 chunknumber 4200
	-> Printing at chr: 1 pos:2076798 chunknumber 4300
	-> Printing at chr: 1 pos:2264649 chunknumber 4400
	-> Printing at chr: 1 pos:2345547 chunknumber 4500
	-> Printing at chr: 1 pos:2409638 chunknumber 4600
	-> Printing at chr: 1 pos:2563003 chunknumber 4700
	-> Printing at chr: 1 pos:2606535 chunknumber 4800
	-> Printing at chr: 1 pos:2643632 chunknumber 4900
	-> Printing at chr: 1 pos:2807354 chunknumber 5000
	-> Printing at chr: 1 pos:2966163 chunknumber 5100
	-> Printing at chr: 1 pos:3056717 chunknumber 5200
	-> Printing at chr: 1 pos:3183392 chunknumber 5300
	-> Printing at chr: 1 pos:3243558 chunknumber 5400
	-> Printing at chr: 1 pos:3422297 chunknumber 5500
	-> Printing at chr: 1 pos:3527627 chunknumber 5600
	-> Printing at chr: 1 pos:3806948 chunknumber 5700
	-> Printing at chr: 1 pos:4114329 chunknumber 5800
	-> Printing at chr: 1 pos:4140147 chunknumber 5900
	-> Printing at chr: 1 pos:4162580 chunknumber 6000
	-> Printing at chr: 1 pos:4268423 chunknumber 6100
	-> Printing at chr: 1 pos:4511543 chunknumber 6200
	-> Printing at chr: 1 pos:4621735 chunknumber 6300
	-> Printing at chr: 1 pos:4791679 chunknumber 6400
	-> Printing at chr: 1 pos:4925341 chunknumber 6500
	-> Printing at chr: 1 pos:5052897 chunknumber 6600
	-> Printing at chr: 1 pos:5270831 chunknumber 6700
	-> Printing at chr: 1 pos:5641961 chunknumber 6800
	-> Printing at chr: 1 pos:5934539 chunknumber 6900
	-> Printing at chr: 1 pos:6154935 chunknumber 7000
	-> Printing at chr: 1 pos:6509442 chunknumber 7100
	-> Printing at chr: 1 pos:6683881 chunknumber 7200
	-> Printing at chr: 1 pos:6883475 chunknumber 7300
	-> Printing at chr: 1 pos:7170474 chunknumber 7400
	-> Printing at chr: 1 pos:7317090 chunknumber 7500
	-> Printing at chr: 1 pos:7525001 chunknumber 7600
	-> Printing at chr: 1 pos:7655905 chunknumber 7700
	-> Printing at chr: 1 pos:7725152 chunknumber 7800
	-> Printing at chr: 1 pos:7757669 chunknumber 7900
	-> Printing at chr: 1 pos:7945194 chunknumber 8000
	-> Printing at chr: 1 pos:8181648 chunknumber 8100
	-> Printing at chr: 1 pos:8184051 chunknumber 8200
	-> Printing at chr: 1 pos:8186301 chunknumber 8300
	-> Printing at chr: 1 pos:8207180 chunknumber 8400
	-> Printing at chr: 1 pos:8340218 chunknumber 8500
	-> Printing at chr: 1 pos:8699278 chunknumber 8600
	-> Printing at chr: 1 pos:8868936 chunknumber 8700
	-> Printing at chr: 1 pos:8990926 chunknumber 8800
	-> Printing at chr: 1 pos:9030520 chunknumber 8900
	-> Printing at chr: 1 pos:9089695 chunknumber 9000
	-> Printing at chr: 1 pos:9226264 chunknumber 9100
	-> Printing at chr: 1 pos:9264167 chunknumber 9200
	-> Printing at chr: 1 pos:9313162 chunknumber 9300
	-> Printing at chr: 1 pos:9412116 chunknumber 9400
	-> Printing at chr: 1 pos:9596131 chunknumber 9500
	-> Printing at chr: 1 pos:10006713 chunknumber 9600
	-> Printing at chr: 1 pos:10290001 chunknumber 9700
	-> Printing at chr: 1 pos:10651665 chunknumber 9800
	-> Printing at chr: 1 pos:10839848 chunknumber 9900
	-> Printing at chr: 1 pos:10870031 chunknumber 10000
	-> Printing at chr: 1 pos:11006156 chunknumber 10100
	-> Printing at chr: 1 pos:11100311 chunknumber 10200
	-> Printing at chr: 1 pos:11280906 chunknumber 10300
	-> Printing at chr: 1 pos:11450837 chunknumber 10400
	-> Printing at chr: 1 pos:11624854 chunknumber 10500
	-> Printing at chr: 1 pos:11764246 chunknumber 10600
	-> Printing at chr: 1 pos:11831910 chunknumber 10700
	-> Printing at chr: 1 pos:12132932 chunknumber 10800
	-> Printing at chr: 1 pos:12396298 chunknumber 10900
	-> Printing at chr: 1 pos:12552665 chunknumber 11000
	-> Printing at chr: 1 pos:12613348 chunknumber 11100
	-> Printing at chr: 1 pos:12720258 chunknumber 11200
	-> Printing at chr: 1 pos:12811792 chunknumber 11300
	-> Printing at chr: 1 pos:13012226 chunknumber 11400
	-> Printing at chr: 1 pos:13113993 chunknumber 11500
	-> Printing at chr: 1 pos:13287376 chunknumber 11600
	-> Printing at chr: 1 pos:13555981 chunknumber 11700
	-> Printing at chr: 1 pos:13776860 chunknumber 11800
	-> Printing at chr: 1 pos:13945107 chunknumber 11900
	-> Printing at chr: 1 pos:14087975 chunknumber 12000
	-> Printing at chr: 1 pos:14263384 chunknumber 12100
	-> Printing at chr: 1 pos:14331503 chunknumber 12200
	-> Printing at chr: 1 pos:14356191 chunknumber 12300
	-> Printing at chr: 1 pos:14392241 chunknumber 12400
	-> Printing at chr: 1 pos:14557094 chunknumber 12500
	-> Printing at chr: 1 pos:14693871 chunknumber 12600
	-> Printing at chr: 1 pos:14747948 chunknumber 12700
	-> Printing at chr: 1 pos:14818567 chunknumber 12800
	-> Printing at chr: 1 pos:15079579 chunknumber 12900
	-> Printing at chr: 1 pos:15177490 chunknumber 13000
	-> Printing at chr: 1 pos:15296243 chunknumber 13100
	-> Printing at chr: 1 pos:15407724 chunknumber 13200
	-> Printing at chr: 1 pos:15589317 chunknumber 13300
	-> Printing at chr: 1 pos:15934789 chunknumber 13400
	-> Printing at chr: 1 pos:16128639 chunknumber 13500
	-> Printing at chr: 1 pos:16407818 chunknumber 13600
	-> Printing at chr: 1 pos:16498484 chunknumber 13700
	-> Printing at chr: 1 pos:16644153 chunknumber 13800
	-> Printing at chr: 1 pos:16883504 chunknumber 13900
	-> Printing at chr: 1 pos:17042820 chunknumber 14000
	-> Printing at chr: 1 pos:17200801 chunknumber 14100
	-> Printing at chr: 1 pos:17288184 chunknumber 14200
	-> Printing at chr: 1 pos:17373840 chunknumber 14300
	-> Printing at chr: 1 pos:17503684 chunknumber 14400
	-> Printing at chr: 1 pos:17894974 chunknumber 14500
	-> Printing at chr: 1 pos:18207895 chunknumber 14600
	-> Printing at chr: 1 pos:18299893 chunknumber 14700
	-> Printing at chr: 1 pos:18339744 chunknumber 14800
	-> Printing at chr: 1 pos:18384375 chunknumber 14900
	-> Printing at chr: 1 pos:18462909 chunknumber 15000
	-> Printing at chr: 1 pos:18487958 chunknumber 15100
	-> Printing at chr: 1 pos:18520549 chunknumber 15200
	-> Printing at chr: 1 pos:18571528 chunknumber 15300
	-> Printing at chr: 1 pos:18603295 chunknumber 15400
	-> Printing at chr: 1 pos:18663769 chunknumber 15500
	-> Printing at chr: 1 pos:18840873 chunknumber 15600
	-> Printing at chr: 1 pos:18963331 chunknumber 15700
	-> Printing at chr: 1 pos:19109159 chunknumber 15800
	-> Printing at chr: 1 pos:19282975 chunknumber 15900
	-> Printing at chr: 1 pos:19400910 chunknumber 16000
	-> Printing at chr: 1 pos:19534895 chunknumber 16100
	-> Printing at chr: 1 pos:19598098 chunknumber 16200
	-> Printing at chr: 1 pos:19725275 chunknumber 16300
	-> Printing at chr: 1 pos:19995325 chunknumber 16400
	-> Printing at chr: 1 pos:20030504 chunknumber 16500
	-> Printing at chr: 1 pos:20192699 chunknumber 16600
	-> Printing at chr: 1 pos:20274556 chunknumber 16700
	-> Printing at chr: 1 pos:20430394 chunknumber 16800
	-> Printing at chr: 1 pos:20540700 chunknumber 16900
	-> Printing at chr: 1 pos:20704746 chunknumber 17000
	-> Printing at chr: 1 pos:20871775 chunknumber 17100
	-> Printing at chr: 1 pos:21009915 chunknumber 17200
	-> Printing at chr: 1 pos:21098217 chunknumber 17300
	-> Printing at chr: 1 pos:21148957 chunknumber 17400
	-> Printing at chr: 1 pos:21181618 chunknumber 17500
	-> Printing at chr: 1 pos:21269858 chunknumber 17600
	-> Printing at chr: 1 pos:21340933 chunknumber 17700
	-> Printing at chr: 1 pos:21403636 chunknumber 17800
	-> Printing at chr: 1 pos:21449155 chunknumber 17900
	-> Printing at chr: 1 pos:21803946 chunknumber 18000
	-> Printing at chr: 1 pos:22018498 chunknumber 18100
	-> Printing at chr: 1 pos:22222948 chunknumber 18200
	-> Printing at chr: 1 pos:22315921 chunknumber 18300
	-> Printing at chr: 1 pos:22614813 chunknumber 18400
	-> Printing at chr: 1 pos:22687968 chunknumber 18500
	-> Printing at chr: 1 pos:22766619 chunknumber 18600
	-> Printing at chr: 1 pos:22992317 chunknumber 18700
	-> Printing at chr: 1 pos:23126458 chunknumber 18800
	-> Printing at chr: 1 pos:23257678 chunknumber 18900
	-> Printing at chr: 1 pos:23514026 chunknumber 19000
	-> Printing at chr: 1 pos:23665540 chunknumber 19100
	-> Printing at chr: 1 pos:23787839 chunknumber 19200
	-> Printing at chr: 1 pos:23798910 chunknumber 19300
	-> Printing at chr: 1 pos:23800922 chunknumber 19400
	-> Printing at chr: 1 pos:24022426 chunknumber 19500
	-> Printing at chr: 1 pos:24214242 chunknumber 19600
	-> Printing at chr: 1 pos:24371723 chunknumber 19700
	-> Printing at chr: 1 pos:24508043 chunknumber 19800
	-> Printing at chr: 1 pos:24655443 chunknumber 19900
	-> Printing at chr: 1 pos:24791725 chunknumber 20000
	-> Printing at chr: 1 pos:24832536 chunknumber 20100
	-> Printing at chr: 1 pos:24851022 chunknumber 20200
	-> Printing at chr: 1 pos:24880039 chunknumber 20300
	-> Printing at chr: 1 pos:24896769 chunknumber 20400
	-> Printing at chr: 1 pos:24914179 chunknumber 20500
	-> Printing at chr: 1 pos:25005916 chunknumber 20600
	-> Printing at chr: 1 pos:25207910 chunknumber 20700
	-> Printing at chr: 1 pos:25305884 chunknumber 20800
	-> Printing at chr: 1 pos:25354917 chunknumber 20900
	-> Printing at chr: 1 pos:25718342 chunknumber 21000
	-> Printing at chr: 1 pos:25783512 chunknumber 21100
	-> Printing at chr: 1 pos:25953692 chunknumber 21200
	-> Printing at chr: 1 pos:26048547 chunknumber 21300
	-> Printing at chr: 1 pos:26181603 chunknumber 21400
	-> Printing at chr: 1 pos:26238268 chunknumber 21500
	-> Printing at chr: 1 pos:26390500 chunknumber 21600
	-> Printing at chr: 1 pos:26510368 chunknumber 21700
	-> Printing at chr: 1 pos:26550552 chunknumber 21800
	-> Printing at chr: 1 pos:26783909 chunknumber 21900
	-> Printing at chr: 1 pos:26876171 chunknumber 22000
	-> Printing at chr: 1 pos:26959887 chunknumber 22100
	-> Printing at chr: 1 pos:26986276 chunknumber 22200
	-> Printing at chr: 1 pos:27045673 chunknumber 22300
	-> Printing at chr: 1 pos:27141344 chunknumber 22400
	-> Printing at chr: 1 pos:27247483 chunknumber 22500
	-> Printing at chr: 1 pos:27427526 chunknumber 22600
	-> Printing at chr: 1 pos:27574016 chunknumber 22700
	-> Printing at chr: 1 pos:27816402 chunknumber 22800
	-> Printing at chr: 1 pos:27960516 chunknumber 22900
	-> Printing at chr: 1 pos:28022871 chunknumber 23000
	-> Printing at chr: 1 pos:28049099 chunknumber 23100
	-> Printing at chr: 1 pos:28097510 chunknumber 23200
	-> Printing at chr: 1 pos:28118899 chunknumber 23300
	-> Printing at chr: 1 pos:28156238 chunknumber 23400
	-> Printing at chr: 1 pos:28187486 chunknumber 23500
	-> Printing at chr: 1 pos:28217820 chunknumber 23600
	-> Printing at chr: 1 pos:28244224 chunknumber 23700
	-> Printing at chr: 1 pos:28301573 chunknumber 23800
	-> Printing at chr: 1 pos:28332812 chunknumber 23900
	-> Printing at chr: 1 pos:28405003 chunknumber 24000
	-> Printing at chr: 1 pos:28617624 chunknumber 24100
	-> Printing at chr: 1 pos:28734063 chunknumber 24200
	-> Printing at chr: 1 pos:29051700 chunknumber 24300
	-> Printing at chr: 1 pos:29231801 chunknumber 24400
	-> Printing at chr: 1 pos:29302393 chunknumber 24500
	-> Printing at chr: 1 pos:29550080 chunknumber 24600
	-> Printing at chr: 1 pos:29655042 chunknumber 24700
	-> Printing at chr: 1 pos:29799928 chunknumber 24800
	-> Printing at chr: 1 pos:29867377 chunknumber 24900
	-> Printing at chr: 1 pos:29978616 chunknumber 25000
	-> Printing at chr: 1 pos:30218680 chunknumber 25100
	-> Printing at chr: 1 pos:30438774 chunknumber 25200
	-> Printing at chr: 1 pos:30575516 chunknumber 25300
	-> Printing at chr: 1 pos:30679946 chunknumber 25400
	-> Printing at chr: 1 pos:30786260 chunknumber 25500
	-> Printing at chr: 1 pos:31010228 chunknumber 25600
	-> Printing at chr: 1 pos:31372063 chunknumber 25700
	-> Printing at chr: 1 pos:31425777 chunknumber 25800
	-> Printing at chr: 1 pos:31564243 chunknumber 25900
	-> Printing at chr: 1 pos:31624872 chunknumber 26000
	-> Printing at chr: 1 pos:31669808 chunknumber 26100
	-> Printing at chr: 1 pos:31789558 chunknumber 26200
	-> Printing at chr: 1 pos:31932286 chunknumber 26300
	-> Printing at chr: 1 pos:32253084 chunknumber 26400
	-> Printing at chr: 1 pos:32289604 chunknumber 26500
	-> Printing at chr: 1 pos:32350566 chunknumber 26600
	-> Printing at chr: 1 pos:32399197 chunknumber 26700
	-> Printing at chr: 1 pos:32596263 chunknumber 26800
	-> Printing at chr: 1 pos:32631225 chunknumber 26900
	-> Printing at chr: 1 pos:32691392 chunknumber 27000
	-> Printing at chr: 1 pos:32710425 chunknumber 27100
	-> Printing at chr: 1 pos:32735307 chunknumber 27200
	-> Printing at chr: 1 pos:32802947 chunknumber 27300
	-> Printing at chr: 1 pos:33051811 chunknumber 27400
	-> Printing at chr: 1 pos:33295024 chunknumber 27500
	-> Printing at chr: 1 pos:33502663 chunknumber 27600
	-> Printing at chr: 1 pos:33593260 chunknumber 27700
	-> Printing at chr: 1 pos:33642251 chunknumber 27800
	-> Printing at chr: 1 pos:33847038 chunknumber 27900
	-> Printing at chr: 1 pos:34100503 chunknumber 28000
	-> Printing at chr: 1 pos:34245544 chunknumber 28100
	-> Printing at chr: 1 pos:34291417 chunknumber 28200
	-> Printing at chr: 1 pos:34438486 chunknumber 28300
	-> Printing at chr: 1 pos:34557173 chunknumber 28400
	-> Printing at chr: 1 pos:34714252 chunknumber 28500
	-> Printing at chr: 1 pos:34932711 chunknumber 28600
	-> Printing at chr: 1 pos:35194557 chunknumber 28700
	-> Printing at chr: 1 pos:35314110 chunknumber 28800
	-> Printing at chr: 1 pos:35370451 chunknumber 28900
	-> Printing at chr: 1 pos:35436895 chunknumber 29000
	-> Printing at chr: 1 pos:35545425 chunknumber 29100
	-> Printing at chr: 1 pos:35866182 chunknumber 29200
	-> Printing at chr: 1 pos:35939288 chunknumber 29300
	-> Printing at chr: 1 pos:35978268 chunknumber 29400
	-> Printing at chr: 1 pos:36280101 chunknumber 29500
	-> Printing at chr: 1 pos:36459297 chunknumber 29600
	-> Printing at chr: 1 pos:36539380 chunknumber 29700
	-> Printing at chr: 1 pos:36579919 chunknumber 29800
	-> Printing at chr: 1 pos:36600222 chunknumber 29900
	-> Printing at chr: 1 pos:36634375 chunknumber 30000
	-> Printing at chr: 1 pos:36660847 chunknumber 30100
	-> Printing at chr: 1 pos:36717917 chunknumber 30200
	-> Printing at chr: 1 pos:36760357 chunknumber 30300
	-> Printing at chr: 1 pos:36849170 chunknumber 30400
	-> Printing at chr: 1 pos:36913739 chunknumber 30500
	-> Printing at chr: 1 pos:37130402 chunknumber 30600
	-> Printing at chr: 1 pos:37309496 chunknumber 30700
	-> Printing at chr: 1 pos:37390037 chunknumber 30800
	-> Printing at chr: 1 pos:37495383 chunknumber 30900
	-> Printing at chr: 1 pos:37701010 chunknumber 31000
	-> Printing at chr: 1 pos:37826531 chunknumber 31100
	-> Printing at chr: 1 pos:37958896 chunknumber 31200
	-> Printing at chr: 1 pos:38028792 chunknumber 31300
	-> Printing at chr: 1 pos:38097244 chunknumber 31400
	-> Printing at chr: 1 pos:38218359 chunknumber 31500
	-> Printing at chr: 1 pos:38269407 chunknumber 31600
	-> Printing at chr: 1 pos:38271882 chunknumber 31700
	-> Printing at chr: 1 pos:38480726 chunknumber 31800
	-> Printing at chr: 1 pos:38675513 chunknumber 31900
	-> Printing at chr: 1 pos:38704384 chunknumber 32000
	-> Printing at chr: 1 pos:39033897 chunknumber 32100
	-> Printing at chr: 1 pos:39143668 chunknumber 32200
	-> Printing at chr: 1 pos:39369509 chunknumber 32300
	-> Printing at chr: 1 pos:39549232 chunknumber 32400
	-> Printing at chr: 1 pos:39581621 chunknumber 32500
	-> Printing at chr: 1 pos:39691125 chunknumber 32600
	-> Printing at chr: 1 pos:39770715 chunknumber 32700
	-> Printing at chr: 1 pos:39871696 chunknumber 32800
	-> Printing at chr: 1 pos:40003629 chunknumber 32900
	-> Printing at chr: 1 pos:40113441 chunknumber 33000
	-> Printing at chr: 1 pos:40155530 chunknumber 33100
	-> Printing at chr: 1 pos:40204854 chunknumber 33200
	-> Printing at chr: 1 pos:40317423 chunknumber 33300
	-> Printing at chr: 1 pos:40440467 chunknumber 33400
	-> Printing at chr: 1 pos:40505683 chunknumber 33500
	-> Printing at chr: 1 pos:40565198 chunknumber 33600
	-> Printing at chr: 1 pos:40823589 chunknumber 33700
	-> Printing at chr: 1 pos:40872481 chunknumber 33800
	-> Printing at chr: 1 pos:40903739 chunknumber 33900
	-> Printing at chr: 1 pos:41083789 chunknumber 34000
	-> Printing at chr: 1 pos:41253143 chunknumber 34100
	-> Printing at chr: 1 pos:41529207 chunknumber 34200
	-> Printing at chr: 1 pos:41572859 chunknumber 34300
	-> Printing at chr: 1 pos:41610016 chunknumber 34400
	-> Printing at chr: 1 pos:41788181 chunknumber 34500
	-> Printing at chr: 1 pos:41880318 chunknumber 34600
	-> Printing at chr: 1 pos:41956163 chunknumber 34700
	-> Printing at chr: 1 pos:42211059 chunknumber 34800
	-> Printing at chr: 1 pos:42252446 chunknumber 34900
	-> Printing at chr: 1 pos:42322788 chunknumber 35000
	-> Printing at chr: 1 pos:42348668 chunknumber 35100
	-> Printing at chr: 1 pos:42380431 chunknumber 35200
	-> Printing at chr: 1 pos:42401376 chunknumber 35300
	-> Printing at chr: 1 pos:42543534 chunknumber 35400
	-> Printing at chr: 1 pos:42800011 chunknumber 35500
	-> Printing at chr: 1 pos:42987084 chunknumber 35600
	-> Printing at chr: 1 pos:43284717 chunknumber 35700
	-> Printing at chr: 1 pos:43457382 chunknumber 35800
	-> Printing at chr: 1 pos:43675939 chunknumber 35900
	-> Printing at chr: 1 pos:43720182 chunknumber 36000
	-> Printing at chr: 1 pos:43813245 chunknumber 36100
	-> Printing at chr: 1 pos:43870333 chunknumber 36200
	-> Printing at chr: 1 pos:44074445 chunknumber 36300
	-> Printing at chr: 1 pos:44234554 chunknumber 36400
	-> Printing at chr: 1 pos:44394934 chunknumber 36500
	-> Printing at chr: 1 pos:44473325 chunknumber 36600
	-> Printing at chr: 1 pos:44610310 chunknumber 36700
	-> Printing at chr: 1 pos:44721790 chunknumber 36800
	-> Printing at chr: 1 pos:44888690 chunknumber 36900
	-> Printing at chr: 1 pos:44993261 chunknumber 37000
	-> Printing at chr: 1 pos:45131557 chunknumber 37100
	-> Printing at chr: 1 pos:45198351 chunknumber 37200
	-> Printing at chr: 1 pos:45276949 chunknumber 37300
	-> Printing at chr: 1 pos:45459572 chunknumber 37400
	-> Printing at chr: 1 pos:45548261 chunknumber 37500
	-> Printing at chr: 1 pos:45819725 chunknumber 37600
	-> Printing at chr: 1 pos:45884474 chunknumber 37700
	-> Printing at chr: 1 pos:46003442 chunknumber 37800
	-> Printing at chr: 1 pos:46198074 chunknumber 37900
	-> Printing at chr: 1 pos:46385567 chunknumber 38000
	-> Printing at chr: 1 pos:46591652 chunknumber 38100
	-> Printing at chr: 1 pos:46766541 chunknumber 38200
	-> Printing at chr: 1 pos:46996978 chunknumber 38300
	-> Printing at chr: 1 pos:47027519 chunknumber 38400
	-> Printing at chr: 1 pos:47058209 chunknumber 38500
	-> Printing at chr: 1 pos:47091118 chunknumber 38600
	-> Printing at chr: 1 pos:47121292 chunknumber 38700
	-> Printing at chr: 1 pos:47211883 chunknumber 38800
	-> Printing at chr: 1 pos:47233304 chunknumber 38900
	-> Printing at chr: 1 pos:47256749 chunknumber 39000
	-> Printing at chr: 1 pos:47288389 chunknumber 39100
	-> Printing at chr: 1 pos:47427975 chunknumber 39200
	-> Printing at chr: 1 pos:47614445 chunknumber 39300
	-> Printing at chr: 1 pos:47653829 chunknumber 39400
	-> Printing at chr: 1 pos:47680438 chunknumber 39500
	-> Printing at chr: 1 pos:47741835 chunknumber 39600
	-> Printing at chr: 1 pos:47780199 chunknumber 39700
	-> Printing at chr: 1 pos:47880077 chunknumber 39800
	-> Printing at chr: 1 pos:47932429 chunknumber 39900
	-> Printing at chr: 1 pos:48184363 chunknumber 40000
	-> Printing at chr: 1 pos:48307695 chunknumber 40100
	-> Printing at chr: 1 pos:48381098 chunknumber 40200
	-> Printing at chr: 1 pos:48509129 chunknumber 40300
	-> Printing at chr: 1 pos:48691728 chunknumber 40400
	-> Printing at chr: 1 pos:48922689 chunknumber 40500
	-> Printing at chr: 1 pos:49147276 chunknumber 40600
	-> Printing at chr: 1 pos:49267730 chunknumber 40700
	-> Printing at chr: 1 pos:49354697 chunknumber 40800
	-> Printing at chr: 1 pos:49463095 chunknumber 40900
	-> Printing at chr: 1 pos:49802259 chunknumber 41000
	-> Printing at chr: 1 pos:49900431 chunknumber 41100
	-> Printing at chr: 1 pos:49968257 chunknumber 41200
	-> Printing at chr: 1 pos:50163601 chunknumber 41300
	-> Printing at chr: 1 pos:50353192 chunknumber 41400
	-> Printing at chr: 1 pos:50614326 chunknumber 41500
	-> Printing at chr: 1 pos:50755829 chunknumber 41600
	-> Printing at chr: 1 pos:50856707 chunknumber 41700
	-> Printing at chr: 1 pos:50906942 chunknumber 41800
	-> Printing at chr: 1 pos:51063669 chunknumber 41900
	-> Printing at chr: 1 pos:51196419 chunknumber 42000
	-> Printing at chr: 1 pos:51268857 chunknumber 42100
	-> Printing at chr: 1 pos:51438884 chunknumber 42200
	-> Printing at chr: 1 pos:51526551 chunknumber 42300
	-> Printing at chr: 1 pos:51770071 chunknumber 42400
	-> Printing at chr: 1 pos:51915339 chunknumber 42500
	-> Printing at chr: 1 pos:51962306 chunknumber 42600
	-> Printing at chr: 1 pos:52013494 chunknumber 42700
	-> Printing at chr: 1 pos:52039302 chunknumber 42800
	-> Printing at chr: 1 pos:52067153 chunknumber 42900
