Module BUILD 1.6 Loaded.
Module slurm/2.6.2 loaded 
	-> Reading fasta: /group/jrigrp3/bottleneckProject/genomes/TRIP.fa
	-> Reading fasta: /group/jrigrp3/bottleneckProject/genomes/Zea_mays.AGPv3.22.dna.genome.fa
	->(Using Filipe modification of: abcSaf.cpp)
	-> Parsing 13 number of samples 
	-> Printing at chr: 1 pos:138409 chunknumber 100
	-> Printing at chr: 1 pos:385455 chunknumber 200
	-> Printing at chr: 1 pos:832749 chunknumber 300
	-> Printing at chr: 1 pos:1037252 chunknumber 400
	-> Printing at chr: 1 pos:1499004 chunknumber 500
	-> Printing at chr: 1 pos:1786625 chunknumber 600
	-> Printing at chr: 1 pos:2086343 chunknumber 700
	-> Printing at chr: 1 pos:2208992 chunknumber 800
	-> Printing at chr: 1 pos:2465240 chunknumber 900
	-> Printing at chr: 1 pos:2726656 chunknumber 1000
	-> Printing at chr: 1 pos:2784951 chunknumber 1100
	-> Printing at chr: 1 pos:2868620 chunknumber 1200
	-> Printing at chr: 1 pos:2993457 chunknumber 1300
	-> Printing at chr: 1 pos:3073145 chunknumber 1400
	-> Printing at chr: 1 pos:3193609 chunknumber 1500
	-> Printing at chr: 1 pos:3354958 chunknumber 1600
	-> Printing at chr: 1 pos:3556505 chunknumber 1700
	-> Printing at chr: 1 pos:3706632 chunknumber 1800
	-> Printing at chr: 1 pos:3873725 chunknumber 1900
	-> Printing at chr: 1 pos:4013709 chunknumber 2000
	-> Printing at chr: 1 pos:4061249 chunknumber 2100
	-> Printing at chr: 1 pos:4205448 chunknumber 2200
	-> Printing at chr: 1 pos:4347774 chunknumber 2300
	-> Printing at chr: 1 pos:4608057 chunknumber 2400
	-> Printing at chr: 1 pos:4857213 chunknumber 2500
	-> Printing at chr: 1 pos:4986841 chunknumber 2600
	-> Printing at chr: 1 pos:5041549 chunknumber 2700
	-> Printing at chr: 1 pos:5375083 chunknumber 2800
	-> Printing at chr: 1 pos:5533599 chunknumber 2900
	-> Printing at chr: 1 pos:5724930 chunknumber 3000
	-> Printing at chr: 1 pos:5805659 chunknumber 3100
	-> Printing at chr: 1 pos:5948326 chunknumber 3200
	-> Printing at chr: 1 pos:6013382 chunknumber 3300
	-> Printing at chr: 1 pos:6074517 chunknumber 3400
	-> Printing at chr: 1 pos:6214280 chunknumber 3500
	-> Printing at chr: 1 pos:6405453 chunknumber 3600
	-> Printing at chr: 1 pos:6551729 chunknumber 3700
	-> Printing at chr: 1 pos:6835626 chunknumber 3800
	-> Printing at chr: 1 pos:7037360 chunknumber 3900
	-> Printing at chr: 1 pos:7106941 chunknumber 4000
	-> Printing at chr: 1 pos:7252384 chunknumber 4100
	-> Printing at chr: 1 pos:7353360 chunknumber 4200
	-> Printing at chr: 1 pos:7559069 chunknumber 4300
	-> Printing at chr: 1 pos:7689669 chunknumber 4400
	-> Printing at chr: 1 pos:7961136 chunknumber 4500
	-> Printing at chr: 1 pos:8089840 chunknumber 4600
	-> Printing at chr: 1 pos:8142597 chunknumber 4700
	-> Printing at chr: 1 pos:8288645 chunknumber 4800
	-> Printing at chr: 1 pos:8455727 chunknumber 4900
	-> Printing at chr: 1 pos:8613622 chunknumber 5000
	-> Printing at chr: 1 pos:8810998 chunknumber 5100
	-> Printing at chr: 1 pos:9044792 chunknumber 5200
	-> Printing at chr: 1 pos:9294690 chunknumber 5300
	-> Printing at chr: 1 pos:9421766 chunknumber 5400
	-> Printing at chr: 1 pos:9486668 chunknumber 5500
	-> Printing at chr: 1 pos:9530897 chunknumber 5600
	-> Printing at chr: 1 pos:9556148 chunknumber 5700
	-> Printing at chr: 1 pos:9802276 chunknumber 5800
	-> Printing at chr: 1 pos:10032254 chunknumber 5900
	-> Printing at chr: 1 pos:10368881 chunknumber 6000
	-> Printing at chr: 1 pos:10405999 chunknumber 6100
	-> Printing at chr: 1 pos:10424524 chunknumber 6200
	-> Printing at chr: 1 pos:10590567 chunknumber 6300
	-> Printing at chr: 1 pos:10963195 chunknumber 6400
	-> Printing at chr: 1 pos:11110554 chunknumber 6500
	-> Printing at chr: 1 pos:11241375 chunknumber 6600
	-> Printing at chr: 1 pos:11423128 chunknumber 6700
	-> Printing at chr: 1 pos:11687866 chunknumber 6800
	-> Printing at chr: 1 pos:11937304 chunknumber 6900
	-> Printing at chr: 1 pos:11991277 chunknumber 7000
	-> Printing at chr: 1 pos:12167199 chunknumber 7100
	-> Printing at chr: 1 pos:12248571 chunknumber 7200
	-> Printing at chr: 1 pos:12346037 chunknumber 7300
	-> Printing at chr: 1 pos:12480019 chunknumber 7400
	-> Printing at chr: 1 pos:12821136 chunknumber 7500
	-> Printing at chr: 1 pos:12979406 chunknumber 7600
	-> Printing at chr: 1 pos:13130268 chunknumber 7700
	-> Printing at chr: 1 pos:13587191 chunknumber 7800
	-> Printing at chr: 1 pos:13685587 chunknumber 7900
	-> Printing at chr: 1 pos:13802288 chunknumber 8000
	-> Printing at chr: 1 pos:14103814 chunknumber 8100
	-> Printing at chr: 1 pos:14453386 chunknumber 8200
	-> Printing at chr: 1 pos:14677088 chunknumber 8300
	-> Printing at chr: 1 pos:14860452 chunknumber 8400
	-> Printing at chr: 1 pos:15068450 chunknumber 8500
	-> Printing at chr: 1 pos:15414406 chunknumber 8600
	-> Printing at chr: 1 pos:15733470 chunknumber 8700
	-> Printing at chr: 1 pos:15990603 chunknumber 8800
	-> Printing at chr: 1 pos:16177320 chunknumber 8900
	-> Printing at chr: 1 pos:16349051 chunknumber 9000
	-> Printing at chr: 1 pos:16577773 chunknumber 9100
	-> Printing at chr: 1 pos:16697628 chunknumber 9200
	-> Printing at chr: 1 pos:17014967 chunknumber 9300
	-> Printing at chr: 1 pos:17255520 chunknumber 9400
	-> Printing at chr: 1 pos:17392668 chunknumber 9500
	-> Printing at chr: 1 pos:17648475 chunknumber 9600
	-> Printing at chr: 1 pos:17697336 chunknumber 9700
	-> Printing at chr: 1 pos:17782100 chunknumber 9800
	-> Printing at chr: 1 pos:17967023 chunknumber 9900
	-> Printing at chr: 1 pos:18142024 chunknumber 10000
	-> Printing at chr: 1 pos:18282271 chunknumber 10100
	-> Printing at chr: 1 pos:18434080 chunknumber 10200
	-> Printing at chr: 1 pos:18979021 chunknumber 10300
	-> Printing at chr: 1 pos:19345421 chunknumber 10400
	-> Printing at chr: 1 pos:19521962 chunknumber 10500
	-> Printing at chr: 1 pos:19789239 chunknumber 10600
	-> Printing at chr: 1 pos:19812466 chunknumber 10700
	-> Printing at chr: 1 pos:19989561 chunknumber 10800
	-> Printing at chr: 1 pos:20282378 chunknumber 10900
	-> Printing at chr: 1 pos:20694687 chunknumber 11000
	-> Printing at chr: 1 pos:20990711 chunknumber 11100
	-> Printing at chr: 1 pos:21210125 chunknumber 11200
	-> Printing at chr: 1 pos:21379399 chunknumber 11300
	-> Printing at chr: 1 pos:21472268 chunknumber 11400
	-> Printing at chr: 1 pos:21606567 chunknumber 11500
	-> Printing at chr: 1 pos:21756543 chunknumber 11600
	-> Printing at chr: 1 pos:22152900 chunknumber 11700
	-> Printing at chr: 1 pos:22380257 chunknumber 11800
	-> Printing at chr: 1 pos:22583820 chunknumber 11900
	-> Printing at chr: 1 pos:22642528 chunknumber 12000
	-> Printing at chr: 1 pos:22746147 chunknumber 12100
	-> Printing at chr: 1 pos:22938505 chunknumber 12200
	-> Printing at chr: 1 pos:23241605 chunknumber 12300
	-> Printing at chr: 1 pos:23606767 chunknumber 12400
	-> Printing at chr: 1 pos:23964779 chunknumber 12500
	-> Printing at chr: 1 pos:24599254 chunknumber 12600
	-> Printing at chr: 1 pos:24939840 chunknumber 12700
	-> Printing at chr: 1 pos:25167096 chunknumber 12800
	-> Printing at chr: 1 pos:25382728 chunknumber 12900
	-> Printing at chr: 1 pos:25416965 chunknumber 13000
	-> Printing at chr: 1 pos:25630237 chunknumber 13100
	-> Printing at chr: 1 pos:25744041 chunknumber 13200
	-> Printing at chr: 1 pos:25880494 chunknumber 13300
	-> Printing at chr: 1 pos:26329070 chunknumber 13400
	-> Printing at chr: 1 pos:26578281 chunknumber 13500
	-> Printing at chr: 1 pos:26696715 chunknumber 13600
	-> Printing at chr: 1 pos:27084240 chunknumber 13700
	-> Printing at chr: 1 pos:27173790 chunknumber 13800
	-> Printing at chr: 1 pos:27391381 chunknumber 13900
	-> Printing at chr: 1 pos:27629194 chunknumber 14000
	-> Printing at chr: 1 pos:27801830 chunknumber 14100
	-> Printing at chr: 1 pos:27912976 chunknumber 14200
	-> Printing at chr: 1 pos:28377277 chunknumber 14300
	-> Printing at chr: 1 pos:28528036 chunknumber 14400
	-> Printing at chr: 1 pos:28766728 chunknumber 14500
	-> Printing at chr: 1 pos:28968497 chunknumber 14600
	-> Printing at chr: 1 pos:29157757 chunknumber 14700
	-> Printing at chr: 1 pos:29401825 chunknumber 14800
	-> Printing at chr: 1 pos:29750715 chunknumber 14900
	-> Printing at chr: 1 pos:30300673 chunknumber 15000
	-> Printing at chr: 1 pos:30762554 chunknumber 15100
	-> Printing at chr: 1 pos:31061521 chunknumber 15200
	-> Printing at chr: 1 pos:31164129 chunknumber 15300
	-> Printing at chr: 1 pos:31379473 chunknumber 15400
	-> Printing at chr: 1 pos:31583881 chunknumber 15500
	-> Printing at chr: 1 pos:31746305 chunknumber 15600
	-> Printing at chr: 1 pos:31980553 chunknumber 15700
	-> Printing at chr: 1 pos:32162085 chunknumber 15800
	-> Printing at chr: 1 pos:32314179 chunknumber 15900
	-> Printing at chr: 1 pos:32408066 chunknumber 16000
	-> Printing at chr: 1 pos:32674108 chunknumber 16100
	-> Printing at chr: 1 pos:33118787 chunknumber 16200
	-> Printing at chr: 1 pos:33413915 chunknumber 16300
	-> Printing at chr: 1 pos:33727346 chunknumber 16400
	-> Printing at chr: 1 pos:33889627 chunknumber 16500
	-> Printing at chr: 1 pos:34258432 chunknumber 16600
	-> Printing at chr: 1 pos:34600606 chunknumber 16700
	-> Printing at chr: 1 pos:34677657 chunknumber 16800
	-> Printing at chr: 1 pos:34974732 chunknumber 16900
	-> Printing at chr: 1 pos:35244689 chunknumber 17000
	-> Printing at chr: 1 pos:35468217 chunknumber 17100
	-> Printing at chr: 1 pos:35741856 chunknumber 17200
	-> Printing at chr: 1 pos:35993831 chunknumber 17300
	-> Printing at chr: 1 pos:36350554 chunknumber 17400
	-> Printing at chr: 1 pos:36512922 chunknumber 17500
	-> Printing at chr: 1 pos:36856875 chunknumber 17600
	-> Printing at chr: 1 pos:37138610 chunknumber 17700
	-> Printing at chr: 1 pos:37414156 chunknumber 17800
	-> Printing at chr: 1 pos:37669067 chunknumber 17900
	-> Printing at chr: 1 pos:37949342 chunknumber 18000
	-> Printing at chr: 1 pos:38124882 chunknumber 18100
	-> Printing at chr: 1 pos:38203756 chunknumber 18200
	-> Printing at chr: 1 pos:38320394 chunknumber 18300
	-> Printing at chr: 1 pos:38549336 chunknumber 18400
	-> Printing at chr: 1 pos:38739477 chunknumber 18500
	-> Printing at chr: 1 pos:38876853 chunknumber 18600
	-> Printing at chr: 1 pos:39059274 chunknumber 18700
	-> Printing at chr: 1 pos:39220437 chunknumber 18800
	-> Printing at chr: 1 pos:39607056 chunknumber 18900
	-> Printing at chr: 1 pos:39849054 chunknumber 19000
	-> Printing at chr: 1 pos:40145290 chunknumber 19100
	-> Printing at chr: 1 pos:40423150 chunknumber 19200
	-> Printing at chr: 1 pos:40808863 chunknumber 19300
	-> Printing at chr: 1 pos:41222926 chunknumber 19400
	-> Printing at chr: 1 pos:41446228 chunknumber 19500
	-> Printing at chr: 1 pos:41765574 chunknumber 19600
	-> Printing at chr: 1 pos:41969255 chunknumber 19700
	-> Printing at chr: 1 pos:42185846 chunknumber 19800
	-> Printing at chr: 1 pos:42306383 chunknumber 19900
	-> Printing at chr: 1 pos:42811716 chunknumber 20000
	-> Printing at chr: 1 pos:43065014 chunknumber 20100
	-> Printing at chr: 1 pos:43140342 chunknumber 20200
	-> Printing at chr: 1 pos:43354281 chunknumber 20300
	-> Printing at chr: 1 pos:43502620 chunknumber 20400
	-> Printing at chr: 1 pos:43685032 chunknumber 20500
	-> Printing at chr: 1 pos:43976854 chunknumber 20600
	-> Printing at chr: 1 pos:44340525 chunknumber 20700
	-> Printing at chr: 1 pos:44378221 chunknumber 20800
	-> Printing at chr: 1 pos:44959671 chunknumber 20900
	-> Printing at chr: 1 pos:45121247 chunknumber 21000
	-> Printing at chr: 1 pos:45517549 chunknumber 21100
	-> Printing at chr: 1 pos:45699602 chunknumber 21200
	-> Printing at chr: 1 pos:45785554 chunknumber 21300
	-> Printing at chr: 1 pos:45945847 chunknumber 21400
	-> Printing at chr: 1 pos:46130295 chunknumber 21500
	-> Printing at chr: 1 pos:46547469 chunknumber 21600
	-> Printing at chr: 1 pos:46683533 chunknumber 21700
	-> Printing at chr: 1 pos:46931122 chunknumber 21800
	-> Printing at chr: 1 pos:47298238 chunknumber 21900
	-> Printing at chr: 1 pos:47320039 chunknumber 22000
	-> Printing at chr: 1 pos:47479379 chunknumber 22100
	-> Printing at chr: 1 pos:47604490 chunknumber 22200
	-> Printing at chr: 1 pos:48101381 chunknumber 22300
	-> Printing at chr: 1 pos:48685389 chunknumber 22400
	-> Printing at chr: 1 pos:48974869 chunknumber 22500
	-> Printing at chr: 1 pos:49192277 chunknumber 22600
	-> Printing at chr: 1 pos:49410379 chunknumber 22700
	-> Printing at chr: 1 pos:49723595 chunknumber 22800
	-> Printing at chr: 1 pos:49788333 chunknumber 22900
	-> Printing at chr: 1 pos:50032525 chunknumber 23000
	-> Printing at chr: 1 pos:50334794 chunknumber 23100
	-> Printing at chr: 1 pos:50661692 chunknumber 23200
	-> Printing at chr: 1 pos:51015510 chunknumber 23300
	-> Printing at chr: 1 pos:51287198 chunknumber 23400
	-> Printing at chr: 1 pos:51751565 chunknumber 23500
	-> Printing at chr: 1 pos:52095747 chunknumber 23600
	-> Printing at chr: 1 pos:52454644 chunknumber 23700
	-> Printing at chr: 1 pos:52624695 chunknumber 23800
	-> Printing at chr: 1 pos:52778439 chunknumber 23900
	-> Printing at chr: 1 pos:53160305 chunknumber 24000
	-> Printing at chr: 1 pos:53620585 chunknumber 24100
	-> Printing at chr: 1 pos:53839010 chunknumber 24200
	-> Printing at chr: 1 pos:53997291 chunknumber 24300
	-> Printing at chr: 1 pos:54268672 chunknumber 24400
	-> Printing at chr: 1 pos:54467177 chunknumber 24500
	-> Printing at chr: 1 pos:54733409 chunknumber 24600
	-> Printing at chr: 1 pos:55068783 chunknumber 24700
	-> Printing at chr: 1 pos:55172711 chunknumber 24800
	-> Printing at chr: 1 pos:55393051 chunknumber 24900
	-> Printing at chr: 1 pos:55573594 chunknumber 25000
	-> Printing at chr: 1 pos:56022888 chunknumber 25100
	-> Printing at chr: 1 pos:56223415 chunknumber 25200
	-> Printing at chr: 1 pos:56560217 chunknumber 25300
	-> Printing at chr: 1 pos:56751126 chunknumber 25400
	-> Printing at chr: 1 pos:56966695 chunknumber 25500
	-> Printing at chr: 1 pos:57104371 chunknumber 25600
	-> Printing at chr: 1 pos:57557490 chunknumber 25700
	-> Printing at chr: 1 pos:57842023 chunknumber 25800
	-> Printing at chr: 1 pos:58305925 chunknumber 25900
	-> Printing at chr: 1 pos:58712155 chunknumber 26000
	-> Printing at chr: 1 pos:59067889 chunknumber 26100
	-> Printing at chr: 1 pos:59132005 chunknumber 26200
	-> Printing at chr: 1 pos:59466662 chunknumber 26300
	-> Printing at chr: 1 pos:59591434 chunknumber 26400
	-> Printing at chr: 1 pos:59770588 chunknumber 26500
	-> Printing at chr: 1 pos:60147917 chunknumber 26600
	-> Printing at chr: 1 pos:60403116 chunknumber 26700
	-> Printing at chr: 1 pos:60822856 chunknumber 26800
	-> Printing at chr: 1 pos:61023597 chunknumber 26900
	-> Printing at chr: 1 pos:61615613 chunknumber 27000
	-> Printing at chr: 1 pos:61673771 chunknumber 27100
	-> Printing at chr: 1 pos:61722988 chunknumber 27200
	-> Printing at chr: 1 pos:62230393 chunknumber 27300
	-> Printing at chr: 1 pos:62346485 chunknumber 27400
	-> Printing at chr: 1 pos:62493047 chunknumber 27500
	-> Printing at chr: 1 pos:62704032 chunknumber 27600
	-> Printing at chr: 1 pos:63016193 chunknumber 27700
	-> Printing at chr: 1 pos:63158844 chunknumber 27800
	-> Printing at chr: 1 pos:63544467 chunknumber 27900
	-> Printing at chr: 1 pos:63748047 chunknumber 28000
	-> Printing at chr: 1 pos:64085713 chunknumber 28100
	-> Printing at chr: 1 pos:64604358 chunknumber 28200
	-> Printing at chr: 1 pos:64723638 chunknumber 28300
	-> Printing at chr: 1 pos:65092721 chunknumber 28400
	-> Printing at chr: 1 pos:65427877 chunknumber 28500
	-> Printing at chr: 1 pos:65685857 chunknumber 28600
	-> Printing at chr: 1 pos:66176819 chunknumber 28700
	-> Printing at chr: 1 pos:66677213 chunknumber 28800
	-> Printing at chr: 1 pos:66980031 chunknumber 28900
	-> Printing at chr: 1 pos:67412620 chunknumber 29000
	-> Printing at chr: 1 pos:67537603 chunknumber 29100
	-> Printing at chr: 1 pos:67864253 chunknumber 29200
	-> Printing at chr: 1 pos:68440582 chunknumber 29300
	-> Printing at chr: 1 pos:68672352 chunknumber 29400
	-> Printing at chr: 1 pos:68943242 chunknumber 29500
	-> Printing at chr: 1 pos:69257950 chunknumber 29600
	-> Printing at chr: 1 pos:69708284 chunknumber 29700
	-> Printing at chr: 1 pos:70171663 chunknumber 29800
	-> Printing at chr: 1 pos:70572482 chunknumber 29900
	-> Printing at chr: 1 pos:71030279 chunknumber 30000
	-> Printing at chr: 1 pos:71542286 chunknumber 30100
	-> Printing at chr: 1 pos:71609226 chunknumber 30200
	-> Printing at chr: 1 pos:72111475 chunknumber 30300
	-> Printing at chr: 1 pos:72405713 chunknumber 30400
	-> Printing at chr: 1 pos:73129231 chunknumber 30500
	-> Printing at chr: 1 pos:73649975 chunknumber 30600
	-> Printing at chr: 1 pos:74238018 chunknumber 30700
	-> Printing at chr: 1 pos:74495951 chunknumber 30800
	-> Printing at chr: 1 pos:74789573 chunknumber 30900
	-> Printing at chr: 1 pos:75326719 chunknumber 31000
	-> Printing at chr: 1 pos:75779897 chunknumber 31100
	-> Printing at chr: 1 pos:76618059 chunknumber 31200
	-> Printing at chr: 1 pos:76894243 chunknumber 31300
	-> Printing at chr: 1 pos:77279127 chunknumber 31400
	-> Printing at chr: 1 pos:77573652 chunknumber 31500
	-> Printing at chr: 1 pos:77975289 chunknumber 31600
	-> Printing at chr: 1 pos:78995135 chunknumber 31700
	-> Printing at chr: 1 pos:79338825 chunknumber 31800
	-> Printing at chr: 1 pos:79729977 chunknumber 31900
	-> Printing at chr: 1 pos:79850892 chunknumber 32000
	-> Printing at chr: 1 pos:80084062 chunknumber 32100
	-> Printing at chr: 1 pos:80329938 chunknumber 32200
	-> Printing at chr: 1 pos:80776366 chunknumber 32300
	-> Printing at chr: 1 pos:81115153 chunknumber 32400
	-> Printing at chr: 1 pos:81582308 chunknumber 32500
	-> Printing at chr: 1 pos:82023068 chunknumber 32600
	-> Printing at chr: 1 pos:82393744 chunknumber 32700
	-> Printing at chr: 1 pos:82713079 chunknumber 32800
	-> Printing at chr: 1 pos:83533276 chunknumber 32900
	-> Printing at chr: 1 pos:83889373 chunknumber 33000
	-> Printing at chr: 1 pos:84445966 chunknumber 33100
	-> Printing at chr: 1 pos:84683637 chunknumber 33200
	-> Printing at chr: 1 pos:85231890 chunknumber 33300
	-> Printing at chr: 1 pos:85840480 chunknumber 33400
	-> Printing at chr: 1 pos:86175503 chunknumber 33500
	-> Printing at chr: 1 pos:86599721 chunknumber 33600
	-> Printing at chr: 1 pos:87172222 chunknumber 33700
	-> Printing at chr: 1 pos:87454594 chunknumber 33800
	-> Printing at chr: 1 pos:87923481 chunknumber 33900
	-> Printing at chr: 1 pos:88141873 chunknumber 34000
	-> Printing at chr: 1 pos:88643229 chunknumber 34100
	-> Printing at chr: 1 pos:88974958 chunknumber 34200
	-> Printing at chr: 1 pos:89449866 chunknumber 34300
	-> Printing at chr: 1 pos:90229330 chunknumber 34400
	-> Printing at chr: 1 pos:90562410 chunknumber 34500
	-> Printing at chr: 1 pos:91259046 chunknumber 34600
	-> Printing at chr: 1 pos:91781435 chunknumber 34700
	-> Printing at chr: 1 pos:92357760 chunknumber 34800
	-> Printing at chr: 1 pos:93276603 chunknumber 34900
	-> Printing at chr: 1 pos:93810577 chunknumber 35000
	-> Printing at chr: 1 pos:94690934 chunknumber 35100
	-> Printing at chr: 1 pos:95098700 chunknumber 35200
	-> Printing at chr: 1 pos:95785405 chunknumber 35300
	-> Printing at chr: 1 pos:96329794 chunknumber 35400
	-> Printing at chr: 1 pos:97042658 chunknumber 35500
	-> Printing at chr: 1 pos:97681505 chunknumber 35600
	-> Printing at chr: 1 pos:98331167 chunknumber 35700
	-> Printing at chr: 1 pos:98554952 chunknumber 35800
	-> Printing at chr: 1 pos:99673376 chunknumber 35900
	-> Printing at chr: 1 pos:100351263 chunknumber 36000
	-> Printing at chr: 1 pos:100915420 chunknumber 36100
	-> Printing at chr: 1 pos:102256868 chunknumber 36200
	-> Printing at chr: 1 pos:103108524 chunknumber 36300
	-> Printing at chr: 1 pos:103630158 chunknumber 36400
	-> Printing at chr: 1 pos:104618457 chunknumber 36500
	-> Printing at chr: 1 pos:105336797 chunknumber 36600
	-> Printing at chr: 1 pos:105690920 chunknumber 36700
	-> Printing at chr: 1 pos:106012406 chunknumber 36800
	-> Printing at chr: 1 pos:106173309 chunknumber 36900
	-> Printing at chr: 1 pos:106914131 chunknumber 37000
	-> Printing at chr: 1 pos:107455397 chunknumber 37100
	-> Printing at chr: 1 pos:107900180 chunknumber 37200
	-> Printing at chr: 1 pos:109430772 chunknumber 37300
	-> Printing at chr: 1 pos:110381642 chunknumber 37400
	-> Printing at chr: 1 pos:111212642 chunknumber 37500
	-> Printing at chr: 1 pos:111992182 chunknumber 37600
	-> Printing at chr: 1 pos:112616318 chunknumber 37700
	-> Printing at chr: 1 pos:112989420 chunknumber 37800
	-> Printing at chr: 1 pos:113887059 chunknumber 37900
	-> Printing at chr: 1 pos:115191209 chunknumber 38000
	-> Printing at chr: 1 pos:116029087 chunknumber 38100
	-> Printing at chr: 1 pos:116067454 chunknumber 38200
	-> Printing at chr: 1 pos:116091904 chunknumber 38300
	-> Printing at chr: 1 pos:116775525 chunknumber 38400
	-> Printing at chr: 1 pos:117127178 chunknumber 38500
	-> Printing at chr: 1 pos:117165224 chunknumber 38600
	-> Printing at chr: 1 pos:118481838 chunknumber 38700
	-> Printing at chr: 1 pos:119013211 chunknumber 38800
	-> Printing at chr: 1 pos:119385074 chunknumber 38900
	-> Printing at chr: 1 pos:120081843 chunknumber 39000
	-> Printing at chr: 1 pos:120371905 chunknumber 39100
	-> Printing at chr: 1 pos:121505635 chunknumber 39200
	-> Printing at chr: 1 pos:122415901 chunknumber 39300
	-> Printing at chr: 1 pos:123263673 chunknumber 39400
	-> Printing at chr: 1 pos:123780022 chunknumber 39500
	-> Printing at chr: 1 pos:124669212 chunknumber 39600
	-> Printing at chr: 1 pos:125201234 chunknumber 39700
	-> Printing at chr: 1 pos:126113040 chunknumber 39800
	-> Printing at chr: 1 pos:127042352 chunknumber 39900
	-> Printing at chr: 1 pos:127061800 chunknumber 40000
	-> Printing at chr: 1 pos:127566272 chunknumber 40100
	-> Printing at chr: 1 pos:128033261 chunknumber 40200
	-> Printing at chr: 1 pos:128500256 chunknumber 40300
	-> Printing at chr: 1 pos:129042620 chunknumber 40400
	-> Printing at chr: 1 pos:131609876 chunknumber 40500
	-> Printing at chr: 1 pos:132838741 chunknumber 40600
	-> Printing at chr: 1 pos:132861685 chunknumber 40700
	-> Printing at chr: 1 pos:134329533 chunknumber 40800
	-> Printing at chr: 1 pos:136519224 chunknumber 40900
	-> Printing at chr: 1 pos:137605437 chunknumber 41000
	-> Printing at chr: 1 pos:138147723 chunknumber 41100
	-> Printing at chr: 1 pos:138653647 chunknumber 41200
	-> Printing at chr: 1 pos:139799536 chunknumber 41300
	-> Printing at chr: 1 pos:139825948 chunknumber 41400
	-> Printing at chr: 1 pos:140270186 chunknumber 41500
	-> Printing at chr: 1 pos:141082106 chunknumber 41600
	-> Printing at chr: 1 pos:141282189 chunknumber 41700
	-> Printing at chr: 1 pos:141821482 chunknumber 41800
	-> Printing at chr: 1 pos:142092572 chunknumber 41900
	-> Printing at chr: 1 pos:142732107 chunknumber 42000
	-> Printing at chr: 1 pos:143889932 chunknumber 42100
	-> Printing at chr: 1 pos:144448001 chunknumber 42200
	-> Printing at chr: 1 pos:144827584 chunknumber 42300
	-> Printing at chr: 1 pos:145302823 chunknumber 42400
	-> Printing at chr: 1 pos:145411708 chunknumber 42500
	-> Printing at chr: 1 pos:145869259 chunknumber 42600
	-> Printing at chr: 1 pos:146777271 chunknumber 42700
	-> Printing at chr: 1 pos:147248866 chunknumber 42800
	-> Printing at chr: 1 pos:147907093 chunknumber 42900
	-> Printing at chr: 1 pos:148076846 chunknumber 43000
	-> Printing at chr: 1 pos:148620943 chunknumber 43100
	-> Printing at chr: 1 pos:149139213 chunknumber 43200
	-> Printing at chr: 1 pos:149718464 chunknumber 43300
	-> Printing at chr: 1 pos:150122553 chunknumber 43400
	-> Printing at chr: 1 pos:150685207 chunknumber 43500
	-> Printing at chr: 1 pos:151036063 chunknumber 43600
	-> Printing at chr: 1 pos:152099692 chunknumber 43700
	-> Printing at chr: 1 pos:152923484 chunknumber 43800
	-> Printing at chr: 1 pos:154331086 chunknumber 43900
	-> Printing at chr: 1 pos:154954365 chunknumber 44000
	-> Printing at chr: 1 pos:155443920 chunknumber 44100
	-> Printing at chr: 1 pos:155992624 chunknumber 44200
	-> Printing at chr: 1 pos:156556052 chunknumber 44300
	-> Printing at chr: 1 pos:157154639 chunknumber 44400
	-> Printing at chr: 1 pos:157252807 chunknumber 44500
	-> Printing at chr: 1 pos:157536051 chunknumber 44600
	-> Printing at chr: 1 pos:158333410 chunknumber 44700
	-> Printing at chr: 1 pos:158506288 chunknumber 44800
	-> Printing at chr: 1 pos:159193120 chunknumber 44900
	-> Printing at chr: 1 pos:159981745 chunknumber 45000
	-> Printing at chr: 1 pos:160004322 chunknumber 45100
	-> Printing at chr: 1 pos:160025509 chunknumber 45200
	-> Printing at chr: 1 pos:160318217 chunknumber 45300
	-> Printing at chr: 1 pos:160347677 chunknumber 45400
	-> Printing at chr: 1 pos:160379309 chunknumber 45500
	-> Printing at chr: 1 pos:160445920 chunknumber 45600
	-> Printing at chr: 1 pos:160468776 chunknumber 45700
	-> Printing at chr: 1 pos:160560080 chunknumber 45800
	-> Printing at chr: 1 pos:160584318 chunknumber 45900
	-> Printing at chr: 1 pos:160825931 chunknumber 46000
	-> Printing at chr: 1 pos:161631631 chunknumber 46100
	-> Printing at chr: 1 pos:162070424 chunknumber 46200
	-> Printing at chr: 1 pos:162285374 chunknumber 46300
	-> Printing at chr: 1 pos:162446848 chunknumber 46400
	-> Printing at chr: 1 pos:162626685 chunknumber 46500
	-> Printing at chr: 1 pos:164385631 chunknumber 46600
	-> Printing at chr: 1 pos:164962598 chunknumber 46700
	-> Printing at chr: 1 pos:165221780 chunknumber 46800
	-> Printing at chr: 1 pos:165265443 chunknumber 46900
	-> Printing at chr: 1 pos:165833608 chunknumber 47000
	-> Printing at chr: 1 pos:165855870 chunknumber 47100
	-> Printing at chr: 1 pos:165879113 chunknumber 47200
	-> Printing at chr: 1 pos:165918975 chunknumber 47300
	-> Printing at chr: 1 pos:165963785 chunknumber 47400
	-> Printing at chr: 1 pos:166076724 chunknumber 47500
	-> Printing at chr: 1 pos:166381512 chunknumber 47600
	-> Printing at chr: 1 pos:166788337 chunknumber 47700
	-> Printing at chr: 1 pos:166947090 chunknumber 47800
	-> Printing at chr: 1 pos:167227693 chunknumber 47900
	-> Printing at chr: 1 pos:167615042 chunknumber 48000
	-> Printing at chr: 1 pos:167886446 chunknumber 48100
	-> Printing at chr: 1 pos:169204591 chunknumber 48200
	-> Printing at chr: 1 pos:170294958 chunknumber 48300
	-> Printing at chr: 1 pos:170832020 chunknumber 48400
	-> Printing at chr: 1 pos:170982574 chunknumber 48500
	-> Printing at chr: 1 pos:171277105 chunknumber 48600
	-> Printing at chr: 1 pos:171515132 chunknumber 48700
	-> Printing at chr: 1 pos:171790288 chunknumber 48800
	-> Printing at chr: 1 pos:171819327 chunknumber 48900
	-> Printing at chr: 1 pos:172209165 chunknumber 49000
	-> Printing at chr: 1 pos:172835914 chunknumber 49100
	-> Printing at chr: 1 pos:172958844 chunknumber 49200
	-> Printing at chr: 1 pos:173248814 chunknumber 49300
	-> Printing at chr: 1 pos:173440057 chunknumber 49400
	-> Printing at chr: 1 pos:174021568 chunknumber 49500
	-> Printing at chr: 1 pos:174302096 chunknumber 49600
	-> Printing at chr: 1 pos:174553776 chunknumber 49700
	-> Printing at chr: 1 pos:174825153 chunknumber 49800
	-> Printing at chr: 1 pos:175528169 chunknumber 49900
	-> Printing at chr: 1 pos:176084159 chunknumber 50000
	-> Printing at chr: 1 pos:176869017 chunknumber 50100
	-> Printing at chr: 1 pos:177076377 chunknumber 50200
	-> Printing at chr: 1 pos:177641567 chunknumber 50300
	-> Printing at chr: 1 pos:178503667 chunknumber 50400
	-> Printing at chr: 1 pos:179367908 chunknumber 50500
	-> Printing at chr: 1 pos:179626154 chunknumber 50600
	-> Printing at chr: 1 pos:179992713 chunknumber 50700
	-> Printing at chr: 1 pos:180334083 chunknumber 50800
	-> Printing at chr: 1 pos:180433544 chunknumber 50900
	-> Printing at chr: 1 pos:180719712 chunknumber 51000
	-> Printing at chr: 1 pos:180962949 chunknumber 51100
	-> Printing at chr: 1 pos:180987308 chunknumber 51200
	-> Printing at chr: 1 pos:181668066 chunknumber 51300
	-> Printing at chr: 1 pos:182107436 chunknumber 51400
	-> Printing at chr: 1 pos:182223119 chunknumber 51500
	-> Printing at chr: 1 pos:182448296 chunknumber 51600
	-> Printing at chr: 1 pos:182825402 chunknumber 51700
	-> Printing at chr: 1 pos:183125101 chunknumber 51800
	-> Printing at chr: 1 pos:183532146 chunknumber 51900
	-> Printing at chr: 1 pos:183718301 chunknumber 52000
	-> Printing at chr: 1 pos:183874215 chunknumber 52100
	-> Printing at chr: 1 pos:184023090 chunknumber 52200
	-> Printing at chr: 1 pos:184274068 chunknumber 52300
	-> Printing at chr: 1 pos:184574800 chunknumber 52400
	-> Printing at chr: 1 pos:184645878 chunknumber 52500
	-> Printing at chr: 1 pos:184653594 chunknumber 52600
	-> Printing at chr: 1 pos:185237740 chunknumber 52700
	-> Printing at chr: 1 pos:186769873 chunknumber 52800
	-> Printing at chr: 1 pos:187303491 chunknumber 52900
	-> Printing at chr: 1 pos:187430909 chunknumber 53000
	-> Printing at chr: 1 pos:187702747 chunknumber 53100
	-> Printing at chr: 1 pos:188105354 chunknumber 53200
	-> Printing at chr: 1 pos:188378761 chunknumber 53300
	-> Printing at chr: 1 pos:188766487 chunknumber 53400
	-> Printing at chr: 1 pos:188913944 chunknumber 53500
	-> Printing at chr: 1 pos:189123540 chunknumber 53600
	-> Printing at chr: 1 pos:189393753 chunknumber 53700
	-> Printing at chr: 1 pos:189720079 chunknumber 53800
	-> Printing at chr: 1 pos:190429819 chunknumber 53900
	-> Printing at chr: 1 pos:190595542 chunknumber 54000
	-> Printing at chr: 1 pos:190791862 chunknumber 54100
	-> Printing at chr: 1 pos:191232492 chunknumber 54200
	-> Printing at chr: 1 pos:191543727 chunknumber 54300
	-> Printing at chr: 1 pos:191886802 chunknumber 54400
	-> Printing at chr: 1 pos:192318301 chunknumber 54500
	-> Printing at chr: 1 pos:192887189 chunknumber 54600
	-> Printing at chr: 1 pos:193282343 chunknumber 54700
	-> Printing at chr: 1 pos:193556217 chunknumber 54800
	-> Printing at chr: 1 pos:193826137 chunknumber 54900
	-> Printing at chr: 1 pos:193961312 chunknumber 55000
	-> Printing at chr: 1 pos:194524335 chunknumber 55100
	-> Printing at chr: 1 pos:194765278 chunknumber 55200
	-> Printing at chr: 1 pos:195027728 chunknumber 55300
	-> Printing at chr: 1 pos:195371309 chunknumber 55400
	-> Printing at chr: 1 pos:195787857 chunknumber 55500
	-> Printing at chr: 1 pos:195919102 chunknumber 55600
	-> Printing at chr: 1 pos:196162531 chunknumber 55700
	-> Printing at chr: 1 pos:196278784 chunknumber 55800
	-> Printing at chr: 1 pos:196460698 chunknumber 55900
	-> Printing at chr: 1 pos:196674712 chunknumber 56000
	-> Printing at chr: 1 pos:197004967 chunknumber 56100
	-> Printing at chr: 1 pos:197294361 chunknumber 56200
	-> Printing at chr: 1 pos:197648324 chunknumber 56300
	-> Printing at chr: 1 pos:198254732 chunknumber 56400
	-> Printing at chr: 1 pos:198575104 chunknumber 56500
	-> Printing at chr: 1 pos:198967641 chunknumber 56600
	-> Printing at chr: 1 pos:199308611 chunknumber 56700
	-> Printing at chr: 1 pos:199532075 chunknumber 56800
	-> Printing at chr: 1 pos:199789042 chunknumber 56900
	-> Printing at chr: 1 pos:200109994 chunknumber 57000
	-> Printing at chr: 1 pos:200448795 chunknumber 57100
	-> Printing at chr: 1 pos:200670547 chunknumber 57200
	-> Printing at chr: 1 pos:201444414 chunknumber 57300
	-> Printing at chr: 1 pos:201669085 chunknumber 57400
	-> Printing at chr: 1 pos:201906059 chunknumber 57500
	-> Printing at chr: 1 pos:202204158 chunknumber 57600
	-> Printing at chr: 1 pos:202439976 chunknumber 57700
	-> Printing at chr: 1 pos:202793403 chunknumber 57800
	-> Printing at chr: 1 pos:203286231 chunknumber 57900
	-> Printing at chr: 1 pos:203689161 chunknumber 58000
	-> Printing at chr: 1 pos:203943270 chunknumber 58100
	-> Printing at chr: 1 pos:203945475 chunknumber 58200
	-> Printing at chr: 1 pos:203946636 chunknumber 58300
	-> Printing at chr: 1 pos:203946826 chunknumber 58400
	-> Printing at chr: 1 pos:203957430 chunknumber 58500
	-> Printing at chr: 1 pos:203965579 chunknumber 58600
	-> Printing at chr: 1 pos:203965840 chunknumber 58700
	-> Printing at chr: 1 pos:203969887 chunknumber 58800
	-> Printing at chr: 1 pos:203970163 chunknumber 58900
	-> Printing at chr: 1 pos:204297394 chunknumber 59000
	-> Printing at chr: 1 pos:204687498 chunknumber 59100
	-> Printing at chr: 1 pos:204906497 chunknumber 59200
	-> Printing at chr: 1 pos:205236464 chunknumber 59300
	-> Printing at chr: 1 pos:205467759 chunknumber 59400
	-> Printing at chr: 1 pos:205606102 chunknumber 59500
	-> Printing at chr: 1 pos:206067445 chunknumber 59600
	-> Printing at chr: 1 pos:206306144 chunknumber 59700
	-> Printing at chr: 1 pos:206600631 chunknumber 59800
	-> Printing at chr: 1 pos:207081271 chunknumber 59900
	-> Printing at chr: 1 pos:207225555 chunknumber 60000
	-> Printing at chr: 1 pos:207574207 chunknumber 60100
	-> Printing at chr: 1 pos:207913112 chunknumber 60200
	-> Printing at chr: 1 pos:208145317 chunknumber 60300
	-> Printing at chr: 1 pos:208340944 chunknumber 60400
	-> Printing at chr: 1 pos:208844050 chunknumber 60500
	-> Printing at chr: 1 pos:208862048 chunknumber 60600
	-> Printing at chr: 1 pos:209280877 chunknumber 60700
	-> Printing at chr: 1 pos:209696013 chunknumber 60800
	-> Printing at chr: 1 pos:209844300 chunknumber 60900
	-> Printing at chr: 1 pos:210144709 chunknumber 61000
	-> Printing at chr: 1 pos:210288912 chunknumber 61100
	-> Printing at chr: 1 pos:210531770 chunknumber 61200
	-> Printing at chr: 1 pos:210823659 chunknumber 61300
	-> Printing at chr: 1 pos:211308482 chunknumber 61400
	-> Printing at chr: 1 pos:211431259 chunknumber 61500
	-> Printing at chr: 1 pos:211585144 chunknumber 61600
	-> Printing at chr: 1 pos:211932519 chunknumber 61700
	-> Printing at chr: 1 pos:212113388 chunknumber 61800
	-> Printing at chr: 1 pos:212344252 chunknumber 61900
	-> Printing at chr: 1 pos:212400855 chunknumber 62000
	-> Printing at chr: 1 pos:212999340 chunknumber 62100
	-> Printing at chr: 1 pos:213201342 chunknumber 62200
	-> Printing at chr: 1 pos:213708974 chunknumber 62300
	-> Printing at chr: 1 pos:214286395 chunknumber 62400
	-> Printing at chr: 1 pos:214699431 chunknumber 62500
	-> Printing at chr: 1 pos:214893625 chunknumber 62600
	-> Printing at chr: 1 pos:215256744 chunknumber 62700
	-> Printing at chr: 1 pos:215813912 chunknumber 62800
	-> Printing at chr: 1 pos:216046909 chunknumber 62900
	-> Printing at chr: 1 pos:216494904 chunknumber 63000
	-> Printing at chr: 1 pos:216723541 chunknumber 63100
	-> Printing at chr: 1 pos:216924884 chunknumber 63200
	-> Printing at chr: 1 pos:217085256 chunknumber 63300
	-> Printing at chr: 1 pos:217109844 chunknumber 63400
	-> Printing at chr: 1 pos:217574650 chunknumber 63500
	-> Printing at chr: 1 pos:217949628 chunknumber 63600
	-> Printing at chr: 1 pos:218151194 chunknumber 63700
	-> Printing at chr: 1 pos:218472270 chunknumber 63800
	-> Printing at chr: 1 pos:218939472 chunknumber 63900
	-> Printing at chr: 1 pos:219427583 chunknumber 64000
	-> Printing at chr: 1 pos:219622287 chunknumber 64100
	-> Printing at chr: 1 pos:219779842 chunknumber 64200
	-> Printing at chr: 1 pos:219800760 chunknumber 64300
	-> Printing at chr: 1 pos:219832302 chunknumber 64400
	-> Printing at chr: 1 pos:219951772 chunknumber 64500
	-> Printing at chr: 1 pos:220153230 chunknumber 64600
	-> Printing at chr: 1 pos:220558907 chunknumber 64700
	-> Printing at chr: 1 pos:220830941 chunknumber 64800
	-> Printing at chr: 1 pos:220952737 chunknumber 64900
	-> Printing at chr: 1 pos:221240157 chunknumber 65000
	-> Printing at chr: 1 pos:221357397 chunknumber 65100
	-> Printing at chr: 1 pos:221541612 chunknumber 65200
	-> Printing at chr: 1 pos:221795478 chunknumber 65300
	-> Printing at chr: 1 pos:222183362 chunknumber 65400
	-> Printing at chr: 1 pos:222379242 chunknumber 65500
	-> Printing at chr: 1 pos:222603473 chunknumber 65600
	-> Printing at chr: 1 pos:222821334 chunknumber 65700
	-> Printing at chr: 1 pos:223010375 chunknumber 65800
	-> Printing at chr: 1 pos:223279830 chunknumber 65900
	-> Printing at chr: 1 pos:223751158 chunknumber 66000
	-> Printing at chr: 1 pos:223993862 chunknumber 66100
	-> Printing at chr: 1 pos:224131418 chunknumber 66200
	-> Printing at chr: 1 pos:224321154 chunknumber 66300
	-> Printing at chr: 1 pos:224585708 chunknumber 66400
	-> Printing at chr: 1 pos:224868448 chunknumber 66500
	-> Printing at chr: 1 pos:225189535 chunknumber 66600
	-> Printing at chr: 1 pos:225320895 chunknumber 66700
	-> Printing at chr: 1 pos:225559774 chunknumber 66800
	-> Printing at chr: 1 pos:225931681 chunknumber 66900
	-> Printing at chr: 1 pos:226235679 chunknumber 67000
	-> Printing at chr: 1 pos:226597050 chunknumber 67100
	-> Printing at chr: 1 pos:226832181 chunknumber 67200
	-> Printing at chr: 1 pos:227126281 chunknumber 67300
	-> Printing at chr: 1 pos:227508177 chunknumber 67400
	-> Printing at chr: 1 pos:227803659 chunknumber 67500
	-> Printing at chr: 1 pos:227895044 chunknumber 67600
	-> Printing at chr: 1 pos:228112642 chunknumber 67700
	-> Printing at chr: 1 pos:228381521 chunknumber 67800
	-> Printing at chr: 1 pos:228778685 chunknumber 67900
	-> Printing at chr: 1 pos:229134302 chunknumber 68000
	-> Printing at chr: 1 pos:229252101 chunknumber 68100
	-> Printing at chr: 1 pos:229548256 chunknumber 68200
	-> Printing at chr: 1 pos:229768676 chunknumber 68300
	-> Printing at chr: 1 pos:229874104 chunknumber 68400
	-> Printing at chr: 1 pos:229959008 chunknumber 68500
